<?xml version="1.0" encoding="UTF-8"?>
<coverage generated="1774727850218" clover="3.2.0">
  <project timestamp="1774727850218" name="All files">
    <metrics statements="3010" coveredstatements="2113" conditionals="2510" coveredconditionals="1319" methods="673" coveredmethods="456" elements="6193" coveredelements="3888" complexity="0" loc="3010" ncloc="3010" packages="19" files="94" classes="94"/>
    <package name="_tests_.mock">
      <metrics statements="9" coveredstatements="9" conditionals="0" coveredconditionals="0" methods="2" coveredmethods="2"/>
      <file name="mockCalendarData.ts" path="/Users/nicoleantoun/Desktop/PR/S390_404-Name-not-Found/frontend/conuwalks/src/_tests_/mock/mockCalendarData.ts">
        <metrics statements="9" coveredstatements="9" conditionals="0" coveredconditionals="0" methods="2" coveredmethods="2"/>
        <line num="1" count="8" type="stmt"/>
        <line num="2" count="80" type="stmt"/>
        <line num="3" count="80" type="stmt"/>
        <line num="4" count="80" type="stmt"/>
        <line num="7" count="8" type="stmt"/>
        <line num="8" count="48" type="stmt"/>
        <line num="9" count="48" type="stmt"/>
        <line num="10" count="48" type="stmt"/>
        <line num="13" count="8" type="stmt"/>
      </file>
    </package>
    <package name="_tests_.utils">
      <metrics statements="5" coveredstatements="5" conditionals="0" coveredconditionals="0" methods="3" coveredmethods="3"/>
      <file name="testDataGenerator.ts" path="/Users/nicoleantoun/Desktop/PR/S390_404-Name-not-Found/frontend/conuwalks/src/_tests_/utils/testDataGenerator.ts">
        <metrics statements="5" coveredstatements="5" conditionals="0" coveredconditionals="0" methods="3" coveredmethods="3"/>
        <line num="9" count="2" type="stmt"/>
        <line num="10" count="4" type="stmt"/>
        <line num="11" count="34" type="stmt"/>
        <line num="12" count="34" type="stmt"/>
        <line num="18" count="2" type="stmt"/>
      </file>
    </package>
    <package name="api">
      <metrics statements="453" coveredstatements="241" conditionals="342" coveredconditionals="123" methods="47" coveredmethods="23"/>
      <file name="calendarApi.ts" path="/Users/nicoleantoun/Desktop/PR/S390_404-Name-not-Found/frontend/conuwalks/src/api/calendarApi.ts">
        <metrics statements="90" coveredstatements="81" conditionals="46" coveredconditionals="38" methods="13" coveredmethods="13"/>
        <line num="1" count="8" type="stmt"/>
        <line num="23" count="20" type="stmt"/>
        <line num="24" count="20" type="stmt"/>
        <line num="31" count="1" type="cond" truecount="1" falsecount="1"/>
        <line num="36" count="0" type="stmt"/>
        <line num="42" count="1" type="stmt"/>
        <line num="54" count="1" type="cond" truecount="1" falsecount="1"/>
        <line num="55" count="0" type="stmt"/>
        <line num="62" count="1" type="stmt"/>
        <line num="70" count="20" type="stmt"/>
        <line num="71" count="20" type="cond" truecount="2" falsecount="0"/>
        <line num="74" count="20" type="cond" truecount="2" falsecount="0"/>
        <line num="75" count="4" type="stmt"/>
        <line num="76" count="4" type="stmt"/>
        <line num="77" count="3" type="stmt"/>
        <line num="79" count="1" type="stmt"/>
        <line num="83" count="20" type="stmt"/>
        <line num="84" count="20" type="stmt"/>
        <line num="93" count="18" type="stmt"/>
        <line num="95" count="18" type="cond" truecount="2" falsecount="0"/>
        <line num="97" count="7" type="stmt"/>
        <line num="98" count="7" type="stmt"/>
        <line num="100" count="7" type="stmt"/>
        <line num="101" count="7" type="stmt"/>
        <line num="102" count="7" type="stmt"/>
        <line num="103" count="7" type="cond" truecount="2" falsecount="1"/>
        <line num="105" count="0" type="stmt"/>
        <line num="109" count="7" type="cond" truecount="6" falsecount="0"/>
        <line num="111" count="1" type="stmt"/>
        <line num="112" count="1" type="stmt"/>
        <line num="113" count="1" type="stmt"/>
        <line num="115" count="1" type="stmt"/>
        <line num="116" count="1" type="stmt"/>
        <line num="118" count="1" type="stmt"/>
        <line num="119" count="1" type="stmt"/>
        <line num="121" count="1" type="stmt"/>
        <line num="122" count="1" type="stmt"/>
        <line num="124" count="1" type="stmt"/>
        <line num="125" count="1" type="stmt"/>
        <line num="127" count="2" type="stmt"/>
        <line num="129" count="7" type="stmt"/>
        <line num="133" count="11" type="stmt"/>
        <line num="134" count="11" type="stmt"/>
        <line num="137" count="11" type="cond" truecount="4" falsecount="0"/>
        <line num="138" count="5" type="stmt"/>
        <line num="139" count="6" type="cond" truecount="2" falsecount="0"/>
        <line num="140" count="1" type="stmt"/>
        <line num="143" count="11" type="stmt"/>
        <line num="147" count="9" type="cond" truecount="4" falsecount="0"/>
        <line num="148" count="1" type="stmt"/>
        <line num="149" count="1" type="stmt"/>
        <line num="153" count="8" type="stmt"/>
        <line num="154" count="8" type="stmt"/>
        <line num="162" count="12" type="stmt"/>
        <line num="163" count="12" type="stmt"/>
        <line num="164" count="12" type="stmt"/>
        <line num="165" count="3" type="stmt"/>
        <line num="166" count="3" type="stmt"/>
        <line num="168" count="9" type="stmt"/>
        <line num="169" count="9" type="stmt"/>
        <line num="175" count="1" type="stmt"/>
        <line num="176" count="1" type="stmt"/>
        <line num="177" count="1" type="stmt"/>
        <line num="178" count="1" type="stmt"/>
        <line num="185" count="1" type="cond" truecount="2" falsecount="0"/>
        <line num="186" count="1" type="stmt"/>
        <line num="188" count="0" type="stmt"/>
        <line num="189" count="0" type="stmt"/>
        <line num="195" count="1" type="stmt"/>
        <line num="196" count="1" type="stmt"/>
        <line num="198" count="1" type="stmt"/>
        <line num="199" count="1" type="stmt"/>
        <line num="207" count="1" type="cond" truecount="2" falsecount="0"/>
        <line num="208" count="1" type="stmt"/>
        <line num="210" count="0" type="stmt"/>
        <line num="211" count="0" type="stmt"/>
        <line num="217" count="1" type="stmt"/>
        <line num="222" count="1" type="stmt"/>
        <line num="230" count="1" type="stmt"/>
        <line num="238" count="1" type="stmt"/>
        <line num="245" count="1" type="stmt"/>
        <line num="251" count="1" type="stmt"/>
        <line num="253" count="1" type="stmt"/>
        <line num="254" count="1" type="stmt"/>
        <line num="262" count="1" type="cond" truecount="2" falsecount="0"/>
        <line num="263" count="1" type="stmt"/>
        <line num="265" count="0" type="stmt"/>
        <line num="266" count="0" type="stmt"/>
        <line num="272" count="1" type="stmt"/>
        <line num="277" count="1" type="stmt"/>
      </file>
      <file name="directions.ts" path="/Users/nicoleantoun/Desktop/PR/S390_404-Name-not-Found/frontend/conuwalks/src/api/directions.ts">
        <metrics statements="183" coveredstatements="11" conditionals="173" coveredconditionals="3" methods="18" coveredmethods="0"/>
        <line num="5" count="2" type="cond" truecount="3" falsecount="0"/>
        <line num="131" count="2" type="stmt"/>
        <line num="132" count="0" type="stmt"/>
        <line num="133" count="0" type="stmt"/>
        <line num="134" count="0" type="stmt"/>
        <line num="135" count="0" type="stmt"/>
        <line num="137" count="0" type="stmt"/>
        <line num="138" count="0" type="stmt"/>
        <line num="139" count="0" type="stmt"/>
        <line num="142" count="0" type="stmt"/>
        <line num="143" count="0" type="stmt"/>
        <line num="144" count="0" type="stmt"/>
        <line num="145" count="0" type="stmt"/>
        <line num="148" count="0" type="cond" truecount="0" falsecount="2"/>
        <line num="149" count="0" type="stmt"/>
        <line num="151" count="0" type="stmt"/>
        <line num="152" count="0" type="stmt"/>
        <line num="154" count="0" type="stmt"/>
        <line num="155" count="0" type="stmt"/>
        <line num="156" count="0" type="stmt"/>
        <line num="157" count="0" type="stmt"/>
        <line num="160" count="0" type="cond" truecount="0" falsecount="2"/>
        <line num="161" count="0" type="stmt"/>
        <line num="163" count="0" type="stmt"/>
        <line num="169" count="0" type="stmt"/>
        <line num="172" count="2" type="stmt"/>
        <line num="173" count="0" type="cond" truecount="0" falsecount="2"/>
        <line num="174" count="0" type="stmt"/>
        <line num="175" count="0" type="cond" truecount="0" falsecount="2"/>
        <line num="178" count="2" type="stmt"/>
        <line num="179" count="0" type="stmt"/>
        <line num="180" count="0" type="cond" truecount="0" falsecount="2"/>
        <line num="181" count="0" type="stmt"/>
        <line num="184" count="0" type="stmt"/>
        <line num="185" count="0" type="cond" truecount="0" falsecount="2"/>
        <line num="186" count="0" type="stmt"/>
        <line num="189" count="0" type="stmt"/>
        <line num="190" count="0" type="stmt"/>
        <line num="191" count="0" type="cond" truecount="0" falsecount="2"/>
        <line num="194" count="2" type="stmt"/>
        <line num="195" count="0" type="cond" truecount="0" falsecount="4"/>
        <line num="196" count="0" type="stmt"/>
        <line num="199" count="0" type="cond" truecount="0" falsecount="2"/>
        <line num="200" count="0" type="stmt"/>
        <line num="203" count="0" type="stmt"/>
        <line num="206" count="2" type="stmt"/>
        <line num="212" count="0" type="cond" truecount="0" falsecount="4"/>
        <line num="213" count="0" type="stmt"/>
        <line num="214" count="0" type="stmt"/>
        <line num="215" count="0" type="stmt"/>
        <line num="219" count="0" type="cond" truecount="0" falsecount="2"/>
        <line num="220" count="0" type="stmt"/>
        <line num="221" count="0" type="stmt"/>
        <line num="223" count="0" type="stmt"/>
        <line num="224" count="0" type="stmt"/>
        <line num="225" count="0" type="stmt"/>
        <line num="228" count="2" type="stmt"/>
        <line num="229" count="0" type="stmt"/>
        <line num="230" count="0" type="stmt"/>
        <line num="241" count="2" type="stmt"/>
        <line num="242" count="0" type="cond" truecount="0" falsecount="2"/>
        <line num="243" count="0" type="stmt"/>
        <line num="246" count="0" type="cond" truecount="0" falsecount="2"/>
        <line num="249" count="2" type="stmt"/>
        <line num="261" count="0" type="cond" truecount="0" falsecount="2"/>
        <line num="262" count="0" type="stmt"/>
        <line num="266" count="0" type="cond" truecount="0" falsecount="2"/>
        <line num="268" count="0" type="cond" truecount="0" falsecount="2"/>
        <line num="270" count="0" type="cond" truecount="0" falsecount="4"/>
        <line num="271" count="0" type="stmt"/>
        <line num="274" count="0" type="stmt"/>
        <line num="282" count="2" type="stmt"/>
        <line num="289" count="0" type="stmt"/>
        <line num="290" count="0" type="stmt"/>
        <line num="292" count="0" type="stmt"/>
        <line num="295" count="0" type="stmt"/>
        <line num="296" count="0" type="cond" truecount="0" falsecount="2"/>
        <line num="297" count="0" type="stmt"/>
        <line num="298" count="0" type="cond" truecount="0" falsecount="2"/>
        <line num="299" count="0" type="stmt"/>
        <line num="302" count="0" type="stmt"/>
        <line num="303" count="0" type="cond" truecount="0" falsecount="2"/>
        <line num="304" count="0" type="cond" truecount="0" falsecount="2"/>
        <line num="305" count="0" type="stmt"/>
        <line num="308" count="0" type="stmt"/>
        <line num="312" count="0" type="stmt"/>
        <line num="313" count="0" type="stmt"/>
        <line num="315" count="0" type="stmt"/>
        <line num="320" count="0" type="stmt"/>
        <line num="321" count="0" type="stmt"/>
        <line num="323" count="0" type="cond" truecount="0" falsecount="2"/>
        <line num="324" count="0" type="stmt"/>
        <line num="330" count="0" type="cond" truecount="0" falsecount="4"/>
        <line num="331" count="0" type="stmt"/>
        <line num="339" count="0" type="stmt"/>
        <line num="341" count="0" type="stmt"/>
        <line num="342" count="0" type="stmt"/>
        <line num="343" count="0" type="cond" truecount="0" falsecount="6"/>
        <line num="344" count="0" type="stmt"/>
        <line num="347" count="0" type="cond" truecount="0" falsecount="2"/>
        <line num="348" count="0" type="stmt"/>
        <line num="349" count="0" type="stmt"/>
        <line num="350" count="0" type="cond" truecount="0" falsecount="2"/>
        <line num="352" count="0" type="cond" truecount="0" falsecount="4"/>
        <line num="353" count="0" type="cond" truecount="0" falsecount="2"/>
        <line num="354" count="0" type="stmt"/>
        <line num="355" count="0" type="cond" truecount="0" falsecount="2"/>
        <line num="356" count="0" type="cond" truecount="0" falsecount="2"/>
        <line num="357" count="0" type="cond" truecount="0" falsecount="2"/>
        <line num="360" count="0" type="stmt"/>
        <line num="361" count="0" type="cond" truecount="0" falsecount="4"/>
        <line num="362" count="0" type="stmt"/>
        <line num="364" count="0" type="stmt"/>
        <line num="368" count="0" type="stmt"/>
        <line num="385" count="0" type="stmt"/>
        <line num="396" count="0" type="stmt"/>
        <line num="398" count="0" type="cond" truecount="0" falsecount="2"/>
        <line num="399" count="0" type="stmt"/>
        <line num="402" count="0" type="stmt"/>
        <line num="414" count="2" type="stmt"/>
        <line num="422" count="0" type="cond" truecount="0" falsecount="2"/>
        <line num="423" count="0" type="cond" truecount="0" falsecount="2"/>
        <line num="424" count="0" type="cond" truecount="0" falsecount="2"/>
        <line num="425" count="0" type="stmt"/>
        <line num="427" count="0" type="stmt"/>
        <line num="432" count="0" type="stmt"/>
        <line num="439" count="0" type="stmt"/>
        <line num="440" count="0" type="stmt"/>
        <line num="465" count="0" type="stmt"/>
        <line num="466" count="0" type="cond" truecount="0" falsecount="2"/>
        <line num="467" count="0" type="stmt"/>
        <line num="468" count="0" type="cond" truecount="0" falsecount="2"/>
        <line num="469" count="0" type="stmt"/>
        <line num="472" count="0" type="stmt"/>
        <line num="473" count="0" type="cond" truecount="0" falsecount="2"/>
        <line num="474" count="0" type="cond" truecount="0" falsecount="2"/>
        <line num="475" count="0" type="stmt"/>
        <line num="478" count="0" type="stmt"/>
        <line num="479" count="0" type="cond" truecount="0" falsecount="2"/>
        <line num="480" count="0" type="stmt"/>
        <line num="486" count="0" type="stmt"/>
        <line num="487" count="0" type="stmt"/>
        <line num="489" count="0" type="stmt"/>
        <line num="500" count="0" type="stmt"/>
        <line num="502" count="0" type="stmt"/>
        <line num="504" count="0" type="cond" truecount="0" falsecount="2"/>
        <line num="505" count="0" type="stmt"/>
        <line num="511" count="0" type="cond" truecount="0" falsecount="4"/>
        <line num="512" count="0" type="stmt"/>
        <line num="515" count="0" type="stmt"/>
        <line num="517" count="0" type="stmt"/>
        <line num="518" count="0" type="cond" truecount="0" falsecount="2"/>
        <line num="519" count="0" type="stmt"/>
        <line num="522" count="0" type="cond" truecount="0" falsecount="2"/>
        <line num="523" count="0" type="cond" truecount="0" falsecount="2"/>
        <line num="524" count="0" type="stmt"/>
        <line num="527" count="0" type="cond" truecount="0" falsecount="2"/>
        <line num="528" count="0" type="stmt"/>
        <line num="529" count="0" type="stmt"/>
        <line num="530" count="0" type="cond" truecount="0" falsecount="2"/>
        <line num="532" count="0" type="cond" truecount="0" falsecount="4"/>
        <line num="533" count="0" type="cond" truecount="0" falsecount="2"/>
        <line num="534" count="0" type="stmt"/>
        <line num="536" count="0" type="cond" truecount="0" falsecount="2"/>
        <line num="537" count="0" type="cond" truecount="0" falsecount="2"/>
        <line num="538" count="0" type="cond" truecount="0" falsecount="2"/>
        <line num="541" count="0" type="stmt"/>
        <line num="542" count="0" type="cond" truecount="0" falsecount="4"/>
        <line num="543" count="0" type="stmt"/>
        <line num="545" count="0" type="stmt"/>
        <line num="548" count="0" type="stmt"/>
        <line num="569" count="0" type="stmt"/>
        <line num="584" count="0" type="stmt"/>
        <line num="586" count="0" type="cond" truecount="0" falsecount="2"/>
        <line num="587" count="0" type="stmt"/>
        <line num="590" count="0" type="stmt"/>
        <line num="592" count="0" type="cond" truecount="0" falsecount="2"/>
        <line num="593" count="0" type="cond" truecount="0" falsecount="2"/>
        <line num="594" count="0" type="stmt"/>
        <line num="597" count="0" type="cond" truecount="0" falsecount="5"/>
        <line num="598" count="0" type="stmt"/>
        <line num="607" count="0" type="stmt"/>
        <line num="609" count="0" type="stmt"/>
      </file>
      <file name="places.ts" path="/Users/nicoleantoun/Desktop/PR/S390_404-Name-not-Found/frontend/conuwalks/src/api/places.ts">
        <metrics statements="27" coveredstatements="6" conditionals="15" coveredconditionals="3" methods="4" coveredmethods="0"/>
        <line num="11" count="2" type="cond" truecount="3" falsecount="0"/>
        <line num="15" count="2" type="stmt"/>
        <line num="20" count="2" type="stmt"/>
        <line num="30" count="2" type="stmt"/>
        <line num="33" count="0" type="stmt"/>
        <line num="34" count="0" type="stmt"/>
        <line num="37" count="0" type="stmt"/>
        <line num="40" count="0" type="cond" truecount="0" falsecount="2"/>
        <line num="44" count="0" type="cond" truecount="0" falsecount="3"/>
        <line num="49" count="0" type="stmt"/>
        <line num="51" count="0" type="stmt"/>
        <line num="52" count="0" type="stmt"/>
        <line num="57" count="2" type="stmt"/>
        <line num="62" count="0" type="stmt"/>
        <line num="63" count="0" type="cond" truecount="0" falsecount="2"/>
        <line num="65" count="0" type="stmt"/>
        <line num="66" count="0" type="stmt"/>
        <line num="85" count="0" type="stmt"/>
        <line num="86" count="0" type="cond" truecount="0" falsecount="2"/>
        <line num="87" count="0" type="stmt"/>
        <line num="88" count="0" type="stmt"/>
        <line num="92" count="0" type="stmt"/>
        <line num="94" count="0" type="stmt"/>
        <line num="95" count="0" type="stmt"/>
        <line num="105" count="0" type="stmt"/>
        <line num="106" count="0" type="stmt"/>
        <line num="111" count="2" type="stmt"/>
      </file>
      <file name="shuttleEngine.ts" path="/Users/nicoleantoun/Desktop/PR/S390_404-Name-not-Found/frontend/conuwalks/src/api/shuttleEngine.ts">
        <metrics statements="100" coveredstatements="99" conditionals="86" coveredconditionals="66" methods="6" coveredmethods="6"/>
        <line num="7" count="2" type="stmt"/>
        <line num="8" count="2" type="stmt"/>
        <line num="9" count="2" type="stmt"/>
        <line num="10" count="2" type="stmt"/>
        <line num="12" count="2" type="stmt"/>
        <line num="62" count="2" type="stmt"/>
        <line num="63" count="6" type="cond" truecount="1" falsecount="1"/>
        <line num="64" count="6" type="stmt"/>
        <line num="65" count="6" type="stmt"/>
        <line num="66" count="6" type="stmt"/>
        <line num="72" count="2" type="stmt"/>
        <line num="73" count="6" type="cond" truecount="1" falsecount="1"/>
        <line num="74" count="6" type="cond" truecount="1" falsecount="1"/>
        <line num="75" count="0" type="stmt"/>
        <line num="76" count="6" type="stmt"/>
        <line num="82" count="2" type="stmt"/>
        <line num="90" count="4" type="stmt"/>
        <line num="91" count="4" type="cond" truecount="4" falsecount="0"/>
        <line num="93" count="3" type="cond" truecount="1" falsecount="1"/>
        <line num="94" count="3" type="stmt"/>
        <line num="96" count="3" type="stmt"/>
        <line num="98" count="3" type="cond" truecount="2" falsecount="0"/>
        <line num="100" count="2" type="stmt"/>
        <line num="101" count="2" type="stmt"/>
        <line num="102" count="6" type="stmt"/>
        <line num="103" count="6" type="cond" truecount="2" falsecount="0"/>
        <line num="107" count="1" type="stmt"/>
        <line num="108" count="3" type="stmt"/>
        <line num="109" count="3" type="cond" truecount="2" falsecount="0"/>
        <line num="113" count="1" type="stmt"/>
        <line num="117" count="1" type="stmt"/>
        <line num="120" count="2" type="stmt"/>
        <line num="126" count="6" type="stmt"/>
        <line num="127" count="6" type="stmt"/>
        <line num="128" count="6" type="stmt"/>
        <line num="129" count="6" type="stmt"/>
        <line num="132" count="6" type="cond" truecount="2" falsecount="0"/>
        <line num="134" count="6" type="cond" truecount="2" falsecount="0"/>
        <line num="136" count="6" type="cond" truecount="4" falsecount="0"/>
        <line num="138" count="4" type="cond" truecount="1" falsecount="1"/>
        <line num="139" count="4" type="cond" truecount="1" falsecount="1"/>
        <line num="140" count="4" type="cond" truecount="1" falsecount="1"/>
        <line num="143" count="4" type="stmt"/>
        <line num="144" count="4" type="stmt"/>
        <line num="145" count="4" type="stmt"/>
        <line num="146" count="4" type="stmt"/>
        <line num="147" count="4" type="stmt"/>
        <line num="148" count="4" type="stmt"/>
        <line num="150" count="4" type="stmt"/>
        <line num="151" count="4" type="stmt"/>
        <line num="152" count="3" type="cond" truecount="3" falsecount="1"/>
        <line num="153" count="3" type="stmt"/>
        <line num="154" count="3" type="stmt"/>
        <line num="155" count="3" type="stmt"/>
        <line num="158" count="1" type="stmt"/>
        <line num="159" count="1" type="stmt"/>
        <line num="165" count="4" type="stmt"/>
        <line num="166" count="4" type="stmt"/>
        <line num="167" count="3" type="cond" truecount="3" falsecount="1"/>
        <line num="168" count="3" type="stmt"/>
        <line num="169" count="3" type="stmt"/>
        <line num="170" count="3" type="stmt"/>
        <line num="173" count="1" type="stmt"/>
        <line num="174" count="1" type="stmt"/>
        <line num="181" count="4" type="stmt"/>
        <line num="182" count="4" type="stmt"/>
        <line num="190" count="4" type="cond" truecount="2" falsecount="0"/>
        <line num="192" count="2" type="stmt"/>
        <line num="193" count="2" type="stmt"/>
        <line num="194" count="2" type="stmt"/>
        <line num="195" count="2" type="stmt"/>
        <line num="196" count="2" type="stmt"/>
        <line num="200" count="2" type="cond" truecount="2" falsecount="0"/>
        <line num="201" count="1" type="stmt"/>
        <line num="202" count="1" type="stmt"/>
        <line num="204" count="1" type="stmt"/>
        <line num="205" count="1" type="stmt"/>
        <line num="208" count="2" type="stmt"/>
        <line num="212" count="2" type="cond" truecount="3" falsecount="1"/>
        <line num="216" count="2" type="stmt"/>
        <line num="217" count="2" type="cond" truecount="2" falsecount="0"/>
        <line num="218" count="2" type="stmt"/>
        <line num="219" count="4" type="cond" truecount="2" falsecount="0"/>
        <line num="222" count="2" type="cond" truecount="2" falsecount="0"/>
        <line num="227" count="2" type="stmt"/>
        <line num="228" count="2" type="stmt"/>
        <line num="231" count="2" type="cond" truecount="4" falsecount="0"/>
        <line num="232" count="1" type="stmt"/>
        <line num="233" count="1" type="stmt"/>
        <line num="235" count="1" type="stmt"/>
        <line num="244" count="1" type="stmt"/>
        <line num="248" count="2" type="cond" truecount="1" falsecount="1"/>
        <line num="252" count="2" type="stmt"/>
        <line num="264" count="2" type="stmt"/>
        <line num="267" count="2" type="cond" truecount="4" falsecount="0"/>
        <line num="268" count="1" type="stmt"/>
        <line num="269" count="1" type="stmt"/>
        <line num="271" count="1" type="stmt"/>
        <line num="280" count="1" type="stmt"/>
        <line num="283" count="2" type="stmt"/>
      </file>
      <file name="shuttleSyncService.ts" path="/Users/nicoleantoun/Desktop/PR/S390_404-Name-not-Found/frontend/conuwalks/src/api/shuttleSyncService.ts">
        <metrics statements="45" coveredstatements="44" conditionals="18" coveredconditionals="13" methods="4" coveredmethods="4"/>
        <line num="3" count="2" type="stmt"/>
        <line num="4" count="2" type="stmt"/>
        <line num="12" count="2" type="stmt"/>
        <line num="140" count="2" type="stmt"/>
        <line num="141" count="2" type="stmt"/>
        <line num="147" count="2" type="stmt"/>
        <line num="148" count="2" type="stmt"/>
        <line num="149" count="2" type="cond" truecount="2" falsecount="0"/>
        <line num="151" count="1" type="stmt"/>
        <line num="152" count="1" type="stmt"/>
        <line num="153" count="1" type="cond" truecount="1" falsecount="1"/>
        <line num="155" count="1" type="stmt"/>
        <line num="159" count="2" type="stmt"/>
        <line num="161" count="2" type="stmt"/>
        <line num="162" count="3" type="stmt"/>
        <line num="163" count="3" type="stmt"/>
        <line num="164" count="3" type="stmt"/>
        <line num="167" count="3" type="stmt"/>
        <line num="168" count="6" type="stmt"/>
        <line num="169" count="6" type="stmt"/>
        <line num="175" count="6" type="stmt"/>
        <line num="180" count="3" type="cond" truecount="1" falsecount="1"/>
        <line num="181" count="3" type="cond" truecount="1" falsecount="1"/>
        <line num="182" count="3" type="cond" truecount="1" falsecount="1"/>
        <line num="187" count="1" type="stmt"/>
        <line num="188" count="1" type="cond" truecount="1" falsecount="1"/>
        <line num="189" count="1" type="stmt"/>
        <line num="192" count="0" type="stmt"/>
        <line num="195" count="1" type="stmt"/>
        <line num="202" count="2" type="stmt"/>
        <line num="203" count="4" type="stmt"/>
        <line num="204" count="4" type="stmt"/>
        <line num="205" count="3" type="cond" truecount="2" falsecount="0"/>
        <line num="207" count="2" type="stmt"/>
        <line num="208" count="2" type="stmt"/>
        <line num="211" count="2" type="cond" truecount="2" falsecount="0"/>
        <line num="212" count="1" type="stmt"/>
        <line num="216" count="1" type="stmt"/>
        <line num="219" count="2" type="stmt"/>
        <line num="226" count="2" type="stmt"/>
        <line num="227" count="3" type="stmt"/>
        <line num="228" count="3" type="stmt"/>
        <line num="229" count="2" type="cond" truecount="2" falsecount="0"/>
        <line num="231" count="1" type="stmt"/>
        <line num="233" count="2" type="stmt"/>
      </file>
      <file name="tester.ts" path="/Users/nicoleantoun/Desktop/PR/S390_404-Name-not-Found/frontend/conuwalks/src/api/tester.ts">
        <metrics statements="8" coveredstatements="0" conditionals="4" coveredconditionals="0" methods="2" coveredmethods="0"/>
        <line num="9" count="0" type="stmt"/>
        <line num="10" count="0" type="cond" truecount="0" falsecount="2"/>
        <line num="11" count="0" type="stmt"/>
        <line num="13" count="0" type="stmt"/>
        <line num="19" count="0" type="stmt"/>
        <line num="25" count="0" type="cond" truecount="0" falsecount="2"/>
        <line num="26" count="0" type="stmt"/>
        <line num="29" count="0" type="stmt"/>
      </file>
    </package>
    <package name="components">
      <metrics statements="1341" coveredstatements="969" conditionals="1448" coveredconditionals="812" methods="338" coveredmethods="221"/>
      <file name="AdditionalInfoPopup.tsx" path="/Users/nicoleantoun/Desktop/PR/S390_404-Name-not-Found/frontend/conuwalks/src/components/AdditionalInfoPopup.tsx">
        <metrics statements="32" coveredstatements="32" conditionals="16" coveredconditionals="13" methods="9" coveredmethods="9"/>
        <line num="44" count="2" type="stmt"/>
        <line num="52" count="25" type="cond" truecount="2" falsecount="0"/>
        <line num="53" count="24" type="stmt"/>
        <line num="63" count="1" type="stmt"/>
        <line num="81" count="2" type="stmt"/>
        <line num="83" count="2" type="stmt"/>
        <line num="97" count="25" type="stmt"/>
        <line num="99" count="25" type="cond" truecount="1" falsecount="1"/>
        <line num="101" count="25" type="stmt"/>
        <line num="107" count="25" type="stmt"/>
        <line num="109" count="25" type="stmt"/>
        <line num="110" count="25" type="stmt"/>
        <line num="123" count="25" type="stmt"/>
        <line num="129" count="25" type="stmt"/>
        <line num="131" count="2" type="stmt"/>
        <line num="132" count="2" type="cond" truecount="2" falsecount="0"/>
        <line num="133" count="2" type="cond" truecount="2" falsecount="0"/>
        <line num="138" count="25" type="stmt"/>
        <line num="139" count="1" type="stmt"/>
        <line num="140" count="1" type="stmt"/>
        <line num="144" count="25" type="stmt"/>
        <line num="146" count="1" type="stmt"/>
        <line num="151" count="25" type="stmt"/>
        <line num="152" count="2" type="stmt"/>
        <line num="156" count="25" type="stmt"/>
        <line num="157" count="25" type="stmt"/>
        <line num="158" count="13" type="cond" truecount="4" falsecount="0"/>
        <line num="159" count="2" type="stmt"/>
        <line num="160" count="2" type="stmt"/>
        <line num="162" count="2" type="stmt"/>
        <line num="176" count="25" type="stmt"/>
        <line num="272" count="2" type="stmt"/>
      </file>
      <file name="AdditionalInfoPopupContent.tsx" path="/Users/nicoleantoun/Desktop/PR/S390_404-Name-not-Found/frontend/conuwalks/src/components/AdditionalInfoPopupContent.tsx">
        <metrics statements="7" coveredstatements="7" conditionals="19" coveredconditionals="17" methods="2" coveredmethods="2"/>
        <line num="30" count="2" type="stmt"/>
        <line num="43" count="27" type="stmt"/>
        <line num="45" count="27" type="stmt"/>
        <line num="46" count="2" type="cond" truecount="2" falsecount="0"/>
        <line num="47" count="1" type="stmt"/>
        <line num="61" count="1" type="stmt"/>
        <line num="91" count="27" type="stmt"/>
      </file>
      <file name="AdditionalInfoPopupHeader.tsx" path="/Users/nicoleantoun/Desktop/PR/S390_404-Name-not-Found/frontend/conuwalks/src/components/AdditionalInfoPopupHeader.tsx">
        <metrics statements="12" coveredstatements="12" conditionals="19" coveredconditionals="17" methods="3" coveredmethods="3"/>
        <line num="37" count="2" type="stmt"/>
        <line num="38" count="4" type="stmt"/>
        <line num="40" count="4" type="cond" truecount="2" falsecount="0"/>
        <line num="41" count="2" type="stmt"/>
        <line num="44" count="2" type="cond" truecount="2" falsecount="0"/>
        <line num="45" count="1" type="stmt"/>
        <line num="55" count="1" type="stmt"/>
        <line num="66" count="2" type="stmt"/>
        <line num="79" count="22" type="stmt"/>
        <line num="80" count="22" type="stmt"/>
        <line num="82" count="22" type="stmt"/>
        <line num="195" count="4" type="stmt"/>
      </file>
      <file name="BuildingSearchButton.tsx" path="/Users/nicoleantoun/Desktop/PR/S390_404-Name-not-Found/frontend/conuwalks/src/components/BuildingSearchButton.tsx">
        <metrics statements="2" coveredstatements="2" conditionals="12" coveredconditionals="6" methods="1" coveredmethods="1"/>
        <line num="13" count="2" type="stmt"/>
        <line num="14" count="14" type="stmt"/>
      </file>
      <file name="CampusMap.tsx" path="/Users/nicoleantoun/Desktop/PR/S390_404-Name-not-Found/frontend/conuwalks/src/components/CampusMap.tsx">
        <metrics statements="363" coveredstatements="280" conditionals="349" coveredconditionals="271" methods="104" coveredmethods="73"/>
        <line num="71" count="2" type="stmt"/>
        <line num="72" count="5598" type="stmt"/>
        <line num="113" count="2" type="stmt"/>
        <line num="118" count="150" type="cond" truecount="2" falsecount="0"/>
        <line num="122" count="150" type="cond" truecount="1" falsecount="1"/>
        <line num="125" count="2" type="stmt"/>
        <line num="131" count="117" type="cond" truecount="2" falsecount="0"/>
        <line num="132" count="101" type="stmt"/>
        <line num="141" count="16" type="stmt"/>
        <line num="145" count="2" type="stmt"/>
        <line num="156" count="150" type="stmt"/>
        <line num="157" count="150" type="stmt"/>
        <line num="162" count="150" type="cond" truecount="1" falsecount="1"/>
        <line num="163" count="150" type="stmt"/>
        <line num="165" count="150" type="stmt"/>
        <line num="179" count="12" type="stmt"/>
        <line num="219" count="0" type="stmt"/>
        <line num="232" count="2" type="stmt"/>
        <line num="238" count="164" type="stmt"/>
        <line num="239" count="164" type="cond" truecount="2" falsecount="0"/>
        <line num="246" count="164" type="stmt"/>
        <line num="248" count="164" type="stmt"/>
        <line num="249" count="164" type="stmt"/>
        <line num="252" count="164" type="stmt"/>
        <line num="253" count="164" type="stmt"/>
        <line num="271" count="164" type="stmt"/>
        <line num="274" count="164" type="cond" truecount="2" falsecount="0"/>
        <line num="277" count="164" type="stmt"/>
        <line num="284" count="164" type="stmt"/>
        <line num="295" count="164" type="stmt"/>
        <line num="296" count="164" type="stmt"/>
        <line num="299" count="164" type="stmt"/>
        <line num="300" count="164" type="stmt"/>
        <line num="301" count="164" type="stmt"/>
        <line num="302" count="164" type="stmt"/>
        <line num="303" count="164" type="stmt"/>
        <line num="304" count="164" type="stmt"/>
        <line num="305" count="164" type="stmt"/>
        <line num="307" count="164" type="stmt"/>
        <line num="311" count="164" type="stmt"/>
        <line num="312" count="59" type="stmt"/>
        <line num="313" count="59" type="cond" truecount="1" falsecount="1"/>
        <line num="314" count="0" type="stmt"/>
        <line num="319" count="164" type="stmt"/>
        <line num="320" count="61" type="cond" truecount="2" falsecount="0"/>
        <line num="321" count="4" type="stmt"/>
        <line num="325" count="164" type="stmt"/>
        <line num="328" count="164" type="stmt"/>
        <line num="329" count="59" type="stmt"/>
        <line num="331" count="62" type="stmt"/>
        <line num="332" count="62" type="stmt"/>
        <line num="339" count="59" type="stmt"/>
        <line num="341" count="59" type="stmt"/>
        <line num="342" count="59" type="stmt"/>
        <line num="348" count="59" type="stmt"/>
        <line num="352" count="164" type="stmt"/>
        <line num="353" count="60" type="cond" truecount="2" falsecount="0"/>
        <line num="354" count="1" type="stmt"/>
        <line num="355" count="3" type="stmt"/>
        <line num="359" count="164" type="stmt"/>
        <line num="360" count="3" type="stmt"/>
        <line num="362" count="3" type="stmt"/>
        <line num="365" count="164" type="stmt"/>
        <line num="366" count="0" type="stmt"/>
        <line num="371" count="164" type="stmt"/>
        <line num="372" count="62" type="cond" truecount="2" falsecount="0"/>
        <line num="373" count="16" type="cond" truecount="1" falsecount="1"/>
        <line num="374" count="16" type="stmt"/>
        <line num="376" count="46" type="cond" truecount="4" falsecount="0"/>
        <line num="377" count="2" type="stmt"/>
        <line num="379" count="2" type="stmt"/>
        <line num="381" count="2" type="stmt"/>
        <line num="382" count="1" type="stmt"/>
        <line num="383" count="1" type="stmt"/>
        <line num="389" count="164" type="stmt"/>
        <line num="391" count="1" type="stmt"/>
        <line num="392" count="1" type="stmt"/>
        <line num="397" count="164" type="stmt"/>
        <line num="399" count="0" type="cond" truecount="0" falsecount="2"/>
        <line num="401" count="0" type="stmt"/>
        <line num="402" count="0" type="stmt"/>
        <line num="403" count="0" type="stmt"/>
        <line num="404" count="0" type="stmt"/>
        <line num="405" count="0" type="stmt"/>
        <line num="406" count="0" type="stmt"/>
        <line num="416" count="164" type="stmt"/>
        <line num="417" count="164" type="stmt"/>
        <line num="420" count="164" type="stmt"/>
        <line num="421" count="164" type="stmt"/>
        <line num="422" count="164" type="stmt"/>
        <line num="425" count="164" type="stmt"/>
        <line num="426" count="0" type="cond" truecount="0" falsecount="4"/>
        <line num="427" count="0" type="stmt"/>
        <line num="440" count="0" type="stmt"/>
        <line num="441" count="0" type="stmt"/>
        <line num="445" count="164" type="stmt"/>
        <line num="446" count="164" type="stmt"/>
        <line num="449" count="164" type="stmt"/>
        <line num="451" count="65" type="cond" truecount="4" falsecount="1"/>
        <line num="452" count="65" type="stmt"/>
        <line num="463" count="65" type="cond" truecount="4" falsecount="0"/>
        <line num="464" count="45" type="stmt"/>
        <line num="465" count="45" type="stmt"/>
        <line num="466" count="39" type="stmt"/>
        <line num="467" count="39" type="stmt"/>
        <line num="472" count="65" type="stmt"/>
        <line num="473" count="65" type="cond" truecount="1" falsecount="1"/>
        <line num="474" count="0" type="stmt"/>
        <line num="483" count="164" type="stmt"/>
        <line num="485" count="13" type="stmt"/>
        <line num="486" count="13" type="stmt"/>
        <line num="488" count="13" type="stmt"/>
        <line num="489" count="13" type="cond" truecount="1" falsecount="1"/>
        <line num="490" count="0" type="cond" truecount="0" falsecount="2"/>
        <line num="491" count="0" type="stmt"/>
        <line num="492" count="0" type="stmt"/>
        <line num="495" count="0" type="cond" truecount="0" falsecount="2"/>
        <line num="496" count="0" type="stmt"/>
        <line num="498" count="0" type="stmt"/>
        <line num="502" count="13" type="stmt"/>
        <line num="503" count="13" type="stmt"/>
        <line num="504" count="13" type="stmt"/>
        <line num="505" count="13" type="stmt"/>
        <line num="507" count="13" type="stmt"/>
        <line num="514" count="13" type="stmt"/>
        <line num="515" count="13" type="stmt"/>
        <line num="516" count="13" type="stmt"/>
        <line num="517" count="13" type="stmt"/>
        <line num="521" count="13" type="cond" truecount="1" falsecount="1"/>
        <line num="525" count="13" type="cond" truecount="3" falsecount="1"/>
        <line num="526" count="13" type="stmt"/>
        <line num="532" count="164" type="stmt"/>
        <line num="533" count="0" type="stmt"/>
        <line num="534" count="0" type="stmt"/>
        <line num="537" count="164" type="stmt"/>
        <line num="538" count="3" type="stmt"/>
        <line num="540" count="3" type="stmt"/>
        <line num="541" count="4" type="stmt"/>
        <line num="542" count="4" type="stmt"/>
        <line num="543" count="4" type="cond" truecount="1" falsecount="1"/>
        <line num="544" count="0" type="stmt"/>
        <line num="547" count="4" type="stmt"/>
        <line num="550" count="4" type="stmt"/>
        <line num="553" count="4" type="cond" truecount="2" falsecount="0"/>
        <line num="556" count="3" type="cond" truecount="2" falsecount="0"/>
        <line num="558" count="3" type="cond" truecount="4" falsecount="0"/>
        <line num="559" count="2" type="stmt"/>
        <line num="560" count="2" type="stmt"/>
        <line num="564" count="164" type="stmt"/>
        <line num="565" count="1" type="cond" truecount="1" falsecount="1"/>
        <line num="566" count="0" type="stmt"/>
        <line num="569" count="1" type="cond" truecount="1" falsecount="1"/>
        <line num="570" count="0" type="stmt"/>
        <line num="571" count="0" type="stmt"/>
        <line num="574" count="1" type="stmt"/>
        <line num="575" count="1" type="stmt"/>
        <line num="576" count="1" type="stmt"/>
        <line num="579" count="164" type="stmt"/>
        <line num="580" count="0" type="cond" truecount="0" falsecount="2"/>
        <line num="581" count="0" type="stmt"/>
        <line num="582" count="0" type="stmt"/>
        <line num="585" count="164" type="stmt"/>
        <line num="586" count="82" type="cond" truecount="4" falsecount="0"/>
        <line num="587" count="68" type="stmt"/>
        <line num="590" count="14" type="stmt"/>
        <line num="591" count="14" type="stmt"/>
        <line num="592" count="14" type="stmt"/>
        <line num="597" count="14" type="cond" truecount="2" falsecount="0"/>
        <line num="598" count="2" type="stmt"/>
        <line num="599" count="2" type="stmt"/>
        <line num="600" count="2" type="cond" truecount="2" falsecount="0"/>
        <line num="605" count="12" type="stmt"/>
        <line num="608" count="164" type="stmt"/>
        <line num="609" count="0" type="stmt"/>
        <line num="610" count="0" type="stmt"/>
        <line num="613" count="164" type="stmt"/>
        <line num="614" count="0" type="cond" truecount="0" falsecount="4"/>
        <line num="617" count="0" type="cond" truecount="0" falsecount="2"/>
        <line num="621" count="0" type="cond" truecount="0" falsecount="2"/>
        <line num="622" count="0" type="stmt"/>
        <line num="625" count="0" type="stmt"/>
        <line num="632" count="164" type="stmt"/>
        <line num="633" count="0" type="stmt"/>
        <line num="634" count="0" type="stmt"/>
        <line num="636" count="0" type="cond" truecount="0" falsecount="2"/>
        <line num="637" count="0" type="stmt"/>
        <line num="640" count="0" type="stmt"/>
        <line num="648" count="164" type="stmt"/>
        <line num="649" count="2" type="stmt"/>
        <line num="652" count="164" type="stmt"/>
        <line num="653" count="1" type="stmt"/>
        <line num="654" count="1" type="stmt"/>
        <line num="655" count="1" type="stmt"/>
        <line num="658" count="164" type="cond" truecount="1" falsecount="1"/>
        <line num="660" count="164" type="cond" truecount="1" falsecount="1"/>
        <line num="665" count="164" type="cond" truecount="2" falsecount="0"/>
        <line num="668" count="164" type="cond" truecount="4" falsecount="0"/>
        <line num="674" count="164" type="stmt"/>
        <line num="675" count="164" type="stmt"/>
        <line num="676" count="64" type="cond" truecount="4" falsecount="0"/>
        <line num="677" count="60" type="stmt"/>
        <line num="682" count="164" type="cond" truecount="3" falsecount="0"/>
        <line num="687" count="164" type="stmt"/>
        <line num="695" count="164" type="stmt"/>
        <line num="696" count="63" type="cond" truecount="5" falsecount="0"/>
        <line num="697" count="57" type="stmt"/>
        <line num="700" count="6" type="stmt"/>
        <line num="703" count="12" type="cond" truecount="1" falsecount="2"/>
        <line num="706" count="12" type="cond" truecount="1" falsecount="1"/>
        <line num="707" count="0" type="stmt"/>
        <line num="711" count="12" type="cond" truecount="1" falsecount="2"/>
        <line num="712" count="12" type="stmt"/>
        <line num="717" count="12" type="stmt"/>
        <line num="718" count="12" type="stmt"/>
        <line num="720" count="12" type="cond" truecount="4" falsecount="0"/>
        <line num="721" count="6" type="stmt"/>
        <line num="724" count="6" type="cond" truecount="2" falsecount="2"/>
        <line num="725" count="6" type="stmt"/>
        <line num="728" count="0" type="stmt"/>
        <line num="730" count="12" type="stmt"/>
        <line num="732" count="12" type="cond" truecount="2" falsecount="0"/>
        <line num="734" count="12" type="cond" truecount="1" falsecount="1"/>
        <line num="746" count="12" type="cond" truecount="1" falsecount="1"/>
        <line num="758" count="12" type="stmt"/>
        <line num="759" count="24" type="stmt"/>
        <line num="762" count="24" type="stmt"/>
        <line num="765" count="164" type="stmt"/>
        <line num="768" count="164" type="cond" truecount="2" falsecount="0"/>
        <line num="769" count="65" type="stmt"/>
        <line num="772" count="164" type="stmt"/>
        <line num="773" count="61" type="cond" truecount="2" falsecount="0"/>
        <line num="774" count="7" type="stmt"/>
        <line num="775" count="7" type="cond" truecount="2" falsecount="0"/>
        <line num="782" count="164" type="stmt"/>
        <line num="783" count="72" type="cond" truecount="2" falsecount="0"/>
        <line num="784" count="47" type="stmt"/>
        <line num="785" count="47" type="stmt"/>
        <line num="788" count="25" type="cond" truecount="1" falsecount="1"/>
        <line num="791" count="5" type="stmt"/>
        <line num="794" count="0" type="stmt"/>
        <line num="798" count="164" type="stmt"/>
        <line num="799" count="64" type="cond" truecount="6" falsecount="0"/>
        <line num="800" count="49" type="stmt"/>
        <line num="801" count="49" type="stmt"/>
        <line num="803" count="15" type="stmt"/>
        <line num="806" count="164" type="stmt"/>
        <line num="807" count="75" type="cond" truecount="2" falsecount="0"/>
        <line num="814" count="59" type="stmt"/>
        <line num="817" count="16" type="stmt"/>
        <line num="825" count="16" type="stmt"/>
        <line num="826" count="16" type="cond" truecount="1" falsecount="1"/>
        <line num="827" count="0" type="stmt"/>
        <line num="830" count="16" type="stmt"/>
        <line num="835" count="16" type="cond" truecount="1" falsecount="1"/>
        <line num="836" count="16" type="cond" truecount="1" falsecount="1"/>
        <line num="838" count="16" type="cond" truecount="2" falsecount="0"/>
        <line num="842" count="1" type="stmt"/>
        <line num="843" count="1" type="stmt"/>
        <line num="855" count="164" type="stmt"/>
        <line num="856" count="65" type="cond" truecount="1" falsecount="1"/>
        <line num="862" count="65" type="stmt"/>
        <line num="865" count="0" type="stmt"/>
        <line num="866" count="0" type="cond" truecount="0" falsecount="2"/>
        <line num="867" count="0" type="stmt"/>
        <line num="870" count="0" type="stmt"/>
        <line num="871" count="0" type="stmt"/>
        <line num="891" count="164" type="stmt"/>
        <line num="892" count="1" type="cond" truecount="1" falsecount="1"/>
        <line num="894" count="1" type="stmt"/>
        <line num="907" count="164" type="stmt"/>
        <line num="910" count="164" type="stmt"/>
        <line num="911" count="69" type="cond" truecount="2" falsecount="0"/>
        <line num="912" count="4" type="cond" truecount="2" falsecount="0"/>
        <line num="913" count="4" type="stmt"/>
        <line num="915" count="65" type="stmt"/>
        <line num="916" count="126" type="stmt"/>
        <line num="917" count="306" type="stmt"/>
        <line num="918" count="306" type="cond" truecount="1" falsecount="1"/>
        <line num="919" count="0" type="stmt"/>
        <line num="921" count="306" type="stmt"/>
        <line num="924" count="306" type="stmt"/>
        <line num="926" count="126" type="cond" truecount="2" falsecount="0"/>
        <line num="928" count="65" type="cond" truecount="2" falsecount="0"/>
        <line num="929" count="65" type="cond" truecount="2" falsecount="0"/>
        <line num="930" count="4" type="stmt"/>
        <line num="935" count="164" type="stmt"/>
        <line num="936" count="80" type="stmt"/>
        <line num="937" count="160" type="stmt"/>
        <line num="938" count="235" type="stmt"/>
        <line num="940" count="235" type="stmt"/>
        <line num="941" count="235" type="stmt"/>
        <line num="945" count="235" type="cond" truecount="2" falsecount="0"/>
        <line num="946" count="235" type="stmt"/>
        <line num="947" count="235" type="cond" truecount="3" falsecount="0"/>
        <line num="948" count="235" type="stmt"/>
        <line num="949" count="235" type="stmt"/>
        <line num="961" count="300" type="stmt"/>
        <line num="968" count="80" type="stmt"/>
        <line num="980" count="164" type="stmt"/>
        <line num="981" count="59" type="cond" truecount="2" falsecount="0"/>
        <line num="986" count="164" type="stmt"/>
        <line num="989" count="164" type="stmt"/>
        <line num="992" count="164" type="stmt"/>
        <line num="993" count="0" type="stmt"/>
        <line num="996" count="164" type="stmt"/>
        <line num="997" count="59" type="cond" truecount="1" falsecount="1"/>
        <line num="998" count="0" type="stmt"/>
        <line num="1001" count="164" type="stmt"/>
        <line num="1003" count="164" type="stmt"/>
        <line num="1004" count="59" type="cond" truecount="1" falsecount="1"/>
        <line num="1005" count="59" type="stmt"/>
        <line num="1006" count="59" type="stmt"/>
        <line num="1008" count="0" type="stmt"/>
        <line num="1011" count="0" type="stmt"/>
        <line num="1012" count="0" type="stmt"/>
        <line num="1016" count="164" type="stmt"/>
        <line num="1019" count="164" type="stmt"/>
        <line num="1023" count="164" type="stmt"/>
        <line num="1024" count="0" type="stmt"/>
        <line num="1026" count="0" type="stmt"/>
        <line num="1027" count="0" type="stmt"/>
        <line num="1030" count="0" type="stmt"/>
        <line num="1033" count="0" type="cond" truecount="0" falsecount="2"/>
        <line num="1034" count="0" type="stmt"/>
        <line num="1038" count="0" type="stmt"/>
        <line num="1042" count="164" type="stmt"/>
        <line num="1043" count="0" type="stmt"/>
        <line num="1044" count="0" type="stmt"/>
        <line num="1045" count="0" type="stmt"/>
        <line num="1049" count="164" type="stmt"/>
        <line num="1050" count="59" type="cond" truecount="1" falsecount="1"/>
        <line num="1051" count="0" type="stmt"/>
        <line num="1052" count="0" type="stmt"/>
        <line num="1054" count="164" type="stmt"/>
        <line num="1094" count="328" type="stmt"/>
        <line num="1100" count="0" type="stmt"/>
        <line num="1119" count="0" type="cond" truecount="0" falsecount="2"/>
        <line num="1120" count="0" type="stmt"/>
        <line num="1145" count="80" type="stmt"/>
        <line num="1149" count="6" type="stmt"/>
        <line num="1150" count="6" type="cond" truecount="2" falsecount="0"/>
        <line num="1185" count="0" type="stmt"/>
        <line num="1229" count="1" type="stmt"/>
        <line num="1278" count="0" type="stmt"/>
        <line num="1280" count="0" type="stmt"/>
        <line num="1281" count="0" type="stmt"/>
        <line num="1283" count="0" type="stmt"/>
        <line num="1290" count="0" type="stmt"/>
        <line num="1472" count="0" type="stmt"/>
        <line num="1503" count="1" type="stmt"/>
        <line num="1507" count="14" type="stmt"/>
        <line num="1509" count="10" type="stmt"/>
        <line num="1511" count="1" type="stmt"/>
        <line num="1514" count="1" type="stmt"/>
        <line num="1516" count="1" type="cond" truecount="1" falsecount="1"/>
        <line num="1517" count="1" type="stmt"/>
        <line num="1520" count="1" type="stmt"/>
        <line num="1522" count="1" type="stmt"/>
        <line num="1540" count="0" type="stmt"/>
        <line num="1559" count="1" type="stmt"/>
        <line num="1571" count="0" type="stmt"/>
        <line num="1587" count="0" type="stmt"/>
        <line num="1588" count="0" type="stmt"/>
      </file>
      <file name="CollapsibleUserProfile.tsx" path="/Users/nicoleantoun/Desktop/PR/S390_404-Name-not-Found/frontend/conuwalks/src/components/CollapsibleUserProfile.tsx">
        <metrics statements="21" coveredstatements="19" conditionals="28" coveredconditionals="14" methods="6" coveredmethods="5"/>
        <line num="20" count="1" type="stmt"/>
        <line num="21" count="9" type="stmt"/>
        <line num="22" count="9" type="stmt"/>
        <line num="24" count="9" type="cond" truecount="1" falsecount="1"/>
        <line num="25" count="9" type="stmt"/>
        <line num="27" count="0" type="stmt"/>
        <line num="35" count="1" type="stmt"/>
        <line num="36" count="9" type="cond" truecount="1" falsecount="1"/>
        <line num="37" count="9" type="stmt"/>
        <line num="38" count="9" type="stmt"/>
        <line num="39" count="9" type="stmt"/>
        <line num="41" count="9" type="cond" truecount="2" falsecount="0"/>
        <line num="42" count="6" type="stmt"/>
        <line num="44" count="3" type="stmt"/>
        <line num="71" count="3" type="stmt"/>
        <line num="99" count="1" type="stmt"/>
        <line num="100" count="1" type="stmt"/>
        <line num="107" count="1" type="stmt"/>
        <line num="140" count="3" type="stmt"/>
        <line num="154" count="0" type="stmt"/>
        <line num="189" count="1" type="stmt"/>
      </file>
      <file name="DestinationPopup.tsx" path="/Users/nicoleantoun/Desktop/PR/S390_404-Name-not-Found/frontend/conuwalks/src/components/DestinationPopup.tsx">
        <metrics statements="34" coveredstatements="33" conditionals="17" coveredconditionals="14" methods="9" coveredmethods="8"/>
        <line num="34" count="2" type="stmt"/>
        <line num="38" count="22" type="cond" truecount="1" falsecount="1"/>
        <line num="58" count="22" type="stmt"/>
        <line num="60" count="22" type="stmt"/>
        <line num="63" count="22" type="stmt"/>
        <line num="65" count="4" type="cond" truecount="2" falsecount="0"/>
        <line num="66" count="3" type="stmt"/>
        <line num="67" count="3" type="stmt"/>
        <line num="68" count="3" type="stmt"/>
        <line num="70" count="4" type="stmt"/>
        <line num="86" count="22" type="stmt"/>
        <line num="92" count="22" type="stmt"/>
        <line num="94" count="3" type="stmt"/>
        <line num="97" count="22" type="stmt"/>
        <line num="99" count="1" type="stmt"/>
        <line num="100" count="1" type="stmt"/>
        <line num="105" count="22" type="stmt"/>
        <line num="106" count="1" type="stmt"/>
        <line num="109" count="22" type="stmt"/>
        <line num="111" count="0" type="stmt"/>
        <line num="116" count="22" type="stmt"/>
        <line num="118" count="1" type="stmt"/>
        <line num="119" count="1" type="cond" truecount="1" falsecount="1"/>
        <line num="124" count="22" type="stmt"/>
        <line num="126" count="2" type="cond" truecount="2" falsecount="0"/>
        <line num="127" count="1" type="stmt"/>
        <line num="128" count="1" type="stmt"/>
        <line num="129" count="1" type="stmt"/>
        <line num="130" count="1" type="stmt"/>
        <line num="131" count="1" type="stmt"/>
        <line num="132" count="1" type="stmt"/>
        <line num="134" count="1" type="stmt"/>
        <line num="146" count="22" type="stmt"/>
        <line num="208" count="2" type="stmt"/>
      </file>
      <file name="DestinationPopupContent.tsx" path="/Users/nicoleantoun/Desktop/PR/S390_404-Name-not-Found/frontend/conuwalks/src/components/DestinationPopupContent.tsx">
        <metrics statements="21" coveredstatements="21" conditionals="45" coveredconditionals="32" methods="6" coveredmethods="6"/>
        <line num="32" count="2" type="stmt"/>
        <line num="35" count="2" type="stmt"/>
        <line num="48" count="16" type="cond" truecount="2" falsecount="0"/>
        <line num="49" count="1" type="stmt"/>
        <line num="59" count="15" type="cond" truecount="2" falsecount="0"/>
        <line num="60" count="1" type="stmt"/>
        <line num="63" count="14" type="cond" truecount="2" falsecount="0"/>
        <line num="64" count="6" type="stmt"/>
        <line num="71" count="8" type="stmt"/>
        <line num="74" count="16" type="stmt"/>
        <line num="75" count="16" type="cond" truecount="1" falsecount="1"/>
        <line num="76" count="16" type="stmt"/>
        <line num="79" count="1" type="stmt"/>
        <line num="113" count="1" type="stmt"/>
        <line num="139" count="2" type="stmt"/>
        <line num="142" count="16" type="stmt"/>
        <line num="143" count="16" type="stmt"/>
        <line num="171" count="1" type="cond" truecount="1" falsecount="2"/>
        <line num="172" count="1" type="stmt"/>
        <line num="174" count="1" type="cond" truecount="3" falsecount="1"/>
        <line num="177" count="1" type="stmt"/>
      </file>
      <file name="DestinationPopupHeader.tsx" path="/Users/nicoleantoun/Desktop/PR/S390_404-Name-not-Found/frontend/conuwalks/src/components/DestinationPopupHeader.tsx">
        <metrics statements="23" coveredstatements="22" conditionals="30" coveredconditionals="28" methods="6" coveredmethods="5"/>
        <line num="32" count="2" type="stmt"/>
        <line num="39" count="2" type="stmt"/>
        <line num="47" count="24" type="stmt"/>
        <line num="49" count="24" type="stmt"/>
        <line num="50" count="24" type="stmt"/>
        <line num="52" count="24" type="stmt"/>
        <line num="53" count="24" type="cond" truecount="2" falsecount="0"/>
        <line num="54" count="14" type="stmt"/>
        <line num="59" count="14" type="cond" truecount="2" falsecount="0"/>
        <line num="61" count="14" type="cond" truecount="2" falsecount="0"/>
        <line num="62" count="13" type="stmt"/>
        <line num="65" count="1" type="stmt"/>
        <line num="70" count="1" type="stmt"/>
        <line num="74" count="24" type="stmt"/>
        <line num="132" count="96" type="stmt"/>
        <line num="133" count="96" type="stmt"/>
        <line num="134" count="96" type="stmt"/>
        <line num="141" count="1" type="stmt"/>
        <line num="191" count="2" type="stmt"/>
        <line num="219" count="0" type="stmt"/>
        <line num="223" count="1" type="stmt"/>
        <line num="224" count="1" type="stmt"/>
        <line num="225" count="1" type="stmt"/>
      </file>
      <file name="DirectionsSearchPanel.tsx" path="/Users/nicoleantoun/Desktop/PR/S390_404-Name-not-Found/frontend/conuwalks/src/components/DirectionsSearchPanel.tsx">
        <metrics statements="126" coveredstatements="2" conditionals="184" coveredconditionals="0" methods="34" coveredmethods="0"/>
        <line num="37" count="1" type="stmt"/>
        <line num="42" count="0" type="cond" truecount="0" falsecount="2"/>
        <line num="43" count="0" type="stmt"/>
        <line num="52" count="0" type="stmt"/>
        <line num="77" count="1" type="stmt"/>
        <line num="88" count="0" type="stmt"/>
        <line num="89" count="0" type="stmt"/>
        <line num="93" count="0" type="stmt"/>
        <line num="97" count="0" type="stmt"/>
        <line num="98" count="0" type="stmt"/>
        <line num="102" count="0" type="stmt"/>
        <line num="103" count="0" type="stmt"/>
        <line num="106" count="0" type="stmt"/>
        <line num="110" count="0" type="stmt"/>
        <line num="115" count="0" type="stmt"/>
        <line num="116" count="0" type="stmt"/>
        <line num="117" count="0" type="stmt"/>
        <line num="118" count="0" type="stmt"/>
        <line num="120" count="0" type="stmt"/>
        <line num="121" count="0" type="stmt"/>
        <line num="122" count="0" type="stmt"/>
        <line num="123" count="0" type="cond" truecount="0" falsecount="2"/>
        <line num="124" count="0" type="stmt"/>
        <line num="125" count="0" type="stmt"/>
        <line num="127" count="0" type="cond" truecount="0" falsecount="2"/>
        <line num="128" count="0" type="stmt"/>
        <line num="129" count="0" type="stmt"/>
        <line num="134" count="0" type="stmt"/>
        <line num="136" count="0" type="stmt"/>
        <line num="138" count="0" type="cond" truecount="0" falsecount="2"/>
        <line num="139" count="0" type="stmt"/>
        <line num="141" count="0" type="stmt"/>
        <line num="142" count="0" type="stmt"/>
        <line num="143" count="0" type="stmt"/>
        <line num="147" count="0" type="cond" truecount="0" falsecount="2"/>
        <line num="148" count="0" type="stmt"/>
        <line num="149" count="0" type="stmt"/>
        <line num="150" count="0" type="stmt"/>
        <line num="153" count="0" type="cond" truecount="0" falsecount="5"/>
        <line num="157" count="0" type="cond" truecount="0" falsecount="2"/>
        <line num="158" count="0" type="cond" truecount="0" falsecount="2"/>
        <line num="159" count="0" type="stmt"/>
        <line num="160" count="0" type="stmt"/>
        <line num="161" count="0" type="cond" truecount="0" falsecount="2"/>
        <line num="162" count="0" type="stmt"/>
        <line num="163" count="0" type="stmt"/>
        <line num="168" count="0" type="stmt"/>
        <line num="170" count="0" type="cond" truecount="0" falsecount="5"/>
        <line num="174" count="0" type="cond" truecount="0" falsecount="2"/>
        <line num="175" count="0" type="cond" truecount="0" falsecount="2"/>
        <line num="176" count="0" type="stmt"/>
        <line num="177" count="0" type="stmt"/>
        <line num="178" count="0" type="cond" truecount="0" falsecount="4"/>
        <line num="179" count="0" type="stmt"/>
        <line num="180" count="0" type="stmt"/>
        <line num="184" count="0" type="stmt"/>
        <line num="185" count="0" type="cond" truecount="0" falsecount="2"/>
        <line num="187" count="0" type="stmt"/>
        <line num="188" count="0" type="stmt"/>
        <line num="190" count="0" type="stmt"/>
        <line num="191" count="0" type="stmt"/>
        <line num="194" count="0" type="stmt"/>
        <line num="195" count="0" type="stmt"/>
        <line num="196" count="0" type="stmt"/>
        <line num="200" count="0" type="stmt"/>
        <line num="206" count="0" type="cond" truecount="0" falsecount="2"/>
        <line num="208" count="0" type="stmt"/>
        <line num="213" count="0" type="stmt"/>
        <line num="217" count="0" type="stmt"/>
        <line num="225" count="0" type="stmt"/>
        <line num="226" count="0" type="stmt"/>
        <line num="227" count="0" type="stmt"/>
        <line num="228" count="0" type="cond" truecount="0" falsecount="2"/>
        <line num="229" count="0" type="cond" truecount="0" falsecount="2"/>
        <line num="234" count="0" type="cond" truecount="0" falsecount="2"/>
        <line num="235" count="0" type="stmt"/>
        <line num="236" count="0" type="stmt"/>
        <line num="237" count="0" type="stmt"/>
        <line num="239" count="0" type="stmt"/>
        <line num="240" count="0" type="cond" truecount="0" falsecount="4"/>
        <line num="241" count="0" type="stmt"/>
        <line num="248" count="0" type="stmt"/>
        <line num="249" count="0" type="stmt"/>
        <line num="252" count="0" type="stmt"/>
        <line num="255" count="0" type="stmt"/>
        <line num="256" count="0" type="stmt"/>
        <line num="257" count="0" type="stmt"/>
        <line num="258" count="0" type="cond" truecount="0" falsecount="2"/>
        <line num="259" count="0" type="stmt"/>
        <line num="260" count="0" type="cond" truecount="0" falsecount="4"/>
        <line num="261" count="0" type="stmt"/>
        <line num="268" count="0" type="stmt"/>
        <line num="269" count="0" type="stmt"/>
        <line num="271" count="0" type="stmt"/>
        <line num="275" count="0" type="stmt"/>
        <line num="276" count="0" type="stmt"/>
        <line num="277" count="0" type="stmt"/>
        <line num="278" count="0" type="stmt"/>
        <line num="280" count="0" type="stmt"/>
        <line num="281" count="0" type="stmt"/>
        <line num="282" count="0" type="stmt"/>
        <line num="283" count="0" type="stmt"/>
        <line num="287" count="0" type="stmt"/>
        <line num="298" count="0" type="stmt"/>
        <line num="301" count="0" type="cond" truecount="0" falsecount="2"/>
        <line num="331" count="0" type="stmt"/>
        <line num="334" count="0" type="cond" truecount="0" falsecount="2"/>
        <line num="368" count="0" type="stmt"/>
        <line num="404" count="0" type="stmt"/>
        <line num="406" count="0" type="stmt"/>
        <line num="407" count="0" type="stmt"/>
        <line num="409" count="0" type="stmt"/>
        <line num="443" count="0" type="stmt"/>
        <line num="444" count="0" type="stmt"/>
        <line num="445" count="0" type="stmt"/>
        <line num="447" count="0" type="stmt"/>
        <line num="470" count="0" type="cond" truecount="0" falsecount="2"/>
        <line num="471" count="0" type="stmt"/>
        <line num="476" count="0" type="stmt"/>
        <line num="477" count="0" type="stmt"/>
        <line num="510" count="0" type="stmt"/>
        <line num="536" count="0" type="cond" truecount="0" falsecount="2"/>
        <line num="537" count="0" type="stmt"/>
        <line num="542" count="0" type="stmt"/>
        <line num="543" count="0" type="stmt"/>
        <line num="554" count="0" type="stmt"/>
      </file>
      <file name="MapScheduleToggle.tsx" path="/Users/nicoleantoun/Desktop/PR/S390_404-Name-not-Found/frontend/conuwalks/src/components/MapScheduleToggle.tsx">
        <metrics statements="21" coveredstatements="20" conditionals="29" coveredconditionals="20" methods="4" coveredmethods="4"/>
        <line num="20" count="1" type="stmt"/>
        <line num="21" count="4" type="cond" truecount="2" falsecount="0"/>
        <line num="22" count="4" type="cond" truecount="1" falsecount="1"/>
        <line num="23" count="4" type="stmt"/>
        <line num="25" count="0" type="stmt"/>
        <line num="29" count="1" type="stmt"/>
        <line num="30" count="4" type="stmt"/>
        <line num="31" count="4" type="stmt"/>
        <line num="36" count="1" type="stmt"/>
        <line num="59" count="1" type="stmt"/>
        <line num="64" count="3" type="cond" truecount="1" falsecount="1"/>
        <line num="66" count="3" type="cond" truecount="2" falsecount="0"/>
        <line num="68" count="2" type="stmt"/>
        <line num="69" count="2" type="stmt"/>
        <line num="72" count="2" type="stmt"/>
        <line num="73" count="2" type="stmt"/>
        <line num="75" count="2" type="cond" truecount="1" falsecount="1"/>
        <line num="76" count="2" type="cond" truecount="1" falsecount="1"/>
        <line num="77" count="2" type="cond" truecount="1" falsecount="1"/>
        <line num="80" count="2" type="stmt"/>
        <line num="88" count="2" type="stmt"/>
      </file>
      <file name="MetroIcon.tsx" path="/Users/nicoleantoun/Desktop/PR/S390_404-Name-not-Found/frontend/conuwalks/src/components/MetroIcon.tsx">
        <metrics statements="2" coveredstatements="1" conditionals="3" coveredconditionals="0" methods="1" coveredmethods="0"/>
        <line num="10" count="1" type="cond" truecount="0" falsecount="3"/>
        <line num="11" count="0" type="stmt"/>
      </file>
      <file name="OutdoorPOIButton.tsx" path="/Users/nicoleantoun/Desktop/PR/S390_404-Name-not-Found/frontend/conuwalks/src/components/OutdoorPOIButton.tsx">
        <metrics statements="4" coveredstatements="4" conditionals="6" coveredconditionals="5" methods="1" coveredmethods="1"/>
        <line num="14" count="2" type="stmt"/>
        <line num="20" count="161" type="stmt"/>
        <line num="22" count="161" type="stmt"/>
        <line num="69" count="2" type="stmt"/>
      </file>
      <file name="OutdoorPOIMarkers.tsx" path="/Users/nicoleantoun/Desktop/PR/S390_404-Name-not-Found/frontend/conuwalks/src/components/OutdoorPOIMarkers.tsx">
        <metrics statements="17" coveredstatements="3" conditionals="19" coveredconditionals="0" methods="6" coveredmethods="0"/>
        <line num="7" count="2" type="stmt"/>
        <line num="22" count="0" type="stmt"/>
        <line num="23" count="0" type="stmt"/>
        <line num="24" count="0" type="stmt"/>
        <line num="26" count="0" type="stmt"/>
        <line num="30" count="0" type="stmt"/>
        <line num="41" count="2" type="stmt"/>
        <line num="46" count="2" type="stmt"/>
        <line num="53" count="0" type="stmt"/>
        <line num="55" count="0" type="cond" truecount="0" falsecount="2"/>
        <line num="57" count="0" type="stmt"/>
        <line num="58" count="0" type="stmt"/>
        <line num="59" count="0" type="stmt"/>
        <line num="65" count="0" type="stmt"/>
        <line num="69" count="0" type="stmt"/>
        <line num="72" count="0" type="stmt"/>
        <line num="143" count="0" type="stmt"/>
      </file>
      <file name="POIListPanel.tsx" path="/Users/nicoleantoun/Desktop/PR/S390_404-Name-not-Found/frontend/conuwalks/src/components/POIListPanel.tsx">
        <metrics statements="81" coveredstatements="21" conditionals="71" coveredconditionals="6" methods="22" coveredmethods="4"/>
        <line num="34" count="2" type="stmt"/>
        <line num="35" count="2" type="stmt"/>
        <line num="37" count="2" type="stmt"/>
        <line num="38" count="0" type="cond" truecount="0" falsecount="2"/>
        <line num="39" count="0" type="stmt"/>
        <line num="42" count="2" type="stmt"/>
        <line num="43" count="0" type="stmt"/>
        <line num="45" count="0" type="cond" truecount="0" falsecount="6"/>
        <line num="46" count="0" type="stmt"/>
        <line num="48" count="0" type="cond" truecount="0" falsecount="6"/>
        <line num="49" count="0" type="stmt"/>
        <line num="51" count="0" type="cond" truecount="0" falsecount="7"/>
        <line num="52" count="0" type="stmt"/>
        <line num="54" count="0" type="cond" truecount="0" falsecount="5"/>
        <line num="55" count="0" type="stmt"/>
        <line num="57" count="0" type="cond" truecount="0" falsecount="4"/>
        <line num="58" count="0" type="stmt"/>
        <line num="60" count="0" type="cond" truecount="0" falsecount="5"/>
        <line num="61" count="0" type="stmt"/>
        <line num="63" count="0" type="stmt"/>
        <line num="66" count="2" type="stmt"/>
        <line num="67" count="0" type="cond" truecount="0" falsecount="7"/>
        <line num="68" count="0" type="stmt"/>
        <line num="69" count="0" type="stmt"/>
        <line num="70" count="0" type="stmt"/>
        <line num="71" count="0" type="stmt"/>
        <line num="72" count="0" type="stmt"/>
        <line num="73" count="0" type="stmt"/>
        <line num="74" count="0" type="stmt"/>
        <line num="78" count="2" type="stmt"/>
        <line num="79" count="0" type="cond" truecount="0" falsecount="7"/>
        <line num="80" count="0" type="stmt"/>
        <line num="81" count="0" type="stmt"/>
        <line num="82" count="0" type="stmt"/>
        <line num="83" count="0" type="stmt"/>
        <line num="84" count="0" type="stmt"/>
        <line num="85" count="0" type="stmt"/>
        <line num="86" count="0" type="stmt"/>
        <line num="90" count="2" type="stmt"/>
        <line num="99" count="161" type="stmt"/>
        <line num="101" count="161" type="stmt"/>
        <line num="102" count="161" type="stmt"/>
        <line num="105" count="161" type="stmt"/>
        <line num="106" count="59" type="cond" truecount="1" falsecount="1"/>
        <line num="107" count="59" type="stmt"/>
        <line num="110" count="161" type="stmt"/>
        <line num="111" count="125" type="cond" truecount="3" falsecount="1"/>
        <line num="112" count="125" type="stmt"/>
        <line num="120" count="0" type="stmt"/>
        <line num="121" count="0" type="stmt"/>
        <line num="122" count="0" type="stmt"/>
        <line num="123" count="0" type="stmt"/>
        <line num="125" count="0" type="stmt"/>
        <line num="129" count="0" type="stmt"/>
        <line num="132" count="0" type="stmt"/>
        <line num="133" count="0" type="stmt"/>
        <line num="134" count="0" type="stmt"/>
        <line num="142" count="0" type="stmt"/>
        <line num="143" count="0" type="stmt"/>
        <line num="146" count="161" type="stmt"/>
        <line num="147" count="59" type="stmt"/>
        <line num="154" count="161" type="stmt"/>
        <line num="156" count="0" type="stmt"/>
        <line num="158" count="0" type="stmt"/>
        <line num="159" count="0" type="stmt"/>
        <line num="162" count="0" type="stmt"/>
        <line num="163" count="0" type="cond" truecount="0" falsecount="2"/>
        <line num="164" count="0" type="stmt"/>
        <line num="168" count="0" type="stmt"/>
        <line num="170" count="0" type="stmt"/>
        <line num="180" count="161" type="cond" truecount="1" falsecount="1"/>
        <line num="183" count="0" type="stmt"/>
        <line num="184" count="0" type="stmt"/>
        <line num="185" count="0" type="stmt"/>
        <line num="188" count="0" type="stmt"/>
        <line num="208" count="0" type="stmt"/>
        <line num="218" count="0" type="stmt"/>
        <line num="220" count="0" type="stmt"/>
        <line num="238" count="0" type="stmt"/>
        <line num="249" count="0" type="stmt"/>
        <line num="264" count="2" type="stmt"/>
      </file>
      <file name="POIPanel.tsx" path="/Users/nicoleantoun/Desktop/PR/S390_404-Name-not-Found/frontend/conuwalks/src/components/POIPanel.tsx">
        <metrics statements="21" coveredstatements="11" conditionals="8" coveredconditionals="4" methods="8" coveredmethods="3"/>
        <line num="14" count="2" type="stmt"/>
        <line num="15" count="2" type="stmt"/>
        <line num="24" count="2" type="stmt"/>
        <line num="25" count="161" type="stmt"/>
        <line num="28" count="161" type="stmt"/>
        <line num="29" count="59" type="stmt"/>
        <line num="37" count="161" type="stmt"/>
        <line num="40" count="0" type="stmt"/>
        <line num="43" count="0" type="stmt"/>
        <line num="44" count="0" type="stmt"/>
        <line num="48" count="0" type="stmt"/>
        <line num="49" count="0" type="cond" truecount="0" falsecount="2"/>
        <line num="51" count="0" type="stmt"/>
        <line num="55" count="0" type="stmt"/>
        <line num="58" count="0" type="stmt"/>
        <line num="69" count="161" type="stmt"/>
        <line num="83" count="966" type="stmt"/>
        <line num="87" count="0" type="stmt"/>
        <line num="88" count="0" type="stmt"/>
        <line num="99" count="161" type="stmt"/>
        <line num="120" count="2" type="stmt"/>
      </file>
      <file name="RightControlsPanel.tsx" path="/Users/nicoleantoun/Desktop/PR/S390_404-Name-not-Found/frontend/conuwalks/src/components/RightControlsPanel.tsx">
        <metrics statements="15" coveredstatements="13" conditionals="32" coveredconditionals="21" methods="4" coveredmethods="2"/>
        <line num="32" count="2" type="stmt"/>
        <line num="33" count="27" type="cond" truecount="1" falsecount="1"/>
        <line num="34" count="27" type="stmt"/>
        <line num="42" count="2" type="stmt"/>
        <line num="54" count="14" type="cond" truecount="1" falsecount="1"/>
        <line num="55" count="14" type="stmt"/>
        <line num="56" count="14" type="stmt"/>
        <line num="60" count="14" type="cond" truecount="3" falsecount="0"/>
        <line num="63" count="14" type="stmt"/>
        <line num="64" count="14" type="stmt"/>
        <line num="65" count="14" type="stmt"/>
        <line num="67" count="14" type="stmt"/>
        <line num="80" count="14" type="stmt"/>
        <line num="96" count="0" type="stmt"/>
        <line num="149" count="0" type="stmt"/>
      </file>
      <file name="RoutePolyline.tsx" path="/Users/nicoleantoun/Desktop/PR/S390_404-Name-not-Found/frontend/conuwalks/src/components/RoutePolyline.tsx">
        <metrics statements="167" coveredstatements="138" conditionals="183" coveredconditionals="120" methods="20" coveredmethods="18"/>
        <line num="14" count="3" type="stmt"/>
        <line num="16" count="3" type="stmt"/>
        <line num="17" count="5" type="cond" truecount="1" falsecount="1"/>
        <line num="19" count="5" type="cond" truecount="4" falsecount="0"/>
        <line num="20" count="2" type="stmt"/>
        <line num="27" count="3" type="cond" truecount="1" falsecount="1"/>
        <line num="28" count="3" type="cond" truecount="2" falsecount="0"/>
        <line num="29" count="3" type="cond" truecount="2" falsecount="0"/>
        <line num="31" count="3" type="stmt"/>
        <line num="33" count="3" type="cond" truecount="1" falsecount="1"/>
        <line num="34" count="0" type="stmt"/>
        <line num="35" count="3" type="cond" truecount="4" falsecount="0"/>
        <line num="37" count="2" type="cond" truecount="1" falsecount="1"/>
        <line num="42" count="2" type="stmt"/>
        <line num="43" count="0" type="cond" truecount="0" falsecount="4"/>
        <line num="44" count="0" type="stmt"/>
        <line num="45" count="0" type="cond" truecount="0" falsecount="2"/>
        <line num="50" count="0" type="stmt"/>
        <line num="51" count="0" type="cond" truecount="0" falsecount="2"/>
        <line num="56" count="0" type="stmt"/>
        <line num="57" count="0" type="stmt"/>
        <line num="58" count="1" type="cond" truecount="1" falsecount="1"/>
        <line num="59" count="1" type="stmt"/>
        <line num="62" count="3" type="stmt"/>
        <line num="70" count="3" type="stmt"/>
        <line num="79" count="1" type="stmt"/>
        <line num="80" count="1" type="stmt"/>
        <line num="82" count="1" type="stmt"/>
        <line num="83" count="1" type="stmt"/>
        <line num="84" count="1" type="cond" truecount="1" falsecount="1"/>
        <line num="85" count="0" type="stmt"/>
        <line num="86" count="0" type="stmt"/>
        <line num="91" count="1" type="stmt"/>
        <line num="101" count="0" type="cond" truecount="0" falsecount="2"/>
        <line num="103" count="0" type="cond" truecount="0" falsecount="2"/>
        <line num="104" count="0" type="stmt"/>
        <line num="105" count="0" type="stmt"/>
[...]
        <metrics statements="1" coveredstatements="1" conditionals="0" coveredconditionals="0" methods="0" coveredmethods="0"/>
        <line num="2" count="2" type="stmt"/>
      </file>
      <file name="IndoorMap.styles.ts" path="/Users/nicoleantoun/Desktop/PR/S390_404-Name-not-Found/frontend/conuwalks/src/styles/IndoorMap.styles.ts">
        <metrics statements="3" coveredstatements="3" conditionals="0" coveredconditionals="0" methods="0" coveredmethods="0"/>
        <line num="3" count="1" type="stmt"/>
        <line num="5" count="1" type="stmt"/>
        <line num="15" count="1" type="stmt"/>
      </file>
      <file name="additionalInfoPopup.ts" path="/Users/nicoleantoun/Desktop/PR/S390_404-Name-not-Found/frontend/conuwalks/src/styles/additionalInfoPopup.ts">
        <metrics statements="8" coveredstatements="7" conditionals="32" coveredconditionals="15" methods="6" coveredmethods="5"/>
        <line num="3" count="2" type="stmt"/>
        <line num="252" count="2" type="stmt"/>
        <line num="253" count="26" type="cond" truecount="1" falsecount="1"/>
        <line num="254" count="13" type="stmt"/>
        <line num="257" count="0" type="stmt"/>
        <line num="260" count="13" type="stmt"/>
        <line num="263" count="3" type="stmt"/>
        <line num="269" count="3" type="stmt"/>
      </file>
      <file name="campusMap.ts" path="/Users/nicoleantoun/Desktop/PR/S390_404-Name-not-Found/frontend/conuwalks/src/styles/campusMap.ts">
        <metrics statements="1" coveredstatements="1" conditionals="0" coveredconditionals="0" methods="0" coveredmethods="0"/>
        <line num="3" count="1" type="stmt"/>
      </file>
      <file name="directionsSearchPanel.ts" path="/Users/nicoleantoun/Desktop/PR/S390_404-Name-not-Found/frontend/conuwalks/src/styles/directionsSearchPanel.ts">
        <metrics statements="1" coveredstatements="1" conditionals="4" coveredconditionals="2" methods="0" coveredmethods="0"/>
        <line num="3" count="1" type="stmt"/>
      </file>
      <file name="googleCalendarAuth.ts" path="/Users/nicoleantoun/Desktop/PR/S390_404-Name-not-Found/frontend/conuwalks/src/styles/googleCalendarAuth.ts">
        <metrics statements="1" coveredstatements="1" conditionals="0" coveredconditionals="0" methods="0" coveredmethods="0"/>
        <line num="3" count="1" type="stmt"/>
      </file>
      <file name="home.ts" path="/Users/nicoleantoun/Desktop/PR/S390_404-Name-not-Found/frontend/conuwalks/src/styles/home.ts">
        <metrics statements="1" coveredstatements="0" conditionals="4" coveredconditionals="0" methods="0" coveredmethods="0"/>
        <line num="3" count="0" type="stmt"/>
      </file>
      <file name="login.ts" path="/Users/nicoleantoun/Desktop/PR/S390_404-Name-not-Found/frontend/conuwalks/src/styles/login.ts">
        <metrics statements="1" coveredstatements="0" conditionals="0" coveredconditionals="0" methods="0" coveredmethods="0"/>
        <line num="2" count="0" type="stmt"/>
      </file>
      <file name="scheduleSection.ts" path="/Users/nicoleantoun/Desktop/PR/S390_404-Name-not-Found/frontend/conuwalks/src/styles/scheduleSection.ts">
        <metrics statements="1" coveredstatements="1" conditionals="2" coveredconditionals="1" methods="0" coveredmethods="0"/>
        <line num="3" count="2" type="stmt"/>
      </file>
      <file name="segmentedToggle.ts" path="/Users/nicoleantoun/Desktop/PR/S390_404-Name-not-Found/frontend/conuwalks/src/styles/segmentedToggle.ts">
        <metrics statements="1" coveredstatements="1" conditionals="0" coveredconditionals="0" methods="0" coveredmethods="0"/>
        <line num="3" count="1" type="stmt"/>
      </file>
      <file name="statusGradient.ts" path="/Users/nicoleantoun/Desktop/PR/S390_404-Name-not-Found/frontend/conuwalks/src/styles/statusGradient.ts">
        <metrics statements="1" coveredstatements="1" conditionals="0" coveredconditionals="0" methods="0" coveredmethods="0"/>
        <line num="3" count="1" type="stmt"/>
      </file>
    </package>
    <package name="utils">
      <metrics statements="255" coveredstatements="167" conditionals="153" coveredconditionals="90" methods="58" coveredmethods="45"/>
      <file name="geo.ts" path="/Users/nicoleantoun/Desktop/PR/S390_404-Name-not-Found/frontend/conuwalks/src/utils/geo.ts">
        <metrics statements="14" coveredstatements="14" conditionals="4" coveredconditionals="4" methods="3" coveredmethods="3"/>
        <line num="4" count="1" type="stmt"/>
        <line num="5" count="1" type="stmt"/>
        <line num="10" count="1" type="stmt"/>
        <line num="11" count="4" type="stmt"/>
        <line num="12" count="4" type="stmt"/>
        <line num="14" count="4" type="stmt"/>
        <line num="15" count="4" type="stmt"/>
        <line num="16" count="24" type="stmt"/>
        <line num="17" count="24" type="stmt"/>
        <line num="18" count="24" type="stmt"/>
        <line num="19" count="24" type="stmt"/>
        <line num="22" count="24" type="cond" truecount="2" falsecount="0"/>
        <line num="24" count="24" type="cond" truecount="2" falsecount="0"/>
        <line num="27" count="4" type="stmt"/>
      </file>
      <file name="geometry.ts" path="/Users/nicoleantoun/Desktop/PR/S390_404-Name-not-Found/frontend/conuwalks/src/utils/geometry.ts">
        <metrics statements="14" coveredstatements="14" conditionals="0" coveredconditionals="0" methods="5" coveredmethods="5"/>
        <line num="8" count="1" type="stmt"/>
        <line num="10" count="2" type="stmt"/>
        <line num="12" count="2" type="stmt"/>
        <line num="13" count="1" type="stmt"/>
        <line num="16" count="6" type="stmt"/>
        <line num="18" count="1" type="stmt"/>
        <line num="22" count="1" type="stmt"/>
        <line num="23" count="1" type="stmt"/>
        <line num="24" count="1" type="stmt"/>
        <line num="25" count="1" type="stmt"/>
        <line num="26" count="1" type="stmt"/>
        <line num="29" count="1" type="stmt"/>
        <line num="34" count="1" type="stmt"/>
        <line num="35" count="1" type="stmt"/>
      </file>
      <file name="openSystemSettings.ts" path="/Users/nicoleantoun/Desktop/PR/S390_404-Name-not-Found/frontend/conuwalks/src/utils/openSystemSettings.ts">
        <metrics statements="25" coveredstatements="7" conditionals="10" coveredconditionals="3" methods="3" coveredmethods="2"/>
        <line num="8" count="1" type="stmt"/>
        <line num="10" count="1" type="cond" truecount="1" falsecount="1"/>
        <line num="11" count="1" type="stmt"/>
        <line num="12" count="1" type="stmt"/>
        <line num="16" count="0" type="stmt"/>
        <line num="17" count="0" type="cond" truecount="0" falsecount="2"/>
        <line num="18" count="0" type="stmt"/>
        <line num="19" count="0" type="stmt"/>
        <line num="22" count="0" type="stmt"/>
        <line num="25" count="0" type="stmt"/>
        <line num="32" count="2" type="stmt"/>
        <line num="35" count="2" type="stmt"/>
        <line num="44" count="0" type="stmt"/>
        <line num="45" count="0" type="cond" truecount="0" falsecount="2"/>
        <line num="46" count="0" type="stmt"/>
        <line num="47" count="0" type="stmt"/>
        <line num="49" count="0" type="stmt"/>
        <line num="50" count="0" type="cond" truecount="0" falsecount="2"/>
        <line num="51" count="0" type="stmt"/>
        <line num="52" count="0" type="stmt"/>
        <line num="55" count="0" type="stmt"/>
        <line num="56" count="0" type="stmt"/>
        <line num="66" count="2" type="stmt"/>
        <line num="68" count="0" type="stmt"/>
        <line num="71" count="0" type="stmt"/>
      </file>
      <file name="schedule.ts" path="/Users/nicoleantoun/Desktop/PR/S390_404-Name-not-Found/frontend/conuwalks/src/utils/schedule.ts">
        <metrics statements="46" coveredstatements="28" conditionals="36" coveredconditionals="13" methods="10" coveredmethods="6"/>
        <line num="5" count="2" type="cond" truecount="0" falsecount="2"/>
        <line num="6" count="1" type="cond" truecount="1" falsecount="1"/>
        <line num="7" count="0" type="stmt"/>
        <line num="8" count="1" type="cond" truecount="1" falsecount="1"/>
        <line num="9" count="1" type="stmt"/>
        <line num="11" count="0" type="stmt"/>
        <line num="13" count="2" type="stmt"/>
        <line num="14" count="1" type="stmt"/>
        <line num="15" count="1" type="cond" truecount="1" falsecount="1"/>
        <line num="16" count="1" type="cond" truecount="1" falsecount="1"/>
        <line num="18" count="1" type="cond" truecount="1" falsecount="1"/>
        <line num="19" count="1" type="cond" truecount="1" falsecount="1"/>
        <line num="21" count="1" type="stmt"/>
        <line num="22" count="1" type="stmt"/>
        <line num="23" count="1" type="stmt"/>
        <line num="25" count="1" type="cond" truecount="2" falsecount="0"/>
        <line num="28" count="1" type="cond" truecount="1" falsecount="1"/>
        <line num="29" count="1" type="stmt"/>
        <line num="31" count="2" type="stmt"/>
        <line num="32" count="0" type="stmt"/>
        <line num="33" count="0" type="stmt"/>
        <line num="34" count="0" type="cond" truecount="0" falsecount="2"/>
        <line num="37" count="0" type="stmt"/>
        <line num="38" count="0" type="cond" truecount="0" falsecount="2"/>
        <line num="40" count="0" type="stmt"/>
        <line num="41" count="0" type="cond" truecount="0" falsecount="2"/>
        <line num="43" count="0" type="stmt"/>
        <line num="47" count="2" type="cond" truecount="0" falsecount="2"/>
        <line num="48" count="2" type="cond" truecount="1" falsecount="1"/>
        <line num="49" count="0" type="stmt"/>
        <line num="50" count="2" type="cond" truecount="1" falsecount="1"/>
        <line num="51" count="2" type="stmt"/>
        <line num="53" count="0" type="stmt"/>
        <line num="55" count="2" type="stmt"/>
        <line num="56" count="2" type="stmt"/>
        <line num="57" count="2" type="stmt"/>
        <line num="58" count="2" type="stmt"/>
        <line num="59" count="0" type="stmt"/>
        <line num="61" count="2" type="cond" truecount="2" falsecount="0"/>
        <line num="62" count="1" type="stmt"/>
        <line num="64" count="2" type="stmt"/>
        <line num="65" count="0" type="stmt"/>
        <line num="66" count="0" type="cond" truecount="0" falsecount="2"/>
        <line num="68" count="0" type="stmt"/>
        <line num="69" count="0" type="cond" truecount="0" falsecount="2"/>
        <line num="71" count="0" type="stmt"/>
      </file>
      <file name="searchbar.ts" path="/Users/nicoleantoun/Desktop/PR/S390_404-Name-not-Found/frontend/conuwalks/src/utils/searchbar.ts">
        <metrics statements="40" coveredstatements="40" conditionals="64" coveredconditionals="50" methods="21" coveredmethods="21"/>
        <line num="9" count="1" type="stmt"/>
        <line num="10" count="1" type="cond" truecount="1" falsecount="1"/>
        <line num="12" count="1" type="stmt"/>
        <line num="13" count="1" type="stmt"/>
        <line num="16" count="1" type="cond" truecount="1" falsecount="0"/>
        <line num="17" count="8" type="stmt"/>
        <line num="19" count="1" type="stmt"/>
        <line num="20" count="6" type="stmt"/>
        <line num="23" count="1" type="cond" truecount="2" falsecount="1"/>
        <line num="24" count="14" type="cond" truecount="4" falsecount="0"/>
        <line num="25" count="13" type="cond" truecount="2" falsecount="0"/>
        <line num="29" count="18" type="stmt"/>
        <line num="30" count="13" type="stmt"/>
        <line num="31" count="13" type="cond" truecount="2" falsecount="0"/>
        <line num="32" count="13" type="cond" truecount="2" falsecount="0"/>
        <line num="34" count="13" type="stmt"/>
        <line num="35" count="26" type="stmt"/>
        <line num="36" count="39" type="cond" truecount="2" falsecount="0"/>
        <line num="37" count="33" type="cond" truecount="2" falsecount="0"/>
        <line num="40" count="13" type="stmt"/>
        <line num="46" count="13" type="cond" truecount="2" falsecount="0"/>
        <line num="47" count="20" type="stmt"/>
        <line num="48" count="6" type="stmt"/>
        <line num="49" count="26" type="stmt"/>
        <line num="51" count="13" type="stmt"/>
        <line num="54" count="12" type="stmt"/>
        <line num="55" count="25" type="cond" truecount="2" falsecount="0"/>
        <line num="56" count="12" type="stmt"/>
        <line num="58" count="20" type="stmt"/>
        <line num="63" count="14" type="cond" truecount="1" falsecount="1"/>
        <line num="64" count="14" type="cond" truecount="2" falsecount="2"/>
        <line num="65" count="14" type="cond" truecount="3" falsecount="1"/>
        <line num="66" count="14" type="stmt"/>
        <line num="68" count="3" type="cond" truecount="7" falsecount="3"/>
        <line num="72" count="18" type="stmt"/>
        <line num="73" count="18" type="stmt"/>
        <line num="74" count="18" type="cond" truecount="3" falsecount="1"/>
        <line num="75" count="18" type="cond" truecount="2" falsecount="2"/>
        <line num="76" count="18" type="stmt"/>
        <line num="80" count="13" type="stmt"/>
      </file>
      <file name="time.ts" path="/Users/nicoleantoun/Desktop/PR/S390_404-Name-not-Found/frontend/conuwalks/src/utils/time.ts">
        <metrics statements="3" coveredstatements="3" conditionals="3" coveredconditionals="3" methods="1" coveredmethods="1"/>
        <line num="1" count="2" type="stmt"/>
        <line num="2" count="2" type="stmt"/>
        <line num="3" count="2" type="stmt"/>
      </file>
      <file name="tokenStorage.ts" path="/Users/nicoleantoun/Desktop/PR/S390_404-Name-not-Found/frontend/conuwalks/src/utils/tokenStorage.ts">
        <metrics statements="113" coveredstatements="61" conditionals="36" coveredconditionals="17" methods="15" coveredmethods="7"/>
        <line num="3" count="10" type="stmt"/>
        <line num="4" count="10" type="stmt"/>
        <line num="5" count="10" type="stmt"/>
        <line num="6" count="10" type="stmt"/>
        <line num="7" count="10" type="stmt"/>
        <line num="8" count="10" type="stmt"/>
        <line num="9" count="10" type="stmt"/>
        <line num="10" count="10" type="stmt"/>
        <line num="12" count="10" type="stmt"/>
        <line num="13" count="0" type="stmt"/>
        <line num="15" count="0" type="cond" truecount="0" falsecount="2"/>
        <line num="17" count="0" type="stmt"/>
        <line num="18" count="0" type="cond" truecount="0" falsecount="2"/>
        <line num="22" count="0" type="stmt"/>
        <line num="25" count="0" type="stmt"/>
        <line num="41" count="10" type="stmt"/>
        <line num="42" count="2" type="stmt"/>
        <line num="43" count="2" type="cond" truecount="2" falsecount="0"/>
        <line num="44" count="1" type="stmt"/>
        <line num="46" count="1" type="stmt"/>
        <line num="47" count="1" type="stmt"/>
        <line num="48" count="1" type="stmt"/>
        <line num="50" count="1" type="stmt"/>
        <line num="51" count="1" type="stmt"/>
        <line num="55" count="10" type="stmt"/>
        <line num="56" count="2" type="stmt"/>
        <line num="57" count="2" type="cond" truecount="1" falsecount="1"/>
        <line num="60" count="2" type="cond" truecount="4" falsecount="0"/>
        <line num="61" count="1" type="stmt"/>
        <line num="62" count="1" type="stmt"/>
        <line num="63" count="1" type="stmt"/>
        <line num="65" count="1" type="stmt"/>
        <line num="66" count="1" type="stmt"/>
        <line num="69" count="0" type="stmt"/>
        <line num="70" count="0" type="stmt"/>
        <line num="74" count="10" type="stmt"/>
        <line num="75" count="1" type="stmt"/>
        <line num="76" count="1" type="stmt"/>
        <line num="77" count="1" type="cond" truecount="1" falsecount="1"/>
        <line num="79" count="0" type="stmt"/>
        <line num="80" count="0" type="stmt"/>
        <line num="84" count="10" type="stmt"/>
        <line num="85" count="7" type="stmt"/>
        <line num="86" count="7" type="stmt"/>
        <line num="87" count="7" type="cond" truecount="2" falsecount="0"/>
        <line num="89" count="0" type="stmt"/>
        <line num="90" count="0" type="stmt"/>
        <line num="94" count="10" type="stmt"/>
        <line num="95" count="4" type="stmt"/>
        <line num="96" count="4" type="stmt"/>
        <line num="98" count="4" type="stmt"/>
        <line num="104" count="4" type="stmt"/>
        <line num="106" count="4" type="cond" truecount="2" falsecount="0"/>
        <line num="107" count="1" type="stmt"/>
        <line num="108" count="1" type="cond" truecount="1" falsecount="1"/>
        <line num="109" count="1" type="stmt"/>
        <line num="110" count="1" type="stmt"/>
        <line num="114" count="1" type="stmt"/>
        <line num="116" count="0" type="stmt"/>
        <line num="121" count="0" type="stmt"/>
        <line num="125" count="10" type="stmt"/>
        <line num="126" count="4" type="cond" truecount="2" falsecount="0"/>
        <line num="128" count="3" type="cond" truecount="2" falsecount="0"/>
        <line num="129" count="2" type="stmt"/>
        <line num="131" count="2" type="stmt"/>
        <line num="134" count="1" type="stmt"/>
        <line num="137" count="10" type="stmt"/>
        <line num="140" count="0" type="stmt"/>
        <line num="141" count="0" type="stmt"/>
        <line num="142" count="0" type="cond" truecount="0" falsecount="2"/>
        <line num="143" count="0" type="stmt"/>
        <line num="146" count="0" type="stmt"/>
        <line num="150" count="0" type="stmt"/>
        <line num="152" count="0" type="stmt"/>
        <line num="153" count="0" type="stmt"/>
        <line num="157" count="10" type="stmt"/>
        <line num="158" count="0" type="stmt"/>
        <line num="159" count="0" type="stmt"/>
        <line num="160" count="0" type="cond" truecount="0" falsecount="2"/>
        <line num="162" count="0" type="stmt"/>
        <line num="163" count="0" type="cond" truecount="0" falsecount="2"/>
        <line num="164" count="0" type="stmt"/>
        <line num="167" count="0" type="stmt"/>
        <line num="169" count="0" type="stmt"/>
        <line num="170" count="0" type="stmt"/>
        <line num="174" count="10" type="stmt"/>
        <line num="175" count="0" type="stmt"/>
        <line num="176" count="0" type="stmt"/>
        <line num="177" count="0" type="cond" truecount="0" falsecount="2"/>
        <line num="179" count="0" type="stmt"/>
        <line num="180" count="0" type="cond" truecount="0" falsecount="2"/>
        <line num="182" count="0" type="stmt"/>
        <line num="184" count="0" type="stmt"/>
        <line num="185" count="0" type="stmt"/>
        <line num="189" count="10" type="stmt"/>
        <line num="192" count="0" type="stmt"/>
        <line num="193" count="0" type="stmt"/>
        <line num="194" count="0" type="stmt"/>
        <line num="198" count="0" type="stmt"/>
        <line num="200" count="0" type="stmt"/>
        <line num="201" count="0" type="stmt"/>
        <line num="205" count="10" type="stmt"/>
        <line num="206" count="0" type="stmt"/>
        <line num="207" count="0" type="stmt"/>
        <line num="211" count="0" type="stmt"/>
        <line num="213" count="0" type="stmt"/>
        <line num="214" count="0" type="stmt"/>
        <line num="218" count="10" type="stmt"/>
        <line num="219" count="2" type="stmt"/>
        <line num="220" count="2" type="stmt"/>
        <line num="221" count="2" type="stmt"/>
        <line num="223" count="0" type="stmt"/>
        <line num="224" count="0" type="stmt"/>
      </file>
    </package>
  </project>
</coverage>
