{"C:\\mini\\S390_404-Name-not-Found\\frontend\\conuwalks\\src\\Auth\\AuthFlow.ts": {"path":"C:\\mini\\S390_404-Name-not-Found\\frontend\\conuwalks\\src\\Auth\\AuthFlow.ts","statementMap":{"0":{"start":{"line":19,"column":4},"end":{"line":32,"column":5}},"1":{"start":{"line":20,"column":25},"end":{"line":20,"column":58}},"2":{"start":{"line":21,"column":6},"end":{"line":24,"column":7}},"3":{"start":{"line":22,"column":8},"end":{"line":22,"column":35}},"4":{"start":{"line":23,"column":8},"end":{"line":23,"column":15}},"5":{"start":{"line":25,"column":21},"end":{"line":25,"column":45}},"6":{"start":{"line":26,"column":19},"end":{"line":26,"column":63}},"7":{"start":{"line":27,"column":6},"end":{"line":27,"column":43}},"8":{"start":{"line":28,"column":6},"end":{"line":28,"column":33}},"9":{"start":{"line":30,"column":6},"end":{"line":30,"column":38}},"10":{"start":{"line":31,"column":6},"end":{"line":31,"column":18}},"11":{"start":{"line":36,"column":4},"end":{"line":43,"column":5}},"12":{"start":{"line":37,"column":21},"end":{"line":37,"column":38}},"13":{"start":{"line":38,"column":6},"end":{"line":38,"column":54}},"14":{"start":{"line":38,"column":42},"end":{"line":38,"column":54}},"15":{"start":{"line":39,"column":6},"end":{"line":39,"column":26}},"16":{"start":{"line":40,"column":6},"end":{"line":40,"column":19}},"17":{"start":{"line":42,"column":6},"end":{"line":42,"column":19}},"18":{"start":{"line":48,"column":4},"end":{"line":48,"column":29}},"19":{"start":{"line":49,"column":4},"end":{"line":54,"column":7}}},"fnMap":{"0":{"name":"(anonymous_0)","decl":{"start":{"line":18,"column":2},"end":{"line":18,"column":3}},"loc":{"start":{"line":18,"column":33},"end":{"line":33,"column":3}},"line":18},"1":{"name":"(anonymous_1)","decl":{"start":{"line":35,"column":2},"end":{"line":35,"column":3}},"loc":{"start":{"line":35,"column":59},"end":{"line":44,"column":3}},"line":35},"2":{"name":"(anonymous_2)","decl":{"start":{"line":47,"column":2},"end":{"line":47,"column":3}},"loc":{"start":{"line":47,"column":77},"end":{"line":55,"column":3}},"line":47},"3":{"name":"(anonymous_3)","decl":{"start":{"line":58,"column":2},"end":{"line":58,"column":3}},"loc":{"start":{"line":58,"column":63},"end":{"line":58,"column":65}},"line":58}},"branchMap":{"0":{"loc":{"start":{"line":21,"column":6},"end":{"line":24,"column":7}},"type":"if","locations":[{"start":{"line":21,"column":6},"end":{"line":24,"column":7}},{"start":{},"end":{}}],"line":21},"1":{"loc":{"start":{"line":38,"column":6},"end":{"line":38,"column":54}},"type":"if","locations":[{"start":{"line":38,"column":6},"end":{"line":38,"column":54}},{"start":{},"end":{}}],"line":38},"2":{"loc":{"start":{"line":38,"column":10},"end":{"line":38,"column":40}},"type":"binary-expr","locations":[{"start":{"line":38,"column":10},"end":{"line":38,"column":16}},{"start":{"line":38,"column":20},"end":{"line":38,"column":40}}],"line":38}},"s":{"0":33,"1":33,"2":33,"3":3,"4":3,"5":30,"6":24,"7":20,"8":20,"9":11,"10":11,"11":33,"12":33,"13":32,"14":3,"15":29,"16":29,"17":1,"18":20,"19":20},"f":{"0":33,"1":33,"2":20,"3":11},"b":{"0":[3,30],"1":[3,29],"2":[32,4]},"_coverageSchema":"1a1c01bbd47fc00a2c39e90264f33305004495a9","hash":"7e0d113df5004b8264b30093b243c3e5b6b1a821"}
,"C:\\mini\\S390_404-Name-not-Found\\frontend\\conuwalks\\src\\Auth\\GoogleCalendarAuthFlow.ts": {"path":"C:\\mini\\S390_404-Name-not-Found\\frontend\\conuwalks\\src\\Auth\\GoogleCalendarAuthFlow.ts","statementMap":{"0":{"start":{"line":8,"column":4},"end":{"line":8,"column":12}},"1":{"start":{"line":9,"column":4},"end":{"line":9,"column":35}},"2":{"start":{"line":10,"column":4},"end":{"line":10,"column":37}},"3":{"start":{"line":14,"column":19},"end":{"line":14,"column":43}},"4":{"start":{"line":16,"column":4},"end":{"line":18,"column":5}},"5":{"start":{"line":17,"column":6},"end":{"line":17,"column":84}},"6":{"start":{"line":20,"column":31},"end":{"line":20,"column":37}},"7":{"start":{"line":21,"column":4},"end":{"line":23,"column":5}},"8":{"start":{"line":22,"column":6},"end":{"line":22,"column":50}},"9":{"start":{"line":25,"column":4},"end":{"line":29,"column":6}},"10":{"start":{"line":33,"column":21},"end":{"line":35,"column":6}},"11":{"start":{"line":37,"column":4},"end":{"line":39,"column":5}},"12":{"start":{"line":38,"column":6},"end":{"line":38,"column":71}},"13":{"start":{"line":41,"column":21},"end":{"line":41,"column":42}},"14":{"start":{"line":43,"column":4},"end":{"line":48,"column":6}},"15":{"start":{"line":52,"column":4},"end":{"line":52,"column":27}}},"fnMap":{"0":{"name":"(anonymous_0)","decl":{"start":{"line":7,"column":2},"end":{"line":7,"column":3}},"loc":{"start":{"line":7,"column":70},"end":{"line":11,"column":3}},"line":7},"1":{"name":"(anonymous_1)","decl":{"start":{"line":13,"column":2},"end":{"line":13,"column":3}},"loc":{"start":{"line":13,"column":49},"end":{"line":30,"column":3}},"line":13},"2":{"name":"(anonymous_2)","decl":{"start":{"line":32,"column":2},"end":{"line":32,"column":3}},"loc":{"start":{"line":32,"column":72},"end":{"line":49,"column":3}},"line":32},"3":{"name":"(anonymous_3)","decl":{"start":{"line":51,"column":2},"end":{"line":51,"column":3}},"loc":{"start":{"line":51,"column":49},"end":{"line":53,"column":3}},"line":51}},"branchMap":{"0":{"loc":{"start":{"line":16,"column":4},"end":{"line":18,"column":5}},"type":"if","locations":[{"start":{"line":16,"column":4},"end":{"line":18,"column":5}},{"start":{},"end":{}}],"line":16},"1":{"loc":{"start":{"line":17,"column":22},"end":{"line":17,"column":82}},"type":"cond-expr","locations":[{"start":{"line":17,"column":50},"end":{"line":17,"column":66}},{"start":{"line":17,"column":69},"end":{"line":17,"column":82}}],"line":17},"2":{"loc":{"start":{"line":21,"column":4},"end":{"line":23,"column":5}},"type":"if","locations":[{"start":{"line":21,"column":4},"end":{"line":23,"column":5}},{"start":{},"end":{}}],"line":21},"3":{"loc":{"start":{"line":27,"column":15},"end":{"line":27,"column":43}},"type":"binary-expr","locations":[{"start":{"line":27,"column":15},"end":{"line":27,"column":37}},{"start":{"line":27,"column":41},"end":{"line":27,"column":43}}],"line":27},"4":{"loc":{"start":{"line":37,"column":4},"end":{"line":39,"column":5}},"type":"if","locations":[{"start":{"line":37,"column":4},"end":{"line":39,"column":5}},{"start":{},"end":{}}],"line":37},"5":{"loc":{"start":{"line":44,"column":10},"end":{"line":44,"column":27}},"type":"binary-expr","locations":[{"start":{"line":44,"column":10},"end":{"line":44,"column":21}},{"start":{"line":44,"column":25},"end":{"line":44,"column":27}}],"line":44},"6":{"loc":{"start":{"line":45,"column":12},"end":{"line":45,"column":35}},"type":"binary-expr","locations":[{"start":{"line":45,"column":12},"end":{"line":45,"column":25}},{"start":{"line":45,"column":29},"end":{"line":45,"column":35}}],"line":45},"7":{"loc":{"start":{"line":46,"column":13},"end":{"line":46,"column":33}},"type":"binary-expr","locations":[{"start":{"line":46,"column":13},"end":{"line":46,"column":27}},{"start":{"line":46,"column":31},"end":{"line":46,"column":33}}],"line":46},"8":{"loc":{"start":{"line":47,"column":13},"end":{"line":47,"column":35}},"type":"binary-expr","locations":[{"start":{"line":47,"column":13},"end":{"line":47,"column":29}},{"start":{"line":47,"column":33},"end":{"line":47,"column":35}}],"line":47}},"s":{"0":18,"1":18,"2":18,"3":17,"4":17,"5":3,"6":14,"7":14,"8":2,"9":12,"10":12,"11":11,"12":2,"13":9,"14":9,"15":10},"f":{"0":18,"1":17,"2":12,"3":10},"b":{"0":[3,14],"1":[2,1],"2":[2,12],"3":[12,1],"4":[2,9],"5":[9,1],"6":[9,1],"7":[9,1],"8":[9,3]},"_coverageSchema":"1a1c01bbd47fc00a2c39e90264f33305004495a9","hash":"c5b63676c93f1fcbfa084a3bfed180d91bb88c78"}
,"C:\\mini\\S390_404-Name-not-Found\\frontend\\conuwalks\\src\\_tests_\\mock\\mockCalendarData.ts": {"path":"C:\\mini\\S390_404-Name-not-Found\\frontend\\conuwalks\\src\\_tests_\\mock\\mockCalendarData.ts","statementMap":{"0":{"start":{"line":1,"column":19},"end":{"line":5,"column":1}},"1":{"start":{"line":2,"column":15},"end":{"line":2,"column":25}},"2":{"start":{"line":3,"column":2},"end":{"line":3,"column":38}},"3":{"start":{"line":4,"column":2},"end":{"line":4,"column":28}},"4":{"start":{"line":7,"column":19},"end":{"line":11,"column":1}},"5":{"start":{"line":8,"column":15},"end":{"line":8,"column":25}},"6":{"start":{"line":9,"column":2},"end":{"line":9,"column":52}},"7":{"start":{"line":10,"column":2},"end":{"line":10,"column":28}},"8":{"start":{"line":13,"column":36},"end":{"line":78,"column":1}}},"fnMap":{"0":{"name":"(anonymous_0)","decl":{"start":{"line":1,"column":19},"end":{"line":1,"column":20}},"loc":{"start":{"line":1,"column":55},"end":{"line":5,"column":1}},"line":1},"1":{"name":"(anonymous_1)","decl":{"start":{"line":7,"column":19},"end":{"line":7,"column":20}},"loc":{"start":{"line":7,"column":45},"end":{"line":11,"column":1}},"line":7}},"branchMap":{},"s":{"0":7,"1":70,"2":70,"3":70,"4":7,"5":42,"6":42,"7":42,"8":7},"f":{"0":70,"1":42},"b":{},"_coverageSchema":"1a1c01bbd47fc00a2c39e90264f33305004495a9","hash":"47a09299f309c345eb50074e86a1c5794a8d702e"}
,"C:\\mini\\S390_404-Name-not-Found\\frontend\\conuwalks\\src\\_tests_\\utils\\strategyTestHelper.ts": {"path":"C:\\mini\\S390_404-Name-not-Found\\frontend\\conuwalks\\src\\_tests_\\utils\\strategyTestHelper.ts","statementMap":{"0":{"start":{"line":1,"column":27},"end":{"line":1,"column":56}},"1":{"start":{"line":2,"column":25},"end":{"line":2,"column":54}},"2":{"start":{"line":3,"column":24},"end":{"line":3,"column":87}},"3":{"start":{"line":5,"column":21},"end":{"line":5,"column":63}},"4":{"start":{"line":6,"column":27},"end":{"line":6,"column":69}},"5":{"start":{"line":8,"column":26},"end":{"line":8,"column":70}},"6":{"start":{"line":11,"column":14},"end":{"line":11,"column":54}},"7":{"start":{"line":12,"column":2},"end":{"line":19,"column":4}},"8":{"start":{"line":23,"column":2},"end":{"line":37,"column":5}},"9":{"start":{"line":24,"column":4},"end":{"line":24,"column":25}},"10":{"start":{"line":27,"column":4},"end":{"line":30,"column":7}},"11":{"start":{"line":28,"column":6},"end":{"line":28,"column":29}},"12":{"start":{"line":28,"column":17},"end":{"line":28,"column":29}},"13":{"start":{"line":29,"column":6},"end":{"line":29,"column":55}},"14":{"start":{"line":32,"column":4},"end":{"line":32,"column":105}},"15":{"start":{"line":33,"column":4},"end":{"line":33,"column":105}},"16":{"start":{"line":34,"column":4},"end":{"line":34,"column":65}},"17":{"start":{"line":35,"column":4},"end":{"line":35,"column":65}},"18":{"start":{"line":36,"column":4},"end":{"line":36,"column":58}}},"fnMap":{"0":{"name":"getApiMocks","decl":{"start":{"line":10,"column":16},"end":{"line":10,"column":27}},"loc":{"start":{"line":10,"column":30},"end":{"line":20,"column":1}},"line":10},"1":{"name":"resetApiMocks","decl":{"start":{"line":22,"column":16},"end":{"line":22,"column":29}},"loc":{"start":{"line":22,"column":69},"end":{"line":38,"column":1}},"line":22},"2":{"name":"(anonymous_2)","decl":{"start":{"line":23,"column":13},"end":{"line":23,"column":14}},"loc":{"start":{"line":23,"column":19},"end":{"line":37,"column":3}},"line":23},"3":{"name":"(anonymous_3)","decl":{"start":{"line":27,"column":47},"end":{"line":27,"column":48}},"loc":{"start":{"line":27,"column":70},"end":{"line":30,"column":5}},"line":27}},"branchMap":{"0":{"loc":{"start":{"line":28,"column":6},"end":{"line":28,"column":29}},"type":"if","locations":[{"start":{"line":28,"column":6},"end":{"line":28,"column":29}},{"start":{},"end":{}}],"line":28},"1":{"loc":{"start":{"line":29,"column":13},"end":{"line":29,"column":54}},"type":"cond-expr","locations":[{"start":{"line":29,"column":43},"end":{"line":29,"column":47}},{"start":{"line":29,"column":50},"end":{"line":29,"column":54}}],"line":29}},"s":{"0":4,"1":4,"2":4,"3":4,"4":4,"5":4,"6":4,"7":4,"8":4,"9":52,"10":52,"11":3,"12":1,"13":2,"14":52,"15":52,"16":52,"17":52,"18":52},"f":{"0":4,"1":4,"2":52,"3":3},"b":{"0":[1,2],"1":[1,1]},"_coverageSchema":"1a1c01bbd47fc00a2c39e90264f33305004495a9","hash":"35ddc73488fc0c5c3ae00da64a06f339237afd1b"}
,"C:\\mini\\S390_404-Name-not-Found\\frontend\\conuwalks\\src\\_tests_\\utils\\testDataGenerator.ts": {"path":"C:\\mini\\S390_404-Name-not-Found\\frontend\\conuwalks\\src\\_tests_\\utils\\testDataGenerator.ts","statementMap":{"0":{"start":{"line":9,"column":30},"end":{"line":13,"column":1}},"1":{"start":{"line":10,"column":2},"end":{"line":12,"column":45}},"2":{"start":{"line":11,"column":25},"end":{"line":11,"column":60}},"3":{"start":{"line":12,"column":22},"end":{"line":12,"column":43}},"4":{"start":{"line":18,"column":24},"end":{"line":29,"column":1}}},"fnMap":{"0":{"name":"(anonymous_0)","decl":{"start":{"line":9,"column":30},"end":{"line":9,"column":31}},"loc":{"start":{"line":9,"column":78},"end":{"line":13,"column":1}},"line":9},"1":{"name":"(anonymous_1)","decl":{"start":{"line":11,"column":12},"end":{"line":11,"column":13}},"loc":{"start":{"line":11,"column":25},"end":{"line":11,"column":60}},"line":11},"2":{"name":"(anonymous_2)","decl":{"start":{"line":12,"column":9},"end":{"line":12,"column":10}},"loc":{"start":{"line":12,"column":22},"end":{"line":12,"column":43}},"line":12}},"branchMap":{},"s":{"0":2,"1":4,"2":34,"3":34,"4":2},"f":{"0":4,"1":34,"2":34},"b":{},"_coverageSchema":"1a1c01bbd47fc00a2c39e90264f33305004495a9","hash":"0f5323f3bbe9c462f8388c93a0238b6e5a109a54"}
,"C:\\mini\\S390_404-Name-not-Found\\frontend\\conuwalks\\src\\api\\calendarApi.ts": {"path":"C:\\mini\\S390_404-Name-not-Found\\frontend\\conuwalks\\src\\api\\calendarApi.ts","statementMap":{"0":{"start":{"line":1,"column":26},"end":{"line":1,"column":66}},"1":{"start":{"line":23,"column":4},"end":{"line":23,"column":35}},"2":{"start":{"line":24,"column":4},"end":{"line":24,"column":73}},"3":{"start":{"line":31,"column":4},"end":{"line":40,"column":5}},"4":{"start":{"line":36,"column":6},"end":{"line":39,"column":8}},"5":{"start":{"line":42,"column":4},"end":{"line":46,"column":6}},"6":{"start":{"line":54,"column":4},"end":{"line":60,"column":5}},"7":{"start":{"line":55,"column":6},"end":{"line":59,"column":8}},"8":{"start":{"line":62,"column":4},"end":{"line":66,"column":6}},"9":{"start":{"line":70,"column":16},"end":{"line":70,"column":49}},"10":{"start":{"line":71,"column":4},"end":{"line":71,"column":66}},"11":{"start":{"line":74,"column":4},"end":{"line":81,"column":5}},"12":{"start":{"line":75,"column":6},"end":{"line":80,"column":7}},"13":{"start":{"line":76,"column":24},"end":{"line":76,"column":58}},"14":{"start":{"line":77,"column":8},"end":{"line":77,"column":97}},"15":{"start":{"line":79,"column":8},"end":{"line":79,"column":62}},"16":{"start":{"line":83,"column":4},"end":{"line":155,"column":5}},"17":{"start":{"line":84,"column":23},"end":{"line":91,"column":8}},"18":{"start":{"line":93,"column":6},"end":{"line":93,"column":80}},"19":{"start":{"line":95,"column":6},"end":{"line":130,"column":7}},"20":{"start":{"line":97,"column":29},"end":{"line":97,"column":31}},"21":{"start":{"line":98,"column":27},"end":{"line":98,"column":55}},"22":{"start":{"line":100,"column":8},"end":{"line":106,"column":9}},"23":{"start":{"line":101,"column":10},"end":{"line":101,"column":44}},"24":{"start":{"line":102,"column":10},"end":{"line":102,"column":84}},"25":{"start":{"line":103,"column":10},"end":{"line":103,"column":85}},"26":{"start":{"line":105,"column":10},"end":{"line":105,"column":71}},"27":{"start":{"line":109,"column":8},"end":{"line":128,"column":9}},"28":{"start":{"line":111,"column":12},"end":{"line":111,"column":86}},"29":{"start":{"line":112,"column":12},"end":{"line":112,"column":81}},"30":{"start":{"line":113,"column":12},"end":{"line":113,"column":18}},"31":{"start":{"line":115,"column":12},"end":{"line":115,"column":91}},"32":{"start":{"line":116,"column":12},"end":{"line":116,"column":18}},"33":{"start":{"line":118,"column":12},"end":{"line":118,"column":56}},"34":{"start":{"line":119,"column":12},"end":{"line":119,"column":18}},"35":{"start":{"line":121,"column":12},"end":{"line":121,"column":69}},"36":{"start":{"line":122,"column":12},"end":{"line":122,"column":18}},"37":{"start":{"line":124,"column":12},"end":{"line":124,"column":100}},"38":{"start":{"line":125,"column":12},"end":{"line":125,"column":18}},"39":{"start":{"line":127,"column":12},"end":{"line":127,"column":70}},"40":{"start":{"line":129,"column":8},"end":{"line":129,"column":93}},"41":{"start":{"line":133,"column":19},"end":{"line":133,"column":40}},"42":{"start":{"line":134,"column":6},"end":{"line":134,"column":52}},"43":{"start":{"line":137,"column":6},"end":{"line":141,"column":7}},"44":{"start":{"line":138,"column":8},"end":{"line":138,"column":68}},"45":{"start":{"line":139,"column":13},"end":{"line":141,"column":7}},"46":{"start":{"line":140,"column":8},"end":{"line":140,"column":62}},"47":{"start":{"line":143,"column":6},"end":{"line":143,"column":18}},"48":{"start":{"line":147,"column":6},"end":{"line":150,"column":7}},"49":{"start":{"line":148,"column":8},"end":{"line":148,"column":104}},"50":{"start":{"line":149,"column":8},"end":{"line":149,"column":80}},"51":{"start":{"line":153,"column":6},"end":{"line":153,"column":47}},"52":{"start":{"line":154,"column":6},"end":{"line":154,"column":18}},"53":{"start":{"line":162,"column":4},"end":{"line":162,"column":48}},"54":{"start":{"line":163,"column":4},"end":{"line":170,"column":5}},"55":{"start":{"line":164,"column":22},"end":{"line":164,"column":67}},"56":{"start":{"line":165,"column":6},"end":{"line":165,"column":56}},"57":{"start":{"line":166,"column":6},"end":{"line":166,"column":21}},"58":{"start":{"line":168,"column":6},"end":{"line":168,"column":61}},"59":{"start":{"line":169,"column":6},"end":{"line":169,"column":18}},"60":{"start":{"line":175,"column":16},"end":{"line":175,"column":40}},"61":{"start":{"line":176,"column":4},"end":{"line":176,"column":66}},"62":{"start":{"line":177,"column":4},"end":{"line":190,"column":5}},"63":{"start":{"line":178,"column":21},"end":{"line":184,"column":5}},"64":{"start":{"line":185,"column":4},"end":{"line":185,"column":93}},"65":{"start":{"line":186,"column":4},"end":{"line":186,"column":18}},"66":{"start":{"line":188,"column":6},"end":{"line":188,"column":63}},"67":{"start":{"line":189,"column":6},"end":{"line":189,"column":18}},"68":{"start":{"line":195,"column":16},"end":{"line":195,"column":40}},"69":{"start":{"line":196,"column":4},"end":{"line":196,"column":66}},"70":{"start":{"line":198,"column":4},"end":{"line":212,"column":5}},"71":{"start":{"line":199,"column":21},"end":{"line":205,"column":7}},"72":{"start":{"line":207,"column":6},"end":{"line":207,"column":92}},"73":{"start":{"line":208,"column":6},"end":{"line":208,"column":20}},"74":{"start":{"line":210,"column":6},"end":{"line":210,"column":82}},"75":{"start":{"line":211,"column":6},"end":{"line":211,"column":18}},"76":{"start":{"line":217,"column":51},"end":{"line":220,"column":5}},"77":{"start":{"line":222,"column":4},"end":{"line":225,"column":7}},"78":{"start":{"line":230,"column":4},"end":{"line":233,"column":7}},"79":{"start":{"line":238,"column":4},"end":{"line":240,"column":7}},"80":{"start":{"line":245,"column":45},"end":{"line":249,"column":5}},"81":{"start":{"line":251,"column":4},"end":{"line":251,"column":93}},"82":{"start":{"line":253,"column":4},"end":{"line":267,"column":5}},"83":{"start":{"line":254,"column":21},"end":{"line":260,"column":7}},"84":{"start":{"line":262,"column":6},"end":{"line":262,"column":100}},"85":{"start":{"line":263,"column":6},"end":{"line":263,"column":20}},"86":{"start":{"line":265,"column":6},"end":{"line":265,"column":63}},"87":{"start":{"line":266,"column":6},"end":{"line":266,"column":18}},"88":{"start":{"line":272,"column":4},"end":{"line":279,"column":7}},"89":{"start":{"line":277,"column":38},"end":{"line":277,"column":44}}},"fnMap":{"0":{"name":"(anonymous_0)","decl":{"start":{"line":22,"column":2},"end":{"line":22,"column":3}},"loc":{"start":{"line":22,"column":35},"end":{"line":25,"column":3}},"line":22},"1":{"name":"(anonymous_1)","decl":{"start":{"line":27,"column":2},"end":{"line":27,"column":3}},"loc":{"start":{"line":30,"column":59},"end":{"line":47,"column":3}},"line":30},"2":{"name":"(anonymous_2)","decl":{"start":{"line":49,"column":2},"end":{"line":49,"column":3}},"loc":{"start":{"line":53,"column":58},"end":{"line":67,"column":3}},"line":53},"3":{"name":"(anonymous_3)","decl":{"start":{"line":69,"column":2},"end":{"line":69,"column":3}},"loc":{"start":{"line":69,"column":70},"end":{"line":156,"column":3}},"line":69},"4":{"name":"(anonymous_4)","decl":{"start":{"line":161,"column":2},"end":{"line":161,"column":3}},"loc":{"start":{"line":161,"column":24},"end":{"line":171,"column":3}},"line":161},"5":{"name":"(anonymous_5)","decl":{"start":{"line":174,"column":2},"end":{"line":174,"column":3}},"loc":{"start":{"line":174,"column":51},"end":{"line":191,"column":3}},"line":174},"6":{"name":"(anonymous_6)","decl":{"start":{"line":194,"column":2},"end":{"line":194,"column":3}},"loc":{"start":{"line":194,"column":75},"end":{"line":213,"column":3}},"line":194},"7":{"name":"(anonymous_7)","decl":{"start":{"line":216,"column":2},"end":{"line":216,"column":3}},"loc":{"start":{"line":216,"column":105},"end":{"line":226,"column":3}},"line":216},"8":{"name":"(anonymous_8)","decl":{"start":{"line":229,"column":2},"end":{"line":229,"column":3}},"loc":{"start":{"line":229,"column":88},"end":{"line":234,"column":3}},"line":229},"9":{"name":"(anonymous_9)","decl":{"start":{"line":237,"column":2},"end":{"line":237,"column":3}},"loc":{"start":{"line":237,"column":57},"end":{"line":241,"column":3}},"line":237},"10":{"name":"(anonymous_10)","decl":{"start":{"line":244,"column":2},"end":{"line":244,"column":3}},"loc":{"start":{"line":244,"column":106},"end":{"line":268,"column":3}},"line":244},"11":{"name":"(anonymous_11)","decl":{"start":{"line":271,"column":2},"end":{"line":271,"column":3}},"loc":{"start":{"line":271,"column":87},"end":{"line":280,"column":3}},"line":271},"12":{"name":"(anonymous_12)","decl":{"start":{"line":277,"column":31},"end":{"line":277,"column":32}},"loc":{"start":{"line":277,"column":38},"end":{"line":277,"column":44}},"line":277}},"branchMap":{"0":{"loc":{"start":{"line":31,"column":4},"end":{"line":40,"column":5}},"type":"if","locations":[{"start":{"line":31,"column":4},"end":{"line":40,"column":5}},{"start":{},"end":{}}],"line":31},"1":{"loc":{"start":{"line":32,"column":6},"end":{"line":34,"column":39}},"type":"binary-expr","locations":[{"start":{"line":32,"column":6},"end":{"line":32,"column":43}},{"start":{"line":33,"column":6},"end":{"line":33,"column":32}},{"start":{"line":34,"column":6},"end":{"line":34,"column":39}}],"line":32},"2":{"loc":{"start":{"line":44,"column":8},"end":{"line":44,"column":77}},"type":"cond-expr","locations":[{"start":{"line":44,"column":48},"end":{"line":44,"column":65}},{"start":{"line":44,"column":68},"end":{"line":44,"column":77}}],"line":44},"3":{"loc":{"start":{"line":45,"column":13},"end":{"line":45,"column":29}},"type":"binary-expr","locations":[{"start":{"line":45,"column":13},"end":{"line":45,"column":23}},{"start":{"line":45,"column":27},"end":{"line":45,"column":29}}],"line":45},"4":{"loc":{"start":{"line":54,"column":4},"end":{"line":60,"column":5}},"type":"if","locations":[{"start":{"line":54,"column":4},"end":{"line":60,"column":5}},{"start":{},"end":{}}],"line":54},"5":{"loc":{"start":{"line":69,"column":43},"end":{"line":69,"column":68}},"type":"default-arg","locations":[{"start":{"line":69,"column":66},"end":{"line":69,"column":68}}],"line":69},"6":{"loc":{"start":{"line":71,"column":32},"end":{"line":71,"column":55}},"type":"binary-expr","locations":[{"start":{"line":71,"column":32},"end":{"line":71,"column":46}},{"start":{"line":71,"column":50},"end":{"line":71,"column":55}}],"line":71},"7":{"loc":{"start":{"line":74,"column":4},"end":{"line":81,"column":5}},"type":"if","locations":[{"start":{"line":74,"column":4},"end":{"line":81,"column":5}},{"start":{},"end":{}}],"line":74},"8":{"loc":{"start":{"line":95,"column":6},"end":{"line":130,"column":7}},"type":"if","locations":[{"start":{"line":95,"column":6},"end":{"line":130,"column":7}},{"start":{},"end":{}}],"line":95},"9":{"loc":{"start":{"line":103,"column":25},"end":{"line":103,"column":84}},"type":"binary-expr","locations":[{"start":{"line":103,"column":25},"end":{"line":103,"column":49}},{"start":{"line":103,"column":53},"end":{"line":103,"column":68}},{"start":{"line":103,"column":72},"end":{"line":103,"column":84}}],"line":103},"10":{"loc":{"start":{"line":109,"column":8},"end":{"line":128,"column":9}},"type":"switch","locations":[{"start":{"line":110,"column":10},"end":{"line":113,"column":18}},{"start":{"line":114,"column":10},"end":{"line":116,"column":18}},{"start":{"line":117,"column":10},"end":{"line":119,"column":18}},{"start":{"line":120,"column":10},"end":{"line":122,"column":18}},{"start":{"line":123,"column":10},"end":{"line":125,"column":18}},{"start":{"line":126,"column":10},"end":{"line":127,"column":70}}],"line":109},"11":{"loc":{"start":{"line":137,"column":6},"end":{"line":141,"column":7}},"type":"if","locations":[{"start":{"line":137,"column":6},"end":{"line":141,"column":7}},{"start":{"line":139,"column":13},"end":{"line":141,"column":7}}],"line":137},"12":{"loc":{"start":{"line":137,"column":10},"end":{"line":137,"column":49}},"type":"binary-expr","locations":[{"start":{"line":137,"column":10},"end":{"line":137,"column":20}},{"start":{"line":137,"column":24},"end":{"line":137,"column":49}}],"line":137},"13":{"loc":{"start":{"line":139,"column":13},"end":{"line":141,"column":7}},"type":"if","locations":[{"start":{"line":139,"column":13},"end":{"line":141,"column":7}},{"start":{},"end":{}}],"line":139},"14":{"loc":{"start":{"line":147,"column":6},"end":{"line":150,"column":7}},"type":"if","locations":[{"start":{"line":147,"column":6},"end":{"line":150,"column":7}},{"start":{},"end":{}}],"line":147},"15":{"loc":{"start":{"line":147,"column":10},"end":{"line":147,"column":82}},"type":"binary-expr","locations":[{"start":{"line":147,"column":10},"end":{"line":147,"column":36}},{"start":{"line":147,"column":40},"end":{"line":147,"column":82}}],"line":147},"16":{"loc":{"start":{"line":174,"column":26},"end":{"line":174,"column":49}},"type":"default-arg","locations":[{"start":{"line":174,"column":47},"end":{"line":174,"column":49}}],"line":174},"17":{"loc":{"start":{"line":185,"column":25},"end":{"line":185,"column":50}},"type":"binary-expr","locations":[{"start":{"line":185,"column":25},"end":{"line":185,"column":45}},{"start":{"line":185,"column":49},"end":{"line":185,"column":50}}],"line":185},"18":{"loc":{"start":{"line":194,"column":50},"end":{"line":194,"column":73}},"type":"default-arg","locations":[{"start":{"line":194,"column":71},"end":{"line":194,"column":73}}],"line":194},"19":{"loc":{"start":{"line":207,"column":27},"end":{"line":207,"column":52}},"type":"binary-expr","locations":[{"start":{"line":207,"column":27},"end":{"line":207,"column":47}},{"start":{"line":207,"column":51},"end":{"line":207,"column":52}}],"line":207},"20":{"loc":{"start":{"line":262,"column":27},"end":{"line":262,"column":52}},"type":"binary-expr","locations":[{"start":{"line":262,"column":27},"end":{"line":262,"column":47}},{"start":{"line":262,"column":51},"end":{"line":262,"column":52}}],"line":262},"21":{"loc":{"start":{"line":271,"column":50},"end":{"line":271,"column":85}},"type":"default-arg","locations":[{"start":{"line":271,"column":74},"end":{"line":271,"column":85}}],"line":271}},"s":{"0":7,"1":20,"2":20,"3":1,"4":0,"5":1,"6":1,"7":0,"8":1,"9":20,"10":20,"11":20,"12":4,"13":4,"14":3,"15":1,"16":20,"17":20,"18":18,"19":18,"20":7,"21":7,"22":7,"23":7,"24":7,"25":7,"26":0,"27":7,"28":1,"29":1,"30":1,"31":1,"32":1,"33":1,"34":1,"35":1,"36":1,"37":1,"38":1,"39":2,"40":7,"41":11,"42":11,"43":11,"44":5,"45":6,"46":1,"47":11,"48":9,"49":1,"50":1,"51":8,"52":8,"53":12,"54":12,"55":12,"56":3,"57":3,"58":9,"59":9,"60":1,"61":1,"62":1,"63":1,"64":1,"65":1,"66":0,"67":0,"68":1,"69":1,"70":1,"71":1,"72":1,"73":1,"74":0,"75":0,"76":1,"77":1,"78":1,"79":1,"80":1,"81":1,"82":1,"83":1,"84":1,"85":1,"86":0,"87":0,"88":1,"89":1},"f":{"0":20,"1":1,"2":1,"3":20,"4":12,"5":1,"6":1,"7":1,"8":1,"9":1,"10":1,"11":1,"12":1},"b":{"0":[0,1],"1":[1,0,0],"2":[0,1],"3":[1,0],"4":[0,1],"5":[15],"6":[20,16],"7":[4,16],"8":[7,11],"9":[7,1,0],"10":[1,1,1,1,1,2],"11":[5,6],"12":[11,5],"13":[1,5],"14":[1,8],"15":[9,1],"16":[1],"17":[1,1],"18":[0],"19":[1,1],"20":[1,1],"21":[1]},"_coverageSchema":"1a1c01bbd47fc00a2c39e90264f33305004495a9","hash":"62b4907ccde97272b6068077a6a088d7cdb136a6"}
,"C:\\mini\\S390_404-Name-not-Found\\frontend\\conuwalks\\src\\api\\googleDirectionsAPI.ts": {"path":"C:\\mini\\S390_404-Name-not-Found\\frontend\\conuwalks\\src\\api\\googleDirectionsAPI.ts","statementMap":{"0":{"start":{"line":7,"column":2},"end":{"line":7,"column":86}},"1":{"start":{"line":9,"column":30},"end":{"line":41,"column":1}},"2":{"start":{"line":10,"column":27},"end":{"line":10,"column":29}},"3":{"start":{"line":11,"column":14},"end":{"line":11,"column":15}},"4":{"start":{"line":12,"column":12},"end":{"line":12,"column":13}},"5":{"start":{"line":13,"column":12},"end":{"line":13,"column":13}},"6":{"start":{"line":15,"column":2},"end":{"line":38,"column":3}},"7":{"start":{"line":16,"column":17},"end":{"line":16,"column":18}},"8":{"start":{"line":17,"column":16},"end":{"line":17,"column":17}},"9":{"start":{"line":20,"column":4},"end":{"line":24,"column":27}},"10":{"start":{"line":21,"column":6},"end":{"line":21,"column":55}},"11":{"start":{"line":22,"column":6},"end":{"line":22,"column":39}},"12":{"start":{"line":23,"column":6},"end":{"line":23,"column":17}},"13":{"start":{"line":26,"column":4},"end":{"line":26,"column":53}},"14":{"start":{"line":27,"column":4},"end":{"line":27,"column":15}},"15":{"start":{"line":28,"column":4},"end":{"line":28,"column":14}},"16":{"start":{"line":30,"column":4},"end":{"line":34,"column":27}},"17":{"start":{"line":31,"column":6},"end":{"line":31,"column":55}},"18":{"start":{"line":32,"column":6},"end":{"line":32,"column":39}},"19":{"start":{"line":33,"column":6},"end":{"line":33,"column":17}},"20":{"start":{"line":36,"column":4},"end":{"line":36,"column":53}},"21":{"start":{"line":37,"column":4},"end":{"line":37,"column":63}},"22":{"start":{"line":40,"column":2},"end":{"line":40,"column":16}},"23":{"start":{"line":44,"column":30},"end":{"line":47,"column":1}},"24":{"start":{"line":45,"column":2},"end":{"line":45,"column":43}},"25":{"start":{"line":45,"column":30},"end":{"line":45,"column":43}},"26":{"start":{"line":46,"column":2},"end":{"line":46,"column":88}},"27":{"start":{"line":49,"column":25},"end":{"line":50,"column":83}},"28":{"start":{"line":50,"column":2},"end":{"line":50,"column":83}},"29":{"start":{"line":52,"column":24},"end":{"line":63,"column":1}},"30":{"start":{"line":58,"column":2},"end":{"line":58,"column":31}},"31":{"start":{"line":58,"column":14},"end":{"line":58,"column":31}},"32":{"start":{"line":59,"column":19},"end":{"line":59,"column":89}},"33":{"start":{"line":60,"column":20},"end":{"line":60,"column":92}},"34":{"start":{"line":61,"column":2},"end":{"line":61,"column":82}},"35":{"start":{"line":61,"column":65},"end":{"line":61,"column":82}},"36":{"start":{"line":62,"column":2},"end":{"line":62,"column":74}},"37":{"start":{"line":65,"column":29},"end":{"line":68,"column":1}},"38":{"start":{"line":66,"column":2},"end":{"line":66,"column":31}},"39":{"start":{"line":66,"column":19},"end":{"line":66,"column":31}},"40":{"start":{"line":67,"column":2},"end":{"line":67,"column":88}},"41":{"start":{"line":70,"column":36},"end":{"line":79,"column":1}},"42":{"start":{"line":71,"column":12},"end":{"line":71,"column":33}},"43":{"start":{"line":72,"column":2},"end":{"line":78,"column":4}},"44":{"start":{"line":82,"column":30},"end":{"line":144,"column":1}},"45":{"start":{"line":89,"column":40},"end":{"line":97,"column":3}},"46":{"start":{"line":99,"column":25},"end":{"line":99,"column":83}},"47":{"start":{"line":101,"column":21},"end":{"line":101,"column":42}},"48":{"start":{"line":102,"column":20},"end":{"line":102,"column":64}},"49":{"start":{"line":102,"column":37},"end":{"line":102,"column":55}},"50":{"start":{"line":104,"column":19},"end":{"line":135,"column":4}},"51":{"start":{"line":137,"column":2},"end":{"line":137,"column":26}},"52":{"start":{"line":138,"column":15},"end":{"line":138,"column":36}},"53":{"start":{"line":140,"column":2},"end":{"line":140,"column":100}},"54":{"start":{"line":140,"column":20},"end":{"line":140,"column":100}},"55":{"start":{"line":141,"column":2},"end":{"line":141,"column":86}},"56":{"start":{"line":141,"column":28},"end":{"line":141,"column":86}},"57":{"start":{"line":143,"column":2},"end":{"line":143,"column":52}},"58":{"start":{"line":148,"column":30},"end":{"line":179,"column":1}},"59":{"start":{"line":156,"column":17},"end":{"line":156,"column":55}},"60":{"start":{"line":157,"column":15},"end":{"line":157,"column":65}},"61":{"start":{"line":158,"column":18},"end":{"line":158,"column":219}},"62":{"start":{"line":160,"column":34},"end":{"line":160,"column":94}},"63":{"start":{"line":162,"column":21},"end":{"line":162,"column":42}},"64":{"start":{"line":163,"column":20},"end":{"line":163,"column":64}},"65":{"start":{"line":163,"column":37},"end":{"line":163,"column":55}},"66":{"start":{"line":164,"column":19},"end":{"line":164,"column":81}},"67":{"start":{"line":165,"column":2},"end":{"line":165,"column":26}},"68":{"start":{"line":167,"column":15},"end":{"line":167,"column":36}},"69":{"start":{"line":168,"column":2},"end":{"line":168,"column":103}},"70":{"start":{"line":168,"column":20},"end":{"line":168,"column":103}},"71":{"start":{"line":169,"column":2},"end":{"line":176,"column":3}},"72":{"start":{"line":170,"column":4},"end":{"line":175,"column":6}},"73":{"start":{"line":178,"column":2},"end":{"line":178,"column":52}},"74":{"start":{"line":182,"column":36},"end":{"line":235,"column":46}},"75":{"start":{"line":189,"column":2},"end":{"line":235,"column":46}},"76":{"start":{"line":191,"column":18},"end":{"line":191,"column":33}},"77":{"start":{"line":192,"column":39},"end":{"line":192,"column":76}},"78":{"start":{"line":193,"column":6},"end":{"line":193,"column":49}},"79":{"start":{"line":193,"column":37},"end":{"line":193,"column":49}},"80":{"start":{"line":195,"column":37},"end":{"line":219,"column":8}},"81":{"start":{"line":196,"column":48},"end":{"line":196,"column":78}},"82":{"start":{"line":197,"column":22},"end":{"line":200,"column":9}},"83":{"start":{"line":202,"column":8},"end":{"line":218,"column":10}},"84":{"start":{"line":221,"column":29},"end":{"line":221,"column":86}},"85":{"start":{"line":223,"column":6},"end":{"line":233,"column":8}},"86":{"start":{"line":235,"column":35},"end":{"line":235,"column":45}},"87":{"start":{"line":237,"column":36},"end":{"line":285,"column":46}},"88":{"start":{"line":244,"column":2},"end":{"line":285,"column":46}},"89":{"start":{"line":246,"column":18},"end":{"line":246,"column":33}},"90":{"start":{"line":247,"column":43},"end":{"line":247,"column":74}},"91":{"start":{"line":248,"column":6},"end":{"line":248,"column":75}},"92":{"start":{"line":248,"column":63},"end":{"line":248,"column":75}},"93":{"start":{"line":250,"column":37},"end":{"line":269,"column":8}},"94":{"start":{"line":251,"column":48},"end":{"line":251,"column":69}},"95":{"start":{"line":252,"column":22},"end":{"line":252,"column":92}},"96":{"start":{"line":254,"column":8},"end":{"line":268,"column":10}},"97":{"start":{"line":271,"column":29},"end":{"line":271,"column":67}},"98":{"start":{"line":273,"column":6},"end":{"line":283,"column":8}},"99":{"start":{"line":285,"column":35},"end":{"line":285,"column":45}},"100":{"start":{"line":289,"column":35},"end":{"line":299,"column":1}},"101":{"start":{"line":292,"column":2},"end":{"line":292,"column":30}},"102":{"start":{"line":292,"column":13},"end":{"line":292,"column":30}},"103":{"start":{"line":293,"column":12},"end":{"line":293,"column":30}},"104":{"start":{"line":294,"column":2},"end":{"line":294,"column":43}},"105":{"start":{"line":294,"column":26},"end":{"line":294,"column":43}},"106":{"start":{"line":295,"column":2},"end":{"line":295,"column":44}},"107":{"start":{"line":295,"column":27},"end":{"line":295,"column":44}},"108":{"start":{"line":296,"column":2},"end":{"line":296,"column":48}},"109":{"start":{"line":296,"column":29},"end":{"line":296,"column":48}},"110":{"start":{"line":297,"column":2},"end":{"line":297,"column":40}},"111":{"start":{"line":297,"column":23},"end":{"line":297,"column":40}},"112":{"start":{"line":298,"column":2},"end":{"line":298,"column":19}}},"fnMap":{"0":{"name":"(anonymous_0)","decl":{"start":{"line":9,"column":30},"end":{"line":9,"column":31}},"loc":{"start":{"line":9,"column":62},"end":{"line":41,"column":1}},"line":9},"1":{"name":"(anonymous_1)","decl":{"start":{"line":44,"column":30},"end":{"line":44,"column":31}},"loc":{"start":{"line":44,"column":70},"end":{"line":47,"column":1}},"line":44},"2":{"name":"(anonymous_2)","decl":{"start":{"line":49,"column":25},"end":{"line":49,"column":26}},"loc":{"start":{"line":50,"column":2},"end":{"line":50,"column":83}},"line":50},"3":{"name":"(anonymous_3)","decl":{"start":{"line":52,"column":24},"end":{"line":52,"column":25}},"loc":{"start":{"line":57,"column":25},"end":{"line":63,"column":1}},"line":57},"4":{"name":"(anonymous_4)","decl":{"start":{"line":65,"column":29},"end":{"line":65,"column":30}},"loc":{"start":{"line":65,"column":71},"end":{"line":68,"column":1}},"line":65},"5":{"name":"(anonymous_5)","decl":{"start":{"line":70,"column":36},"end":{"line":70,"column":37}},"loc":{"start":{"line":70,"column":66},"end":{"line":79,"column":1}},"line":70},"6":{"name":"(anonymous_6)","decl":{"start":{"line":82,"column":30},"end":{"line":82,"column":31}},"loc":{"start":{"line":88,"column":69},"end":{"line":144,"column":1}},"line":88},"7":{"name":"(anonymous_7)","decl":{"start":{"line":102,"column":31},"end":{"line":102,"column":32}},"loc":{"start":{"line":102,"column":37},"end":{"line":102,"column":55}},"line":102},"8":{"name":"(anonymous_8)","decl":{"start":{"line":148,"column":30},"end":{"line":148,"column":31}},"loc":{"start":{"line":155,"column":69},"end":{"line":179,"column":1}},"line":155},"9":{"name":"(anonymous_9)","decl":{"start":{"line":163,"column":31},"end":{"line":163,"column":32}},"loc":{"start":{"line":163,"column":37},"end":{"line":163,"column":55}},"line":163},"10":{"name":"(anonymous_10)","decl":{"start":{"line":182,"column":36},"end":{"line":182,"column":37}},"loc":{"start":{"line":189,"column":2},"end":{"line":235,"column":46}},"line":189},"11":{"name":"(anonymous_11)","decl":{"start":{"line":190,"column":9},"end":{"line":190,"column":10}},"loc":{"start":{"line":190,"column":45},"end":{"line":234,"column":5}},"line":190},"12":{"name":"(anonymous_12)","decl":{"start":{"line":195,"column":70},"end":{"line":195,"column":71}},"loc":{"start":{"line":195,"column":78},"end":{"line":219,"column":7}},"line":195},"13":{"name":"(anonymous_13)","decl":{"start":{"line":235,"column":12},"end":{"line":235,"column":13}},"loc":{"start":{"line":235,"column":35},"end":{"line":235,"column":45}},"line":235},"14":{"name":"(anonymous_14)","decl":{"start":{"line":237,"column":36},"end":{"line":237,"column":37}},"loc":{"start":{"line":244,"column":2},"end":{"line":285,"column":46}},"line":244},"15":{"name":"(anonymous_15)","decl":{"start":{"line":245,"column":9},"end":{"line":245,"column":10}},"loc":{"start":{"line":245,"column":45},"end":{"line":284,"column":5}},"line":245},"16":{"name":"(anonymous_16)","decl":{"start":{"line":250,"column":70},"end":{"line":250,"column":71}},"loc":{"start":{"line":250,"column":78},"end":{"line":269,"column":7}},"line":250},"17":{"name":"(anonymous_17)","decl":{"start":{"line":285,"column":12},"end":{"line":285,"column":13}},"loc":{"start":{"line":285,"column":35},"end":{"line":285,"column":45}},"line":285},"18":{"name":"(anonymous_18)","decl":{"start":{"line":289,"column":35},"end":{"line":289,"column":36}},"loc":{"start":{"line":291,"column":66},"end":{"line":299,"column":1}},"line":291}},"branchMap":{"0":{"loc":{"start":{"line":7,"column":2},"end":{"line":7,"column":86}},"type":"binary-expr","locations":[{"start":{"line":7,"column":2},"end":{"line":7,"column":45}},{"start":{"line":7,"column":49},"end":{"line":7,"column":80}},{"start":{"line":7,"column":84},"end":{"line":7,"column":86}}],"line":7},"1":{"loc":{"start":{"line":21,"column":14},"end":{"line":21,"column":48}},"type":"binary-expr","locations":[{"start":{"line":21,"column":14},"end":{"line":21,"column":43}},{"start":{"line":21,"column":47},"end":{"line":21,"column":48}}],"line":21},"2":{"loc":{"start":{"line":26,"column":11},"end":{"line":26,"column":52}},"type":"cond-expr","locations":[{"start":{"line":26,"column":24},"end":{"line":26,"column":38}},{"start":{"line":26,"column":41},"end":{"line":26,"column":52}}],"line":26},"3":{"loc":{"start":{"line":31,"column":14},"end":{"line":31,"column":48}},"type":"binary-expr","locations":[{"start":{"line":31,"column":14},"end":{"line":31,"column":43}},{"start":{"line":31,"column":47},"end":{"line":31,"column":48}}],"line":31},"4":{"loc":{"start":{"line":36,"column":11},"end":{"line":36,"column":52}},"type":"cond-expr","locations":[{"start":{"line":36,"column":24},"end":{"line":36,"column":38}},{"start":{"line":36,"column":41},"end":{"line":36,"column":52}}],"line":36},"5":{"loc":{"start":{"line":45,"column":2},"end":{"line":45,"column":43}},"type":"if","locations":[{"start":{"line":45,"column":2},"end":{"line":45,"column":43}},{"start":{},"end":{}}],"line":45},"6":{"loc":{"start":{"line":45,"column":6},"end":{"line":45,"column":28}},"type":"binary-expr","locations":[{"start":{"line":45,"column":6},"end":{"line":45,"column":13}},{"start":{"line":45,"column":17},"end":{"line":45,"column":28}}],"line":45},"7":{"loc":{"start":{"line":46,"column":9},"end":{"line":46,"column":87}},"type":"cond-expr","locations":[{"start":{"line":46,"column":25},"end":{"line":46,"column":50}},{"start":{"line":46,"column":53},"end":{"line":46,"column":87}}],"line":46},"8":{"loc":{"start":{"line":50,"column":2},"end":{"line":50,"column":83}},"type":"cond-expr","locations":[{"start":{"line":50,"column":10},"end":{"line":50,"column":70}},{"start":{"line":50,"column":73},"end":{"line":50,"column":83}}],"line":50},"9":{"loc":{"start":{"line":50,"column":10},"end":{"line":50,"column":70}},"type":"binary-expr","locations":[{"start":{"line":50,"column":10},"end":{"line":50,"column":56}},{"start":{"line":50,"column":60},"end":{"line":50,"column":70}}],"line":50},"10":{"loc":{"start":{"line":58,"column":2},"end":{"line":58,"column":31}},"type":"if","locations":[{"start":{"line":58,"column":2},"end":{"line":58,"column":31}},{"start":{},"end":{}}],"line":58},"11":{"loc":{"start":{"line":59,"column":19},"end":{"line":59,"column":89}},"type":"cond-expr","locations":[{"start":{"line":59,"column":41},"end":{"line":59,"column":55}},{"start":{"line":59,"column":58},"end":{"line":59,"column":89}}],"line":59},"12":{"loc":{"start":{"line":60,"column":20},"end":{"line":60,"column":92}},"type":"cond-expr","locations":[{"start":{"line":60,"column":43},"end":{"line":60,"column":58}},{"start":{"line":60,"column":61},"end":{"line":60,"column":92}}],"line":60},"13":{"loc":{"start":{"line":61,"column":2},"end":{"line":61,"column":82}},"type":"if","locations":[{"start":{"line":61,"column":2},"end":{"line":61,"column":82}},{"start":{},"end":{}}],"line":61},"14":{"loc":{"start":{"line":61,"column":6},"end":{"line":61,"column":63}},"type":"binary-expr","locations":[{"start":{"line":61,"column":6},"end":{"line":61,"column":32}},{"start":{"line":61,"column":36},"end":{"line":61,"column":63}}],"line":61},"15":{"loc":{"start":{"line":66,"column":2},"end":{"line":66,"column":31}},"type":"if","locations":[{"start":{"line":66,"column":2},"end":{"line":66,"column":31}},{"start":{},"end":{}}],"line":66},"16":{"loc":{"start":{"line":67,"column":9},"end":{"line":67,"column":87}},"type":"cond-expr","locations":[{"start":{"line":67,"column":45},"end":{"line":67,"column":74}},{"start":{"line":67,"column":77},"end":{"line":67,"column":87}}],"line":67},"17":{"loc":{"start":{"line":73,"column":4},"end":{"line":77,"column":80}},"type":"binary-expr","locations":[{"start":{"line":73,"column":4},"end":{"line":73,"column":43}},{"start":{"line":74,"column":4},"end":{"line":74,"column":39}},{"start":{"line":75,"column":4},"end":{"line":75,"column":61}},{"start":{"line":76,"column":4},"end":{"line":76,"column":46}},{"start":{"line":77,"column":4},"end":{"line":77,"column":80}}],"line":73},"18":{"loc":{"start":{"line":140,"column":2},"end":{"line":140,"column":100}},"type":"if","locations":[{"start":{"line":140,"column":2},"end":{"line":140,"column":100}},{"start":{},"end":{}}],"line":140},"19":{"loc":{"start":{"line":140,"column":36},"end":{"line":140,"column":98}},"type":"binary-expr","locations":[{"start":{"line":140,"column":36},"end":{"line":140,"column":55}},{"start":{"line":140,"column":59},"end":{"line":140,"column":98}}],"line":140},"20":{"loc":{"start":{"line":141,"column":2},"end":{"line":141,"column":86}},"type":"if","locations":[{"start":{"line":141,"column":2},"end":{"line":141,"column":86}},{"start":{},"end":{}}],"line":141},"21":{"loc":{"start":{"line":168,"column":2},"end":{"line":168,"column":103}},"type":"if","locations":[{"start":{"line":168,"column":2},"end":{"line":168,"column":103}},{"start":{},"end":{}}],"line":168},"22":{"loc":{"start":{"line":168,"column":36},"end":{"line":168,"column":101}},"type":"binary-expr","locations":[{"start":{"line":168,"column":36},"end":{"line":168,"column":54}},{"start":{"line":168,"column":58},"end":{"line":168,"column":101}}],"line":168},"23":{"loc":{"start":{"line":169,"column":2},"end":{"line":176,"column":3}},"type":"if","locations":[{"start":{"line":169,"column":2},"end":{"line":176,"column":3}},{"start":{},"end":{}}],"line":169},"24":{"loc":{"start":{"line":169,"column":6},"end":{"line":169,"column":50}},"type":"binary-expr","locations":[{"start":{"line":169,"column":6},"end":{"line":169,"column":26}},{"start":{"line":169,"column":30},"end":{"line":169,"column":50}}],"line":169},"25":{"loc":{"start":{"line":171,"column":6},"end":{"line":174,"column":51}},"type":"binary-expr","locations":[{"start":{"line":171,"column":6},"end":{"line":171,"column":24}},{"start":{"line":172,"column":9},"end":{"line":174,"column":50}}],"line":171},"26":{"loc":{"start":{"line":172,"column":9},"end":{"line":174,"column":50}},"type":"cond-expr","locations":[{"start":{"line":173,"column":12},"end":{"line":173,"column":52}},{"start":{"line":174,"column":12},"end":{"line":174,"column":50}}],"line":172},"27":{"loc":{"start":{"line":192,"column":39},"end":{"line":192,"column":76}},"type":"binary-expr","locations":[{"start":{"line":192,"column":39},"end":{"line":192,"column":70}},{"start":{"line":192,"column":74},"end":{"line":192,"column":76}}],"line":192},"28":{"loc":{"start":{"line":193,"column":6},"end":{"line":193,"column":49}},"type":"if","locations":[{"start":{"line":193,"column":6},"end":{"line":193,"column":49}},{"start":{},"end":{}}],"line":193},"29":{"loc":{"start":{"line":193,"column":10},"end":{"line":193,"column":35}},"type":"binary-expr","locations":[{"start":{"line":193,"column":10},"end":{"line":193,"column":14}},{"start":{"line":193,"column":18},"end":{"line":193,"column":35}}],"line":193},"30":{"loc":{"start":{"line":195,"column":39},"end":{"line":195,"column":54}},"type":"binary-expr","locations":[{"start":{"line":195,"column":39},"end":{"line":195,"column":48}},{"start":{"line":195,"column":52},"end":{"line":195,"column":54}}],"line":195},"31":{"loc":{"start":{"line":212,"column":12},"end":{"line":213,"column":59}},"type":"binary-expr","locations":[{"start":{"line":212,"column":12},"end":{"line":212,"column":65}},{"start":{"line":213,"column":12},"end":{"line":213,"column":59}}],"line":212},"32":{"loc":{"start":{"line":217,"column":26},"end":{"line":217,"column":72}},"type":"cond-expr","locations":[{"start":{"line":217,"column":40},"end":{"line":217,"column":67}},{"start":{"line":217,"column":70},"end":{"line":217,"column":72}}],"line":217},"33":{"loc":{"start":{"line":221,"column":29},"end":{"line":221,"column":86}},"type":"binary-expr","locations":[{"start":{"line":221,"column":29},"end":{"line":221,"column":81}},{"start":{"line":221,"column":85},"end":{"line":221,"column":86}}],"line":221},"34":{"loc":{"start":{"line":221,"column":42},"end":{"line":221,"column":80}},"type":"binary-expr","locations":[{"start":{"line":221,"column":42},"end":{"line":221,"column":56}},{"start":{"line":221,"column":60},"end":{"line":221,"column":72}},{"start":{"line":221,"column":76},"end":{"line":221,"column":80}}],"line":221},"35":{"loc":{"start":{"line":227,"column":33},"end":{"line":227,"column":75}},"type":"binary-expr","locations":[{"start":{"line":227,"column":33},"end":{"line":227,"column":53}},{"start":{"line":227,"column":57},"end":{"line":227,"column":75}}],"line":227},"36":{"loc":{"start":{"line":248,"column":6},"end":{"line":248,"column":75}},"type":"if","locations":[{"start":{"line":248,"column":6},"end":{"line":248,"column":75}},{"start":{},"end":{}}],"line":248},"37":{"loc":{"start":{"line":248,"column":10},"end":{"line":248,"column":61}},"type":"binary-expr","locations":[{"start":{"line":248,"column":10},"end":{"line":248,"column":14}},{"start":{"line":248,"column":18},"end":{"line":248,"column":27}},{"start":{"line":248,"column":31},"end":{"line":248,"column":44}},{"start":{"line":248,"column":48},"end":{"line":248,"column":61}}],"line":248},"38":{"loc":{"start":{"line":250,"column":39},"end":{"line":250,"column":54}},"type":"binary-expr","locations":[{"start":{"line":250,"column":39},"end":{"line":250,"column":48}},{"start":{"line":250,"column":52},"end":{"line":250,"column":54}}],"line":250},"39":{"loc":{"start":{"line":257,"column":20},"end":{"line":257,"column":45}},"type":"binary-expr","locations":[{"start":{"line":257,"column":20},"end":{"line":257,"column":39}},{"start":{"line":257,"column":43},"end":{"line":257,"column":45}}],"line":257},"40":{"loc":{"start":{"line":267,"column":26},"end":{"line":267,"column":72}},"type":"cond-expr","locations":[{"start":{"line":267,"column":40},"end":{"line":267,"column":67}},{"start":{"line":267,"column":70},"end":{"line":267,"column":72}}],"line":267},"41":{"loc":{"start":{"line":292,"column":2},"end":{"line":292,"column":30}},"type":"if","locations":[{"start":{"line":292,"column":2},"end":{"line":292,"column":30}},{"start":{},"end":{}}],"line":292},"42":{"loc":{"start":{"line":294,"column":2},"end":{"line":294,"column":43}},"type":"if","locations":[{"start":{"line":294,"column":2},"end":{"line":294,"column":43}},{"start":{},"end":{}}],"line":294},"43":{"loc":{"start":{"line":295,"column":2},"end":{"line":295,"column":44}},"type":"if","locations":[{"start":{"line":295,"column":2},"end":{"line":295,"column":44}},{"start":{},"end":{}}],"line":295},"44":{"loc":{"start":{"line":296,"column":2},"end":{"line":296,"column":48}},"type":"if","locations":[{"start":{"line":296,"column":2},"end":{"line":296,"column":48}},{"start":{},"end":{}}],"line":296},"45":{"loc":{"start":{"line":297,"column":2},"end":{"line":297,"column":40}},"type":"if","locations":[{"start":{"line":297,"column":2},"end":{"line":297,"column":40}},{"start":{},"end":{}}],"line":297}},"s":{"0":4,"1":4,"2":20,"3":20,"4":20,"5":20,"6":20,"7":27,"8":27,"9":27,"10":116,"11":116,"12":116,"13":27,"14":27,"15":27,"16":27,"17":119,"18":119,"19":119,"20":27,"21":27,"22":20,"23":4,"24":34,"25":3,"26":31,"27":4,"28":21,"29":4,"30":36,"31":1,"32":35,"33":35,"34":35,"35":2,"36":33,"37":4,"38":3,"39":1,"40":2,"41":4,"42":7,"43":7,"44":4,"45":4,"46":4,"47":4,"48":4,"49":0,"50":4,"51":4,"52":4,"53":4,"54":2,"55":2,"56":1,"57":1,"58":4,"59":5,"60":5,"61":5,"62":5,"63":5,"64":5,"65":0,"66":5,"67":5,"68":5,"69":5,"70":2,"71":3,"72":2,"73":1,"74":4,"75":10,"76":12,"77":12,"78":12,"79":2,"80":10,"81":8,"82":8,"83":8,"84":10,"85":10,"86":12,"87":4,"88":8,"89":9,"90":9,"91":9,"92":1,"93":8,"94":7,"95":7,"96":7,"97":8,"98":8,"99":9,"100":4,"101":24,"102":1,"103":23,"104":23,"105":17,"106":6,"107":2,"108":4,"109":1,"110":3,"111":2,"112":1},"f":{"0":20,"1":34,"2":21,"3":36,"4":3,"5":7,"6":4,"7":0,"8":5,"9":0,"10":10,"11":12,"12":8,"13":12,"14":8,"15":9,"16":7,"17":9,"18":24},"b":{"0":[4,4,4],"1":[116,1],"2":[2,25],"3":[119,2],"4":[26,1],"5":[3,31],"6":[34,32],"7":[19,12],"8":[19,2],"9":[19,1],"10":[1,35],"11":[20,15],"12":[20,15],"13":[2,33],"14":[35,34],"15":[1,2],"16":[1,1],"17":[7,4,3,2,1],"18":[2,2],"19":[2,1],"20":[1,1],"21":[2,3],"22":[2,1],"23":[2,1],"24":[3,1],"25":[2,2],"26":[1,1],"27":[12,1],"28":[2,10],"29":[12,11],"30":[10,1],"31":[8,7],"32":[5,3],"33":[10,1],"34":[10,2,1],"35":[10,1],"36":[1,8],"37":[9,9,9,8],"38":[8,1],"39":[7,2],"40":[5,2],"41":[1,23],"42":[17,6],"43":[2,4],"44":[1,3],"45":[2,1]},"_coverageSchema":"1a1c01bbd47fc00a2c39e90264f33305004495a9","hash":"1900fc37262cb328b5d2c2c583b4c2a5e31d20f5"}
,"C:\\mini\\S390_404-Name-not-Found\\frontend\\conuwalks\\src\\api\\places.ts": {"path":"C:\\mini\\S390_404-Name-not-Found\\frontend\\conuwalks\\src\\api\\places.ts","statementMap":{"0":{"start":{"line":11,"column":2},"end":{"line":13,"column":4}},"1":{"start":{"line":15,"column":22},"end":{"line":18,"column":1}},"2":{"start":{"line":20,"column":47},"end":{"line":27,"column":1}},"3":{"start":{"line":30,"column":24},"end":{"line":54,"column":1}},"4":{"start":{"line":33,"column":2},"end":{"line":53,"column":3}},"5":{"start":{"line":34,"column":21},"end":{"line":36,"column":5}},"6":{"start":{"line":37,"column":17},"end":{"line":37,"column":38}},"7":{"start":{"line":40,"column":4},"end":{"line":41,"column":8}},"8":{"start":{"line":44,"column":4},"end":{"line":46,"column":8}},"9":{"start":{"line":49,"column":4},"end":{"line":49,"column":33}},"10":{"start":{"line":51,"column":4},"end":{"line":51,"column":66}},"11":{"start":{"line":52,"column":4},"end":{"line":52,"column":14}},"12":{"start":{"line":57,"column":25},"end":{"line":108,"column":1}},"13":{"start":{"line":62,"column":34},"end":{"line":62,"column":55}},"14":{"start":{"line":63,"column":24},"end":{"line":63,"column":63}},"15":{"start":{"line":65,"column":2},"end":{"line":107,"column":3}},"16":{"start":{"line":66,"column":21},"end":{"line":83,"column":5}},"17":{"start":{"line":85,"column":17},"end":{"line":85,"column":38}},"18":{"start":{"line":86,"column":4},"end":{"line":89,"column":5}},"19":{"start":{"line":87,"column":6},"end":{"line":87,"column":59}},"20":{"start":{"line":88,"column":6},"end":{"line":88,"column":16}},"21":{"start":{"line":92,"column":4},"end":{"line":103,"column":6}},"22":{"start":{"line":94,"column":24},"end":{"line":94,"column":51}},"23":{"start":{"line":95,"column":8},"end":{"line":101,"column":10}},"24":{"start":{"line":105,"column":4},"end":{"line":105,"column":54}},"25":{"start":{"line":106,"column":4},"end":{"line":106,"column":14}},"26":{"start":{"line":111,"column":32},"end":{"line":111,"column":91}},"27":{"start":{"line":111,"column":59},"end":{"line":111,"column":91}}},"fnMap":{"0":{"name":"(anonymous_0)","decl":{"start":{"line":30,"column":24},"end":{"line":30,"column":25}},"loc":{"start":{"line":32,"column":58},"end":{"line":54,"column":1}},"line":32},"1":{"name":"(anonymous_1)","decl":{"start":{"line":57,"column":25},"end":{"line":57,"column":26}},"loc":{"start":{"line":61,"column":26},"end":{"line":108,"column":1}},"line":61},"2":{"name":"(anonymous_2)","decl":{"start":{"line":93,"column":22},"end":{"line":93,"column":23}},"loc":{"start":{"line":93,"column":40},"end":{"line":102,"column":7}},"line":93},"3":{"name":"(anonymous_3)","decl":{"start":{"line":111,"column":32},"end":{"line":111,"column":33}},"loc":{"start":{"line":111,"column":59},"end":{"line":111,"column":91}},"line":111}},"branchMap":{"0":{"loc":{"start":{"line":11,"column":2},"end":{"line":13,"column":4}},"type":"binary-expr","locations":[{"start":{"line":11,"column":2},"end":{"line":11,"column":45}},{"start":{"line":12,"column":2},"end":{"line":12,"column":33}},{"start":{"line":13,"column":2},"end":{"line":13,"column":4}}],"line":11},"1":{"loc":{"start":{"line":40,"column":4},"end":{"line":41,"column":8}},"type":"binary-expr","locations":[{"start":{"line":40,"column":4},"end":{"line":40,"column":37}},{"start":{"line":41,"column":4},"end":{"line":41,"column":8}}],"line":40},"2":{"loc":{"start":{"line":44,"column":4},"end":{"line":46,"column":8}},"type":"binary-expr","locations":[{"start":{"line":44,"column":4},"end":{"line":44,"column":49}},{"start":{"line":45,"column":4},"end":{"line":45,"column":49}},{"start":{"line":46,"column":4},"end":{"line":46,"column":8}}],"line":44},"3":{"loc":{"start":{"line":60,"column":2},"end":{"line":60,"column":23}},"type":"default-arg","locations":[{"start":{"line":60,"column":19},"end":{"line":60,"column":23}}],"line":60},"4":{"loc":{"start":{"line":63,"column":24},"end":{"line":63,"column":63}},"type":"binary-expr","locations":[{"start":{"line":63,"column":24},"end":{"line":63,"column":45}},{"start":{"line":63,"column":49},"end":{"line":63,"column":63}}],"line":63},"5":{"loc":{"start":{"line":86,"column":4},"end":{"line":89,"column":5}},"type":"if","locations":[{"start":{"line":86,"column":4},"end":{"line":89,"column":5}},{"start":{},"end":{}}],"line":86},"6":{"loc":{"start":{"line":86,"column":8},"end":{"line":86,"column":48}},"type":"binary-expr","locations":[{"start":{"line":86,"column":8},"end":{"line":86,"column":20}},{"start":{"line":86,"column":24},"end":{"line":86,"column":48}}],"line":86},"7":{"loc":{"start":{"line":97,"column":16},"end":{"line":97,"column":48}},"type":"binary-expr","locations":[{"start":{"line":97,"column":16},"end":{"line":97,"column":35}},{"start":{"line":97,"column":39},"end":{"line":97,"column":48}}],"line":97}},"s":{"0":2,"1":2,"2":2,"3":2,"4":1,"5":1,"6":1,"7":0,"8":0,"9":0,"10":1,"11":1,"12":2,"13":4,"14":4,"15":4,"16":4,"17":3,"18":3,"19":2,"20":2,"21":1,"22":1,"23":1,"24":1,"25":1,"26":2,"27":1},"f":{"0":1,"1":4,"2":1,"3":1},"b":{"0":[2,2,2],"1":[0,0],"2":[0,0,0],"3":[3],"4":[4,0],"5":[2,1],"6":[3,3],"7":[1,0]},"_coverageSchema":"1a1c01bbd47fc00a2c39e90264f33305004495a9","hash":"eca2995dbb92ebed49454e330501df85e7be1d90"}
,"C:\\mini\\S390_404-Name-not-Found\\frontend\\conuwalks\\src\\api\\shuttleEngine.ts": {"path":"C:\\mini\\S390_404-Name-not-Found\\frontend\\conuwalks\\src\\api\\shuttleEngine.ts","statementMap":{"0":{"start":{"line":7,"column":25},"end":{"line":7,"column":72}},"1":{"start":{"line":8,"column":25},"end":{"line":8,"column":72}},"2":{"start":{"line":9,"column":29},"end":{"line":9,"column":32}},"3":{"start":{"line":10,"column":30},"end":{"line":10,"column":32}},"4":{"start":{"line":12,"column":38},"end":{"line":55,"column":1}},"5":{"start":{"line":62,"column":17},"end":{"line":67,"column":1}},"6":{"start":{"line":63,"column":2},"end":{"line":63,"column":19}},"7":{"start":{"line":63,"column":10},"end":{"line":63,"column":19}},"8":{"start":{"line":64,"column":12},"end":{"line":64,"column":39}},"9":{"start":{"line":65,"column":12},"end":{"line":65,"column":41}},"10":{"start":{"line":66,"column":2},"end":{"line":66,"column":88}},"11":{"start":{"line":69,"column":18},"end":{"line":73,"column":1}},"12":{"start":{"line":70,"column":2},"end":{"line":70,"column":19}},"13":{"start":{"line":70,"column":10},"end":{"line":70,"column":19}},"14":{"start":{"line":71,"column":2},"end":{"line":71,"column":85}},"15":{"start":{"line":71,"column":24},"end":{"line":71,"column":85}},"16":{"start":{"line":72,"column":2},"end":{"line":72,"column":56}},"17":{"start":{"line":78,"column":31},"end":{"line":113,"column":1}},"18":{"start":{"line":86,"column":14},"end":{"line":86,"column":33}},"19":{"start":{"line":87,"column":2},"end":{"line":87,"column":42}},"20":{"start":{"line":87,"column":30},"end":{"line":87,"column":42}},"21":{"start":{"line":89,"column":23},"end":{"line":89,"column":63}},"22":{"start":{"line":90,"column":26},"end":{"line":90,"column":56}},"23":{"start":{"line":92,"column":2},"end":{"line":92,"column":51}},"24":{"start":{"line":92,"column":39},"end":{"line":92,"column":51}},"25":{"start":{"line":94,"column":29},"end":{"line":94,"column":81}},"26":{"start":{"line":96,"column":2},"end":{"line":111,"column":3}},"27":{"start":{"line":98,"column":34},"end":{"line":98,"column":65}},"28":{"start":{"line":99,"column":4},"end":{"line":102,"column":5}},"29":{"start":{"line":100,"column":21},"end":{"line":100,"column":51}},"30":{"start":{"line":101,"column":6},"end":{"line":101,"column":62}},"31":{"start":{"line":101,"column":47},"end":{"line":101,"column":62}},"32":{"start":{"line":105,"column":4},"end":{"line":110,"column":5}},"33":{"start":{"line":105,"column":17},"end":{"line":105,"column":33}},"34":{"start":{"line":106,"column":21},"end":{"line":106,"column":52}},"35":{"start":{"line":107,"column":6},"end":{"line":109,"column":7}},"36":{"start":{"line":108,"column":8},"end":{"line":108,"column":24}},"37":{"start":{"line":112,"column":2},"end":{"line":112,"column":14}},"38":{"start":{"line":115,"column":43},"end":{"line":269,"column":1}},"39":{"start":{"line":121,"column":20},"end":{"line":121,"column":64}},"40":{"start":{"line":122,"column":20},"end":{"line":122,"column":64}},"41":{"start":{"line":123,"column":20},"end":{"line":123,"column":70}},"42":{"start":{"line":124,"column":20},"end":{"line":124,"column":70}},"43":{"start":{"line":126,"column":21},"end":{"line":126,"column":89}},"44":{"start":{"line":127,"column":21},"end":{"line":127,"column":89}},"45":{"start":{"line":129,"column":2},"end":{"line":129,"column":46}},"46":{"start":{"line":129,"column":34},"end":{"line":129,"column":46}},"47":{"start":{"line":131,"column":21},"end":{"line":131,"column":53}},"48":{"start":{"line":132,"column":19},"end":{"line":132,"column":51}},"49":{"start":{"line":133,"column":26},"end":{"line":133,"column":52}},"50":{"start":{"line":136,"column":38},"end":{"line":136,"column":42}},"51":{"start":{"line":137,"column":40},"end":{"line":137,"column":44}},"52":{"start":{"line":138,"column":19},"end":{"line":138,"column":20}},"53":{"start":{"line":139,"column":19},"end":{"line":139,"column":20}},"54":{"start":{"line":140,"column":17},"end":{"line":140,"column":18}},"55":{"start":{"line":141,"column":19},"end":{"line":141,"column":20}},"56":{"start":{"line":143,"column":2},"end":{"line":153,"column":3}},"57":{"start":{"line":144,"column":15},"end":{"line":144,"column":70}},"58":{"start":{"line":145,"column":4},"end":{"line":149,"column":5}},"59":{"start":{"line":146,"column":6},"end":{"line":146,"column":26}},"60":{"start":{"line":147,"column":6},"end":{"line":147,"column":50}},"61":{"start":{"line":148,"column":6},"end":{"line":148,"column":51}},"62":{"start":{"line":151,"column":4},"end":{"line":151,"column":34}},"63":{"start":{"line":152,"column":4},"end":{"line":152,"column":84}},"64":{"start":{"line":155,"column":2},"end":{"line":165,"column":3}},"65":{"start":{"line":156,"column":15},"end":{"line":156,"column":74}},"66":{"start":{"line":157,"column":4},"end":{"line":161,"column":5}},"67":{"start":{"line":158,"column":6},"end":{"line":158,"column":28}},"68":{"start":{"line":159,"column":6},"end":{"line":159,"column":54}},"69":{"start":{"line":160,"column":6},"end":{"line":160,"column":55}},"70":{"start":{"line":163,"column":4},"end":{"line":163,"column":34}},"71":{"start":{"line":164,"column":4},"end":{"line":164,"column":86}},"72":{"start":{"line":168,"column":19},"end":{"line":168,"column":50}},"73":{"start":{"line":169,"column":18},"end":{"line":169,"column":115}},"74":{"start":{"line":170,"column":2},"end":{"line":170,"column":28}},"75":{"start":{"line":170,"column":16},"end":{"line":170,"column":28}},"76":{"start":{"line":172,"column":23},"end":{"line":172,"column":53}},"77":{"start":{"line":173,"column":24},"end":{"line":173,"column":44}},"78":{"start":{"line":174,"column":2},"end":{"line":174,"column":43}},"79":{"start":{"line":175,"column":22},"end":{"line":175,"column":45}},"80":{"start":{"line":176,"column":2},"end":{"line":176,"column":75}},"81":{"start":{"line":180,"column":2},"end":{"line":186,"column":3}},"82":{"start":{"line":181,"column":4},"end":{"line":181,"column":27}},"83":{"start":{"line":182,"column":4},"end":{"line":182,"column":69}},"84":{"start":{"line":184,"column":4},"end":{"line":184,"column":25}},"85":{"start":{"line":185,"column":4},"end":{"line":185,"column":71}},"86":{"start":{"line":188,"column":28},"end":{"line":188,"column":89}},"87":{"start":{"line":190,"column":4},"end":{"line":190,"column":120}},"88":{"start":{"line":192,"column":20},"end":{"line":192,"column":99}},"89":{"start":{"line":192,"column":36},"end":{"line":192,"column":98}},"90":{"start":{"line":193,"column":21},"end":{"line":193,"column":102}},"91":{"start":{"line":193,"column":37},"end":{"line":193,"column":101}},"92":{"start":{"line":196,"column":4},"end":{"line":198,"column":96}},"93":{"start":{"line":201,"column":33},"end":{"line":201,"column":35}},"94":{"start":{"line":202,"column":37},"end":{"line":202,"column":39}},"95":{"start":{"line":205,"column":2},"end":{"line":219,"column":3}},"96":{"start":{"line":206,"column":4},"end":{"line":206,"column":41}},"97":{"start":{"line":207,"column":4},"end":{"line":207,"column":53}},"98":{"start":{"line":209,"column":4},"end":{"line":217,"column":7}},"99":{"start":{"line":218,"column":4},"end":{"line":218,"column":47}},"100":{"start":{"line":222,"column":26},"end":{"line":222,"column":100}},"101":{"start":{"line":224,"column":2},"end":{"line":235,"column":5}},"102":{"start":{"line":236,"column":2},"end":{"line":236,"column":40}},"103":{"start":{"line":239,"column":2},"end":{"line":253,"column":3}},"104":{"start":{"line":240,"column":4},"end":{"line":240,"column":43}},"105":{"start":{"line":241,"column":4},"end":{"line":241,"column":55}},"106":{"start":{"line":243,"column":4},"end":{"line":251,"column":7}},"107":{"start":{"line":252,"column":4},"end":{"line":252,"column":51}},"108":{"start":{"line":255,"column":2},"end":{"line":268,"column":4}}},"fnMap":{"0":{"name":"(anonymous_0)","decl":{"start":{"line":62,"column":17},"end":{"line":62,"column":18}},"loc":{"start":{"line":62,"column":33},"end":{"line":67,"column":1}},"line":62},"1":{"name":"(anonymous_1)","decl":{"start":{"line":69,"column":18},"end":{"line":69,"column":19}},"loc":{"start":{"line":69,"column":34},"end":{"line":73,"column":1}},"line":69},"2":{"name":"(anonymous_2)","decl":{"start":{"line":78,"column":31},"end":{"line":78,"column":32}},"loc":{"start":{"line":85,"column":20},"end":{"line":113,"column":1}},"line":85},"3":{"name":"(anonymous_3)","decl":{"start":{"line":115,"column":43},"end":{"line":115,"column":44}},"loc":{"start":{"line":120,"column":39},"end":{"line":269,"column":1}},"line":120},"4":{"name":"(anonymous_4)","decl":{"start":{"line":192,"column":20},"end":{"line":192,"column":21}},"loc":{"start":{"line":192,"column":36},"end":{"line":192,"column":98}},"line":192},"5":{"name":"(anonymous_5)","decl":{"start":{"line":193,"column":21},"end":{"line":193,"column":22}},"loc":{"start":{"line":193,"column":37},"end":{"line":193,"column":101}},"line":193}},"branchMap":{"0":{"loc":{"start":{"line":63,"column":2},"end":{"line":63,"column":19}},"type":"if","locations":[{"start":{"line":63,"column":2},"end":{"line":63,"column":19}},{"start":{},"end":{}}],"line":63},"1":{"loc":{"start":{"line":66,"column":10},"end":{"line":66,"column":48}},"type":"cond-expr","locations":[{"start":{"line":66,"column":14},"end":{"line":66,"column":44}},{"start":{"line":66,"column":47},"end":{"line":66,"column":48}}],"line":66},"2":{"loc":{"start":{"line":66,"column":53},"end":{"line":66,"column":86}},"type":"cond-expr","locations":[{"start":{"line":66,"column":57},"end":{"line":66,"column":82}},{"start":{"line":66,"column":85},"end":{"line":66,"column":86}}],"line":66},"3":{"loc":{"start":{"line":70,"column":2},"end":{"line":70,"column":19}},"type":"if","locations":[{"start":{"line":70,"column":2},"end":{"line":70,"column":19}},{"start":{},"end":{}}],"line":70},"4":{"loc":{"start":{"line":71,"column":2},"end":{"line":71,"column":85}},"type":"if","locations":[{"start":{"line":71,"column":2},"end":{"line":71,"column":85}},{"start":{},"end":{}}],"line":71},"5":{"loc":{"start":{"line":87,"column":2},"end":{"line":87,"column":42}},"type":"if","locations":[{"start":{"line":87,"column":2},"end":{"line":87,"column":42}},{"start":{},"end":{}}],"line":87},"6":{"loc":{"start":{"line":87,"column":6},"end":{"line":87,"column":28}},"type":"binary-expr","locations":[{"start":{"line":87,"column":6},"end":{"line":87,"column":15}},{"start":{"line":87,"column":19},"end":{"line":87,"column":28}}],"line":87},"7":{"loc":{"start":{"line":89,"column":23},"end":{"line":89,"column":63}},"type":"cond-expr","locations":[{"start":{"line":89,"column":35},"end":{"line":89,"column":43}},{"start":{"line":89,"column":46},"end":{"line":89,"column":63}}],"line":89},"8":{"loc":{"start":{"line":92,"column":2},"end":{"line":92,"column":51}},"type":"if","locations":[{"start":{"line":92,"column":2},"end":{"line":92,"column":51}},{"start":{},"end":{}}],"line":92},"9":{"loc":{"start":{"line":92,"column":6},"end":{"line":92,"column":37}},"type":"binary-expr","locations":[{"start":{"line":92,"column":6},"end":{"line":92,"column":12}},{"start":{"line":92,"column":16},"end":{"line":92,"column":37}}],"line":92},"10":{"loc":{"start":{"line":96,"column":2},"end":{"line":111,"column":3}},"type":"if","locations":[{"start":{"line":96,"column":2},"end":{"line":111,"column":3}},{"start":{"line":103,"column":9},"end":{"line":111,"column":3}}],"line":96},"11":{"loc":{"start":{"line":101,"column":6},"end":{"line":101,"column":62}},"type":"if","locations":[{"start":{"line":101,"column":6},"end":{"line":101,"column":62}},{"start":{},"end":{}}],"line":101},"12":{"loc":{"start":{"line":107,"column":6},"end":{"line":109,"column":7}},"type":"if","locations":[{"start":{"line":107,"column":6},"end":{"line":109,"column":7}},{"start":{},"end":{}}],"line":107},"13":{"loc":{"start":{"line":118,"column":2},"end":{"line":118,"column":31}},"type":"default-arg","locations":[{"start":{"line":118,"column":21},"end":{"line":118,"column":31}}],"line":118},"14":{"loc":{"start":{"line":119,"column":2},"end":{"line":119,"column":40}},"type":"default-arg","locations":[{"start":{"line":119,"column":33},"end":{"line":119,"column":40}}],"line":119},"15":{"loc":{"start":{"line":126,"column":21},"end":{"line":126,"column":89}},"type":"binary-expr","locations":[{"start":{"line":126,"column":21},"end":{"line":126,"column":53}},{"start":{"line":126,"column":57},"end":{"line":126,"column":89}}],"line":126},"16":{"loc":{"start":{"line":127,"column":21},"end":{"line":127,"column":89}},"type":"binary-expr","locations":[{"start":{"line":127,"column":21},"end":{"line":127,"column":53}},{"start":{"line":127,"column":57},"end":{"line":127,"column":89}}],"line":127},"17":{"loc":{"start":{"line":129,"column":2},"end":{"line":129,"column":46}},"type":"if","locations":[{"start":{"line":129,"column":2},"end":{"line":129,"column":46}},{"start":{},"end":{}}],"line":129},"18":{"loc":{"start":{"line":129,"column":6},"end":{"line":129,"column":32}},"type":"binary-expr","locations":[{"start":{"line":129,"column":6},"end":{"line":129,"column":17}},{"start":{"line":129,"column":21},"end":{"line":129,"column":32}}],"line":129},"19":{"loc":{"start":{"line":131,"column":21},"end":{"line":131,"column":53}},"type":"cond-expr","locations":[{"start":{"line":131,"column":34},"end":{"line":131,"column":42}},{"start":{"line":131,"column":45},"end":{"line":131,"column":53}}],"line":131},"20":{"loc":{"start":{"line":132,"column":19},"end":{"line":132,"column":51}},"type":"cond-expr","locations":[{"start":{"line":132,"column":32},"end":{"line":132,"column":40}},{"start":{"line":132,"column":43},"end":{"line":132,"column":51}}],"line":132},"21":{"loc":{"start":{"line":133,"column":26},"end":{"line":133,"column":52}},"type":"cond-expr","locations":[{"start":{"line":133,"column":39},"end":{"line":133,"column":44}},{"start":{"line":133,"column":47},"end":{"line":133,"column":52}}],"line":133},"22":{"loc":{"start":{"line":145,"column":4},"end":{"line":149,"column":5}},"type":"if","locations":[{"start":{"line":145,"column":4},"end":{"line":149,"column":5}},{"start":{},"end":{}}],"line":145},"23":{"loc":{"start":{"line":145,"column":8},"end":{"line":145,"column":27}},"type":"binary-expr","locations":[{"start":{"line":145,"column":8},"end":{"line":145,"column":10}},{"start":{"line":145,"column":14},"end":{"line":145,"column":27}}],"line":145},"24":{"loc":{"start":{"line":152,"column":41},"end":{"line":152,"column":75}},"type":"cond-expr","locations":[{"start":{"line":152,"column":54},"end":{"line":152,"column":63}},{"start":{"line":152,"column":66},"end":{"line":152,"column":75}}],"line":152},"25":{"loc":{"start":{"line":157,"column":4},"end":{"line":161,"column":5}},"type":"if","locations":[{"start":{"line":157,"column":4},"end":{"line":161,"column":5}},{"start":{},"end":{}}],"line":157},"26":{"loc":{"start":{"line":157,"column":8},"end":{"line":157,"column":27}},"type":"binary-expr","locations":[{"start":{"line":157,"column":8},"end":{"line":157,"column":10}},{"start":{"line":157,"column":14},"end":{"line":157,"column":27}}],"line":157},"27":{"loc":{"start":{"line":164,"column":43},"end":{"line":164,"column":77}},"type":"cond-expr","locations":[{"start":{"line":164,"column":56},"end":{"line":164,"column":65}},{"start":{"line":164,"column":68},"end":{"line":164,"column":77}}],"line":164},"28":{"loc":{"start":{"line":170,"column":2},"end":{"line":170,"column":28}},"type":"if","locations":[{"start":{"line":170,"column":2},"end":{"line":170,"column":28}},{"start":{},"end":{}}],"line":170},"29":{"loc":{"start":{"line":180,"column":2},"end":{"line":186,"column":3}},"type":"if","locations":[{"start":{"line":180,"column":2},"end":{"line":186,"column":3}},{"start":{"line":183,"column":9},"end":{"line":186,"column":3}}],"line":180},"30":{"loc":{"start":{"line":190,"column":5},"end":{"line":190,"column":55}},"type":"binary-expr","locations":[{"start":{"line":190,"column":5},"end":{"line":190,"column":15}},{"start":{"line":190,"column":20},"end":{"line":190,"column":54}}],"line":190},"31":{"loc":{"start":{"line":190,"column":20},"end":{"line":190,"column":54}},"type":"cond-expr","locations":[{"start":{"line":190,"column":33},"end":{"line":190,"column":42}},{"start":{"line":190,"column":45},"end":{"line":190,"column":54}}],"line":190},"32":{"loc":{"start":{"line":190,"column":67},"end":{"line":190,"column":119}},"type":"binary-expr","locations":[{"start":{"line":190,"column":67},"end":{"line":190,"column":79}},{"start":{"line":190,"column":84},"end":{"line":190,"column":118}}],"line":190},"33":{"loc":{"start":{"line":190,"column":84},"end":{"line":190,"column":118}},"type":"cond-expr","locations":[{"start":{"line":190,"column":97},"end":{"line":190,"column":106}},{"start":{"line":190,"column":109},"end":{"line":190,"column":118}}],"line":190},"34":{"loc":{"start":{"line":192,"column":36},"end":{"line":192,"column":98}},"type":"cond-expr","locations":[{"start":{"line":192,"column":46},"end":{"line":192,"column":85}},{"start":{"line":192,"column":88},"end":{"line":192,"column":98}}],"line":192},"35":{"loc":{"start":{"line":193,"column":37},"end":{"line":193,"column":101}},"type":"cond-expr","locations":[{"start":{"line":193,"column":49},"end":{"line":193,"column":78}},{"start":{"line":193,"column":81},"end":{"line":193,"column":101}}],"line":193},"36":{"loc":{"start":{"line":196,"column":4},"end":{"line":198,"column":96}},"type":"cond-expr","locations":[{"start":{"line":197,"column":8},"end":{"line":197,"column":87}},{"start":{"line":198,"column":8},"end":{"line":198,"column":96}}],"line":196},"37":{"loc":{"start":{"line":205,"column":2},"end":{"line":219,"column":3}},"type":"if","locations":[{"start":{"line":205,"column":2},"end":{"line":219,"column":3}},{"start":{"line":208,"column":9},"end":{"line":219,"column":3}}],"line":205},"38":{"loc":{"start":{"line":205,"column":6},"end":{"line":205,"column":49}},"type":"binary-expr","locations":[{"start":{"line":205,"column":6},"end":{"line":205,"column":17}},{"start":{"line":205,"column":21},"end":{"line":205,"column":49}}],"line":205},"39":{"loc":{"start":{"line":210,"column":30},"end":{"line":210,"column":95}},"type":"cond-expr","locations":[{"start":{"line":210,"column":58},"end":{"line":210,"column":77}},{"start":{"line":210,"column":80},"end":{"line":210,"column":95}}],"line":210},"40":{"loc":{"start":{"line":211,"column":27},"end":{"line":211,"column":61}},"type":"cond-expr","locations":[{"start":{"line":211,"column":40},"end":{"line":211,"column":49}},{"start":{"line":211,"column":52},"end":{"line":211,"column":61}}],"line":211},"41":{"loc":{"start":{"line":222,"column":26},"end":{"line":222,"column":100}},"type":"cond-expr","locations":[{"start":{"line":222,"column":39},"end":{"line":222,"column":63}},{"start":{"line":222,"column":66},"end":{"line":222,"column":100}}],"line":222},"42":{"loc":{"start":{"line":225,"column":50},"end":{"line":225,"column":100}},"type":"cond-expr","locations":[{"start":{"line":225,"column":63},"end":{"line":225,"column":78}},{"start":{"line":225,"column":81},"end":{"line":225,"column":100}}],"line":225},"43":{"loc":{"start":{"line":239,"column":2},"end":{"line":253,"column":3}},"type":"if","locations":[{"start":{"line":239,"column":2},"end":{"line":253,"column":3}},{"start":{"line":242,"column":9},"end":{"line":253,"column":3}}],"line":239},"44":{"loc":{"start":{"line":239,"column":6},"end":{"line":239,"column":53}},"type":"binary-expr","locations":[{"start":{"line":239,"column":6},"end":{"line":239,"column":19}},{"start":{"line":239,"column":23},"end":{"line":239,"column":53}}],"line":239},"45":{"loc":{"start":{"line":245,"column":27},"end":{"line":245,"column":61}},"type":"cond-expr","locations":[{"start":{"line":245,"column":40},"end":{"line":245,"column":49}},{"start":{"line":245,"column":52},"end":{"line":245,"column":61}}],"line":245}},"s":{"0":1,"1":1,"2":1,"3":1,"4":1,"5":1,"6":24,"7":2,"8":22,"9":22,"10":22,"11":1,"12":24,"13":2,"14":22,"15":2,"16":20,"17":1,"18":16,"19":16,"20":1,"21":15,"22":15,"23":15,"24":1,"25":14,"26":14,"27":13,"28":13,"29":25,"30":25,"31":12,"32":1,"33":1,"34":3,"35":3,"36":1,"37":1,"38":1,"39":18,"40":18,"41":18,"42":18,"43":18,"44":18,"45":18,"46":2,"47":16,"48":16,"49":16,"50":16,"51":16,"52":16,"53":16,"54":16,"55":16,"56":16,"57":16,"58":14,"59":12,"60":12,"61":12,"62":2,"63":2,"64":16,"65":16,"66":14,"67":12,"68":12,"69":12,"70":2,"71":2,"72":16,"73":16,"74":16,"75":3,"76":13,"77":13,"78":13,"79":13,"80":13,"81":13,"82":12,"83":12,"84":1,"85":1,"86":13,"87":13,"88":13,"89":13,"90":13,"91":21,"92":13,"93":13,"94":13,"95":13,"96":9,"97":9,"98":4,"99":4,"100":13,"101":13,"102":13,"103":13,"104":9,"105":9,"106":4,"107":4,"108":13},"f":{"0":24,"1":24,"2":16,"3":18,"4":13,"5":21},"b":{"0":[2,22],"1":[4,18],"2":[18,4],"3":[2,22],"4":[2,20],"5":[1,15],"6":[16,15],"7":[1,14],"8":[1,14],"9":[15,14],"10":[13,1],"11":[12,13],"12":[1,2],"13":[2],"14":[3],"15":[18,15],"16":[18,4],"17":[2,16],"18":[18,4],"19":[14,2],"20":[14,2],"21":[14,2],"22":[12,2],"23":[14,13],"24":[1,1],"25":[12,2],"26":[14,13],"27":[1,1],"28":[3,13],"29":[12,1],"30":[13,5],"31":[4,1],"32":[13,5],"33":[4,1],"34":[6,7],"35":[13,8],"36":[12,1],"37":[9,4],"38":[13,9],"39":[3,1],"40":[3,1],"41":[11,2],"42":[11,2],"43":[9,4],"44":[13,9],"45":[3,1]},"_coverageSchema":"1a1c01bbd47fc00a2c39e90264f33305004495a9","hash":"20c7f27fc917903285c62fc316f9d0f2be6deacc"}
[...]
d":{"line":38,"column":66}},"23":{"start":{"line":39,"column":18},"end":{"line":39,"column":59}},"24":{"start":{"line":41,"column":16},"end":{"line":41,"column":34}},"25":{"start":{"line":42,"column":18},"end":{"line":42,"column":66}},"26":{"start":{"line":43,"column":2},"end":{"line":43,"column":35}}},"fnMap":{"0":{"name":"(anonymous_0)","decl":{"start":{"line":1,"column":23},"end":{"line":1,"column":24}},"loc":{"start":{"line":1,"column":39},"end":{"line":8,"column":1}},"line":1},"1":{"name":"(anonymous_1)","decl":{"start":{"line":10,"column":28},"end":{"line":10,"column":29}},"loc":{"start":{"line":10,"column":75},"end":{"line":14,"column":1}},"line":10},"2":{"name":"(anonymous_2)","decl":{"start":{"line":16,"column":41},"end":{"line":16,"column":42}},"loc":{"start":{"line":16,"column":75},"end":{"line":25,"column":1}},"line":16},"3":{"name":"(anonymous_3)","decl":{"start":{"line":27,"column":39},"end":{"line":27,"column":40}},"loc":{"start":{"line":31,"column":13},"end":{"line":44,"column":1}},"line":31}},"branchMap":{"0":{"loc":{"start":{"line":4,"column":4},"end":{"line":6,"column":46}},"type":"binary-expr","locations":[{"start":{"line":4,"column":4},"end":{"line":4,"column":38}},{"start":{"line":5,"column":4},"end":{"line":5,"column":40}},{"start":{"line":6,"column":4},"end":{"line":6,"column":46}}],"line":4},"1":{"loc":{"start":{"line":11,"column":2},"end":{"line":11,"column":31}},"type":"if","locations":[{"start":{"line":11,"column":2},"end":{"line":11,"column":31}},{"start":{},"end":{}}],"line":11},"2":{"loc":{"start":{"line":13,"column":9},"end":{"line":13,"column":45}},"type":"cond-expr","locations":[{"start":{"line":13,"column":35},"end":{"line":13,"column":41}},{"start":{"line":13,"column":44},"end":{"line":13,"column":45}}],"line":13},"3":{"loc":{"start":{"line":17,"column":2},"end":{"line":17,"column":40}},"type":"if","locations":[{"start":{"line":17,"column":2},"end":{"line":17,"column":40}},{"start":{},"end":{}}],"line":17},"4":{"loc":{"start":{"line":20,"column":2},"end":{"line":20,"column":54}},"type":"if","locations":[{"start":{"line":20,"column":2},"end":{"line":20,"column":54}},{"start":{},"end":{}}],"line":20},"5":{"loc":{"start":{"line":24,"column":9},"end":{"line":24,"column":65}},"type":"cond-expr","locations":[{"start":{"line":24,"column":23},"end":{"line":24,"column":50}},{"start":{"line":24,"column":53},"end":{"line":24,"column":65}}],"line":24},"6":{"loc":{"start":{"line":32,"column":2},"end":{"line":36,"column":3}},"type":"if","locations":[{"start":{"line":32,"column":2},"end":{"line":36,"column":3}},{"start":{},"end":{}}],"line":32},"7":{"loc":{"start":{"line":32,"column":6},"end":{"line":32,"column":41}},"type":"binary-expr","locations":[{"start":{"line":32,"column":6},"end":{"line":32,"column":27}},{"start":{"line":32,"column":31},"end":{"line":32,"column":41}}],"line":32},"8":{"loc":{"start":{"line":38,"column":20},"end":{"line":38,"column":66}},"type":"cond-expr","locations":[{"start":{"line":38,"column":33},"end":{"line":38,"column":53}},{"start":{"line":38,"column":56},"end":{"line":38,"column":66}}],"line":38}},"s":{"0":6,"1":2,"2":2,"3":6,"4":32,"5":1,"6":31,"7":31,"8":6,"9":35,"10":3,"11":32,"12":32,"13":28,"14":4,"15":4,"16":4,"17":6,"18":22,"19":1,"20":1,"21":1,"22":21,"23":21,"24":21,"25":21,"26":21},"f":{"0":2,"1":32,"2":35,"3":22},"b":{"0":[2,1,1],"1":[1,31],"2":[28,3],"3":[3,32],"4":[28,4],"5":[2,2],"6":[1,21],"7":[22,2],"8":[1,20]},"_coverageSchema":"1a1c01bbd47fc00a2c39e90264f33305004495a9","hash":"451e280d6ab076c4a1d99e8071302c779cf4c61a"}
,"C:\\mini\\S390_404-Name-not-Found\\frontend\\conuwalks\\src\\utils\\tokenStorage.ts": {"path":"C:\\mini\\S390_404-Name-not-Found\\frontend\\conuwalks\\src\\utils\\tokenStorage.ts","statementMap":{"0":{"start":{"line":3,"column":18},"end":{"line":3,"column":32}},"1":{"start":{"line":4,"column":22},"end":{"line":4,"column":34}},"2":{"start":{"line":5,"column":37},"end":{"line":5,"column":64}},"3":{"start":{"line":6,"column":38},"end":{"line":6,"column":66}},"4":{"start":{"line":7,"column":56},"end":{"line":7,"column":106}},"5":{"start":{"line":8,"column":56},"end":{"line":8,"column":58}},"6":{"start":{"line":9,"column":52},"end":{"line":9,"column":53}},"7":{"start":{"line":10,"column":52},"end":{"line":10,"column":55}},"8":{"start":{"line":12,"column":33},"end":{"line":26,"column":1}},"9":{"start":{"line":13,"column":17},"end":{"line":13,"column":30}},"10":{"start":{"line":15,"column":2},"end":{"line":15,"column":44}},"11":{"start":{"line":15,"column":32},"end":{"line":15,"column":44}},"12":{"start":{"line":17,"column":18},"end":{"line":17,"column":36}},"13":{"start":{"line":18,"column":2},"end":{"line":23,"column":3}},"14":{"start":{"line":22,"column":4},"end":{"line":22,"column":16}},"15":{"start":{"line":25,"column":2},"end":{"line":25,"column":17}},"16":{"start":{"line":41,"column":26},"end":{"line":53,"column":1}},"17":{"start":{"line":42,"column":2},"end":{"line":52,"column":3}},"18":{"start":{"line":43,"column":4},"end":{"line":45,"column":5}},"19":{"start":{"line":44,"column":6},"end":{"line":44,"column":49}},"20":{"start":{"line":46,"column":4},"end":{"line":46,"column":66}},"21":{"start":{"line":47,"column":4},"end":{"line":47,"column":45}},"22":{"start":{"line":48,"column":4},"end":{"line":48,"column":16}},"23":{"start":{"line":50,"column":4},"end":{"line":50,"column":49}},"24":{"start":{"line":51,"column":4},"end":{"line":51,"column":17}},"25":{"start":{"line":55,"column":28},"end":{"line":72,"column":1}},"26":{"start":{"line":56,"column":2},"end":{"line":71,"column":3}},"27":{"start":{"line":57,"column":4},"end":{"line":57,"column":59}},"28":{"start":{"line":57,"column":19},"end":{"line":57,"column":59}},"29":{"start":{"line":60,"column":4},"end":{"line":67,"column":5}},"30":{"start":{"line":61,"column":6},"end":{"line":61,"column":74}},"31":{"start":{"line":62,"column":6},"end":{"line":62,"column":68}},"32":{"start":{"line":63,"column":6},"end":{"line":63,"column":18}},"33":{"start":{"line":65,"column":6},"end":{"line":65,"column":60}},"34":{"start":{"line":66,"column":6},"end":{"line":66,"column":19}},"35":{"start":{"line":69,"column":4},"end":{"line":69,"column":52}},"36":{"start":{"line":70,"column":4},"end":{"line":70,"column":17}},"37":{"start":{"line":74,"column":27},"end":{"line":82,"column":1}},"38":{"start":{"line":75,"column":2},"end":{"line":81,"column":3}},"39":{"start":{"line":76,"column":21},"end":{"line":76,"column":62}},"40":{"start":{"line":77,"column":4},"end":{"line":77,"column":50}},"41":{"start":{"line":79,"column":4},"end":{"line":79,"column":53}},"42":{"start":{"line":80,"column":4},"end":{"line":80,"column":16}},"43":{"start":{"line":84,"column":25},"end":{"line":92,"column":1}},"44":{"start":{"line":85,"column":2},"end":{"line":91,"column":3}},"45":{"start":{"line":86,"column":19},"end":{"line":86,"column":56}},"46":{"start":{"line":87,"column":4},"end":{"line":87,"column":46}},"47":{"start":{"line":89,"column":4},"end":{"line":89,"column":50}},"48":{"start":{"line":90,"column":4},"end":{"line":90,"column":16}},"49":{"start":{"line":94,"column":27},"end":{"line":123,"column":1}},"50":{"start":{"line":95,"column":2},"end":{"line":122,"column":3}},"51":{"start":{"line":96,"column":24},"end":{"line":96,"column":61}},"52":{"start":{"line":98,"column":4},"end":{"line":103,"column":7}},"53":{"start":{"line":104,"column":4},"end":{"line":104,"column":54}},"54":{"start":{"line":106,"column":4},"end":{"line":119,"column":5}},"55":{"start":{"line":107,"column":30},"end":{"line":107,"column":53}},"56":{"start":{"line":108,"column":6},"end":{"line":118,"column":7}},"57":{"start":{"line":109,"column":8},"end":{"line":117,"column":9}},"58":{"start":{"line":110,"column":10},"end":{"line":113,"column":13}},"59":{"start":{"line":114,"column":10},"end":{"line":114,"column":59}},"60":{"start":{"line":116,"column":10},"end":{"line":116,"column":106}},"61":{"start":{"line":121,"column":4},"end":{"line":121,"column":51}},"62":{"start":{"line":125,"column":28},"end":{"line":135,"column":1}},"63":{"start":{"line":126,"column":2},"end":{"line":126,"column":41}},"64":{"start":{"line":126,"column":28},"end":{"line":126,"column":41}},"65":{"start":{"line":128,"column":2},"end":{"line":132,"column":3}},"66":{"start":{"line":129,"column":16},"end":{"line":129,"column":26}},"67":{"start":{"line":131,"column":4},"end":{"line":131,"column":44}},"68":{"start":{"line":134,"column":2},"end":{"line":134,"column":14}},"69":{"start":{"line":137,"column":41},"end":{"line":155,"column":1}},"70":{"start":{"line":140,"column":2},"end":{"line":154,"column":3}},"71":{"start":{"line":141,"column":30},"end":{"line":141,"column":63}},"72":{"start":{"line":142,"column":4},"end":{"line":144,"column":5}},"73":{"start":{"line":143,"column":6},"end":{"line":143,"column":60}},"74":{"start":{"line":146,"column":4},"end":{"line":149,"column":6}},"75":{"start":{"line":150,"column":4},"end":{"line":150,"column":16}},"76":{"start":{"line":152,"column":4},"end":{"line":152,"column":67}},"77":{"start":{"line":153,"column":4},"end":{"line":153,"column":17}},"78":{"start":{"line":157,"column":40},"end":{"line":172,"column":1}},"79":{"start":{"line":158,"column":2},"end":{"line":171,"column":3}},"80":{"start":{"line":159,"column":16},"end":{"line":159,"column":72}},"81":{"start":{"line":160,"column":4},"end":{"line":160,"column":62}},"82":{"start":{"line":160,"column":14},"end":{"line":160,"column":62}},"83":{"start":{"line":162,"column":23},"end":{"line":162,"column":52}},"84":{"start":{"line":163,"column":4},"end":{"line":165,"column":5}},"85":{"start":{"line":164,"column":6},"end":{"line":164,"column":54}},"86":{"start":{"line":167,"column":4},"end":{"line":167,"column":22}},"87":{"start":{"line":169,"column":4},"end":{"line":169,"column":68}},"88":{"start":{"line":170,"column":4},"end":{"line":170,"column":52}},"89":{"start":{"line":174,"column":41},"end":{"line":187,"column":1}},"90":{"start":{"line":175,"column":2},"end":{"line":186,"column":3}},"91":{"start":{"line":176,"column":16},"end":{"line":176,"column":73}},"92":{"start":{"line":177,"column":4},"end":{"line":177,"column":24}},"93":{"start":{"line":177,"column":14},"end":{"line":177,"column":24}},"94":{"start":{"line":179,"column":19},"end":{"line":179,"column":34}},"95":{"start":{"line":180,"column":4},"end":{"line":180,"column":42}},"96":{"start":{"line":180,"column":32},"end":{"line":180,"column":42}},"97":{"start":{"line":182,"column":4},"end":{"line":182,"column":63}},"98":{"start":{"line":182,"column":36},"end":{"line":182,"column":61}},"99":{"start":{"line":184,"column":4},"end":{"line":184,"column":69}},"100":{"start":{"line":185,"column":4},"end":{"line":185,"column":14}},"101":{"start":{"line":189,"column":42},"end":{"line":203,"column":1}},"102":{"start":{"line":192,"column":2},"end":{"line":202,"column":3}},"103":{"start":{"line":193,"column":22},"end":{"line":193,"column":85}},"104":{"start":{"line":193,"column":60},"end":{"line":193,"column":82}},"105":{"start":{"line":194,"column":4},"end":{"line":197,"column":6}},"106":{"start":{"line":198,"column":4},"end":{"line":198,"column":16}},"107":{"start":{"line":200,"column":4},"end":{"line":200,"column":68}},"108":{"start":{"line":201,"column":4},"end":{"line":201,"column":17}},"109":{"start":{"line":205,"column":53},"end":{"line":216,"column":1}},"110":{"start":{"line":206,"column":2},"end":{"line":215,"column":3}},"111":{"start":{"line":207,"column":4},"end":{"line":210,"column":6}},"112":{"start":{"line":211,"column":4},"end":{"line":211,"column":16}},"113":{"start":{"line":213,"column":4},"end":{"line":213,"column":77}},"114":{"start":{"line":214,"column":4},"end":{"line":214,"column":17}},"115":{"start":{"line":218,"column":52},"end":{"line":226,"column":1}},"116":{"start":{"line":219,"column":2},"end":{"line":225,"column":3}},"117":{"start":{"line":220,"column":25},"end":{"line":220,"column":100}},"118":{"start":{"line":221,"column":4},"end":{"line":221,"column":35}},"119":{"start":{"line":223,"column":4},"end":{"line":223,"column":78}},"120":{"start":{"line":224,"column":4},"end":{"line":224,"column":17}}},"fnMap":{"0":{"name":"(anonymous_0)","decl":{"start":{"line":12,"column":33},"end":{"line":12,"column":34}},"loc":{"start":{"line":12,"column":68},"end":{"line":26,"column":1}},"line":12},"1":{"name":"(anonymous_1)","decl":{"start":{"line":41,"column":26},"end":{"line":41,"column":27}},"loc":{"start":{"line":41,"column":74},"end":{"line":53,"column":1}},"line":41},"2":{"name":"(anonymous_2)","decl":{"start":{"line":55,"column":28},"end":{"line":55,"column":29}},"loc":{"start":{"line":55,"column":76},"end":{"line":72,"column":1}},"line":55},"3":{"name":"(anonymous_3)","decl":{"start":{"line":74,"column":27},"end":{"line":74,"column":28}},"loc":{"start":{"line":74,"column":65},"end":{"line":82,"column":1}},"line":74},"4":{"name":"(anonymous_4)","decl":{"start":{"line":84,"column":25},"end":{"line":84,"column":26}},"loc":{"start":{"line":84,"column":65},"end":{"line":92,"column":1}},"line":84},"5":{"name":"(anonymous_5)","decl":{"start":{"line":94,"column":27},"end":{"line":94,"column":28}},"loc":{"start":{"line":94,"column":54},"end":{"line":123,"column":1}},"line":94},"6":{"name":"(anonymous_6)","decl":{"start":{"line":125,"column":28},"end":{"line":125,"column":29}},"loc":{"start":{"line":125,"column":68},"end":{"line":135,"column":1}},"line":125},"7":{"name":"(anonymous_7)","decl":{"start":{"line":137,"column":41},"end":{"line":137,"column":42}},"loc":{"start":{"line":139,"column":23},"end":{"line":155,"column":1}},"line":139},"8":{"name":"(anonymous_8)","decl":{"start":{"line":157,"column":40},"end":{"line":157,"column":41}},"loc":{"start":{"line":157,"column":69},"end":{"line":172,"column":1}},"line":157},"9":{"name":"(anonymous_9)","decl":{"start":{"line":174,"column":41},"end":{"line":174,"column":42}},"loc":{"start":{"line":174,"column":72},"end":{"line":187,"column":1}},"line":174},"10":{"name":"(anonymous_10)","decl":{"start":{"line":182,"column":25},"end":{"line":182,"column":26}},"loc":{"start":{"line":182,"column":36},"end":{"line":182,"column":61}},"line":182},"11":{"name":"(anonymous_11)","decl":{"start":{"line":189,"column":42},"end":{"line":189,"column":43}},"loc":{"start":{"line":191,"column":23},"end":{"line":203,"column":1}},"line":191},"12":{"name":"(anonymous_12)","decl":{"start":{"line":193,"column":52},"end":{"line":193,"column":53}},"loc":{"start":{"line":193,"column":60},"end":{"line":193,"column":82}},"line":193},"13":{"name":"(anonymous_13)","decl":{"start":{"line":205,"column":53},"end":{"line":205,"column":54}},"loc":{"start":{"line":205,"column":96},"end":{"line":216,"column":1}},"line":205},"14":{"name":"(anonymous_14)","decl":{"start":{"line":218,"column":52},"end":{"line":218,"column":53}},"loc":{"start":{"line":218,"column":82},"end":{"line":226,"column":1}},"line":218}},"branchMap":{"0":{"loc":{"start":{"line":15,"column":2},"end":{"line":15,"column":44}},"type":"if","locations":[{"start":{"line":15,"column":2},"end":{"line":15,"column":44}},{"start":{},"end":{}}],"line":15},"1":{"loc":{"start":{"line":18,"column":2},"end":{"line":23,"column":3}},"type":"if","locations":[{"start":{"line":18,"column":2},"end":{"line":23,"column":3}},{"start":{},"end":{}}],"line":18},"2":{"loc":{"start":{"line":19,"column":4},"end":{"line":20,"column":50}},"type":"binary-expr","locations":[{"start":{"line":19,"column":4},"end":{"line":19,"column":50}},{"start":{"line":20,"column":4},"end":{"line":20,"column":50}}],"line":19},"3":{"loc":{"start":{"line":43,"column":4},"end":{"line":45,"column":5}},"type":"if","locations":[{"start":{"line":43,"column":4},"end":{"line":45,"column":5}},{"start":{},"end":{}}],"line":43},"4":{"loc":{"start":{"line":57,"column":4},"end":{"line":57,"column":59}},"type":"if","locations":[{"start":{"line":57,"column":4},"end":{"line":57,"column":59}},{"start":{},"end":{}}],"line":57},"5":{"loc":{"start":{"line":60,"column":4},"end":{"line":67,"column":5}},"type":"if","locations":[{"start":{"line":60,"column":4},"end":{"line":67,"column":5}},{"start":{"line":64,"column":11},"end":{"line":67,"column":5}}],"line":60},"6":{"loc":{"start":{"line":60,"column":8},"end":{"line":60,"column":49}},"type":"binary-expr","locations":[{"start":{"line":60,"column":8},"end":{"line":60,"column":21}},{"start":{"line":60,"column":25},"end":{"line":60,"column":49}}],"line":60},"7":{"loc":{"start":{"line":77,"column":11},"end":{"line":77,"column":49}},"type":"cond-expr","locations":[{"start":{"line":77,"column":22},"end":{"line":77,"column":42}},{"start":{"line":77,"column":45},"end":{"line":77,"column":49}}],"line":77},"8":{"loc":{"start":{"line":87,"column":11},"end":{"line":87,"column":45}},"type":"cond-expr","locations":[{"start":{"line":87,"column":20},"end":{"line":87,"column":38}},{"start":{"line":87,"column":41},"end":{"line":87,"column":45}}],"line":87},"9":{"loc":{"start":{"line":106,"column":4},"end":{"line":119,"column":5}},"type":"if","locations":[{"start":{"line":106,"column":4},"end":{"line":119,"column":5}},{"start":{},"end":{}}],"line":106},"10":{"loc":{"start":{"line":108,"column":6},"end":{"line":118,"column":7}},"type":"if","locations":[{"start":{"line":108,"column":6},"end":{"line":118,"column":7}},{"start":{},"end":{}}],"line":108},"11":{"loc":{"start":{"line":126,"column":2},"end":{"line":126,"column":41}},"type":"if","locations":[{"start":{"line":126,"column":2},"end":{"line":126,"column":41}},{"start":{},"end":{}}],"line":126},"12":{"loc":{"start":{"line":128,"column":2},"end":{"line":132,"column":3}},"type":"if","locations":[{"start":{"line":128,"column":2},"end":{"line":132,"column":3}},{"start":{},"end":{}}],"line":128},"13":{"loc":{"start":{"line":142,"column":4},"end":{"line":144,"column":5}},"type":"if","locations":[{"start":{"line":142,"column":4},"end":{"line":144,"column":5}},{"start":{},"end":{}}],"line":142},"14":{"loc":{"start":{"line":160,"column":4},"end":{"line":160,"column":62}},"type":"if","locations":[{"start":{"line":160,"column":4},"end":{"line":160,"column":62}},{"start":{},"end":{}}],"line":160},"15":{"loc":{"start":{"line":163,"column":4},"end":{"line":165,"column":5}},"type":"if","locations":[{"start":{"line":163,"column":4},"end":{"line":165,"column":5}},{"start":{},"end":{}}],"line":163},"16":{"loc":{"start":{"line":177,"column":4},"end":{"line":177,"column":24}},"type":"if","locations":[{"start":{"line":177,"column":4},"end":{"line":177,"column":24}},{"start":{},"end":{}}],"line":177},"17":{"loc":{"start":{"line":180,"column":4},"end":{"line":180,"column":42}},"type":"if","locations":[{"start":{"line":180,"column":4},"end":{"line":180,"column":42}},{"start":{},"end":{}}],"line":180}},"s":{"0":10,"1":10,"2":10,"3":10,"4":10,"5":10,"6":10,"7":10,"8":10,"9":0,"10":0,"11":0,"12":0,"13":0,"14":0,"15":0,"16":10,"17":2,"18":2,"19":1,"20":1,"21":1,"22":1,"23":1,"24":1,"25":10,"26":2,"27":2,"28":0,"29":2,"30":1,"31":1,"32":1,"33":1,"34":1,"35":0,"36":0,"37":10,"38":1,"39":1,"40":1,"41":0,"42":0,"43":10,"44":1,"45":1,"46":1,"47":0,"48":0,"49":10,"50":1,"51":1,"52":1,"53":1,"54":1,"55":1,"56":1,"57":1,"58":1,"59":1,"60":0,"61":0,"62":10,"63":4,"64":1,"65":3,"66":2,"67":2,"68":1,"69":10,"70":0,"71":0,"72":0,"73":0,"74":0,"75":0,"76":0,"77":0,"78":10,"79":0,"80":0,"81":0,"82":0,"83":0,"84":0,"85":0,"86":0,"87":0,"88":0,"89":10,"90":0,"91":0,"92":0,"93":0,"94":0,"95":0,"96":0,"97":0,"98":0,"99":0,"100":0,"101":10,"102":0,"103":0,"104":0,"105":0,"106":0,"107":0,"108":0,"109":10,"110":0,"111":0,"112":0,"113":0,"114":0,"115":10,"116":3,"117":3,"118":3,"119":0,"120":0},"f":{"0":0,"1":2,"2":2,"3":1,"4":1,"5":1,"6":4,"7":0,"8":0,"9":0,"10":0,"11":0,"12":0,"13":0,"14":3},"b":{"0":[0,0],"1":[0,0],"2":[0,0],"3":[1,1],"4":[0,2],"5":[1,1],"6":[2,2],"7":[1,0],"8":[1,0],"9":[1,0],"10":[1,0],"11":[1,3],"12":[2,1],"13":[0,0],"14":[0,0],"15":[0,0],"16":[0,0],"17":[0,0]},"_coverageSchema":"1a1c01bbd47fc00a2c39e90264f33305004495a9","hash":"61e30f5af05c86efe7f532e6101da04a2c79015d"}
}
