TN:
SF:src\Auth\AuthFlow.ts
FN:18,(anonymous_0)
FN:35,(anonymous_1)
FN:47,(anonymous_2)
FN:58,(anonymous_3)
FNF:4
FNH:4
FNDA:33,(anonymous_0)
FNDA:33,(anonymous_1)
FNDA:20,(anonymous_2)
FNDA:11,(anonymous_3)
DA:19,33
DA:20,33
DA:21,33
DA:22,3
DA:23,3
DA:25,30
DA:26,24
DA:27,20
DA:28,20
DA:30,11
DA:31,11
DA:36,33
DA:37,33
DA:38,32
DA:39,29
DA:40,29
DA:42,1
DA:48,20
DA:49,20
LF:19
LH:19
BRDA:21,0,0,3
BRDA:21,0,1,30
BRDA:38,1,0,3
BRDA:38,1,1,29
BRDA:38,2,0,32
BRDA:38,2,1,4
BRF:6
BRH:6
end_of_record
TN:
SF:src\Auth\GoogleCalendarAuthFlow.ts
FN:7,(anonymous_0)
FN:13,(anonymous_1)
FN:32,(anonymous_2)
FN:51,(anonymous_3)
FNF:4
FNH:4
FNDA:18,(anonymous_0)
FNDA:17,(anonymous_1)
FNDA:12,(anonymous_2)
FNDA:10,(anonymous_3)
DA:8,18
DA:9,18
DA:10,18
DA:14,17
DA:16,17
DA:17,3
DA:20,14
DA:21,14
DA:22,2
DA:25,12
DA:33,12
DA:37,11
DA:38,2
DA:41,9
DA:43,9
DA:52,10
LF:16
LH:16
BRDA:16,0,0,3
BRDA:16,0,1,14
BRDA:17,1,0,2
BRDA:17,1,1,1
BRDA:21,2,0,2
BRDA:21,2,1,12
BRDA:27,3,0,12
BRDA:27,3,1,1
BRDA:37,4,0,2
BRDA:37,4,1,9
BRDA:44,5,0,9
BRDA:44,5,1,1
BRDA:45,6,0,9
BRDA:45,6,1,1
BRDA:46,7,0,9
BRDA:46,7,1,1
BRDA:47,8,0,9
BRDA:47,8,1,3
BRF:18
BRH:18
end_of_record
TN:
SF:src\_tests_\mock\mockCalendarData.ts
FN:1,(anonymous_0)
FN:7,(anonymous_1)
FNF:2
FNH:2
FNDA:80,(anonymous_0)
FNDA:48,(anonymous_1)
DA:1,8
DA:2,80
DA:3,80
DA:4,80
DA:7,8
DA:8,48
DA:9,48
DA:10,48
DA:13,8
LF:9
LH:9
BRF:0
BRH:0
end_of_record
TN:
SF:src\_tests_\utils\strategyTestHelper.ts
FN:10,getApiMocks
FN:22,resetApiMocks
FN:23,(anonymous_2)
FN:27,(anonymous_3)
FNF:4
FNH:4
FNDA:4,getApiMocks
FNDA:4,resetApiMocks
FNDA:52,(anonymous_2)
FNDA:3,(anonymous_3)
DA:1,4
DA:2,4
DA:3,4
DA:5,4
DA:6,4
DA:8,4
DA:11,4
DA:12,4
DA:23,4
DA:24,52
DA:27,52
DA:28,3
DA:29,2
DA:32,52
DA:33,52
DA:34,52
DA:35,52
DA:36,52
LF:18
LH:18
BRDA:28,0,0,1
BRDA:28,0,1,2
BRDA:29,1,0,1
BRDA:29,1,1,1
BRF:4
BRH:4
end_of_record
TN:
SF:src\_tests_\utils\testDataGenerator.ts
FN:9,(anonymous_0)
FN:11,(anonymous_1)
FN:12,(anonymous_2)
FNF:3
FNH:3
FNDA:4,(anonymous_0)
FNDA:34,(anonymous_1)
FNDA:34,(anonymous_2)
DA:9,2
DA:10,4
DA:11,34
DA:12,34
DA:18,2
LF:5
LH:5
BRF:0
BRH:0
end_of_record
TN:
SF:src\api\calendarApi.ts
FN:22,(anonymous_0)
FN:27,(anonymous_1)
FN:49,(anonymous_2)
FN:69,(anonymous_3)
FN:161,(anonymous_4)
FN:174,(anonymous_5)
FN:194,(anonymous_6)
FN:216,(anonymous_7)
FN:229,(anonymous_8)
FN:237,(anonymous_9)
FN:244,(anonymous_10)
FN:271,(anonymous_11)
FN:277,(anonymous_12)
FNF:13
FNH:13
FNDA:20,(anonymous_0)
FNDA:1,(anonymous_1)
FNDA:1,(anonymous_2)
FNDA:20,(anonymous_3)
FNDA:12,(anonymous_4)
FNDA:1,(anonymous_5)
FNDA:1,(anonymous_6)
FNDA:1,(anonymous_7)
FNDA:1,(anonymous_8)
FNDA:1,(anonymous_9)
FNDA:1,(anonymous_10)
FNDA:1,(anonymous_11)
FNDA:1,(anonymous_12)
DA:1,8
DA:23,20
DA:24,20
DA:31,1
DA:36,0
DA:42,1
DA:54,1
DA:55,0
DA:62,1
DA:70,20
DA:71,20
DA:74,20
DA:75,4
DA:76,4
DA:77,3
DA:79,1
DA:83,20
DA:84,20
DA:93,18
DA:95,18
DA:97,7
DA:98,7
DA:100,7
DA:101,7
DA:102,7
DA:103,7
DA:105,0
DA:109,7
DA:111,1
DA:112,1
DA:113,1
DA:115,1
DA:116,1
DA:118,1
DA:119,1
DA:121,1
DA:122,1
DA:124,1
DA:125,1
DA:127,2
DA:129,7
DA:133,11
DA:134,11
DA:137,11
DA:138,5
DA:139,6
DA:140,1
DA:143,11
DA:147,9
DA:148,1
DA:149,1
DA:153,8
DA:154,8
DA:162,12
DA:163,12
DA:164,12
DA:165,3
DA:166,3
DA:168,9
DA:169,9
DA:175,1
DA:176,1
DA:177,1
DA:178,1
DA:185,1
DA:186,1
DA:188,0
DA:189,0
DA:195,1
DA:196,1
DA:198,1
DA:199,1
DA:207,1
DA:208,1
DA:210,0
DA:211,0
DA:217,1
DA:222,1
DA:230,1
DA:238,1
DA:245,1
DA:251,1
DA:253,1
DA:254,1
DA:262,1
DA:263,1
DA:265,0
DA:266,0
DA:272,1
DA:277,1
LF:90
LH:81
BRDA:31,0,0,0
BRDA:31,0,1,1
BRDA:32,1,0,1
BRDA:32,1,1,0
BRDA:32,1,2,0
BRDA:44,2,0,0
BRDA:44,2,1,1
BRDA:45,3,0,1
BRDA:45,3,1,0
BRDA:54,4,0,0
BRDA:54,4,1,1
BRDA:69,5,0,15
BRDA:71,6,0,20
BRDA:71,6,1,16
BRDA:74,7,0,4
BRDA:74,7,1,16
BRDA:95,8,0,7
BRDA:95,8,1,11
BRDA:103,9,0,7
BRDA:103,9,1,1
BRDA:103,9,2,0
BRDA:109,10,0,1
BRDA:109,10,1,1
BRDA:109,10,2,1
BRDA:109,10,3,1
BRDA:109,10,4,1
BRDA:109,10,5,2
BRDA:137,11,0,5
BRDA:137,11,1,6
BRDA:137,12,0,11
BRDA:137,12,1,5
BRDA:139,13,0,1
BRDA:139,13,1,5
BRDA:147,14,0,1
BRDA:147,14,1,8
BRDA:147,15,0,9
BRDA:147,15,1,1
BRDA:174,16,0,1
BRDA:185,17,0,1
BRDA:185,17,1,1
BRDA:194,18,0,0
BRDA:207,19,0,1
BRDA:207,19,1,1
BRDA:262,20,0,1
BRDA:262,20,1,1
BRDA:271,21,0,1
BRF:46
BRH:38
end_of_record
TN:
SF:src\api\googleDirectionsAPI.ts
FN:9,(anonymous_0)
FN:44,(anonymous_1)
FN:49,(anonymous_2)
FN:52,(anonymous_3)
FN:65,(anonymous_4)
FN:70,(anonymous_5)
FN:82,(anonymous_6)
FN:102,(anonymous_7)
FN:148,(anonymous_8)
FN:163,(anonymous_9)
FN:182,(anonymous_10)
FN:190,(anonymous_11)
FN:195,(anonymous_12)
FN:235,(anonymous_13)
FN:237,(anonymous_14)
FN:245,(anonymous_15)
FN:250,(anonymous_16)
FN:285,(anonymous_17)
FN:289,(anonymous_18)
FNF:19
FNH:17
FNDA:20,(anonymous_0)
FNDA:34,(anonymous_1)
FNDA:21,(anonymous_2)
FNDA:36,(anonymous_3)
FNDA:3,(anonymous_4)
FNDA:7,(anonymous_5)
FNDA:4,(anonymous_6)
FNDA:0,(anonymous_7)
FNDA:5,(anonymous_8)
FNDA:0,(anonymous_9)
FNDA:10,(anonymous_10)
FNDA:12,(anonymous_11)
FNDA:8,(anonymous_12)
FNDA:12,(anonymous_13)
FNDA:8,(anonymous_14)
FNDA:9,(anonymous_15)
FNDA:7,(anonymous_16)
FNDA:9,(anonymous_17)
FNDA:24,(anonymous_18)
DA:7,4
DA:9,4
DA:10,20
DA:11,20
DA:12,20
DA:13,20
DA:15,20
DA:16,27
DA:17,27
DA:20,27
DA:21,116
DA:22,116
DA:23,116
DA:26,27
DA:27,27
DA:28,27
DA:30,27
DA:31,119
DA:32,119
DA:33,119
DA:36,27
DA:37,27
DA:40,20
DA:44,4
DA:45,34
DA:46,31
DA:49,4
DA:50,21
DA:52,4
DA:58,36
DA:59,35
DA:60,35
DA:61,35
DA:62,33
DA:65,4
DA:66,3
DA:67,2
DA:70,4
DA:71,7
DA:72,7
DA:82,4
DA:89,4
DA:99,4
DA:101,4
DA:102,4
DA:104,4
DA:137,4
DA:138,4
DA:140,4
DA:141,2
DA:143,1
DA:148,4
DA:156,5
DA:157,5
DA:158,5
DA:160,5
DA:162,5
DA:163,5
DA:164,5
DA:165,5
DA:167,5
DA:168,5
DA:169,3
DA:170,2
DA:178,1
DA:182,4
DA:189,10
DA:191,12
DA:192,12
DA:193,12
DA:195,10
DA:196,8
DA:197,8
DA:202,8
DA:221,10
DA:223,10
DA:235,12
DA:237,4
DA:244,8
DA:246,9
DA:247,9
DA:248,9
DA:250,8
DA:251,7
DA:252,7
DA:254,7
DA:271,8
DA:273,8
DA:285,9
DA:289,4
DA:292,24
DA:293,23
DA:294,23
DA:295,6
DA:296,4
DA:297,3
DA:298,1
LF:97
LH:97
BRDA:7,0,0,4
BRDA:7,0,1,4
BRDA:7,0,2,4
BRDA:21,1,0,116
BRDA:21,1,1,1
BRDA:26,2,0,2
BRDA:26,2,1,25
BRDA:31,3,0,119
BRDA:31,3,1,2
BRDA:36,4,0,26
BRDA:36,4,1,1
BRDA:45,5,0,3
BRDA:45,5,1,31
BRDA:45,6,0,34
BRDA:45,6,1,32
BRDA:46,7,0,19
BRDA:46,7,1,12
BRDA:50,8,0,19
BRDA:50,8,1,2
BRDA:50,9,0,19
BRDA:50,9,1,1
BRDA:58,10,0,1
BRDA:58,10,1,35
BRDA:59,11,0,20
BRDA:59,11,1,15
BRDA:60,12,0,20
BRDA:60,12,1,15
BRDA:61,13,0,2
BRDA:61,13,1,33
BRDA:61,14,0,35
BRDA:61,14,1,34
BRDA:66,15,0,1
BRDA:66,15,1,2
BRDA:67,16,0,1
BRDA:67,16,1,1
BRDA:73,17,0,7
BRDA:73,17,1,4
BRDA:73,17,2,3
BRDA:73,17,3,2
BRDA:73,17,4,1
BRDA:140,18,0,2
BRDA:140,18,1,2
BRDA:140,19,0,2
BRDA:140,19,1,1
BRDA:141,20,0,1
BRDA:141,20,1,1
BRDA:168,21,0,2
BRDA:168,21,1,3
BRDA:168,22,0,2
BRDA:168,22,1,1
BRDA:169,23,0,2
BRDA:169,23,1,1
BRDA:169,24,0,3
BRDA:169,24,1,1
BRDA:171,25,0,2
BRDA:171,25,1,2
BRDA:172,26,0,1
BRDA:172,26,1,1
BRDA:192,27,0,12
BRDA:192,27,1,1
BRDA:193,28,0,2
BRDA:193,28,1,10
BRDA:193,29,0,12
BRDA:193,29,1,11
BRDA:195,30,0,10
BRDA:195,30,1,1
BRDA:212,31,0,8
BRDA:212,31,1,7
BRDA:217,32,0,5
BRDA:217,32,1,3
BRDA:221,33,0,10
BRDA:221,33,1,1
BRDA:221,34,0,10
BRDA:221,34,1,2
BRDA:221,34,2,1
BRDA:227,35,0,10
BRDA:227,35,1,1
BRDA:248,36,0,1
BRDA:248,36,1,8
BRDA:248,37,0,9
BRDA:248,37,1,9
BRDA:248,37,2,9
BRDA:248,37,3,8
BRDA:250,38,0,8
BRDA:250,38,1,1
BRDA:257,39,0,7
BRDA:257,39,1,2
BRDA:267,40,0,5
BRDA:267,40,1,2
BRDA:292,41,0,1
BRDA:292,41,1,23
BRDA:294,42,0,17
BRDA:294,42,1,6
BRDA:295,43,0,2
BRDA:295,43,1,4
BRDA:296,44,0,1
BRDA:296,44,1,3
BRDA:297,45,0,2
BRDA:297,45,1,1
BRF:99
BRH:99
end_of_record
TN:
SF:src\api\places.ts
FN:30,(anonymous_0)
FN:57,(anonymous_1)
FN:93,(anonymous_2)
FN:111,(anonymous_3)
FNF:4
FNH:4
FNDA:1,(anonymous_0)
FNDA:4,(anonymous_1)
FNDA:1,(anonymous_2)
FNDA:1,(anonymous_3)
DA:11,2
DA:15,2
DA:20,2
DA:30,2
DA:33,1
DA:34,1
DA:37,1
DA:40,0
DA:44,0
DA:49,0
DA:51,1
DA:52,1
DA:57,2
DA:62,4
DA:63,4
DA:65,4
DA:66,4
DA:85,3
DA:86,3
DA:87,2
DA:88,2
DA:92,1
DA:94,1
DA:95,1
DA:105,1
DA:106,1
DA:111,2
LF:27
LH:24
BRDA:11,0,0,2
BRDA:11,0,1,2
BRDA:11,0,2,2
BRDA:40,1,0,0
BRDA:40,1,1,0
BRDA:44,2,0,0
BRDA:44,2,1,0
BRDA:44,2,2,0
BRDA:60,3,0,3
BRDA:63,4,0,4
BRDA:63,4,1,0
BRDA:86,5,0,2
BRDA:86,5,1,1
BRDA:86,6,0,3
BRDA:86,6,1,3
BRDA:97,7,0,1
BRDA:97,7,1,0
BRF:17
BRH:10
end_of_record
TN:
SF:src\api\shuttleEngine.ts
FN:62,(anonymous_0)
FN:69,(anonymous_1)
FN:78,(anonymous_2)
FN:116,(anonymous_3)
FN:117,(anonymous_4)
FN:122,(anonymous_5)
FN:136,(anonymous_6)
FN:150,(anonymous_7)
FN:168,(anonymous_8)
FNF:9
FNH:9
FNDA:24,(anonymous_0)
FNDA:24,(anonymous_1)
FNDA:16,(anonymous_2)
FNDA:13,(anonymous_3)
FNDA:39,(anonymous_4)
FNDA:32,(anonymous_5)
FNDA:13,(anonymous_6)
FNDA:26,(anonymous_7)
FNDA:18,(anonymous_8)
DA:7,1
DA:8,1
DA:9,1
DA:10,1
DA:12,1
DA:62,1
DA:63,24
DA:64,22
DA:65,22
DA:66,22
DA:69,1
DA:70,24
DA:71,22
DA:72,20
DA:78,1
DA:86,16
DA:87,16
DA:89,15
DA:90,15
DA:92,15
DA:94,14
DA:96,14
DA:98,13
DA:99,13
DA:100,27
DA:101,27
DA:105,1
DA:106,3
DA:107,3
DA:108,1
DA:112,1
DA:116,13
DA:117,39
DA:122,1
DA:123,32
DA:124,32
DA:125,28
DA:126,24
DA:127,24
DA:130,4
DA:132,8
DA:136,1
DA:144,13
DA:145,13
DA:146,13
DA:150,1
DA:158,26
DA:159,18
DA:161,8
DA:168,1
DA:174,18
DA:175,18
DA:176,18
DA:177,18
DA:179,18
DA:180,18
DA:182,18
DA:184,16
DA:185,16
DA:186,16
DA:187,16
DA:188,16
DA:190,16
DA:191,16
DA:193,16
DA:194,16
DA:195,16
DA:197,13
DA:198,13
DA:199,13
DA:200,13
DA:201,13
DA:203,13
DA:207,13
DA:210,13
DA:214,13
DA:215,13
DA:216,13
DA:218,13
DA:219,13
DA:231,13
DA:233,13
LF:82
LH:82
BRDA:63,0,0,2
BRDA:63,0,1,22
BRDA:66,1,0,4
BRDA:66,1,1,18
BRDA:66,2,0,18
BRDA:66,2,1,4
BRDA:70,3,0,2
BRDA:70,3,1,22
BRDA:71,4,0,2
BRDA:71,4,1,20
BRDA:87,5,0,1
BRDA:87,5,1,15
BRDA:87,6,0,16
BRDA:87,6,1,15
BRDA:89,7,0,1
BRDA:89,7,1,14
BRDA:92,8,0,1
BRDA:92,8,1,14
BRDA:92,9,0,15
BRDA:92,9,1,14
BRDA:96,10,0,13
BRDA:96,10,1,1
BRDA:101,11,0,12
BRDA:101,11,1,15
BRDA:107,12,0,1
BRDA:107,12,1,2
BRDA:116,13,0,8
BRDA:116,13,1,5
BRDA:117,14,0,13
BRDA:117,14,1,26
BRDA:125,15,0,24
BRDA:125,15,1,4
BRDA:125,16,0,28
BRDA:125,16,1,26
BRDA:144,17,0,12
BRDA:144,17,1,1
BRDA:145,18,0,12
BRDA:145,18,1,1
BRDA:158,19,0,18
BRDA:158,19,1,8
BRDA:158,20,0,26
BRDA:158,20,1,18
BRDA:171,21,0,2
BRDA:172,22,0,3
BRDA:179,23,0,18
BRDA:179,23,1,15
BRDA:180,24,0,18
BRDA:180,24,1,4
BRDA:182,25,0,2
BRDA:182,25,1,16
BRDA:182,26,0,18
BRDA:182,26,1,4
BRDA:184,27,0,14
BRDA:184,27,1,2
BRDA:185,28,0,14
BRDA:185,28,1,2
BRDA:186,29,0,14
BRDA:186,29,1,2
BRDA:187,30,0,14
BRDA:187,30,1,2
BRDA:188,31,0,14
BRDA:188,31,1,2
BRDA:195,32,0,3
BRDA:195,32,1,13
BRDA:207,33,0,13
BRDA:207,33,1,5
BRDA:207,34,0,13
BRDA:207,34,1,5
BRDA:210,35,0,12
BRDA:210,35,1,1
BRDA:214,36,0,11
BRDA:214,36,1,2
BRDA:215,37,0,11
BRDA:215,37,1,2
BRDA:216,38,0,11
BRDA:216,38,1,2
BRF:76
BRH:76
end_of_record
TN:
SF:src\api\shuttleSyncService.ts
FN:140,(anonymous_0)
FN:155,(anonymous_1)
FN:199,(anonymous_2)
FN:220,(anonymous_3)
FNF:4
FNH:4
FNDA:2,(anonymous_0)
FNDA:2,(anonymous_1)
FNDA:4,(anonymous_2)
FNDA:3,(anonymous_3)
DA:3,1
DA:4,1
DA:12,1
DA:140,1
DA:141,2
DA:147,2
DA:148,2
DA:149,2
DA:151,1
DA:152,1
DA:153,1
DA:155,1
DA:156,2
DA:158,2
DA:159,3
DA:160,3
DA:161,3
DA:164,3
DA:165,6
DA:166,6
DA:172,6
DA:177,3
DA:178,3
DA:179,3
DA:184,1
DA:185,1
DA:186,1
DA:189,0
DA:192,1
DA:199,1
DA:200,4
DA:201,4
DA:202,3
DA:204,2
DA:205,2
DA:208,2
DA:209,1
DA:210,1
DA:213,2
DA:220,1
DA:221,3
DA:222,3
DA:223,2
DA:225,1
DA:227,2
LF:45
LH:44
BRDA:149,0,0,1
BRDA:149,0,1,1
BRDA:153,1,0,1
BRDA:153,1,1,0
BRDA:177,2,0,3
BRDA:177,2,1,0
BRDA:178,3,0,3
BRDA:178,3,1,0
BRDA:179,4,0,3
BRDA:179,4,1,0
BRDA:185,5,0,1
BRDA:185,5,1,0
BRDA:202,6,0,1
BRDA:202,6,1,2
BRDA:208,7,0,1
BRDA:208,7,1,1
BRDA:223,8,0,1
BRDA:223,8,1,1
BRF:18
BRH:13
end_of_record
TN:
SF:src\components\AdditionalInfoPopup.tsx
FN:45,(anonymous_0)
FN:86,(anonymous_1)
FN:130,(anonymous_2)
FN:138,(anonymous_3)
FN:141,(anonymous_4)
FN:147,(anonymous_5)
FN:153,(anonymous_6)
FN:154,(anonymous_7)
FN:159,(anonymous_8)
FNF:9
FNH:9
FNDA:28,(anonymous_0)
FNDA:28,(anonymous_1)
FNDA:3,(anonymous_2)
FNDA:4,(anonymous_3)
FNDA:4,(anonymous_4)
FNDA:3,(anonymous_5)
FNDA:1,(anonymous_6)
FNDA:1,(anonymous_7)
FNDA:27,(anonymous_8)
DA:44,1
DA:52,28
DA:53,26
DA:63,2
DA:81,1
DA:83,1
DA:97,28
DA:99,28
DA:101,28
DA:107,28
DA:109,28
DA:110,28
DA:123,28
DA:129,28
DA:131,3
DA:132,3
DA:133,3
DA:138,28
DA:139,4
DA:141,4
DA:142,4
DA:146,28
DA:148,3
DA:153,28
DA:154,1
DA:158,28
DA:159,28
DA:160,27
DA:161,1
DA:162,1
DA:164,1
DA:178,28
DA:274,1
LF:33
LH:33
BRDA:52,0,0,26
BRDA:52,0,1,2
BRDA:69,1,0,0
BRDA:69,1,1,2
BRDA:99,2,0,28
BRDA:99,2,1,0
BRDA:132,3,0,1
BRDA:132,3,1,2
BRDA:133,4,0,1
BRDA:133,4,1,2
BRDA:139,5,0,2
BRDA:139,5,1,2
BRDA:160,6,0,26
BRDA:160,6,1,1
BRDA:160,7,0,27
BRDA:160,7,1,25
BRDA:224,8,0,0
BRDA:224,8,1,28
BRF:18
BRH:15
end_of_record
TN:
SF:src\components\AdditionalInfoPopupContent.tsx
FN:30,(anonymous_0)
FN:45,(anonymous_1)
FNF:2
FNH:2
FNDA:12,(anonymous_0)
FNDA:2,(anonymous_1)
DA:30,1
DA:43,12
DA:45,12
DA:46,2
DA:47,1
DA:61,1
DA:91,12
LF:7
LH:7
BRDA:39,0,0,1
BRDA:46,1,0,1
BRDA:46,1,1,1
BRDA:106,2,0,12
BRDA:106,2,1,0
BRDA:113,3,0,12
BRDA:113,3,1,2
BRDA:116,4,0,12
BRDA:116,4,1,5
BRDA:135,5,0,2
BRDA:135,5,1,3
BRDA:139,6,0,2
BRDA:139,6,1,3
BRDA:141,7,0,2
BRDA:141,7,1,3
BRDA:146,8,0,0
BRDA:146,8,1,5
BRDA:154,9,0,12
BRDA:154,9,1,1
BRF:19
BRH:17
end_of_record
TN:
SF:src\components\AdditionalInfoPopupHeader.tsx
FN:35,(anonymous_0)
FN:50,(anonymous_1)
FN:66,(anonymous_2)
FN:73,(anonymous_3)
FN:78,(anonymous_4)
FN:83,(anonymous_5)
FN:96,(anonymous_6)
FN:156,(anonymous_7)
FNF:8
FNH:8
FNDA:16,(anonymous_0)
FNDA:22,(anonymous_1)
FNDA:1,(anonymous_2)
FNDA:1,(anonymous_3)
FNDA:1,(anonymous_4)
FNDA:1,(anonymous_5)
FNDA:1,(anonymous_6)
FNDA:16,(anonymous_7)
DA:35,1
DA:36,16
DA:37,16
DA:39,16
DA:40,8
DA:43,8
DA:44,6
DA:47,2
DA:50,1
DA:63,22
DA:65,22
DA:66,22
DA:67,1
DA:68,1
DA:69,1
DA:72,22
DA:73,22
DA:74,1
DA:75,1
DA:77,22
DA:78,22
DA:79,1
DA:80,1
DA:82,22
DA:83,22
DA:84,1
DA:85,1
DA:88,22
DA:97,1
DA:157,16
LF:30
LH:30
BRDA:39,0,0,8
BRDA:39,0,1,8
BRDA:43,1,0,6
BRDA:43,1,1,2
BRDA:99,2,0,22
BRDA:99,2,1,2
BRDA:106,3,0,2
BRDA:106,3,1,20
BRDA:115,4,0,22
BRDA:115,4,1,3
BRDA:115,4,2,2
BRDA:131,5,0,22
BRDA:131,5,1,1
BRDA:145,6,0,22
BRDA:145,6,1,1
BRDA:151,7,0,22
BRDA:151,7,1,1
BRDA:154,8,0,22
BRDA:154,8,1,8
BRF:19
BRH:19
end_of_record
TN:
SF:src\components\BuildingSearchButton.tsx
FN:13,(anonymous_0)
FNF:1
FNH:0
FNDA:0,(anonymous_0)
DA:13,0
DA:14,0
DA:15,0
DA:16,0
DA:17,0
DA:18,0
DA:20,0
LF:7
LH:0
BRDA:15,0,0,0
BRDA:15,0,1,0
BRDA:16,1,0,0
BRDA:16,1,1,0
BRDA:17,2,0,0
BRDA:17,2,1,0
BRDA:18,3,0,0
BRDA:18,3,1,0
BRDA:45,4,0,0
BRDA:45,4,1,0
BRDA:48,5,0,0
BRDA:48,5,1,0
BRF:12
BRH:0
end_of_record
TN:
SF:src\components\CampusMap.tsx
FN:52,(anonymous_0)
FN:52,(anonymous_1)
FN:93,(anonymous_2)
FN:99,(anonymous_3)
FN:108,(anonymous_4)
FN:124,getFillColorOpacity
FN:148,(anonymous_6)
FN:175,(anonymous_7)
FN:190,(anonymous_8)
FN:263,(anonymous_9)
FN:264,(anonymous_10)
FN:271,(anonymous_11)
FN:274,(anonymous_12)
FN:288,(anonymous_13)
FN:290,(anonymous_14)
FN:291,(anonymous_15)
FN:299,(anonymous_16)
FN:300,(anonymous_17)
FN:310,(anonymous_18)
FN:312,(anonymous_19)
FN:315,(anonymous_20)
FN:322,(anonymous_21)
FN:330,(anonymous_22)
FN:339,(anonymous_23)
FN:346,(anonymous_24)
FN:350,(anonymous_25)
FN:362,(anonymous_26)
FN:386,(anonymous_27)
FN:402,(anonymous_28)
FN:404,(anonymous_29)
FN:409,(anonymous_30)
FN:421,(anonymous_31)
FN:428,(anonymous_32)
FN:452,(anonymous_33)
FN:466,(anonymous_34)
FN:468,(anonymous_35)
FN:471,(anonymous_36)
FN:477,(anonymous_37)
FN:478,(anonymous_38)
FN:512,(anonymous_39)
FN:527,(anonymous_40)
FN:533,(anonymous_41)
FN:551,(anonymous_42)
FN:552,(anonymous_43)
FN:557,(anonymous_44)
FN:575,(anonymous_45)
FN:576,(anonymous_46)
FN:590,(anonymous_47)
FN:594,(anonymous_48)
FN:596,(anonymous_49)
FN:597,(anonymous_50)
FN:606,(anonymous_51)
FN:639,(anonymous_52)
FN:670,(anonymous_53)
FN:676,(anonymous_54)
FN:686,(anonymous_55)
FN:726,(anonymous_56)
FN:728,(anonymous_57)
FN:733,(anonymous_58)
FN:735,(anonymous_59)
FN:737,(anonymous_60)
FN:741,(anonymous_61)
FN:747,(anonymous_62)
FN:752,(anonymous_63)
FN:760,(anonymous_64)
FN:784,(anonymous_65)
FN:788,(anonymous_66)
FN:814,(anonymous_67)
FN:831,(anonymous_68)
FN:836,(anonymous_69)
FN:837,(anonymous_70)
FN:858,(anonymous_71)
FN:866,(anonymous_72)
FN:874,(anonymous_73)
FN:921,(anonymous_74)
FN:930,(anonymous_75)
FN:931,markerRefSetter
FN:934,(anonymous_77)
FN:936,(anonymous_78)
FN:937,(anonymous_79)
FN:968,(anonymous_80)
FN:975,(anonymous_81)
FN:976,(anonymous_82)
FN:979,(anonymous_83)
FN:987,(anonymous_84)
FN:994,(anonymous_85)
FN:1004,(anonymous_86)
FN:1025,(anonymous_87)
FN:1031,(anonymous_88)
FN:1037,(anonymous_89)
FN:1039,(anonymous_90)
FN:1041,(anonymous_91)
FN:1080,(anonymous_92)
FN:1086,(anonymous_93)
FN:1103,(anonymous_94)
FN:1105,(anonymous_95)
FN:1129,(anonymous_96)
FN:1133,(anonymous_97)
FN:1134,(anonymous_98)
FN:1167,(anonymous_99)
FN:1212,(anonymous_100)
FN:1252,(anonymous_101)
FN:1253,(anonymous_102)
FN:1256,(anonymous_103)
FN:1263,(anonymous_104)
FN:1384,(anonymous_105)
FN:1406,(anonymous_106)
FN:1434,(anonymous_107)
FN:1438,(anonymous_108)
FN:1439,(anonymous_109)
FN:1441,(anonymous_110)
FN:1469,(anonymous_111)
FN:1491,(anonymous_112)
FN:1496,(anonymous_113)
FN:1506,(anonymous_114)
FN:1530,(anonymous_115)
FN:1542,(anonymous_116)
FNF:117
FNH:85
FNDA:311,(anonymous_0)
FNDA:1555,(anonymous_1)
FNDA:184,(anonymous_2)
FNDA:117,(anonymous_3)
FNDA:184,(anonymous_4)
FNDA:184,getFillColorOpacity
FNDA:14,(anonymous_6)
FNDA:2,(anonymous_7)
FNDA:180,(anonymous_8)
FNDA:66,(anonymous_9)
FNDA:66,(anonymous_10)
FNDA:66,(anonymous_11)
FNDA:0,(anonymous_12)
FNDA:66,(anonymous_13)
FNDA:66,(anonymous_14)
FNDA:66,(anonymous_15)
FNDA:66,(anonymous_16)
FNDA:66,(anonymous_17)
FNDA:68,(anonymous_18)
FNDA:4,(anonymous_19)
FNDA:2,(anonymous_20)
FNDA:69,(anonymous_21)
FNDA:2,(anonymous_22)
FNDA:1,(anonymous_23)
FNDA:2,(anonymous_24)
FNDA:1,(anonymous_25)
FNDA:1,(anonymous_26)
FNDA:72,(anonymous_27)
FNDA:45,(anonymous_28)
FNDA:20,(anonymous_29)
FNDA:72,(anonymous_30)
FNDA:17,(anonymous_31)
FNDA:1,(anonymous_32)
FNDA:16,(anonymous_33)
FNDA:0,(anonymous_34)
FNDA:0,(anonymous_35)
FNDA:4,(anonymous_36)
FNDA:6,(anonymous_37)
FNDA:6,(anonymous_38)
FNDA:1,(anonymous_39)
FNDA:0,(anonymous_40)
FNDA:85,(anonymous_41)
FNDA:0,(anonymous_42)
FNDA:0,(anonymous_43)
FNDA:0,(anonymous_44)
FNDA:0,(anonymous_45)
FNDA:0,(anonymous_46)
FNDA:0,(anonymous_47)
FNDA:66,(anonymous_48)
FNDA:4,(anonymous_49)
FNDA:4,(anonymous_50)
FNDA:1,(anonymous_51)
FNDA:0,(anonymous_52)
FNDA:70,(anonymous_53)
FNDA:12,(anonymous_54)
FNDA:12,(anonymous_55)
FNDA:24,(anonymous_56)
FNDA:24,(anonymous_57)
FNDA:65,(anonymous_58)
FNDA:68,(anonymous_59)
FNDA:7,(anonymous_60)
FNDA:79,(anonymous_61)
FNDA:5,(anonymous_62)
FNDA:71,(anonymous_63)
FNDA:73,(anonymous_64)
FNDA:1,(anonymous_65)
FNDA:72,(anonymous_66)
FNDA:0,(anonymous_67)
FNDA:67,(anonymous_68)
FNDA:120,(anonymous_69)
FNDA:120,(anonymous_70)
FNDA:0,(anonymous_71)
FNDA:4,(anonymous_72)
FNDA:75,(anonymous_73)
FNDA:1,(anonymous_74)
FNDA:92,(anonymous_75)
FNDA:368,markerRefSetter
FNDA:184,(anonymous_77)
FNDA:184,(anonymous_78)
FNDA:184,(anonymous_79)
FNDA:66,(anonymous_80)
FNDA:0,(anonymous_81)
FNDA:0,(anonymous_82)
FNDA:66,(anonymous_83)
FNDA:66,(anonymous_84)
FNDA:0,(anonymous_85)
FNDA:0,(anonymous_86)
FNDA:0,(anonymous_87)
FNDA:66,(anonymous_88)
FNDA:683,(anonymous_89)
FNDA:964,(anonymous_90)
FNDA:604,(anonymous_91)
FNDA:360,(anonymous_92)
FNDA:1,(anonymous_93)
FNDA:0,(anonymous_94)
FNDA:0,(anonymous_95)
FNDA:80,(anonymous_96)
FNDA:6,(anonymous_97)
FNDA:6,(anonymous_98)
FNDA:0,(anonymous_99)
FNDA:1,(anonymous_100)
FNDA:0,(anonymous_101)
FNDA:0,(anonymous_102)
FNDA:0,(anonymous_103)
FNDA:0,(anonymous_104)
FNDA:1,(anonymous_105)
FNDA:0,(anonymous_106)
FNDA:2,(anonymous_107)
FNDA:9,(anonymous_108)
FNDA:6,(anonymous_109)
FNDA:0,(anonymous_110)
FNDA:0,(anonymous_111)
FNDA:0,(anonymous_112)
FNDA:0,(anonymous_113)
FNDA:0,(anonymous_114)
FNDA:2,(anonymous_115)
FNDA:0,(anonymous_116)
DA:52,1555
DA:93,1
DA:94,184
DA:96,184
DA:99,1
DA:100,117
DA:101,101
DA:103,16
DA:107,1
DA:119,184
DA:120,184
DA:122,184
DA:123,184
DA:126,184
DA:127,17
DA:128,167
DA:129,2
DA:130,165
DA:131,17
DA:133,148
DA:135,184
DA:137,184
DA:139,184
DA:148,14
DA:175,2
DA:188,1
DA:190,1
DA:196,180
DA:197,180
DA:200,180
DA:202,180
DA:205,180
DA:206,180
DA:224,180
DA:227,180
DA:230,180
DA:237,180
DA:248,180
DA:249,180
DA:250,180
DA:251,180
DA:252,180
DA:253,180
DA:254,180
DA:255,180
DA:256,180
DA:257,180
DA:258,180
DA:260,180
DA:263,180
DA:264,66
DA:265,66
DA:266,3
DA:271,180
DA:272,66
DA:273,3
DA:274,3
DA:275,0
DA:280,180
DA:281,180
DA:282,180
DA:285,180
DA:288,180
DA:289,66
DA:290,66
DA:291,66
DA:298,66
DA:299,66
DA:300,66
DA:306,66
DA:310,180
DA:311,68
DA:312,4
DA:315,180
DA:316,2
DA:318,2
DA:322,180
DA:323,69
DA:324,16
DA:325,53
DA:326,2
DA:328,2
DA:330,2
DA:331,2
DA:332,2
DA:338,180
DA:340,1
DA:341,1
DA:346,180
DA:347,2
DA:348,1
DA:349,1
DA:350,1
DA:351,1
DA:355,180
DA:356,180
DA:357,180
DA:358,180
DA:359,180
DA:362,180
DA:363,1
DA:364,1
DA:377,1
DA:378,1
DA:382,180
DA:383,180
DA:386,180
DA:388,72
DA:389,72
DA:400,72
DA:401,52
DA:402,52
DA:403,45
DA:404,45
DA:409,72
DA:410,72
DA:411,0
DA:420,180
DA:422,17
DA:423,17
DA:425,17
DA:426,17
DA:427,1
DA:428,1
DA:431,1
DA:432,0
DA:434,1
DA:438,16
DA:439,16
DA:440,16
DA:441,16
DA:442,16
DA:444,16
DA:451,16
DA:452,16
DA:453,16
DA:454,16
DA:457,16
DA:459,16
DA:460,16
DA:466,180
DA:467,0
DA:468,0
DA:471,180
DA:472,4
DA:474,4
DA:475,4
DA:477,4
DA:478,6
DA:479,6
DA:480,6
DA:481,2
DA:484,4
DA:485,4
DA:488,6
DA:489,3
DA:490,3
DA:491,3
DA:492,3
DA:494,3
DA:497,4
DA:499,4
DA:500,2
DA:501,2
DA:502,2
DA:503,2
DA:512,180
DA:513,1
DA:514,0
DA:517,1
DA:518,0
DA:519,0
DA:522,1
DA:523,1
DA:524,1
DA:527,180
DA:528,0
DA:529,0
DA:530,0
DA:533,180
DA:534,85
DA:535,68
DA:538,17
DA:539,17
DA:540,17
DA:542,17
DA:543,2
DA:544,2
DA:545,2
DA:548,15
DA:551,180
DA:552,0
DA:553,0
DA:556,180
DA:558,0
DA:561,0
DA:563,0
DA:564,0
DA:567,0
DA:569,0
DA:574,180
DA:576,0
DA:577,0
DA:579,0
DA:580,0
DA:581,0
DA:582,0
DA:585,0
DA:590,180
DA:591,0
DA:594,180
DA:595,66
DA:596,3
DA:597,4
DA:600,4
DA:602,3
DA:605,180
DA:607,1
DA:608,1
DA:610,1
DA:613,0
DA:616,0
DA:617,0
DA:619,0
DA:622,1
DA:623,1
DA:639,180
DA:640,0
DA:641,0
DA:643,0
DA:644,0
DA:645,0
DA:646,0
DA:650,180
DA:652,180
DA:654,180
DA:657,180
DA:659,180
DA:661,180
DA:670,180
DA:671,70
DA:672,64
DA:675,6
DA:677,12
DA:678,12
DA:679,0
DA:682,12
DA:683,12
DA:686,12
DA:687,12
DA:689,12
DA:690,6
DA:693,6
DA:694,6
DA:697,0
DA:699,12
DA:700,12
DA:702,12
DA:714,12
DA:726,24
DA:728,24
DA:731,180
DA:733,180
DA:735,180
DA:736,68
DA:737,7
DA:741,180
DA:742,79
DA:743,54
DA:744,54
DA:747,25
DA:748,0
DA:752,180
DA:753,71
DA:754,56
DA:755,56
DA:757,15
DA:760,180
DA:761,73
DA:762,57
DA:765,16
DA:773,16
DA:774,16
DA:775,0
DA:778,16
DA:780,16
DA:781,16
DA:783,16
DA:784,1
DA:788,180
DA:789,72
DA:790,72
DA:793,0
DA:794,0
DA:795,0
DA:798,0
DA:799,0
DA:814,180
DA:815,0
DA:817,0
DA:831,180
DA:832,67
DA:833,5
DA:834,5
DA:836,62
DA:837,120
DA:838,120
DA:839,120
DA:840,0
DA:842,120
DA:843,120
DA:845,120
DA:847,62
DA:849,62
DA:850,58
DA:851,0
DA:852,0
DA:854,58
DA:857,4
DA:858,4
DA:859,0
DA:860,0
DA:861,0
DA:862,0
DA:866,4
DA:867,4
DA:868,4
DA:874,180
DA:875,75
DA:876,58
DA:879,17
DA:881,17
DA:882,0
DA:886,17
DA:893,0
DA:896,17
DA:897,17
DA:898,17
DA:899,0
DA:901,0
DA:906,0
DA:921,180
DA:922,1
DA:923,1
DA:925,1
DA:926,1
DA:930,180
DA:932,368
DA:934,92
DA:935,184
DA:936,184
DA:938,184
DA:939,184
DA:941,184
DA:942,184
DA:943,184
DA:944,184
DA:945,184
DA:962,92
DA:968,180
DA:969,66
DA:972,180
DA:973,180
DA:975,180
DA:976,0
DA:979,180
DA:980,66
DA:981,0
DA:984,180
DA:985,180
DA:987,180
DA:988,66
DA:989,66
DA:990,66
DA:992,0
DA:995,0
DA:996,0
DA:1000,180
DA:1003,180
DA:1005,0
DA:1007,0
DA:1008,0
DA:1011,0
DA:1014,0
DA:1015,0
DA:1019,0
DA:1025,180
DA:1026,0
DA:1027,0
DA:1028,0
DA:1031,180
DA:1032,66
DA:1033,0
DA:1034,0
DA:1035,0
DA:1037,180
DA:1038,683
DA:1039,180
DA:1040,964
DA:1041,604
DA:1042,180
DA:1044,180
DA:1081,360
DA:1086,1
DA:1104,0
DA:1105,0
DA:1130,80
DA:1134,6
DA:1167,0
DA:1212,1
DA:1252,0
DA:1254,0
DA:1255,0
DA:1256,0
DA:1263,0
DA:1384,1
DA:1406,0
DA:1434,2
DA:1438,9
DA:1440,6
DA:1442,0
DA:1445,0
DA:1447,0
DA:1448,0
DA:1451,0
DA:1453,0
DA:1471,0
DA:1492,0
DA:1493,0
DA:1494,0
DA:1497,0
DA:1498,0
DA:1499,0
DA:1500,0
DA:1501,0
DA:1502,0
DA:1503,0
DA:1504,0
DA:1507,0
DA:1508,0
DA:1509,0
DA:1510,0
DA:1511,0
DA:1512,0
DA:1513,0
DA:1514,0
DA:1530,2
DA:1542,0
LF:448
LH:334
BRDA:94,0,0,92
BRDA:94,0,1,92
BRDA:96,1,0,184
BRDA:96,1,1,0
BRDA:100,2,0,101
BRDA:100,2,1,16
BRDA:122,3,0,184
BRDA:122,3,1,0
BRDA:126,4,0,17
BRDA:126,4,1,167
BRDA:128,5,0,2
BRDA:128,5,1,165
BRDA:130,6,0,17
BRDA:130,6,1,148
BRDA:152,7,0,184
BRDA:152,7,1,17
BRDA:159,8,0,184
BRDA:159,8,1,3
BRDA:159,8,2,2
BRDA:191,9,0,157
BRDA:197,10,0,180
BRDA:197,10,1,134
BRDA:227,11,0,180
BRDA:227,11,1,10
BRDA:265,12,0,3
BRDA:265,12,1,63
BRDA:272,13,0,3
BRDA:272,13,1,63
BRDA:311,14,0,66
BRDA:311,14,1,2
BRDA:323,15,0,16
BRDA:323,15,1,53
BRDA:325,16,0,2
BRDA:325,16,1,51
BRDA:325,17,0,53
BRDA:325,17,1,2
BRDA:347,18,0,1
BRDA:347,18,1,1
BRDA:363,19,0,1
BRDA:363,19,1,0
BRDA:363,20,0,1
BRDA:363,20,1,1
BRDA:388,21,0,72
BRDA:388,21,1,0
BRDA:388,22,0,72
BRDA:388,22,1,72
BRDA:388,22,2,72
BRDA:400,23,0,52
BRDA:400,23,1,20
BRDA:400,24,0,72
BRDA:400,24,1,65
BRDA:410,25,0,0
BRDA:410,25,1,72
BRDA:426,26,0,1
BRDA:426,26,1,16
BRDA:427,27,0,0
BRDA:427,27,1,1
BRDA:431,28,0,0
BRDA:431,28,1,1
BRDA:457,29,0,1
BRDA:457,29,1,15
BRDA:459,30,0,16
BRDA:459,30,1,0
BRDA:459,31,0,16
BRDA:459,31,1,16
BRDA:480,32,0,2
BRDA:480,32,1,4
BRDA:488,33,0,3
BRDA:488,33,1,3
BRDA:492,34,0,3
BRDA:492,34,1,0
BRDA:497,35,0,4
BRDA:497,35,1,2
BRDA:499,36,0,2
BRDA:499,36,1,2
BRDA:499,37,0,4
BRDA:499,37,1,3
BRDA:506,38,0,2
BRDA:506,38,1,0
BRDA:513,39,0,0
BRDA:513,39,1,1
BRDA:517,40,0,0
BRDA:517,40,1,1
BRDA:528,41,0,0
BRDA:528,41,1,0
BRDA:534,42,0,68
BRDA:534,42,1,17
BRDA:534,43,0,85
BRDA:534,43,1,79
BRDA:542,44,0,2
BRDA:542,44,1,15
BRDA:545,45,0,1
BRDA:545,45,1,1
BRDA:558,46,0,0
BRDA:558,46,1,0
BRDA:558,47,0,0
BRDA:558,47,1,0
BRDA:561,48,0,0
BRDA:561,48,1,0
BRDA:563,49,0,0
BRDA:563,49,1,0
BRDA:567,50,0,0
BRDA:567,50,1,0
BRDA:579,51,0,0
BRDA:579,51,1,0
BRDA:579,52,0,0
BRDA:579,52,1,0
BRDA:580,53,0,0
BRDA:580,53,1,0
BRDA:581,54,0,0
BRDA:581,54,1,0
BRDA:595,55,0,63
BRDA:595,55,1,3
BRDA:600,56,0,2
BRDA:600,56,1,2
BRDA:602,57,0,3
BRDA:602,57,1,1
BRDA:606,58,0,0
BRDA:610,59,0,0
BRDA:610,59,1,1
BRDA:610,60,0,1
BRDA:610,60,1,0
BRDA:616,61,0,0
BRDA:616,61,1,0
BRDA:616,62,0,0
BRDA:616,62,1,0
BRDA:617,63,0,0
BRDA:617,63,1,0
BRDA:617,63,2,0
BRDA:640,64,0,0
BRDA:640,64,1,0
BRDA:645,65,0,0
BRDA:645,65,1,0
BRDA:645,66,0,0
BRDA:645,66,1,0
BRDA:650,67,0,180
BRDA:650,67,1,0
BRDA:652,68,0,0
BRDA:652,68,1,180
BRDA:652,69,0,180
BRDA:652,69,1,180
BRDA:652,69,2,10
BRDA:654,70,0,180
BRDA:654,70,1,141
BRDA:657,71,0,39
BRDA:657,71,1,141
BRDA:657,72,0,180
BRDA:657,72,1,170
BRDA:659,73,0,180
BRDA:659,73,1,19
BRDA:659,73,2,162
BRDA:671,74,0,64
BRDA:671,74,1,6
BRDA:671,75,0,70
BRDA:671,75,1,17
BRDA:671,75,2,6
BRDA:677,76,0,12
BRDA:677,76,1,0
BRDA:677,76,2,0
BRDA:678,77,0,0
BRDA:678,77,1,12
BRDA:682,78,0,12
BRDA:682,78,1,0
BRDA:682,78,2,0
BRDA:683,79,0,12
BRDA:683,79,1,0
BRDA:689,80,0,6
BRDA:689,80,1,6
BRDA:689,81,0,12
BRDA:689,81,1,6
BRDA:693,82,0,6
BRDA:693,82,1,0
BRDA:693,83,0,6
BRDA:693,83,1,0
BRDA:700,84,0,6
BRDA:700,84,1,6
BRDA:702,85,0,12
BRDA:702,85,1,0
BRDA:708,86,0,12
BRDA:708,86,1,0
BRDA:714,87,0,12
BRDA:714,87,1,0
BRDA:720,88,0,12
BRDA:720,88,1,0
BRDA:733,89,0,180
BRDA:733,89,1,175
BRDA:736,90,0,7
BRDA:736,90,1,61
BRDA:737,91,0,1
BRDA:737,91,1,6
BRDA:742,92,0,54
BRDA:742,92,1,25
BRDA:747,93,0,0
BRDA:747,93,1,25
BRDA:747,94,0,25
BRDA:747,94,1,5
BRDA:753,95,0,56
BRDA:753,95,1,15
BRDA:753,96,0,71
BRDA:753,96,1,20
BRDA:753,97,0,71
BRDA:753,97,1,64
BRDA:761,98,0,57
BRDA:761,98,1,16
BRDA:761,99,0,73
BRDA:761,99,1,21
BRDA:761,99,2,16
BRDA:761,99,3,16
BRDA:761,99,4,16
BRDA:761,100,0,73
BRDA:761,100,1,65
BRDA:774,101,0,0
BRDA:774,101,1,16
BRDA:780,102,0,16
BRDA:780,102,1,0
BRDA:781,103,0,16
BRDA:781,103,1,0
BRDA:783,104,0,1
BRDA:783,104,1,15
BRDA:783,105,0,16
BRDA:783,105,1,2
BRDA:789,106,0,72
BRDA:789,106,1,0
BRDA:789,107,0,72
BRDA:789,107,1,16
BRDA:789,107,2,0
BRDA:789,107,3,0
BRDA:794,108,0,0
BRDA:794,108,1,0
BRDA:815,109,0,0
BRDA:815,109,1,0
BRDA:832,110,0,5
BRDA:832,110,1,62
BRDA:833,111,0,0
BRDA:833,111,1,5
BRDA:839,112,0,0
BRDA:839,112,1,120
BRDA:845,113,0,120
BRDA:845,113,1,116
BRDA:847,114,0,62
BRDA:847,114,1,58
BRDA:849,115,0,58
BRDA:849,115,1,4
BRDA:850,116,0,0
BRDA:850,116,1,58
BRDA:857,117,0,4
BRDA:857,117,1,0
BRDA:859,118,0,0
BRDA:859,118,1,0
BRDA:867,119,0,4
BRDA:867,119,1,0
BRDA:875,120,0,58
BRDA:875,120,1,17
BRDA:875,121,0,75
BRDA:875,121,1,17
BRDA:881,122,0,0
BRDA:881,122,1,17
BRDA:881,123,0,17
BRDA:881,123,1,17
BRDA:881,123,2,0
BRDA:886,124,0,0
BRDA:886,124,1,17
BRDA:887,125,0,17
BRDA:887,125,1,17
BRDA:887,125,2,0
BRDA:887,125,3,0
BRDA:887,125,4,0
BRDA:896,126,0,17
BRDA:896,126,1,0
BRDA:898,127,0,0
BRDA:898,127,1,17
BRDA:901,128,0,0
BRDA:901,128,1,0
BRDA:902,129,0,0
BRDA:902,129,1,0
BRDA:902,129,2,0
BRDA:922,130,0,1
BRDA:922,130,1,0
BRDA:941,131,0,184
BRDA:941,131,1,34
BRDA:943,132,0,184
BRDA:943,132,1,34
BRDA:943,132,2,34
BRDA:969,133,0,14
BRDA:969,133,1,52
BRDA:980,134,0,66
BRDA:980,134,1,0
BRDA:988,135,0,66
BRDA:988,135,1,0
BRDA:1014,136,0,0
BRDA:1014,136,1,0
BRDA:1032,137,0,66
BRDA:1032,137,1,0
BRDA:1037,138,0,0
BRDA:1037,139,0,0
BRDA:1038,140,0,160
BRDA:1038,140,1,523
BRDA:1039,141,0,0
BRDA:1039,142,0,360
BRDA:1040,143,0,210
BRDA:1040,143,1,754
BRDA:1041,144,0,0
BRDA:1041,145,0,0
BRDA:1073,146,0,33
BRDA:1073,146,1,147
BRDA:1090,147,0,180
BRDA:1090,147,1,170
BRDA:1104,148,0,0
BRDA:1104,148,1,0
BRDA:1122,149,0,170
BRDA:1122,149,1,43
BRDA:1127,150,0,180
BRDA:1127,150,1,7
BRDA:1134,151,0,1
BRDA:1134,151,1,5
BRDA:1150,152,0,5
BRDA:1150,152,1,75
BRDA:1155,153,0,40
BRDA:1155,153,1,40
BRDA:1162,154,0,180
BRDA:1162,154,1,0
BRDA:1162,154,2,0
BRDA:1173,155,0,180
BRDA:1173,155,1,5
BRDA:1173,155,2,5
BRDA:1179,156,0,5
BRDA:1179,156,1,0
BRDA:1179,157,0,5
BRDA:1179,157,1,5
BRDA:1260,158,0,180
BRDA:1260,158,1,0
BRDA:1260,158,2,0
BRDA:1269,159,0,180
BRDA:1269,159,1,41
BRDA:1269,159,2,39
BRDA:1269,159,3,39
BRDA:1292,160,0,39
BRDA:1292,160,1,2
BRDA:1294,161,0,39
BRDA:1294,161,1,35
BRDA:1314,162,0,39
BRDA:1314,162,1,2
BRDA:1316,163,0,39
BRDA:1316,163,1,39
BRDA:1319,164,0,4
BRDA:1319,164,1,35
BRDA:1326,165,0,39
BRDA:1326,165,1,0
BRDA:1332,166,0,180
BRDA:1332,166,1,41
BRDA:1332,166,2,39
BRDA:1332,166,3,39
BRDA:1344,167,0,4
BRDA:1344,167,1,35
BRDA:1358,168,0,39
BRDA:1358,168,1,35
BRDA:1447,169,0,0
BRDA:1447,169,1,0
BRDA:1483,170,0,180
BRDA:1483,170,1,3
BRDA:1483,170,2,3
BRDA:1497,171,0,0
BRDA:1497,171,1,0
BRDA:1498,172,0,0
BRDA:1498,172,1,0
BRDA:1499,173,0,0
BRDA:1499,173,1,0
BRDA:1500,174,0,0
BRDA:1500,174,1,0
BRDA:1501,175,0,0
BRDA:1501,175,1,0
BRDA:1501,175,2,0
BRDA:1502,176,0,0
BRDA:1502,176,1,0
BRDA:1507,177,0,0
BRDA:1507,177,1,0
BRDA:1508,178,0,0
BRDA:1508,178,1,0
BRDA:1509,179,0,0
BRDA:1509,179,1,0
BRDA:1510,180,0,0
BRDA:1510,180,1,0
BRDA:1511,181,0,0
BRDA:1511,181,1,0
BRDA:1511,181,2,0
BRDA:1512,182,0,0
BRDA:1512,182,1,0
BRDA:1522,183,0,180
BRDA:1522,183,1,177
BRDA:1525,184,0,177
BRDA:1525,184,1,19
BRDA:1545,185,0,180
BRDA:1545,185,1,15
BRDA:1545,185,2,8
BRDA:1568,186,0,180
BRDA:1568,186,1,10
BRDA:1568,186,2,10
BRDA:1582,187,0,180
BRDA:1582,187,1,2
BRDA:1588,188,0,180
BRDA:1588,188,1,2
BRF:401
BRH:261
end_of_record
TN:
SF:src\components\CollapsibleUserProfile.tsx
FN:20,(anonymous_0)
FN:35,(anonymous_1)
FN:44,(anonymous_2)
FN:98,(anonymous_3)
FN:107,(anonymous_4)
FN:155,(anonymous_5)
FNF:6
FNH:6
FNDA:19,(anonymous_0)
FNDA:19,(anonymous_1)
FNDA:7,(anonymous_2)
FNDA:1,(anonymous_3)
FNDA:1,(anonymous_4)
FNDA:1,(anonymous_5)
DA:20,1
DA:21,19
DA:22,19
DA:24,19
DA:25,16
DA:27,3
DA:35,1
DA:36,19
DA:37,19
DA:38,19
DA:39,19
DA:41,19
DA:42,12
DA:44,7
DA:71,7
DA:99,1
DA:100,1
DA:107,1
DA:140,7
DA:155,1
DA:191,1
LF:21
LH:21
BRDA:24,0,0,16
BRDA:24,0,1,3
BRDA:30,1,0,3
BRDA:30,1,1,1
BRDA:36,2,0,19
BRDA:36,2,1,0
BRDA:41,3,0,12
BRDA:41,3,1,7
BRDA:52,4,0,1
BRDA:52,4,1,11
BRDA:74,5,0,7
BRDA:74,5,1,7
BRDA:79,6,0,1
BRDA:79,6,1,6
BRDA:91,7,0,5
BRDA:91,7,1,2
BRDA:102,8,0,5
BRDA:102,8,1,2
BRDA:112,9,0,5
BRDA:112,9,1,2
BRDA:116,10,0,0
BRDA:116,10,1,5
BRDA:122,11,0,0
BRDA:122,11,1,5
BRDA:170,12,0,5
BRDA:170,12,1,2
BRDA:179,13,0,1
BRDA:179,13,1,1
BRF:28
BRH:25
end_of_record
TN:
SF:src\components\DestinationPopup.tsx
FN:39,(anonymous_0)
FN:67,(anonymous_1)
FN:95,(anonymous_2)
FN:97,(anonymous_3)
FN:101,(anonymous_4)
FN:108,(anonymous_5)
FN:113,(anonymous_6)
FN:120,(anonymous_7)
FN:128,(anonymous_8)
FNF:9
FNH:9
FNDA:19,(anonymous_0)
FNDA:4,(anonymous_1)
FNDA:2,(anonymous_2)
FNDA:1,(anonymous_3)
FNDA:1,(anonymous_4)
FNDA:1,(anonymous_5)
FNDA:1,(anonymous_6)
FNDA:1,(anonymous_7)
FNDA:3,(anonymous_8)
DA:36,1
DA:40,19
DA:41,19
DA:61,19
DA:63,19
DA:66,19
DA:68,4
DA:69,2
DA:70,2
DA:71,2
DA:73,4
DA:89,19
DA:95,19
DA:97,1
DA:100,19
DA:102,1
DA:103,1
DA:108,19
DA:109,1
DA:112,19
DA:114,1
DA:119,19
DA:121,1
DA:122,1
DA:127,19
DA:129,3
DA:130,2
DA:131,2
DA:132,2
DA:133,2
DA:134,2
DA:135,2
DA:137,1
DA:149,19
DA:213,1
LF:35
LH:35
BRDA:40,0,0,19
BRDA:40,0,1,1
BRDA:67,1,0,0
BRDA:68,2,0,2
BRDA:68,2,1,2
BRDA:122,3,0,1
BRDA:122,3,1,0
BRDA:129,4,0,2
BRDA:129,4,1,1
BRDA:152,5,0,18
BRDA:152,5,1,1
BRDA:163,6,0,1
BRDA:163,6,1,18
BRDA:168,7,0,19
BRDA:168,7,1,18
BRF:15
BRH:13
end_of_record
TN:
SF:src\components\DestinationPopupContent.tsx
FN:26,(anonymous_0)
FN:57,(anonymous_1)
FN:65,(anonymous_2)
FN:94,(anonymous_3)
FN:114,(anonymous_4)
FN:143,(anonymous_5)
FNF:6
FNH:6
FNDA:21,(anonymous_0)
FNDA:33,(anonymous_1)
FNDA:1,(anonymous_2)
FNDA:1,(anonymous_3)
FNDA:21,(anonymous_4)
FNDA:6,(anonymous_5)
DA:25,1
DA:38,21
DA:39,2
DA:47,19
DA:48,1
DA:51,18
DA:52,1
DA:55,17
DA:58,33
DA:59,33
DA:60,33
DA:61,33
DA:62,33
DA:65,1
DA:94,1
DA:112,1
DA:114,1
DA:116,21
DA:117,21
DA:144,6
DA:145,6
DA:147,6
DA:150,6
LF:23
LH:23
BRDA:38,0,0,2
BRDA:38,0,1,19
BRDA:42,1,0,1
BRDA:42,1,1,1
BRDA:47,2,0,1
BRDA:47,2,1,18
BRDA:51,3,0,1
BRDA:51,3,1,17
BRDA:52,4,0,0
BRDA:52,4,1,1
BRDA:59,5,0,33
BRDA:59,5,1,0
BRDA:60,6,0,4
BRDA:60,6,1,29
BRDA:61,7,0,17
BRDA:61,7,1,16
BRDA:69,8,0,4
BRDA:69,8,1,29
BRDA:76,9,0,33
BRDA:76,9,1,1
BRDA:86,10,0,33
BRDA:86,10,1,18
BRDA:86,10,2,16
BRDA:95,11,0,33
BRDA:95,11,1,1
BRDA:139,12,0,21
BRDA:139,12,1,9
BRDA:139,12,2,9
BRDA:142,13,0,6
BRDA:142,13,1,3
BRDA:144,14,0,6
BRDA:144,14,1,2
BRDA:144,14,2,1
BRDA:147,15,0,5
BRDA:147,15,1,1
BRDA:147,16,0,6
BRDA:147,16,1,5
BRDA:156,17,0,1
BRDA:156,17,1,5
BRDA:157,18,0,1
BRDA:157,18,1,5
BRDA:167,19,0,6
BRDA:167,19,1,4
BRDA:179,20,0,0
BRDA:179,20,1,3
BRF:45
BRH:42
end_of_record
TN:
SF:src\components\DestinationPopupHeader.tsx
FN:32,(anonymous_0)
FN:115,(anonymous_1)
FN:124,(anonymous_2)
FN:170,(anonymous_3)
FN:193,(anonymous_4)
FN:196,(anonymous_5)
FNF:6
FNH:6
FNDA:33,(anonymous_0)
FNDA:132,(anonymous_1)
FNDA:3,(anonymous_2)
FNDA:2,(anonymous_3)
FNDA:1,(anonymous_4)
FNDA:1,(anonymous_5)
DA:25,1
DA:32,1
DA:42,33
DA:43,33
DA:45,33
DA:46,33
DA:48,33
DA:49,33
DA:50,32
DA:55,32
DA:57,32
DA:58,30
DA:61,2
DA:66,2
DA:70,33
DA:116,132
DA:117,132
DA:118,132
DA:119,132
DA:120,132
DA:124,3
DA:170,2
DA:193,1
DA:197,1
DA:198,1
DA:199,1
LF:26
LH:26
BRDA:49,0,0,32
BRDA:49,0,1,1
BRDA:55,1,0,28
BRDA:55,1,1,4
BRDA:57,2,0,30
BRDA:57,2,1,2
BRDA:86,3,0,32
BRDA:86,3,1,1
BRDA:87,4,0,2
BRDA:87,4,1,30
BRDA:88,5,0,2
BRDA:88,5,1,30
BRDA:99,6,0,33
BRDA:99,6,1,3
BRDA:99,6,2,2
BRDA:114,7,0,3
BRDA:114,7,1,30
BRDA:118,8,0,12
BRDA:118,8,1,120
BRDA:119,9,0,33
BRDA:119,9,1,99
BRDA:123,10,0,33
BRDA:123,10,1,99
BRDA:151,11,0,33
BRDA:151,11,1,14
BRDA:162,12,0,0
BRDA:162,12,1,14
BRDA:176,13,0,0
BRDA:176,13,1,14
BRF:29
BRH:27
end_of_record
TN:
SF:src\components\DirectionsSearchPanel.tsx
FN:23,(anonymous_0)
FN:44,(anonymous_1)
FN:82,(anonymous_2)
FN:96,(anonymous_3)
FN:128,(anonymous_4)
FN:142,(anonymous_5)
FN:145,(anonymous_6)
FN:148,(anonymous_7)
FN:152,(anonymous_8)
FN:158,(anonymous_9)
FN:161,(anonymous_10)
FN:164,(anonymous_11)
FN:172,(anonymous_12)
FN:201,(anonymous_13)
FN:220,(anonymous_14)
FN:225,(anonymous_15)
FN:236,(anonymous_16)
FN:239,(anonymous_17)
FN:262,(anonymous_18)
FN:265,(anonymous_19)
FN:322,(anonymous_20)
FN:324,(anonymous_21)
FN:325,(anonymous_22)
FN:326,(anonymous_23)
FN:363,(anonymous_24)
FN:364,(anonymous_25)
FN:365,(anonymous_26)
FN:366,(anonymous_27)
FN:388,(anonymous_28)
FN:394,(anonymous_29)
FN:414,(anonymous_30)
FN:430,(anonymous_31)
FN:436,(anonymous_32)
FN:449,(anonymous_33)
FNF:34
FNH:34
FNDA:487,(anonymous_0)
FNDA:145,(anonymous_1)
FNDA:65,(anonymous_2)
FNDA:69,(anonymous_3)
FNDA:66,(anonymous_4)
FNDA:65,(anonymous_5)
FNDA:4,(anonymous_6)
FNDA:1,(anonymous_7)
FNDA:7,(anonymous_8)
FNDA:10,(anonymous_9)
FNDA:50,(anonymous_10)
FNDA:33,(anonymous_11)
FNDA:9,(anonymous_12)
FNDA:7,(anonymous_13)
FNDA:4,(anonymous_14)
FNDA:4,(anonymous_15)
FNDA:738,(anonymous_16)
FNDA:6,(anonymous_17)
FNDA:132,(anonymous_18)
FNDA:2,(anonymous_19)
FNDA:2,(anonymous_20)
FNDA:9,(anonymous_21)
FNDA:21,(anonymous_22)
FNDA:2,(anonymous_23)
FNDA:2,(anonymous_24)
FNDA:7,(anonymous_25)
FNDA:10,(anonymous_26)
FNDA:2,(anonymous_27)
FNDA:25,(anonymous_28)
FNDA:1,(anonymous_29)
FNDA:1,(anonymous_30)
FNDA:13,(anonymous_31)
FNDA:1,(anonymous_32)
FNDA:1,(anonymous_33)
DA:23,1
DA:24,487
DA:25,430
DA:29,57
DA:44,1
DA:55,145
DA:56,145
DA:60,145
DA:63,145
DA:64,145
DA:67,145
DA:68,145
DA:69,145
DA:73,145
DA:77,145
DA:78,145
DA:79,145
DA:80,145
DA:82,145
DA:83,65
DA:84,65
DA:85,65
DA:86,1
DA:87,1
DA:89,65
DA:90,1
DA:91,1
DA:96,145
DA:98,69
DA:100,69
DA:101,2
DA:103,2
DA:104,2
DA:105,2
DA:109,67
DA:110,1
DA:111,1
DA:112,1
DA:115,66
DA:117,66
DA:118,58
DA:119,58
DA:120,58
DA:121,8
DA:122,2
DA:123,2
DA:128,145
DA:130,66
DA:132,66
DA:133,60
DA:134,60
DA:135,60
DA:136,6
DA:137,2
DA:138,2
DA:142,145
DA:143,65
DA:145,7
DA:146,4
DA:148,7
DA:149,1
DA:152,7
DA:153,7
DA:154,7
DA:158,145
DA:160,10
DA:161,50
DA:164,33
DA:166,10
DA:172,145
DA:173,9
DA:174,9
DA:175,9
DA:176,7
DA:181,2
DA:182,1
DA:183,1
DA:184,1
DA:186,5
DA:187,5
DA:188,3
DA:194,3
DA:195,3
DA:198,2
DA:201,145
DA:202,7
DA:203,7
DA:204,7
DA:205,5
DA:206,5
DA:207,2
DA:213,2
DA:214,2
DA:216,2
DA:220,145
DA:221,4
DA:222,4
DA:223,4
DA:225,145
DA:226,4
DA:227,4
DA:228,4
DA:232,145
DA:237,738
DA:240,6
DA:263,132
DA:266,2
DA:293,145
DA:322,2
DA:324,9
DA:325,21
DA:326,2
DA:363,2
DA:364,7
DA:365,10
DA:366,2
DA:389,25
DA:390,25
DA:395,1
DA:396,1
DA:414,1
DA:431,13
DA:432,13
DA:437,1
DA:438,1
DA:449,1
LF:126
LH:126
BRDA:24,0,0,430
BRDA:24,0,1,57
BRDA:53,1,0,143
BRDA:57,2,0,145
BRDA:57,2,1,1
BRDA:58,3,0,127
BRDA:58,3,1,18
BRDA:58,4,0,145
BRDA:58,4,1,1
BRDA:61,5,0,145
BRDA:61,5,1,19
BRDA:61,5,2,4
BRDA:61,5,3,2
BRDA:61,5,4,2
BRDA:61,6,0,145
BRDA:61,6,1,9
BRDA:61,6,2,2
BRDA:61,7,0,19
BRDA:61,7,1,2
BRDA:61,7,2,2
BRDA:61,8,0,4
BRDA:61,8,1,2
BRDA:61,9,0,2
BRDA:61,9,1,2
BRDA:61,10,0,145
BRDA:61,10,1,24
BRDA:61,10,2,2
BRDA:65,11,0,145
BRDA:65,11,1,30
BRDA:65,11,2,8
BRDA:65,11,3,8
BRDA:65,11,4,2
BRDA:65,12,0,145
BRDA:65,12,1,9
BRDA:65,12,2,2
BRDA:65,13,0,30
BRDA:65,13,1,9
BRDA:65,13,2,2
BRDA:65,14,0,8
BRDA:65,14,1,2
BRDA:65,15,0,8
BRDA:65,15,1,2
BRDA:65,16,0,145
BRDA:65,16,1,28
BRDA:65,16,2,2
BRDA:85,17,0,1
BRDA:85,17,1,64
BRDA:89,18,0,1
BRDA:89,18,1,64
BRDA:100,19,0,2
BRDA:100,19,1,67
BRDA:109,20,0,1
BRDA:109,20,1,66
BRDA:115,21,0,66
BRDA:115,21,1,15
BRDA:115,21,2,8
BRDA:115,22,0,66
BRDA:115,22,1,6
BRDA:115,23,0,15
BRDA:115,23,1,6
BRDA:117,24,0,58
BRDA:117,24,1,8
BRDA:118,25,0,58
BRDA:118,25,1,3
BRDA:121,26,0,2
BRDA:121,26,1,6
BRDA:130,27,0,66
BRDA:130,27,1,12
BRDA:130,27,2,6
BRDA:130,28,0,66
BRDA:130,28,1,5
BRDA:130,29,0,12
BRDA:130,29,1,5
BRDA:132,30,0,60
BRDA:132,30,1,6
BRDA:133,31,0,60
BRDA:133,31,1,3
BRDA:136,32,0,2
BRDA:136,32,1,4
BRDA:136,33,0,6
BRDA:136,33,1,5
BRDA:143,34,0,58
BRDA:143,34,1,7
BRDA:160,35,0,10
BRDA:160,35,1,8
BRDA:167,36,0,5
BRDA:167,36,1,5
BRDA:167,37,0,5
BRDA:167,37,1,0
BRDA:168,38,0,10
BRDA:168,38,1,5
BRDA:175,39,0,7
BRDA:175,39,1,2
BRDA:176,40,0,2
BRDA:176,40,1,5
BRDA:177,41,0,7
BRDA:177,41,1,2
BRDA:177,41,2,2
BRDA:181,42,0,1
BRDA:181,42,1,1
BRDA:187,43,0,2
BRDA:187,43,1,3
BRDA:187,44,0,5
BRDA:187,44,1,3
BRDA:190,45,0,3
BRDA:190,45,1,2
BRDA:204,46,0,5
BRDA:204,46,1,2
BRDA:206,47,0,3
BRDA:206,47,1,2
BRDA:206,48,0,5
BRDA:206,48,1,2
BRDA:209,49,0,2
BRDA:209,49,1,1
BRDA:235,50,0,123
BRDA:235,50,1,22
BRDA:235,51,0,145
BRDA:235,51,1,7
BRDA:235,51,2,3
BRDA:240,52,0,3
BRDA:240,52,1,3
BRDA:241,53,0,3
BRDA:241,53,1,0
BRDA:242,54,0,3
BRDA:242,54,1,0
BRDA:247,55,0,738
BRDA:247,55,1,0
BRDA:254,56,0,738
BRDA:254,56,1,0
BRDA:266,57,0,1
BRDA:266,57,1,1
BRDA:267,58,0,1
BRDA:267,58,1,0
BRDA:268,59,0,1
BRDA:268,59,1,0
BRDA:273,60,0,132
BRDA:273,60,1,0
BRDA:280,61,0,132
BRDA:280,61,1,0
BRDA:295,62,0,1
BRDA:295,62,1,144
BRDA:302,63,0,28
BRDA:302,63,1,117
BRDA:303,64,0,28
BRDA:303,64,1,117
BRDA:307,65,0,145
BRDA:307,65,1,129
BRDA:318,66,0,129
BRDA:318,66,1,1
BRDA:341,67,0,1
BRDA:341,67,1,128
BRDA:346,68,0,145
BRDA:346,68,1,101
BRDA:347,69,0,145
BRDA:347,69,1,117
BRDA:359,70,0,117
BRDA:359,70,1,1
BRDA:380,71,0,1
BRDA:380,71,1,116
BRDA:386,72,0,145
BRDA:386,72,1,28
BRDA:389,73,0,25
BRDA:389,73,1,2
BRDA:403,74,0,25
BRDA:403,74,1,5
BRDA:407,75,0,4
BRDA:407,75,1,1
BRDA:407,76,0,5
BRDA:407,76,1,5
BRDA:410,77,0,1
BRDA:410,77,1,24
BRDA:411,78,0,25
BRDA:411,78,1,2
BRDA:411,79,0,25
BRDA:411,79,1,25
BRDA:428,80,0,145
BRDA:428,80,1,16
BRDA:431,81,0,13
BRDA:431,81,1,2
BRDA:446,82,0,13
BRDA:446,82,1,2
BRDA:446,83,0,13
BRDA:446,83,1,13
BRDA:466,84,0,128
BRDA:466,84,1,17
BRDA:469,85,0,17
BRDA:469,85,1,6
BRDA:469,85,2,3
BRF:188
BRH:179
end_of_record
TN:
SF:src\components\GoogleCalendarAuth.tsx
FN:20,GoogleCalendarAuth
FN:48,(anonymous_1)
FN:51,(anonymous_2)
FN:56,(anonymous_3)
FN:59,(anonymous_4)
FN:65,(anonymous_5)
FN:69,(anonymous_6)
FN:89,(anonymous_7)
FN:152,(anonymous_8)
FNF:9
FNH:8
FNDA:58,GoogleCalendarAuth
FNDA:26,(anonymous_1)
FNDA:26,(anonymous_2)
FNDA:26,(anonymous_3)
FNDA:0,(anonymous_4)
FNDA:28,(anonymous_5)
FNDA:18,(anonymous_6)
FNDA:1,(anonymous_7)
FNDA:1,(anonymous_8)
DA:16,2
DA:23,58
DA:24,58
DA:25,58
DA:27,58
DA:28,58
DA:29,58
DA:30,58
DA:32,58
DA:36,58
DA:48,58
DA:49,26
DA:50,26
DA:51,26
DA:52,26
DA:56,58
DA:57,26
DA:58,7
DA:59,1
DA:60,6
DA:61,6
DA:65,58
DA:66,28
DA:67,28
DA:68,28
DA:69,28
DA:70,18
DA:71,18
DA:73,18
DA:76,28
DA:78,5
DA:79,5
DA:80,5
DA:89,58
DA:91,58
DA:92,36
DA:104,22
DA:153,1
LF:38
LH:38
BRDA:27,0,0,58
BRDA:27,0,1,18
BRDA:28,1,0,58
BRDA:28,1,1,18
BRDA:32,2,0,2
BRDA:32,2,1,56
BRDA:57,3,0,19
BRDA:57,3,1,7
BRDA:58,4,0,1
BRDA:58,4,1,6
BRDA:60,5,0,6
BRDA:60,5,1,0
BRDA:60,6,0,6
BRDA:60,6,1,4
BRDA:70,7,0,18
BRDA:70,7,1,0
BRDA:78,8,0,5
BRDA:78,8,1,0
BRDA:81,9,0,3
BRDA:81,9,1,2
BRDA:91,10,0,36
BRDA:91,10,1,22
BRDA:91,11,0,58
BRDA:91,11,1,32
BRDA:96,12,0,26
BRDA:96,12,1,10
BRDA:109,13,0,22
BRDA:109,13,1,5
BRDA:115,14,0,21
BRDA:115,14,1,1
BRDA:120,15,0,21
BRDA:120,15,1,1
BRDA:123,16,0,21
BRDA:123,16,1,1
BRF:34
BRH:31
end_of_record
TN:
SF:src\components\MapScheduleToggle.tsx
FN:14,(anonymous_0)
FN:23,(anonymous_1)
FN:30,(anonymous_2)
FN:54,(anonymous_3)
FNF:4
FNH:4
FNDA:10,(anonymous_0)
FNDA:10,(anonymous_1)
FNDA:1,(anonymous_2)
FNDA:6,(anonymous_3)
DA:14,1
DA:15,10
DA:16,10
DA:17,6
DA:19,4
DA:23,1
DA:24,10
DA:25,10
DA:30,1
DA:54,1
DA:55,6
DA:57,6
DA:59,5
DA:60,5
DA:63,5
DA:64,5
DA:66,5
DA:67,5
DA:68,5
DA:71,5
DA:78,5
LF:21
LH:21
BRDA:15,0,0,5
BRDA:15,0,1,5
BRDA:16,1,0,6
BRDA:16,1,1,4
BRDA:35,2,0,5
BRDA:35,2,1,5
BRDA:48,3,0,5
BRDA:48,3,1,5
BRDA:54,4,0,5
BRDA:55,5,0,6
BRDA:55,5,1,0
BRDA:57,6,0,1
BRDA:57,6,1,5
BRDA:66,7,0,5
BRDA:66,7,1,0
BRDA:67,8,0,3
BRDA:67,8,1,2
BRDA:68,9,0,3
BRDA:68,9,1,2
BRDA:72,10,0,0
BRDA:72,10,1,5
BRDA:75,11,0,0
BRDA:75,11,1,5
BRDA:99,12,0,3
BRDA:99,12,1,2
BRDA:108,13,0,5
BRDA:108,13,1,3
BRDA:111,14,0,0
BRDA:111,14,1,3
BRF:29
BRH:24
end_of_record
TN:
SF:src\components\MetroIcon.tsx
FN:10,(anonymous_0)
FNF:1
FNH:1
FNDA:3,(anonymous_0)
DA:10,1
DA:11,3
LF:2
LH:2
BRDA:10,0,0,1
BRDA:10,1,0,1
BRDA:10,2,0,1
BRF:3
BRH:3
end_of_record
TN:
SF:src\components\OutdoorPOIButton.tsx
FN:14,(anonymous_0)
FNF:1
FNH:1
FNDA:180,(anonymous_0)
DA:14,2
DA:15,180
DA:17,180
DA:58,2
LF:4
LH:4
BRDA:42,0,0,46
BRDA:42,0,1,134
BRDA:52,1,0,180
BRDA:52,1,1,135
BRDA:52,2,0,1
BRDA:52,2,1,134
BRF:6
BRH:6
end_of_record
TN:
SF:src\components\OutdoorPOIMarkers.tsx
FN:16,getDistanceFromLatLonInMeters
FN:37,getColor
FN:46,isOpen
FN:55,(anonymous_3)
FN:59,(anonymous_4)
FN:60,(anonymous_5)
FN:68,(anonymous_6)
FN:126,(anonymous_7)
FNF:8
FNH:8
FNDA:11,getDistanceFromLatLonInMeters
FNDA:10,getColor
FNDA:10,isOpen
FNDA:9,(anonymous_3)
FNDA:9,(anonymous_4)
FNDA:11,(anonymous_5)
FNDA:10,(anonymous_6)
FNDA:2,(anonymous_7)
DA:7,2
DA:17,11
DA:18,11
DA:19,11
DA:20,11
DA:21,11
DA:32,2
DA:38,10
DA:39,8
DA:40,2
DA:41,1
DA:43,1
DA:47,10
DA:48,8
DA:49,2
DA:50,1
DA:52,1
DA:55,2
DA:56,9
DA:57,9
DA:59,9
DA:60,9
DA:61,11
DA:62,11
DA:66,9
DA:69,10
DA:127,2
LF:27
LH:27
BRDA:38,0,0,8
BRDA:38,0,1,2
BRDA:40,1,0,1
BRDA:40,1,1,1
BRDA:47,2,0,8
BRDA:47,2,1,2
BRDA:49,3,0,1
BRDA:49,3,1,1
BRDA:55,4,0,6
BRDA:57,5,0,9
BRDA:57,5,1,0
BRDA:79,6,0,0
BRDA:79,6,1,10
BRDA:86,7,0,0
BRDA:86,7,1,10
BRDA:105,8,0,0
BRDA:105,8,1,10
BRDA:124,9,0,10
BRDA:124,9,1,9
BRF:19
BRH:15
end_of_record
TN:
SF:src\components\POIListPanel.tsx
FN:37,(anonymous_0)
FN:42,(anonymous_1)
FN:66,(anonymous_2)
FN:86,(anonymous_3)
FN:98,(anonymous_4)
FN:110,(anonymous_5)
FN:125,(anonymous_6)
FN:130,(anonymous_7)
FN:132,(anonymous_8)
FN:140,(anonymous_9)
FN:152,(anonymous_10)
FN:162,(anonymous_11)
FN:163,(anonymous_12)
FN:166,(anonymous_13)
FN:176,(anonymous_14)
FN:177,(anonymous_15)
FN:181,(anonymous_16)
FN:188,(anonymous_17)
FN:221,(anonymous_18)
FN:226,(anonymous_19)
FN:255,(anonymous_20)
FN:258,(anonymous_21)
FN:276,(anonymous_22)
FNF:23
FNH:23
FNDA:37,(anonymous_0)
FNDA:47,(anonymous_1)
FNDA:187,(anonymous_2)
FNDA:47,(anonymous_3)
FNDA:47,(anonymous_4)
FNDA:232,(anonymous_5)
FNDA:116,(anonymous_6)
FNDA:180,(anonymous_7)
FNDA:2,(anonymous_8)
FNDA:37,(anonymous_9)
FNDA:37,(anonymous_10)
FNDA:2,(anonymous_11)
FNDA:37,(anonymous_12)
FNDA:112,(anonymous_13)
FNDA:3,(anonymous_14)
FNDA:3,(anonymous_15)
FNDA:3,(anonymous_16)
FNDA:1,(anonymous_17)
FNDA:47,(anonymous_18)
FNDA:1,(anonymous_19)
FNDA:180,(anonymous_20)
FNDA:6,(anonymous_21)
FNDA:84,(anonymous_22)
DA:34,2
DA:35,2
DA:37,2
DA:38,37
DA:39,2
DA:42,2
DA:43,47
DA:45,47
DA:46,39
DA:48,8
DA:49,1
DA:51,7
DA:52,1
DA:54,6
DA:55,1
DA:57,5
DA:58,1
DA:60,4
DA:61,1
DA:63,3
DA:66,2
DA:67,187
DA:86,2
DA:87,47
DA:88,39
DA:89,1
DA:90,1
DA:91,1
DA:92,1
DA:93,1
DA:94,3
DA:98,2
DA:99,47
DA:100,39
DA:101,1
DA:102,1
DA:103,1
DA:104,1
DA:105,1
DA:106,3
DA:110,2
DA:119,232
DA:121,232
DA:122,232
DA:125,232
DA:126,116
DA:127,115
DA:130,232
DA:131,180
DA:132,145
DA:140,35
DA:141,37
DA:142,37
DA:143,37
DA:145,37
DA:149,37
DA:152,35
DA:153,37
DA:154,37
DA:162,35
DA:163,37
DA:166,232
DA:167,112
DA:174,232
DA:176,3
DA:178,3
DA:179,3
DA:182,3
DA:183,3
DA:184,1
DA:188,1
DA:190,2
DA:201,232
DA:202,187
DA:221,45
DA:222,47
DA:223,47
DA:226,1
DA:246,45
DA:256,180
DA:258,6
DA:276,84
DA:287,45
DA:302,2
LF:84
LH:84
BRDA:38,0,0,35
BRDA:38,0,1,2
BRDA:45,1,0,39
BRDA:45,1,1,8
BRDA:45,2,0,47
BRDA:45,2,1,46
BRDA:45,2,2,8
BRDA:45,2,3,8
BRDA:48,3,0,1
BRDA:48,3,1,7
BRDA:48,4,0,8
BRDA:48,4,1,7
BRDA:48,4,2,7
BRDA:48,4,3,7
BRDA:51,5,0,1
BRDA:51,5,1,6
BRDA:51,6,0,7
BRDA:51,6,1,6
BRDA:51,6,2,6
BRDA:51,6,3,6
BRDA:51,6,4,6
BRDA:54,7,0,1
BRDA:54,7,1,5
BRDA:54,8,0,6
BRDA:54,8,1,5
BRDA:54,8,2,5
BRDA:57,9,0,1
BRDA:57,9,1,4
BRDA:57,10,0,5
BRDA:57,10,1,4
BRDA:60,11,0,1
BRDA:60,11,1,3
BRDA:60,12,0,4
BRDA:60,12,1,3
BRDA:60,12,2,3
BRDA:80,13,0,184
BRDA:80,13,1,3
BRDA:87,14,0,39
BRDA:87,14,1,1
BRDA:87,14,2,1
BRDA:87,14,3,1
BRDA:87,14,4,1
BRDA:87,14,5,1
BRDA:87,14,6,3
BRDA:99,15,0,39
BRDA:99,15,1,1
BRDA:99,15,2,1
BRDA:99,15,3,1
BRDA:99,15,4,1
BRDA:99,15,5,1
BRDA:99,15,6,3
BRDA:126,16,0,115
BRDA:126,16,1,1
BRDA:131,17,0,145
BRDA:131,17,1,35
BRDA:131,18,0,180
BRDA:131,18,1,169
BRDA:168,19,0,42
BRDA:168,19,1,70
BRDA:183,20,0,1
BRDA:183,20,1,2
BRDA:201,21,0,187
BRDA:201,21,1,45
BRDA:206,22,0,9
BRDA:206,22,1,178
BRDA:208,23,0,141
BRDA:208,23,1,46
BRDA:263,24,0,45
BRDA:263,24,1,135
BRDA:266,25,0,45
BRDA:266,25,1,135
BRDA:267,26,0,45
BRDA:267,26,1,135
BRDA:291,27,0,42
BRDA:291,27,1,3
BRDA:293,28,0,35
BRDA:293,28,1,10
BRF:77
BRH:77
end_of_record
TN:
SF:src\components\POIPanel.tsx
FN:15,(anonymous_0)
FN:19,(anonymous_1)
FN:30,(anonymous_2)
FN:33,(anonymous_3)
FN:37,(anonymous_4)
FN:46,(anonymous_5)
FN:68,(anonymous_6)
FN:72,(anonymous_7)
FNF:8
FNH:8
FNDA:192,(anonymous_0)
FNDA:81,(anonymous_1)
FNDA:2,(anonymous_2)
FNDA:3,(anonymous_3)
FNDA:2,(anonymous_4)
FNDA:1,(anonymous_5)
FNDA:1152,(anonymous_6)
FNDA:2,(anonymous_7)
DA:6,2
DA:7,2
DA:15,2
DA:16,192
DA:19,192
DA:20,81
DA:28,192
DA:31,2
DA:34,3
DA:35,3
DA:39,2
DA:40,2
DA:42,1
DA:46,1
DA:49,1
DA:60,192
DA:69,1152
DA:73,2
DA:74,2
DA:84,192
DA:101,2
LF:21
LH:21
BRDA:21,0,0,12
BRDA:21,0,1,69
BRDA:40,1,0,1
BRDA:40,1,1,1
BRDA:88,2,0,12
BRDA:88,2,1,180
BRDA:90,3,0,147
BRDA:90,3,1,45
BRF:8
BRH:8
end_of_record
TN:
SF:src\components\RightControlsPanel.tsx
FN:30,(anonymous_0)
FN:48,(anonymous_1)
FN:121,(anonymous_2)
FN:170,(anonymous_3)
FNF:4
FNH:4
FNDA:60,(anonymous_0)
FNDA:33,(anonymous_1)
FNDA:2,(anonymous_2)
FNDA:1,(anonymous_3)
DA:30,1
DA:31,60
DA:33,38
DA:48,1
DA:60,33
DA:61,33
DA:63,33
DA:64,33
DA:66,33
DA:68,33
DA:69,33
DA:70,33
DA:71,33
DA:75,33
DA:76,22
DA:77,11
DA:78,10
DA:80,1
DA:83,33
DA:98,33
DA:99,2
DA:100,31
DA:101,20
DA:103,11
DA:106,33
DA:121,2
DA:170,1
LF:27
LH:27
BRDA:31,0,0,22
BRDA:31,0,1,38
BRDA:43,1,0,12
BRDA:43,1,1,26
BRDA:53,2,0,1
BRDA:54,3,0,1
BRDA:55,4,0,1
BRDA:61,5,0,16
BRDA:61,5,1,17
BRDA:66,6,0,33
BRDA:66,6,1,32
BRDA:66,6,2,31
BRDA:75,7,0,22
BRDA:75,7,1,11
BRDA:77,8,0,10
BRDA:77,8,1,1
BRDA:90,9,0,22
BRDA:90,9,1,11
BRDA:92,10,0,22
BRDA:92,10,1,11
BRDA:98,11,0,2
BRDA:98,11,1,31
BRDA:100,12,0,20
BRDA:100,12,1,11
BRDA:117,13,0,33
BRDA:117,13,1,32
BRDA:119,14,0,32
BRDA:119,14,1,31
BRDA:140,15,0,32
BRDA:140,15,1,29
BRDA:163,16,0,32
BRDA:163,16,1,31
BRF:32
BRH:32
end_of_record
TN:
SF:src\components\RoutePolyline.tsx
FN:13,(anonymous_0)
FN:51,(anonymous_1)
FN:55,(anonymous_2)
FN:56,(anonymous_3)
FN:67,(anonymous_4)
FN:75,(anonymous_5)
FN:98,(anonymous_6)
FN:132,(anonymous_7)
FN:138,(anonymous_8)
FN:160,(anonymous_9)
FN:175,(anonymous_10)
FN:179,(anonymous_11)
FN:189,(anonymous_12)
FN:230,(anonymous_13)
FN:236,(anonymous_14)
FN:253,(anonymous_15)
FN:266,(anonymous_16)
FN:325,(anonymous_17)
FN:333,(anonymous_18)
FN:399,(anonymous_19)
FN:410,(anonymous_20)
FN:416,(anonymous_21)
FN:420,(anonymous_22)
FN:427,(anonymous_23)
FN:429,(anonymous_24)
FN:437,(anonymous_25)
FN:474,(anonymous_26)
FN:495,(anonymous_27)
FNF:28
FNH:28
FNDA:52,(anonymous_0)
FNDA:16,(anonymous_1)
FNDA:12,(anonymous_2)
FNDA:12,(anonymous_3)
FNDA:5,(anonymous_4)
FNDA:2,(anonymous_5)
FNDA:15,(anonymous_6)
FNDA:25,(anonymous_7)
FNDA:2,(anonymous_8)
FNDA:20,(anonymous_9)
FNDA:17,(anonymous_10)
FNDA:17,(anonymous_11)
FNDA:62,(anonymous_12)
FNDA:16,(anonymous_13)
FNDA:19,(anonymous_14)
FNDA:7,(anonymous_15)
FNDA:22,(anonymous_16)
FNDA:55,(anonymous_17)
FNDA:31,(anonymous_18)
FNDA:52,(anonymous_19)
FNDA:58,(anonymous_20)
FNDA:31,(anonymous_21)
FNDA:58,(anonymous_22)
FNDA:51,(anonymous_23)
FNDA:51,(anonymous_24)
FNDA:54,(anonymous_25)
FNDA:29,(anonymous_26)
FNDA:14,(anonymous_27)
DA:11,2
DA:13,2
DA:14,52
DA:16,52
DA:17,20
DA:24,32
DA:25,32
DA:26,32
DA:28,32
DA:30,32
DA:31,1
DA:32,31
DA:34,10
DA:35,5
DA:36,3
DA:37,2
DA:38,1
DA:39,21
DA:40,17
DA:43,32
DA:51,2
DA:52,16
DA:53,16
DA:55,16
DA:56,12
DA:57,12
DA:58,3
DA:59,3
DA:64,16
DA:68,5
DA:70,4
DA:71,1
DA:72,1
DA:75,4
DA:76,2
DA:98,2
DA:105,15
DA:106,15
DA:108,5
DA:109,5
DA:110,1
DA:111,1
DA:114,4
DA:115,4
DA:116,4
DA:118,4
DA:119,4
DA:121,4
DA:126,2
DA:129,4
DA:132,2
DA:133,25
DA:138,2
DA:160,2
DA:167,20
DA:168,20
DA:170,16
DA:171,15
DA:174,16
DA:175,17
DA:179,17
DA:181,16
DA:182,13
DA:189,2
DA:207,62
DA:209,62
DA:210,62
DA:211,62
DA:212,62
DA:213,62
DA:216,62
DA:217,62
DA:219,62
DA:222,62
DA:226,62
DA:229,62
DA:231,16
DA:233,16
DA:234,16
DA:236,16
DA:237,19
DA:239,19
DA:246,16
DA:247,16
DA:252,62
DA:254,7
DA:255,7
DA:256,7
DA:257,3
DA:259,7
DA:260,7
DA:261,7
DA:266,62
DA:267,22
DA:268,22
DA:269,22
DA:273,22
DA:275,22
DA:278,22
DA:279,2
DA:280,2
DA:281,2
DA:282,2
DA:283,2
DA:284,2
DA:285,2
DA:287,2
DA:288,2
DA:289,2
DA:290,2
DA:291,2
DA:294,20
DA:296,13
DA:298,13
DA:300,12
DA:301,12
DA:302,12
DA:303,12
DA:304,12
DA:305,12
DA:307,12
DA:325,62
DA:326,55
DA:327,7
DA:328,7
DA:333,62
DA:334,31
DA:336,27
DA:344,27
DA:345,2
DA:346,2
DA:349,25
DA:350,1
DA:354,1
DA:355,1
DA:358,24
DA:364,24
DA:367,23
DA:368,1
DA:369,1
DA:373,22
DA:375,22
DA:376,22
DA:378,7
DA:379,7
DA:396,62
DA:399,62
DA:400,52
DA:405,1
DA:407,52
DA:410,62
DA:411,58
DA:412,58
DA:413,7
DA:416,58
DA:417,31
DA:420,58
DA:421,58
DA:422,58
DA:427,62
DA:428,51
DA:429,51
DA:430,51
DA:434,62
DA:435,62
DA:437,62
DA:438,54
DA:440,14
DA:441,14
DA:442,15
DA:443,15
DA:446,15
DA:447,15
DA:450,15
DA:451,12
DA:452,12
DA:454,12
DA:456,12
DA:463,14
DA:466,62
DA:467,37
DA:471,25
DA:472,15
DA:475,29
DA:477,28
DA:478,28
DA:480,28
DA:496,14
DA:502,10
DA:503,10
DA:505,10
DA:506,10
DA:507,10
DA:508,1
DA:509,1
DA:512,10
DA:514,10
DA:515,5
DA:530,5
LF:199
LH:199
BRDA:14,0,0,52
BRDA:14,0,1,2
BRDA:16,1,0,20
BRDA:16,1,1,32
BRDA:16,2,0,52
BRDA:16,2,1,52
BRDA:19,3,0,17
BRDA:19,3,1,3
BRDA:24,4,0,32
BRDA:24,4,1,4
BRDA:25,5,0,32
BRDA:25,5,1,24
BRDA:26,6,0,32
BRDA:26,6,1,25
BRDA:30,7,0,1
BRDA:30,7,1,31
BRDA:32,8,0,10
BRDA:32,8,1,21
BRDA:32,9,0,31
BRDA:32,9,1,22
BRDA:34,10,0,5
BRDA:34,10,1,5
BRDA:34,11,0,10
BRDA:34,11,1,7
BRDA:34,11,2,5
BRDA:35,12,0,2
BRDA:35,12,1,3
BRDA:35,13,0,5
BRDA:35,13,1,3
BRDA:36,14,0,1
BRDA:36,14,1,2
BRDA:36,15,0,3
BRDA:36,15,1,2
BRDA:36,15,2,2
BRDA:37,16,0,1
BRDA:37,16,1,1
BRDA:37,17,0,2
BRDA:37,17,1,1
BRDA:37,17,2,1
BRDA:39,18,0,17
BRDA:39,18,1,4
BRDA:57,19,0,3
BRDA:57,19,1,9
BRDA:68,20,0,1
BRDA:68,20,1,4
BRDA:70,21,0,1
BRDA:70,21,1,3
BRDA:106,22,0,10
BRDA:106,22,1,5
BRDA:109,23,0,1
BRDA:109,23,1,4
BRDA:116,24,0,4
BRDA:116,24,1,1
BRDA:116,25,0,4
BRDA:116,25,1,0
BRDA:121,26,0,2
BRDA:121,26,1,2
BRDA:122,27,0,4
BRDA:122,27,1,3
BRDA:122,27,2,3
BRDA:133,28,0,25
BRDA:133,28,1,24
BRDA:133,28,2,24
BRDA:133,28,3,24
BRDA:167,29,0,1
BRDA:167,29,1,19
BRDA:168,30,0,20
BRDA:168,30,1,1
BRDA:170,31,0,15
BRDA:170,31,1,1
BRDA:171,32,0,15
BRDA:171,32,1,1
BRDA:177,33,0,3
BRDA:177,33,1,14
BRDA:181,34,0,3
BRDA:181,34,1,13
BRDA:189,35,0,10
BRDA:216,36,0,62
BRDA:216,36,1,2
BRDA:217,37,0,62
BRDA:217,37,1,6
BRDA:219,38,0,54
BRDA:219,38,1,8
BRDA:222,39,0,60
BRDA:222,39,1,2
BRDA:222,40,0,62
BRDA:222,40,1,61
BRDA:231,41,0,0
BRDA:231,41,1,16
BRDA:234,42,0,16
BRDA:234,42,1,11
BRDA:254,43,0,6
BRDA:254,43,1,1
BRDA:256,44,0,3
BRDA:256,44,1,4
BRDA:257,45,0,3
BRDA:257,45,1,0
BRDA:267,46,0,22
BRDA:267,46,1,0
BRDA:273,47,0,22
BRDA:273,47,1,22
BRDA:273,47,2,22
BRDA:273,47,3,1
BRDA:275,48,0,22
BRDA:275,48,1,1
BRDA:278,49,0,2
BRDA:278,49,1,20
BRDA:278,50,0,22
BRDA:278,50,1,21
BRDA:281,51,0,2
BRDA:281,51,1,0
BRDA:298,52,0,1
BRDA:298,52,1,12
BRDA:307,53,0,12
BRDA:307,53,1,0
BRDA:326,54,0,7
BRDA:326,54,1,48
BRDA:326,55,0,55
BRDA:326,55,1,49
BRDA:334,56,0,4
BRDA:334,56,1,27
BRDA:344,57,0,2
BRDA:344,57,1,25
BRDA:344,58,0,27
BRDA:344,58,1,26
BRDA:349,59,0,1
BRDA:349,59,1,24
BRDA:364,60,0,1
BRDA:364,60,1,23
BRDA:367,61,0,1
BRDA:367,61,1,22
BRDA:367,62,0,23
BRDA:367,62,1,23
BRDA:373,63,0,0
BRDA:373,63,1,22
BRDA:373,64,0,22
BRDA:373,64,1,22
BRDA:379,65,0,7
BRDA:379,65,1,0
BRDA:400,66,0,1
BRDA:400,66,1,51
BRDA:401,67,0,52
BRDA:401,67,1,1
BRDA:401,67,2,1
BRDA:412,68,0,7
BRDA:412,68,1,51
BRDA:421,69,0,58
BRDA:421,69,1,0
BRDA:435,70,0,59
BRDA:435,70,1,3
BRDA:438,71,0,40
BRDA:438,71,1,14
BRDA:438,72,0,54
BRDA:438,72,1,39
BRDA:446,73,0,15
BRDA:446,73,1,1
BRDA:446,74,0,5
BRDA:446,74,1,10
BRDA:447,75,0,15
BRDA:447,75,1,1
BRDA:447,76,0,11
BRDA:447,76,1,4
BRDA:450,77,0,12
BRDA:450,77,1,3
BRDA:450,78,0,15
BRDA:450,78,1,12
BRDA:454,79,0,4
BRDA:454,79,1,8
BRDA:466,80,0,37
BRDA:466,80,1,25
BRDA:466,81,0,62
BRDA:466,81,1,56
BRDA:466,81,2,27
BRDA:471,82,0,15
BRDA:471,82,1,10
BRDA:475,83,0,1
BRDA:475,83,1,28
BRDA:482,84,0,10
BRDA:482,84,1,18
BRDA:486,85,0,10
BRDA:486,85,1,18
BRDA:487,86,0,10
BRDA:487,86,1,18
BRDA:489,87,0,10
BRDA:489,87,1,18
BRDA:505,88,0,2
BRDA:505,88,1,8
BRDA:506,89,0,2
BRDA:506,89,1,8
BRDA:507,90,0,1
BRDA:507,90,1,9
BRDA:514,91,0,5
BRDA:514,91,1,5
BRDA:520,92,0,3
BRDA:520,92,1,2
BRDA:535,93,0,0
BRDA:535,93,1,5
BRDA:536,94,0,0
BRDA:536,94,1,5
BRF:199
BRH:188
end_of_record
TN:
SF:src\components\ScheduleSection.tsx
FN:18,(anonymous_0)
FN:27,(anonymous_1)
FN:29,(anonymous_2)
FN:69,(anonymous_3)
FN:107,(anonymous_4)
FN:180,(anonymous_5)
FNF:6
FNH:6
FNDA:35,(anonymous_0)
FNDA:36,(anonymous_1)
FNDA:6,(anonymous_2)
FNDA:36,(anonymous_3)
FNDA:36,(anonymous_4)
FNDA:19,(anonymous_5)
DA:18,2
DA:27,35
DA:28,36
DA:29,6
DA:69,35
DA:70,36
DA:107,35
DA:108,36
DA:114,35
DA:115,1
DA:131,34
DA:132,19
DA:168,15
DA:181,19
LF:14
LH:14
BRDA:40,0,0,36
BRDA:40,0,1,1
BRDA:40,1,0,36
BRDA:40,1,1,2
BRDA:64,2,0,36
BRDA:64,2,1,2
BRDA:69,3,0,0
BRDA:71,4,0,4
BRDA:71,4,1,32
BRDA:73,5,0,4
BRDA:73,5,1,32
BRDA:74,6,0,17
BRDA:74,6,1,19
BRDA:100,7,0,36
BRDA:100,7,1,21
BRDA:101,8,0,4
BRDA:101,8,1,17
BRDA:107,9,0,0
BRDA:107,10,0,17
BRDA:108,11,0,36
BRDA:108,11,1,4
BRDA:114,12,0,1
BRDA:114,12,1,34
BRDA:119,13,0,0
BRDA:119,13,1,1
BRDA:131,14,0,19
BRDA:131,14,1,15
BRDA:136,15,0,2
BRDA:136,15,1,17
BRDA:144,16,0,2
BRDA:144,16,1,17
BRDA:147,17,0,19
BRDA:147,17,1,17
BRDA:153,18,0,2
BRDA:153,18,1,15
BRDA:172,19,0,1
BRDA:172,19,1,14
BRF:37
BRH:34
end_of_record
TN:
SF:src\components\ScheduleView.tsx
FN:28,(anonymous_0)
FN:30,(anonymous_1)
FN:37,(anonymous_2)
FN:38,(anonymous_3)
FN:50,(anonymous_4)
FN:64,(anonymous_5)
FN:76,(anonymous_6)
FN:82,(anonymous_7)
FN:98,(anonymous_8)
FN:137,(anonymous_9)
FN:152,(anonymous_10)
FN:159,(anonymous_11)
FN:164,(anonymous_12)
FN:193,(anonymous_13)
FN:194,(anonymous_14)
FN:233,(anonymous_15)
FN:240,(anonymous_16)
FN:283,(anonymous_17)
FN:284,(anonymous_18)
FN:301,(anonymous_19)
FNF:20
FNH:20
FNDA:43,(anonymous_0)
FNDA:43,(anonymous_1)
FNDA:164,(anonymous_2)
FNDA:164,(anonymous_3)
FNDA:24,(anonymous_4)
FNDA:40,(anonymous_5)
FNDA:40,(anonymous_6)
FNDA:40,(anonymous_7)
FNDA:8,(anonymous_8)
FNDA:41,(anonymous_9)
FNDA:41,(anonymous_10)
FNDA:41,(anonymous_11)
FNDA:8,(anonymous_12)
FNDA:41,(anonymous_13)
FNDA:42,(anonymous_14)
FNDA:42,(anonymous_15)
FNDA:41,(anonymous_16)
FNDA:74,(anonymous_17)
FNDA:41,(anonymous_18)
FNDA:42,(anonymous_19)
DA:28,1
DA:29,43
DA:30,43
DA:32,43
DA:33,41
DA:36,41
DA:37,164
DA:38,164
DA:43,41
DA:45,41
DA:47,41
DA:48,6
DA:49,6
DA:50,6
DA:51,24
DA:52,24
DA:54,6
DA:59,41
DA:61,2
DA:64,1
DA:73,40
DA:74,40
DA:76,40
DA:77,40
DA:78,38
DA:82,40
DA:83,40
DA:84,33
DA:85,33
DA:86,33
DA:88,33
DA:89,3
DA:90,3
DA:91,3
DA:93,30
DA:96,40
DA:98,8
DA:137,1
DA:138,41
DA:139,41
DA:145,41
DA:146,41
DA:148,41
DA:149,41
DA:152,41
DA:153,41
DA:154,37
DA:159,41
DA:160,41
DA:163,41
DA:165,8
DA:167,8
DA:168,8
DA:169,8
DA:171,8
DA:173,6
DA:175,6
DA:177,5
DA:179,5
DA:181,5
DA:182,3
DA:185,5
DA:186,5
DA:187,5
DA:193,41
DA:194,41
DA:195,42
DA:196,42
DA:198,42
DA:199,42
DA:200,42
DA:201,42
DA:203,42
DA:204,42
DA:206,42
DA:207,42
DA:209,42
DA:215,42
DA:216,42
DA:217,12
DA:219,42
DA:225,42
DA:226,42
DA:228,42
DA:230,42
DA:233,41
DA:234,42
DA:235,42
DA:236,42
DA:237,42
DA:240,41
DA:246,41
DA:247,1
DA:254,40
DA:283,74
DA:285,41
DA:286,41
DA:287,41
DA:302,42
LF:99
LH:99
BRDA:29,0,0,39
BRDA:29,0,1,4
BRDA:32,1,0,41
BRDA:32,1,1,2
BRDA:32,2,0,43
BRDA:32,2,1,41
BRDA:43,3,0,0
BRDA:43,3,1,41
BRDA:47,4,0,6
BRDA:47,4,1,35
BRDA:47,5,0,41
BRDA:47,5,1,39
BRDA:77,6,0,2
BRDA:77,6,1,38
BRDA:83,7,0,7
BRDA:83,7,1,33
BRDA:83,8,0,40
BRDA:83,8,1,37
BRDA:88,9,0,3
BRDA:88,9,1,30
BRDA:91,10,0,2
BRDA:91,10,1,1
BRDA:138,11,0,41
BRDA:138,11,1,1
BRDA:148,12,0,4
BRDA:148,12,1,37
BRDA:149,13,0,4
BRDA:149,13,1,37
BRDA:153,14,0,37
BRDA:153,14,1,4
BRDA:153,15,0,41
BRDA:153,15,1,38
BRDA:165,16,0,0
BRDA:165,16,1,8
BRDA:171,17,0,2
BRDA:171,17,1,6
BRDA:173,18,0,6
BRDA:173,18,1,2
BRDA:175,19,0,1
BRDA:175,19,1,5
BRDA:179,20,0,5
BRDA:179,20,1,0
BRDA:181,21,0,3
BRDA:181,21,1,2
BRDA:195,22,0,42
BRDA:195,22,1,3
BRDA:195,22,2,1
BRDA:196,23,0,42
BRDA:196,23,1,4
BRDA:196,23,2,2
BRDA:216,24,0,30
BRDA:216,24,1,12
BRDA:217,25,0,3
BRDA:217,25,1,9
BRDA:225,26,0,39
BRDA:225,26,1,3
BRDA:226,27,0,38
BRDA:226,27,1,4
BRDA:228,28,0,38
BRDA:228,28,1,4
BRDA:228,29,0,42
BRDA:228,29,1,39
BRDA:234,30,0,42
BRDA:234,30,1,0
BRDA:235,31,0,41
BRDA:235,31,1,1
BRDA:246,32,0,1
BRDA:246,32,1,40
BRDA:258,33,0,4
BRDA:258,33,1,36
BRDA:261,34,0,7
BRDA:261,34,1,33
BRDA:274,35,0,2
BRDA:274,35,1,5
BRDA:285,36,0,4
BRDA:285,36,1,37
BRDA:286,37,0,29
BRDA:286,37,1,12
BRDA:329,38,0,4
BRDA:329,38,1,38
BRDA:337,39,0,42
BRDA:337,39,1,40
BRDA:342,40,0,42
BRDA:342,40,1,39
BRDA:363,41,0,42
BRDA:363,41,1,40
BRDA:385,42,0,42
BRDA:385,42,1,2
BRDA:389,43,0,1
BRDA:389,43,1,1
BRF:90
BRH:86
end_of_record
TN:
SF:src\components\SegmentedToggle.tsx
FN:10,SegmentedToggle
FN:40,(anonymous_1)
FNF:2
FNH:2
FNDA:21,SegmentedToggle
FNDA:8,(anonymous_1)
DA:17,21
DA:18,21
DA:19,21
DA:20,21
DA:21,21
DA:41,8
LF:6
LH:6
BRDA:17,0,0,21
BRDA:17,0,1,0
BRDA:20,1,0,0
BRDA:20,1,1,21
BRDA:23,2,0,21
BRDA:23,2,1,14
BRDA:23,2,2,7
BRDA:23,2,3,7
BRDA:39,3,0,9
BRDA:39,3,1,5
BRDA:42,4,0,3
BRDA:42,4,1,5
BRDA:51,5,0,14
BRDA:51,5,1,0
BRDA:54,6,0,14
BRDA:54,6,1,0
BRDA:64,7,0,0
BRDA:64,7,1,7
BRDA:87,8,0,0
BRDA:87,8,1,7
BRDA:88,9,0,0
BRDA:88,9,1,7
BRF:22
BRH:15
end_of_record
TN:
SF:src\components\StatusGradient.tsx
FN:6,(anonymous_0)
FNF:1
FNH:1
FNDA:1,(anonymous_0)
DA:6,1
DA:7,1
DA:8,1
LF:3
LH:3
BRDA:7,0,0,1
BRDA:7,0,1,0
BRDA:10,1,0,0
BRDA:10,1,1,1
BRDA:11,2,0,0
BRDA:11,2,1,1
BRF:6
BRH:3
end_of_record
TN:
SF:src\components\TimeSelectorModal.tsx
FN:24,(anonymous_0)
FN:31,(anonymous_1)
FN:51,(anonymous_2)
FN:56,(anonymous_3)
FN:61,(anonymous_4)
FN:73,(anonymous_5)
FN:73,(anonymous_6)
FN:77,(anonymous_7)
FN:83,(anonymous_8)
FN:99,(anonymous_9)
FN:110,(anonymous_10)
FN:121,(anonymous_11)
FN:132,(anonymous_12)
FN:144,(anonymous_13)
FN:172,TimeSelectorModal
FN:195,(anonymous_15)
FN:205,(anonymous_16)
FN:214,(anonymous_17)
FN:245,(anonymous_18)
FN:258,(anonymous_19)
FNF:20
FNH:18
FNDA:1093,(anonymous_0)
FNDA:36,(anonymous_1)
FNDA:24,(anonymous_2)
FNDA:12,(anonymous_3)
FNDA:102,(anonymous_4)
FNDA:39,(anonymous_5)
FNDA:91,(anonymous_6)
FNDA:931,(anonymous_7)
FNDA:2,(anonymous_8)
FNDA:0,(anonymous_9)
FNDA:403,(anonymous_10)
FNDA:1462,(anonymous_11)
FNDA:1020,(anonymous_12)
FNDA:4,(anonymous_13)
FNDA:36,TimeSelectorModal
FNDA:15,(anonymous_15)
FNDA:7,(anonymous_16)
FNDA:1,(anonymous_17)
FNDA:0,(anonymous_18)
FNDA:2,(anonymous_19)
DA:22,1
DA:24,1
DA:25,1093
DA:26,1093
DA:27,1093
DA:28,1093
DA:31,1
DA:32,36
DA:33,36
DA:34,1080
DA:35,1080
DA:36,1080
DA:48,36
DA:51,24
DA:56,12
DA:61,1
DA:70,102
DA:71,102
DA:72,102
DA:73,91
DA:77,931
DA:78,102
DA:80,102
DA:81,102
DA:83,102
DA:84,2
DA:85,2
DA:86,2
DA:88,2
DA:89,2
DA:90,2
DA:93,2
DA:94,2
DA:95,2
DA:97,2
DA:98,2
DA:99,2
DA:100,0
DA:110,403
DA:116,102
DA:121,1462
DA:134,1020
DA:139,1020
DA:145,4
DA:149,4
DA:150,4
DA:179,36
DA:180,36
DA:182,36
DA:183,36
DA:188,36
DA:189,36
DA:193,36
DA:195,36
DA:196,15
DA:197,13
DA:198,13
DA:199,13
DA:200,13
DA:201,13
DA:205,36
DA:206,7
DA:207,7
DA:208,7
DA:209,7
DA:211,7
DA:214,36
DA:215,1
DA:218,36
DA:245,0
DA:258,2
DA:331,1
LF:72
LH:70
BRDA:39,0,0,36
BRDA:39,0,1,1044
BRDA:67,1,0,0
BRDA:71,2,0,68
BRDA:71,2,1,34
BRDA:80,3,0,68
BRDA:80,3,1,34
BRDA:89,4,0,2
BRDA:89,4,1,0
BRDA:89,5,0,2
BRDA:89,5,1,2
BRDA:93,6,0,2
BRDA:93,6,1,0
BRDA:97,7,0,2
BRDA:97,7,1,0
BRDA:97,8,0,2
BRDA:97,8,1,0
BRDA:134,9,0,89
BRDA:134,9,1,931
BRDA:136,10,0,55
BRDA:136,10,1,876
BRDA:149,11,0,4
BRDA:149,11,1,0
BRDA:179,12,0,36
BRDA:179,12,1,0
BRDA:182,13,0,36
BRDA:182,13,1,2
BRDA:196,14,0,13
BRDA:196,14,1,2
BRDA:198,15,0,13
BRDA:198,15,1,1
BRDA:230,16,0,2
BRDA:230,16,1,34
BRDA:233,17,0,36
BRDA:233,17,1,36
BRDA:236,18,0,2
BRDA:236,18,1,34
BRDA:244,19,0,36
BRDA:244,19,1,29
BRDA:250,20,0,36
BRDA:250,20,1,29
BRDA:257,21,0,36
BRDA:257,21,1,7
BRDA:263,22,0,36
BRDA:263,22,1,7
BRDA:272,23,0,34
BRDA:272,23,1,2
BRDA:276,24,0,2
BRDA:276,24,1,34
BRDA:313,25,0,2
BRDA:313,25,1,34
BRF:51
BRH:44
end_of_record
TN:
SF:src\components\UpcomingClassBanner.tsx
FN:33,(anonymous_0)
FN:40,(anonymous_1)
FN:57,(anonymous_2)
FN:61,(anonymous_3)
FN:64,(anonymous_4)
FN:75,(anonymous_5)
FN:80,(anonymous_6)
FN:83,(anonymous_7)
FN:92,(anonymous_8)
FN:96,(anonymous_9)
FN:102,(anonymous_10)
FN:105,(anonymous_11)
FN:114,(anonymous_12)
FN:122,(anonymous_13)
FN:131,(anonymous_14)
FN:133,(anonymous_15)
FN:139,(anonymous_16)
FN:161,(anonymous_17)
FN:165,(anonymous_18)
FN:231,(anonymous_19)
FNF:20
FNH:20
FNDA:85,(anonymous_0)
FNDA:63,(anonymous_1)
FNDA:27,(anonymous_2)
FNDA:27,(anonymous_3)
FNDA:27,(anonymous_4)
FNDA:27,(anonymous_5)
FNDA:27,(anonymous_6)
FNDA:27,(anonymous_7)
FNDA:1,(anonymous_8)
FNDA:27,(anonymous_9)
FNDA:63,(anonymous_10)
FNDA:76,(anonymous_11)
FNDA:12,(anonymous_12)
FNDA:36,(anonymous_13)
FNDA:3,(anonymous_14)
FNDA:3,(anonymous_15)
FNDA:2,(anonymous_16)
FNDA:36,(anonymous_17)
FNDA:9,(anonymous_18)
FNDA:3,(anonymous_19)
DA:29,1
DA:30,1
DA:31,1
DA:33,1
DA:34,85
DA:40,1
DA:43,63
DA:44,63
DA:45,63
DA:46,63
DA:47,63
DA:48,63
DA:51,63
DA:52,63
DA:54,63
DA:55,63
DA:57,63
DA:58,27
DA:61,63
DA:62,27
DA:64,27
DA:65,27
DA:66,27
DA:67,26
DA:68,26
DA:69,26
DA:73,27
DA:75,27
DA:76,27
DA:80,63
DA:81,27
DA:83,27
DA:84,27
DA:85,27
DA:86,26
DA:90,27
DA:92,27
DA:93,1
DA:96,27
DA:97,27
DA:98,27
DA:102,63
DA:103,63
DA:104,63
DA:106,76
DA:107,76
DA:108,76
DA:115,12
DA:116,12
DA:117,12
DA:122,63
DA:123,36
DA:124,27
DA:125,27
DA:129,63
DA:132,3
DA:134,3
DA:135,2
DA:136,2
DA:140,2
DA:141,1
DA:144,1
DA:160,63
DA:161,63
DA:162,36
DA:165,63
DA:166,9
DA:167,9
DA:168,9
DA:169,9
DA:170,9
DA:174,9
DA:175,9
DA:176,9
DA:178,9
DA:192,63
DA:194,28
DA:197,28
DA:200,28
DA:202,28
DA:203,28
DA:205,26
DA:206,26
DA:208,26
DA:214,26
DA:215,26
DA:216,26
DA:218,26
DA:221,26
DA:227,26
DA:231,26
DA:232,3
DA:233,1
DA:234,1
DA:237,2
DA:239,2
DA:240,2
DA:243,2
DA:244,2
DA:245,2
DA:246,2
DA:249,26
LF:102
LH:102
BRDA:34,0,0,85
BRDA:34,0,1,0
BRDA:66,1,0,26
BRDA:66,1,1,1
BRDA:85,2,0,26
BRDA:85,2,1,1
BRDA:104,3,0,63
BRDA:104,3,1,12
BRDA:106,4,0,76
BRDA:106,4,1,0
BRDA:107,5,0,76
BRDA:107,5,1,0
BRDA:109,6,0,76
BRDA:109,6,1,76
BRDA:109,6,2,74
BRDA:115,7,0,12
BRDA:115,7,1,0
BRDA:115,7,2,0
BRDA:116,8,0,12
BRDA:116,8,1,0
BRDA:116,8,2,0
BRDA:123,9,0,27
BRDA:123,9,1,9
BRDA:134,10,0,2
BRDA:134,10,1,1
BRDA:140,11,0,1
BRDA:140,11,1,1
BRDA:162,12,0,36
BRDA:162,12,1,9
BRDA:166,13,0,9
BRDA:166,13,1,0
BRDA:168,14,0,9
BRDA:168,14,1,0
BRDA:168,14,2,0
BRDA:170,15,0,0
BRDA:170,15,1,9
BRDA:192,16,0,35
BRDA:192,16,1,28
BRDA:192,17,0,63
BRDA:192,17,1,36
BRDA:195,18,0,28
BRDA:195,18,1,0
BRDA:195,18,2,0
BRDA:200,19,0,0
BRDA:200,19,1,28
BRDA:203,20,0,2
BRDA:203,20,1,26
BRDA:203,21,0,28
BRDA:203,21,1,26
BRDA:205,22,0,26
BRDA:205,22,1,0
BRDA:205,22,2,0
BRDA:214,23,0,26
BRDA:214,23,1,0
BRDA:215,24,0,26
BRDA:215,24,1,0
BRDA:216,25,0,26
BRDA:216,25,1,0
BRDA:218,26,0,26
BRDA:218,26,1,0
BRDA:219,27,0,26
BRDA:219,27,1,2
BRDA:219,27,2,2
BRDA:221,28,0,26
BRDA:221,28,1,0
BRDA:222,29,0,26
BRDA:222,29,1,2
BRDA:222,29,2,2
BRDA:227,30,0,24
BRDA:227,30,1,2
BRDA:227,31,0,26
BRDA:227,31,1,24
BRDA:229,32,0,2
BRDA:229,32,1,0
BRDA:232,33,0,1
BRDA:232,33,1,2
BRDA:232,34,0,3
BRDA:232,34,1,3
BRDA:237,35,0,2
BRDA:237,35,1,0
BRDA:239,36,0,2
BRDA:239,36,1,0
BRDA:288,37,0,26
BRDA:288,37,1,0
BRF:84
BRH:59
end_of_record
TN:
SF:src\components\UserProfileContent.tsx
FN:17,(anonymous_0)
FN:33,(anonymous_1)
FN:39,(anonymous_2)
FN:42,(anonymous_3)
FN:55,(anonymous_4)
FN:60,(anonymous_5)
FN:68,(anonymous_6)
FN:76,(anonymous_7)
FN:120,(anonymous_8)
FN:136,(anonymous_9)
FN:175,(anonymous_10)
FN:228,(anonymous_11)
FN:233,(anonymous_12)
FN:238,(anonymous_13)
FNF:14
FNH:14
FNDA:96,(anonymous_0)
FNDA:51,(anonymous_1)
FNDA:25,(anonymous_2)
FNDA:25,(anonymous_3)
FNDA:25,(anonymous_4)
FNDA:4,(anonymous_5)
FNDA:2,(anonymous_6)
FNDA:4,(anonymous_7)
FNDA:360,(anonymous_8)
FNDA:2,(anonymous_9)
FNDA:2,(anonymous_10)
FNDA:6,(anonymous_11)
FNDA:1,(anonymous_12)
FNDA:1,(anonymous_13)
DA:15,3
DA:17,3
DA:18,96
DA:33,3
DA:34,51
DA:35,51
DA:36,51
DA:37,51
DA:39,51
DA:40,25
DA:42,25
DA:43,25
DA:44,25
DA:45,24
DA:46,24
DA:47,1
DA:49,24
DA:53,25
DA:55,25
DA:56,25
DA:60,51
DA:61,4
DA:62,2
DA:64,2
DA:68,51
DA:69,2
DA:70,1
DA:72,1
DA:76,51
DA:77,4
DA:78,4
DA:81,4
DA:82,1
DA:83,1
DA:87,51
DA:89,51
DA:94,51
DA:121,360
DA:122,360
DA:124,360
DA:136,2
DA:176,2
DA:228,6
DA:233,1
DA:238,1
DA:252,3
LF:46
LH:46
BRDA:19,0,0,4
BRDA:19,0,1,92
BRDA:24,1,0,4
BRDA:24,1,1,92
BRDA:34,2,0,2
BRDA:34,2,1,49
BRDA:44,3,0,24
BRDA:44,3,1,1
BRDA:46,4,0,1
BRDA:46,4,1,23
BRDA:61,5,0,2
BRDA:61,5,1,2
BRDA:69,6,0,1
BRDA:69,6,1,1
BRDA:81,7,0,1
BRDA:81,7,1,3
BRDA:89,8,0,51
BRDA:89,8,1,11
BRDA:89,8,2,9
BRDA:89,8,3,8
BRDA:99,9,0,51
BRDA:99,9,1,1
BRDA:103,10,0,51
BRDA:103,10,1,9
BRDA:112,11,0,2
BRDA:112,11,1,49
BRDA:119,12,0,48
BRDA:119,12,1,3
BRDA:122,13,0,51
BRDA:122,13,1,309
BRDA:129,14,0,51
BRDA:129,14,1,309
BRDA:132,15,0,12
BRDA:132,15,1,297
BRDA:133,16,0,12
BRDA:133,16,1,297
BRDA:142,17,0,51
BRDA:142,17,1,309
BRDA:161,18,0,2
BRDA:161,18,1,49
BRDA:166,19,0,2
BRDA:166,19,1,49
BRDA:167,20,0,2
BRDA:167,20,1,49
BRDA:173,21,0,7
BRDA:173,21,1,44
BRDA:184,22,0,2
BRDA:184,22,1,49
BRDA:210,23,0,51
BRDA:210,23,1,0
BRDA:228,24,0,4
BRDA:228,24,1,2
BRDA:233,25,0,51
BRDA:233,25,1,0
BRDA:254,26,0,3
BRDA:254,26,1,0
BRF:56
BRH:53
end_of_record
TN:
SF:src\components\UserProfileHeader.tsx
FN:11,(anonymous_0)
FNF:1
FNH:1
FNDA:5,(anonymous_0)
DA:11,1
DA:12,5
DA:14,5
DA:35,1
LF:4
LH:4
BRDA:12,0,0,1
BRDA:12,0,1,4
BRDA:21,1,0,3
BRDA:21,1,1,2
BRDA:25,2,0,2
BRDA:25,2,1,1
BRDA:28,3,0,5
BRDA:28,3,1,1
BRF:8
BRH:8
end_of_record
TN:
SF:src\components\UserProfilePopup.tsx
FN:22,(anonymous_0)
FNF:1
FNH:1
FNDA:7,(anonymous_0)
DA:22,1
DA:28,7
DA:29,7
DA:31,7
DA:82,1
LF:5
LH:5
BRDA:28,0,0,7
BRDA:28,0,1,0
BRDA:46,1,0,1
BRDA:46,1,1,6
BRDA:49,2,0,7
BRDA:49,2,1,4
BRF:6
BRH:5
end_of_record
TN:
SF:src\components\campusLabels.tsx
FN:14,(anonymous_0)
FN:24,(anonymous_1)
FN:28,(anonymous_2)
FN:29,(anonymous_3)
FN:36,(anonymous_4)
FN:48,(anonymous_5)
FN:77,(anonymous_6)
FNF:7
FNH:7
FNDA:21,(anonymous_0)
FNDA:17,(anonymous_1)
FNDA:3,(anonymous_2)
FNDA:13,(anonymous_3)
FNDA:138,(anonymous_4)
FNDA:1,(anonymous_5)
FNDA:6,(anonymous_6)
DA:14,1
DA:20,21
DA:21,21
DA:22,21
DA:24,21
DA:25,17
DA:27,13
DA:28,13
DA:29,13
DA:32,21
DA:34,17
DA:37,138
DA:38,138
DA:39,137
DA:41,137
DA:49,1
DA:50,1
DA:78,6
DA:79,6
DA:82,6
DA:84,4
DA:86,3
DA:87,3
DA:89,3
LF:24
LH:24
BRDA:25,0,0,4
BRDA:25,0,1,13
BRDA:32,1,0,4
BRDA:32,1,1,17
BRDA:38,2,0,1
BRDA:38,2,1,137
BRDA:39,3,0,1
BRDA:39,3,1,136
BRDA:39,4,0,137
BRDA:39,4,1,2
BRDA:82,5,0,2
BRDA:82,5,1,4
BRDA:84,6,0,1
BRDA:84,6,1,3
BRDA:84,7,0,4
BRDA:84,7,1,1
BRDA:89,8,0,3
BRDA:89,8,1,3
BRF:18
BRH:18
end_of_record
TN:
SF:src\components\polygons.tsx
FN:16,(anonymous_0)
FN:23,(anonymous_1)
FNF:2
FNH:2
FNDA:8,(anonymous_0)
FNDA:68,(anonymous_1)
DA:16,2
DA:21,8
DA:24,68
DA:26,68
DA:28,68
DA:31,68
LF:6
LH:6
BRDA:24,0,0,0
BRDA:24,0,1,68
BRDA:28,1,0,68
BRDA:28,1,1,0
BRDA:40,2,0,68
BRDA:40,2,1,0
BRF:6
BRH:3
end_of_record
TN:
SF:src\components\indoor\DestinationMarker.tsx
FN:10,(anonymous_0)
FNF:1
FNH:1
FNDA:3,(anonymous_0)
DA:10,2
DA:11,3
LF:2
LH:2
BRF:0
BRH:0
end_of_record
TN:
SF:src\components\indoor\IndoorDirectionsPopup.tsx
FN:42,(anonymous_0)
FN:44,(anonymous_1)
FN:49,(anonymous_2)
FN:52,(anonymous_3)
FN:59,(anonymous_4)
FN:73,(anonymous_5)
FN:86,(anonymous_6)
FN:95,(anonymous_7)
FN:114,(anonymous_8)
FN:120,(anonymous_9)
FN:132,(anonymous_10)
FN:153,(anonymous_11)
FN:154,(anonymous_12)
FN:155,(anonymous_13)
FN:158,(anonymous_14)
FN:162,(anonymous_15)
FN:171,(anonymous_16)
FN:175,(anonymous_17)
FN:185,(anonymous_18)
FN:267,(anonymous_19)
FN:337,(anonymous_20)
FN:344,(anonymous_21)
FN:421,(anonymous_22)
FNF:23
FNH:11
FNDA:12,(anonymous_0)
FNDA:12,(anonymous_1)
FNDA:6,(anonymous_2)
FNDA:6,(anonymous_3)
FNDA:0,(anonymous_4)
FNDA:0,(anonymous_5)
FNDA:0,(anonymous_6)
FNDA:0,(anonymous_7)
FNDA:0,(anonymous_8)
FNDA:0,(anonymous_9)
FNDA:14,(anonymous_10)
FNDA:6,(anonymous_11)
FNDA:0,(anonymous_12)
FNDA:0,(anonymous_13)
FNDA:10,(anonymous_14)
FNDA:0,(anonymous_15)
FNDA:6,(anonymous_16)
FNDA:0,(anonymous_17)
FNDA:2,(anonymous_18)
FNDA:1,(anonymous_19)
FNDA:18,(anonymous_20)
FNDA:0,(anonymous_21)
FNDA:0,(anonymous_22)
DA:42,12
DA:44,2
DA:45,12
DA:46,7
DA:49,2
DA:50,6
DA:52,2
DA:53,6
DA:59,2
DA:60,0
DA:61,0
DA:73,2
DA:74,0
DA:75,0
DA:86,2
DA:87,0
DA:88,0
DA:95,2
DA:96,0
DA:97,0
DA:114,2
DA:115,0
DA:116,0
DA:117,0
DA:118,0
DA:120,0
DA:131,2
DA:133,14
DA:134,14
DA:135,14
DA:149,14
DA:153,14
DA:154,0
DA:155,0
DA:158,14
DA:159,10
DA:161,6
DA:162,6
DA:163,0
DA:165,0
DA:171,6
DA:174,14
DA:176,0
DA:181,14
DA:182,14
DA:183,14
DA:185,14
DA:186,2
DA:187,1
DA:188,1
DA:190,1
DA:191,1
DA:194,14
DA:196,6
DA:267,1
DA:338,18
DA:339,18
DA:341,18
DA:345,0
DA:421,0
DA:443,2
DA:458,2
LF:62
LH:42
BRDA:42,0,0,5
BRDA:42,0,1,7
BRDA:44,1,0,6
BRDA:45,2,0,5
BRDA:45,2,1,7
BRDA:45,3,0,0
BRDA:45,3,1,5
BRDA:50,4,0,2
BRDA:50,4,1,4
BRDA:50,5,0,2
BRDA:50,5,1,1
BRDA:53,6,0,6
BRDA:53,6,1,0
BRDA:54,7,0,0
BRDA:54,7,1,6
BRDA:56,8,0,0
BRDA:56,8,1,0
BRDA:60,9,0,0
BRDA:60,9,1,0
BRDA:64,10,0,0
BRDA:64,10,1,0
BRDA:65,11,0,0
BRDA:65,11,1,0
BRDA:66,12,0,0
BRDA:66,12,1,0
BRDA:67,13,0,0
BRDA:67,13,1,0
BRDA:69,14,0,0
BRDA:69,14,1,0
BRDA:74,15,0,0
BRDA:74,15,1,0
BRDA:76,16,0,0
BRDA:76,16,1,0
BRDA:77,17,0,0
BRDA:77,17,1,0
BRDA:78,18,0,0
BRDA:78,18,1,0
BRDA:79,19,0,0
BRDA:79,19,1,0
BRDA:87,20,0,0
BRDA:87,20,1,0
BRDA:89,21,0,0
BRDA:89,21,1,0
BRDA:91,22,0,0
BRDA:91,22,1,0
BRDA:96,23,0,0
BRDA:96,23,1,0
BRDA:99,24,0,0
BRDA:99,24,1,0
BRDA:100,25,0,0
BRDA:100,25,1,0
BRDA:101,26,0,0
BRDA:101,26,1,0
BRDA:117,27,0,0
BRDA:117,27,1,0
BRDA:133,28,0,14
BRDA:133,28,1,0
BRDA:159,29,0,4
BRDA:159,29,1,6
BRDA:159,30,0,10
BRDA:159,30,1,6
BRDA:163,31,0,0
BRDA:163,31,1,0
BRDA:183,32,0,14
BRDA:183,32,1,2
BRDA:186,33,0,1
BRDA:186,33,1,1
BRDA:186,34,0,2
BRDA:186,34,1,1
BRDA:194,35,0,8
BRDA:194,35,1,6
BRDA:194,36,0,14
BRDA:194,36,1,7
BRDA:234,37,0,0
BRDA:234,37,1,6
BRDA:241,38,0,0
BRDA:241,38,1,6
BRDA:252,39,0,0
BRDA:252,39,1,6
BRDA:273,40,0,0
BRDA:273,40,1,6
BRDA:314,41,0,0
BRDA:314,41,1,6
BRDA:350,42,0,6
BRDA:350,42,1,12
BRDA:351,43,0,6
BRDA:351,43,1,12
BRDA:352,44,0,6
BRDA:352,44,1,12
BRDA:352,45,0,0
BRDA:352,45,1,6
BRDA:353,46,0,6
BRDA:353,46,1,12
BRDA:355,47,0,6
BRDA:355,47,1,12
BRDA:360,48,0,6
BRDA:360,48,1,12
BRDA:361,49,0,6
BRDA:361,49,1,12
BRDA:362,50,0,6
BRDA:362,50,1,12
BRDA:363,51,0,10
BRDA:363,51,1,8
BRDA:363,52,0,18
BRDA:363,52,1,12
BRDA:363,53,0,0
BRDA:363,53,1,8
BRDA:371,54,0,6
BRDA:371,54,1,12
BRDA:373,55,0,10
BRDA:373,55,1,8
BRDA:373,56,0,18
BRDA:373,56,1,12
BRDA:373,57,0,0
BRDA:373,57,1,8
BRDA:384,58,0,6
BRDA:384,58,1,12
BRDA:385,59,0,6
BRDA:385,59,1,12
BRDA:386,60,0,10
BRDA:386,60,1,8
BRDA:386,61,0,18
BRDA:386,61,1,12
BRDA:386,62,0,0
BRDA:386,62,1,8
BRDA:402,63,0,6
BRDA:402,63,1,0
BRDA:405,64,0,0
BRDA:405,64,1,6
BRDA:417,65,0,0
BRDA:417,65,1,6
BRF:131
BRH:73
end_of_record
TN:
SF:src\components\indoor\IndoorMap.tsx
FN:13,(anonymous_0)
FNF:1
FNH:1
FNDA:4,(anonymous_0)
DA:13,1
DA:15,4
DA:16,2
DA:17,2
DA:18,1
DA:19,1
DA:25,1
DA:30,3
DA:31,1
DA:38,2
DA:46,1
LF:11
LH:11
BRDA:15,0,0,2
BRDA:15,0,1,2
BRDA:15,1,0,4
BRDA:15,1,1,2
BRDA:16,2,0,2
BRDA:16,2,1,1
BRDA:16,2,2,0
BRDA:17,3,0,1
BRDA:17,3,1,1
BRDA:30,4,0,1
BRDA:30,4,1,2
BRDA:30,5,0,3
BRDA:30,5,1,1
BRF:13
BRH:12
end_of_record
TN:
SF:src\components\indoor\IndoorMapHeader.tsx
FN:20,(anonymous_0)
FN:26,(anonymous_1)
FN:42,(anonymous_2)
FN:47,(anonymous_3)
FNF:4
FNH:4
FNDA:9,(anonymous_0)
FNDA:2,(anonymous_1)
FNDA:24,(anonymous_2)
FNDA:2,(anonymous_3)
DA:19,2
DA:21,9
DA:26,2
DA:43,24
DA:44,24
DA:47,2
DA:65,2
DA:68,2
LF:8
LH:8
BRDA:26,0,0,2
BRDA:26,0,1,1
BRDA:48,1,0,9
BRDA:48,1,1,15
BRDA:54,2,0,9
BRDA:54,2,1,15
BRF:6
BRH:6
end_of_record
TN:
SF:src\components\indoor\IndoorMapOverlay.tsx
FN:51,(anonymous_0)
FN:65,useMapLayout
FN:71,(anonymous_2)
FN:76,(anonymous_3)
FN:80,(anonymous_4)
FN:81,(anonymous_5)
FN:95,createRoomResults
FN:96,(anonymous_7)
FN:107,createPOIResults
FN:108,(anonymous_9)
FN:120,filterResults
FN:121,(anonymous_11)
FN:124,createExternalResults
FN:128,(anonymous_13)
FN:139,(anonymous_14)
FN:161,useIndoorSearch
FN:169,(anonymous_16)
FN:181,(anonymous_17)
FN:192,(anonymous_18)
FN:198,(anonymous_19)
FN:205,(anonymous_20)
FN:215,(anonymous_21)
FN:226,(anonymous_22)
FN:235,useHotspots
FN:236,(anonymous_24)
FN:239,(anonymous_25)
FN:240,(anonymous_26)
FN:242,(anonymous_27)
FN:243,(anonymous_28)
FN:255,(anonymous_29)
FN:257,(anonymous_30)
FN:260,findHotspotTarget
FN:261,(anonymous_32)
FN:279,findNodeTarget
FN:286,(anonymous_34)
FN:296,(anonymous_35)
FN:310,findPOITarget
FN:316,(anonymous_37)
FN:319,(anonymous_38)
FN:333,handleAutoFloorSwitch
FN:353,(anonymous_40)
FN:356,(anonymous_41)
FN:372,useLocationSync
FN:386,(anonymous_43)
FN:424,handleZeroDistanceRoute
FN:431,handlePOISelection
FN:440,(anonymous_46)
FN:459,handleRoomSelection
FN:479,handleBuildingSelection
FN:507,(anonymous_49)
FN:533,(anonymous_50)
FN:541,(anonymous_51)
FN:551,(anonymous_52)
FN:557,(anonymous_53)
FN:574,(anonymous_54)
FN:574,(anonymous_55)
FN:576,(anonymous_56)
FN:577,(anonymous_57)
FN:577,(anonymous_58)
FN:579,(anonymous_59)
FN:579,(anonymous_60)
FN:583,(anonymous_61)
FN:591,(anonymous_62)
FN:595,(anonymous_63)
FN:600,(anonymous_64)
FN:601,(anonymous_65)
FN:607,(anonymous_66)
FN:617,(anonymous_67)
FN:623,(anonymous_68)
FN:661,(anonymous_69)
FN:664,(anonymous_70)
FN:669,(anonymous_71)
FN:677,(anonymous_72)
FN:687,(anonymous_73)
FN:696,(anonymous_74)
FN:706,resolveStartNode
FN:733,resolveEndNode
FN:754,handleZeroDistanceRoute
FN:762,(anonymous_78)
FN:804,(anonymous_79)
FN:812,(anonymous_80)
FN:822,(anonymous_81)
FN:838,handleBuildingSelection
FN:866,handleRoomSelection
FN:880,handlePOISelection
FN:889,(anonymous_85)
FN:923,(anonymous_86)
FN:956,(anonymous_87)
FN:965,(anonymous_88)
FN:1000,(anonymous_89)
FN:1001,(anonymous_90)
FN:1009,(anonymous_91)
FN:1038,(anonymous_92)
FN:1042,(anonymous_93)
FN:1054,(anonymous_94)
FN:1060,(anonymous_95)
FN:1068,(anonymous_96)
FN:1097,(anonymous_97)
FN:1136,(anonymous_98)
FN:1140,(anonymous_99)
FN:1141,(anonymous_100)
FN:1157,(anonymous_101)
FN:1196,(anonymous_102)
FN:1201,(anonymous_103)
FN:1216,(anonymous_104)
FN:1216,(anonymous_105)
FN:1217,(anonymous_106)
FN:1217,(anonymous_107)
FN:1218,(anonymous_108)
FN:1221,(anonymous_109)
FN:1245,(anonymous_110)
FNF:111
FNH:99
FNDA:33,(anonymous_0)
FNDA:150,useMapLayout
FNDA:33,(anonymous_2)
FNDA:32,(anonymous_3)
FNDA:32,(anonymous_4)
FNDA:32,(anonymous_5)
FNDA:19,createRoomResults
FNDA:19,(anonymous_7)
FNDA:19,createPOIResults
FNDA:19,(anonymous_9)
FNDA:19,filterResults
FNDA:38,(anonymous_11)
FNDA:19,createExternalResults
FNDA:323,(anonymous_13)
FNDA:38,(anonymous_14)
FNDA:150,useIndoorSearch
FNDA:44,(anonymous_16)
FNDA:32,(anonymous_17)
FNDA:7,(anonymous_18)
FNDA:2,(anonymous_19)
FNDA:1,(anonymous_20)
FNDA:12,(anonymous_21)
FNDA:6,(anonymous_22)
FNDA:150,useHotspots
FNDA:32,(anonymous_24)
FNDA:30,(anonymous_25)
FNDA:29,(anonymous_26)
FNDA:60,(anonymous_27)
FNDA:30,(anonymous_28)
FNDA:46,(anonymous_29)
FNDA:22,(anonymous_30)
FNDA:12,findHotspotTarget
FNDA:12,(anonymous_32)
FNDA:2,findNodeTarget
FNDA:4,(anonymous_34)
FNDA:0,(anonymous_35)
FNDA:2,findPOITarget
FNDA:4,(anonymous_37)
FNDA:2,(anonymous_38)
FNDA:11,handleAutoFloorSwitch
FNDA:5,(anonymous_40)
FNDA:0,(anonymous_41)
FNDA:300,useLocationSync
FNDA:95,(anonymous_43)
FNDA:0,handleZeroDistanceRoute
FNDA:0,handlePOISelection
FNDA:0,(anonymous_46)
FNDA:0,handleRoomSelection
FNDA:0,handleBuildingSelection
FNDA:150,(anonymous_49)
FNDA:32,(anonymous_50)
FNDA:32,(anonymous_51)
FNDA:32,(anonymous_52)
FNDA:32,(anonymous_53)
FNDA:33,(anonymous_54)
FNDA:33,(anonymous_55)
FNDA:33,(anonymous_56)
FNDA:33,(anonymous_57)
FNDA:60,(anonymous_58)
FNDA:33,(anonymous_59)
FNDA:60,(anonymous_60)
FNDA:32,(anonymous_61)
FNDA:32,(anonymous_62)
FNDA:1,(anonymous_63)
FNDA:33,(anonymous_64)
FNDA:60,(anonymous_65)
FNDA:32,(anonymous_66)
FNDA:1,(anonymous_67)
FNDA:1,(anonymous_68)
FNDA:32,(anonymous_69)
FNDA:32,(anonymous_70)
FNDA:33,(anonymous_71)
FNDA:9,(anonymous_72)
FNDA:0,(anonymous_73)
FNDA:0,(anonymous_74)
FNDA:30,resolveStartNode
FNDA:30,resolveEndNode
FNDA:23,handleZeroDistanceRoute
FNDA:30,(anonymous_78)
FNDA:79,(anonymous_79)
FNDA:1,(anonymous_80)
[...]
FNDA:7,(anonymous_3)
FNDA:3,(anonymous_4)
FNDA:3,(anonymous_5)
FNDA:0,(anonymous_6)
DA:7,27
DA:10,27
DA:14,8
DA:15,8
DA:19,2
DA:20,2
DA:21,0
DA:23,2
DA:27,7
DA:28,7
DA:29,2
DA:34,5
DA:41,3
DA:45,3
DA:46,1
DA:50,0
LF:16
LH:14
BRDA:20,0,0,0
BRDA:20,0,1,2
BRDA:28,1,0,2
BRDA:28,1,1,5
BRDA:45,2,0,2
BRDA:45,2,1,1
BRDA:46,3,0,1
BRDA:46,3,1,0
BRF:8
BRH:6
end_of_record
TN:
SF:src\indoors\services\IndoorMapService.ts
FN:14,(anonymous_0)
FN:20,(anonymous_1)
FN:63,(anonymous_2)
FN:67,(anonymous_3)
FN:72,(anonymous_4)
FN:80,(anonymous_5)
FN:85,(anonymous_6)
FN:95,(anonymous_7)
FN:100,(anonymous_8)
FN:110,(anonymous_9)
FN:119,(anonymous_10)
FN:133,(anonymous_11)
FN:149,(anonymous_12)
FN:159,(anonymous_13)
FN:174,(anonymous_14)
FN:183,(anonymous_15)
FNF:16
FNH:16
FNDA:27,(anonymous_0)
FNDA:8,(anonymous_1)
FNDA:2,(anonymous_2)
FNDA:3,(anonymous_3)
FNDA:3,(anonymous_4)
FNDA:3,(anonymous_5)
FNDA:2,(anonymous_6)
FNDA:3,(anonymous_7)
FNDA:3,(anonymous_8)
FNDA:3,(anonymous_9)
FNDA:2,(anonymous_10)
FNDA:5,(anonymous_11)
FNDA:4,(anonymous_12)
FNDA:3,(anonymous_13)
FNDA:1,(anonymous_14)
FNDA:1,(anonymous_15)
DA:15,27
DA:16,27
DA:17,27
DA:22,8
DA:23,8
DA:24,8
DA:28,8
DA:29,18
DA:30,244
DA:35,8
DA:36,18
DA:37,239
DA:45,8
DA:46,8
DA:47,24
DA:48,24
DA:49,24
DA:50,24
DA:54,8
DA:55,7
DA:56,7
DA:58,5
DA:64,2
DA:68,3
DA:69,3
DA:73,3
DA:74,3
DA:75,1
DA:77,2
DA:81,3
DA:86,2
DA:87,2
DA:88,1
DA:89,1
DA:91,1
DA:96,3
DA:101,3
DA:102,3
DA:105,3
DA:106,3
DA:107,3
DA:110,2
DA:111,3
DA:112,3
DA:115,2
DA:120,2
DA:133,5
DA:135,2
DA:136,2
DA:138,2
DA:139,3
DA:140,3
DA:141,3
DA:142,3
DA:146,2
DA:150,4
DA:151,4
DA:160,3
DA:162,1
DA:163,1
DA:165,1
DA:168,1
DA:169,1
DA:171,1
DA:175,1
DA:176,1
DA:177,2
DA:178,1
DA:181,1
DA:184,1
LF:70
LH:70
BRDA:45,0,0,8
BRDA:45,0,1,0
BRDA:49,1,0,24
BRDA:49,1,1,18
BRDA:54,2,0,7
BRDA:54,2,1,1
BRDA:67,3,0,2
BRDA:68,4,0,3
BRDA:68,4,1,2
BRDA:74,5,0,1
BRDA:74,5,1,2
BRDA:85,6,0,1
BRDA:87,7,0,1
BRDA:87,7,1,1
BRDA:107,8,0,1
BRDA:107,8,1,2
BRDA:115,9,0,2
BRDA:115,9,1,1
BRDA:133,10,0,5
BRDA:133,10,1,4
BRDA:140,11,0,3
BRDA:140,11,1,0
BRDA:146,12,0,1
BRDA:146,12,1,1
BRDA:151,13,0,1
BRDA:151,13,1,3
BRDA:159,14,0,2
BRDA:160,15,0,2
BRDA:160,15,1,1
BRDA:177,16,0,1
BRDA:177,16,1,1
BRF:31
BRH:29
end_of_record
TN:
SF:src\indoors\services\PathFinder.ts
FN:17,(anonymous_0)
FN:21,(anonymous_1)
FN:76,(anonymous_2)
FN:112,(anonymous_3)
FN:122,(anonymous_4)
FN:137,(anonymous_5)
FN:148,(anonymous_6)
FNF:7
FNH:7
FNDA:16,(anonymous_0)
FNDA:13,(anonymous_1)
FNDA:25,(anonymous_2)
FNDA:48,(anonymous_3)
FNDA:34,(anonymous_4)
FNDA:9,(anonymous_5)
FNDA:27,(anonymous_6)
DA:18,16
DA:22,13
DA:23,13
DA:25,13
DA:26,2
DA:31,11
DA:32,11
DA:35,11
DA:38,11
DA:41,11
DA:43,11
DA:52,11
DA:53,11
DA:54,11
DA:56,11
DA:58,34
DA:61,34
DA:62,9
DA:65,25
DA:66,25
DA:69,25
DA:72,2
DA:82,25
DA:83,25
DA:85,25
DA:86,56
DA:88,40
DA:89,40
DA:91,38
DA:92,0
DA:97,38
DA:99,38
DA:100,37
DA:101,37
DA:102,37
DA:106,37
DA:113,48
DA:116,48
DA:118,48
DA:124,34
DA:126,34
DA:127,90
DA:128,90
DA:129,51
DA:130,51
DA:133,34
DA:138,9
DA:139,9
DA:141,9
DA:142,18
DA:143,18
DA:146,9
DA:148,27
DA:150,9
LF:54
LH:53
BRDA:21,0,0,10
BRDA:25,1,0,2
BRDA:25,1,1,11
BRDA:25,2,0,13
BRDA:25,2,1,12
BRDA:61,3,0,9
BRDA:61,3,1,25
BRDA:86,4,0,16
BRDA:86,4,1,40
BRDA:89,5,0,2
BRDA:89,5,1,38
BRDA:89,6,0,40
BRDA:89,6,1,40
BRDA:89,6,2,3
BRDA:91,7,0,0
BRDA:91,7,1,38
BRDA:97,8,0,38
BRDA:97,8,1,0
BRDA:99,9,0,37
BRDA:99,9,1,1
BRDA:99,10,0,38
BRDA:99,10,1,37
BRDA:116,11,0,48
BRDA:116,11,1,0
BRDA:127,12,0,90
BRDA:127,12,1,0
BRDA:128,13,0,51
BRDA:128,13,1,39
BRDA:128,14,0,90
BRDA:128,14,1,56
BRF:30
BRH:26
end_of_record
TN:
SF:src\indoors\services\RouteInstructionService.ts
FN:11,vec
FN:15,magnitude
FN:19,normalise
FN:24,cosSim
FN:30,crossSign
FN:36,runDistance
FN:50,classifyTurn
FN:58,getTransitKind
FN:65,floorNum
FN:72,buildApproachVec
FN:84,roomLabel
FN:90,destinationLabel
FN:109,isOpenFloor
FN:145,buildTransitNodeSegments
FN:167,buildFinalDestinationSegments
FN:181,buildSegments
FN:244,maybeEmitStraight
FN:258,getStartText
FN:283,segmentToText
FN:308,generateRouteSteps
FN:322,(anonymous_20)
FN:329,(anonymous_21)
FN:340,estimateWalkMinutes
FNF:23
FNH:23
FNDA:82,vec
FNDA:110,magnitude
FNDA:72,normalise
FNDA:21,cosSim
FNDA:15,crossSign
FNDA:30,runDistance
FNDA:8,classifyTurn
FNDA:60,getTransitKind
FNDA:47,floorNum
FNDA:8,buildApproachVec
FNDA:10,roomLabel
FNDA:15,destinationLabel
FNDA:35,isOpenFloor
FNDA:6,buildTransitNodeSegments
FNDA:20,buildFinalDestinationSegments
FNDA:24,buildSegments
FNDA:30,maybeEmitStraight
FNDA:18,getStartText
FNDA:39,segmentToText
FNDA:20,generateRouteSteps
FNDA:55,(anonymous_20)
FNDA:39,(anonymous_21)
FNDA:5,estimateWalkMinutes
DA:12,82
DA:16,110
DA:20,72
DA:21,72
DA:25,21
DA:26,21
DA:27,21
DA:31,15
DA:32,15
DA:33,15
DA:37,30
DA:38,30
DA:39,30
DA:40,30
DA:41,35
DA:43,30
DA:51,8
DA:52,8
DA:53,6
DA:59,60
DA:60,51
DA:61,46
DA:62,43
DA:66,47
DA:67,47
DA:73,8
DA:74,8
DA:75,4
DA:76,4
DA:77,0
DA:79,8
DA:85,10
DA:86,10
DA:87,10
DA:91,15
DA:93,1
DA:95,2
DA:97,1
DA:99,1
DA:101,10
DA:107,5
DA:110,35
DA:146,6
DA:148,6
DA:150,6
DA:151,17
DA:152,17
DA:153,11
DA:154,4
DA:157,6
DA:158,6
DA:160,6
DA:161,4
DA:164,6
DA:168,20
DA:170,20
DA:171,41
DA:172,3
DA:173,3
DA:176,20
DA:182,24
DA:184,24
DA:186,24
DA:192,24
DA:193,24
DA:195,24
DA:196,35
DA:197,35
DA:198,35
DA:201,35
DA:202,35
DA:203,6
DA:204,6
DA:205,6
DA:209,29
DA:210,1
DA:211,1
DA:215,28
DA:216,20
DA:217,20
DA:221,8
DA:223,8
DA:224,0
DA:225,0
DA:228,8
DA:229,8
DA:230,8
DA:232,8
DA:233,4
DA:234,4
DA:235,4
DA:238,8
DA:241,24
DA:251,30
DA:252,30
DA:253,29
DA:254,29
DA:259,18
DA:261,18
DA:262,9
DA:265,9
DA:266,9
DA:267,9
DA:268,9
DA:270,9
DA:271,6
DA:274,3
DA:275,2
DA:278,1
DA:284,39
DA:285,18
DA:288,3
DA:289,1
DA:292,0
DA:295,3
DA:296,3
DA:297,3
DA:301,15
DA:302,15
DA:309,20
DA:311,18
DA:313,18
DA:314,18
DA:315,56
DA:316,1
DA:318,55
DA:322,18
DA:323,55
DA:324,19
DA:325,19
DA:326,19
DA:329,39
DA:341,5
DA:342,3
DA:343,3
DA:344,3
DA:346,3
LF:137
LH:133
BRDA:20,0,0,72
BRDA:20,0,1,0
BRDA:52,1,0,2
BRDA:52,1,1,6
BRDA:53,2,0,2
BRDA:53,2,1,4
BRDA:59,3,0,9
BRDA:59,3,1,51
BRDA:60,4,0,5
BRDA:60,4,1,46
BRDA:61,5,0,3
BRDA:61,5,1,43
BRDA:67,6,0,0
BRDA:67,6,1,47
BRDA:76,7,0,4
BRDA:76,7,1,0
BRDA:85,8,0,10
BRDA:85,8,1,8
BRDA:86,9,0,0
BRDA:86,9,1,10
BRDA:91,10,0,1
BRDA:91,10,1,2
BRDA:91,10,2,1
BRDA:91,10,3,1
BRDA:91,10,4,10
BRDA:95,11,0,2
BRDA:95,11,1,1
BRDA:97,12,0,1
BRDA:97,12,1,1
BRDA:99,13,0,1
BRDA:99,13,1,1
BRDA:152,14,0,6
BRDA:152,14,1,11
BRDA:153,15,0,4
BRDA:153,15,1,7
BRDA:153,16,0,11
BRDA:153,16,1,9
BRDA:157,17,0,6
BRDA:157,17,1,0
BRDA:160,18,0,4
BRDA:160,18,1,2
BRDA:171,19,0,3
BRDA:171,19,1,38
BRDA:184,20,0,0
BRDA:184,20,1,24
BRDA:202,21,0,6
BRDA:202,21,1,29
BRDA:209,22,0,1
BRDA:209,22,1,28
BRDA:215,23,0,20
BRDA:215,23,1,8
BRDA:223,24,0,0
BRDA:223,24,1,8
BRDA:223,25,0,8
BRDA:223,25,1,8
BRDA:232,26,0,4
BRDA:232,26,1,4
BRDA:232,27,0,8
BRDA:232,27,1,6
BRDA:249,28,0,24
BRDA:252,29,0,29
BRDA:252,29,1,1
BRDA:261,30,0,9
BRDA:261,30,1,9
BRDA:268,31,0,1
BRDA:268,31,1,8
BRDA:270,32,0,6
BRDA:270,32,1,3
BRDA:271,33,0,5
BRDA:271,33,1,1
BRDA:274,34,0,2
BRDA:274,34,1,1
BRDA:274,35,0,3
BRDA:274,35,1,0
BRDA:275,36,0,1
BRDA:275,36,1,1
BRDA:278,37,0,1
BRDA:278,37,1,0
BRDA:284,38,0,18
BRDA:284,38,1,3
BRDA:284,38,2,0
BRDA:284,38,3,3
BRDA:284,38,4,15
BRDA:288,39,0,2
BRDA:288,39,1,1
BRDA:289,40,0,1
BRDA:289,40,1,0
BRDA:296,41,0,2
BRDA:296,41,1,1
BRDA:302,42,0,1
BRDA:302,42,1,14
BRDA:309,43,0,2
BRDA:309,43,1,18
BRDA:309,44,0,20
BRDA:309,44,1,20
BRDA:315,45,0,1
BRDA:315,45,1,55
BRDA:315,46,0,56
BRDA:315,46,1,19
BRDA:323,47,0,36
BRDA:323,47,1,19
BRDA:323,48,0,55
BRDA:323,48,1,54
BRDA:326,49,0,19
BRDA:326,49,1,4
BRDA:341,50,0,2
BRDA:341,50,1,3
BRDA:341,51,0,5
BRDA:341,51,1,5
BRF:109
BRH:98
end_of_record
TN:
SF:src\indoors\services\indoorRoutingHelper.ts
FN:9,(anonymous_0)
FN:18,(anonymous_1)
FNF:2
FNH:2
FNDA:9,(anonymous_0)
FNDA:7,(anonymous_1)
DA:7,3
DA:9,3
DA:15,9
DA:16,9
DA:18,9
DA:19,7
DA:20,6
DA:21,6
DA:22,5
DA:24,1
DA:27,2
DA:31,9
DA:32,3
DA:33,3
DA:34,3
DA:35,3
DA:40,6
DA:41,2
DA:42,2
DA:43,2
DA:44,2
DA:48,6
DA:49,2
DA:50,2
DA:51,2
DA:52,2
DA:55,6
LF:27
LH:27
BRDA:19,0,0,6
BRDA:19,0,1,1
BRDA:19,1,0,7
BRDA:19,1,1,7
BRDA:31,2,0,3
BRDA:31,2,1,6
BRDA:31,3,0,9
BRDA:31,3,1,8
BRDA:31,3,2,5
BRDA:31,3,3,4
BRDA:31,3,4,4
BRDA:40,4,0,2
BRDA:40,4,1,4
BRDA:40,5,0,6
BRDA:40,5,1,5
BRDA:40,5,2,4
BRDA:48,6,0,2
BRDA:48,6,1,4
BRDA:48,7,0,6
BRDA:48,7,1,5
BRDA:48,7,2,4
BRF:21
BRH:21
end_of_record
TN:
SF:src\indoors\types\Building.ts
FNF:0
FNH:0
LF:0
LH:0
BRF:0
BRH:0
end_of_record
TN:
SF:src\indoors\types\FloorPlans.ts
FNF:0
FNH:0
LF:0
LH:0
BRF:0
BRH:0
end_of_record
TN:
SF:src\indoors\types\Navigation.ts
FNF:0
FNH:0
LF:0
LH:0
BRF:0
BRH:0
end_of_record
TN:
SF:src\indoors\types\Routes.ts
FNF:0
FNH:0
LF:0
LH:0
BRF:0
BRH:0
end_of_record
TN:
SF:src\indoors\types\hotspot.ts
FNF:0
FNH:0
LF:0
LH:0
BRF:0
BRH:0
end_of_record
TN:
SF:src\indoors\types\poi.ts
FNF:0
FNH:0
LF:0
LH:0
BRF:0
BRH:0
end_of_record
TN:
SF:src\outdoorDirections\TravelModeStrategy.ts
FNF:0
FNH:0
LF:0
LH:0
BRF:0
BRH:0
end_of_record
TN:
SF:src\outdoorDirections\bicyclingStrategy.ts
FNF:0
FNH:0
DA:4,4
DA:5,4
LF:2
LH:2
BRF:0
BRH:0
end_of_record
TN:
SF:src\outdoorDirections\concreteGoogleStrategy.ts
FN:20,(anonymous_0)
FN:32,(anonymous_1)
FN:44,(anonymous_2)
FN:49,(anonymous_3)
FNF:4
FNH:4
FNDA:8,(anonymous_0)
FNDA:4,(anonymous_1)
FNDA:6,(anonymous_2)
FNDA:157,(anonymous_3)
DA:18,16
DA:25,8
DA:26,8
DA:27,3
DA:29,8
DA:37,4
DA:38,4
DA:39,2
DA:41,4
DA:45,6
DA:46,4
DA:55,157
DA:56,157
DA:57,149
DA:58,149
DA:59,140
DA:61,17
DA:62,16
DA:63,14
DA:64,3
DA:65,3
DA:66,3
DA:67,2
DA:70,12
LF:24
LH:24
BRDA:26,0,0,3
BRDA:26,0,1,5
BRDA:26,1,0,8
BRDA:26,1,1,5
BRDA:38,2,0,2
BRDA:38,2,1,2
BRDA:38,3,0,4
BRDA:38,3,1,3
BRDA:45,4,0,2
BRDA:45,4,1,4
BRDA:45,5,0,6
BRDA:45,5,1,4
BRDA:58,6,0,9
BRDA:58,6,1,140
BRDA:61,7,0,16
BRDA:61,7,1,1
BRDA:62,8,0,2
BRDA:62,8,1,14
BRDA:63,9,0,3
BRDA:63,9,1,11
BRDA:66,10,0,1
BRDA:66,10,1,2
BRF:22
BRH:22
end_of_record
TN:
SF:src\outdoorDirections\directionsService.ts
FN:22,(anonymous_0)
FNF:1
FNH:1
FNDA:148,(anonymous_0)
DA:22,3
DA:29,148
DA:30,147
DA:32,146
DA:33,146
LF:5
LH:5
BRDA:26,0,0,147
BRDA:27,1,0,147
BRDA:29,2,0,1
BRDA:29,2,1,147
BRDA:30,3,0,1
BRDA:30,3,1,146
BRF:6
BRH:6
end_of_record
TN:
SF:src\outdoorDirections\drivingStrategy.ts
FN:6,(anonymous_0)
FNF:1
FNH:1
FNDA:3,(anonymous_0)
DA:3,4
DA:4,4
DA:11,3
DA:13,3
DA:14,1
DA:16,3
LF:6
LH:6
BRDA:13,0,0,1
BRDA:13,0,1,2
BRDA:13,1,0,3
BRDA:13,1,1,2
BRF:4
BRH:4
end_of_record
TN:
SF:src\outdoorDirections\transitStrategy.ts
FN:9,(anonymous_0)
FN:26,(anonymous_1)
FN:42,(anonymous_2)
FNF:3
FNH:3
FNDA:3,(anonymous_0)
FNDA:3,(anonymous_1)
FNDA:11,(anonymous_2)
DA:5,4
DA:6,4
DA:14,3
DA:15,3
DA:17,2
DA:18,1
DA:20,1
DA:22,2
DA:31,3
DA:32,3
DA:34,2
DA:35,2
DA:39,2
DA:43,11
DA:46,10
DA:47,10
DA:48,4
DA:49,4
DA:50,4
DA:51,4
DA:55,6
DA:56,6
DA:57,4
DA:58,4
DA:59,4
DA:60,4
DA:63,2
LF:27
LH:27
BRDA:15,0,0,1
BRDA:15,0,1,2
BRDA:17,1,0,1
BRDA:17,1,1,1
BRDA:32,2,0,1
BRDA:32,2,1,2
BRDA:35,3,0,1
BRDA:35,3,1,1
BRDA:43,4,0,1
BRDA:43,4,1,10
BRDA:43,5,0,11
BRDA:43,5,1,10
BRDA:47,6,0,4
BRDA:47,6,1,6
BRDA:48,7,0,4
BRDA:48,7,1,1
BRDA:49,8,0,4
BRDA:49,8,1,1
BRDA:50,9,0,3
BRDA:50,9,1,1
BRDA:56,10,0,4
BRDA:56,10,1,2
BRDA:57,11,0,4
BRDA:57,11,1,1
BRDA:58,12,0,4
BRDA:58,12,1,1
BRDA:59,13,0,2
BRDA:59,13,1,2
BRF:28
BRH:28
end_of_record
TN:
SF:src\outdoorDirections\travelModeStrategyFactory.ts
FN:20,(anonymous_0)
FNF:1
FNH:1
FNDA:151,(anonymous_0)
DA:8,3
DA:20,3
DA:21,151
DA:22,151
DA:23,150
LF:5
LH:5
BRDA:22,0,0,1
BRDA:22,0,1,150
BRF:2
BRH:2
end_of_record
TN:
SF:src\outdoorDirections\walkingStrategy.ts
FNF:0
FNH:0
DA:4,4
DA:5,4
DA:6,4
LF:3
LH:3
BRF:0
BRH:0
end_of_record
TN:
SF:src\utils\geo.ts
FN:4,(anonymous_0)
FN:5,(anonymous_1)
FN:10,(anonymous_2)
FNF:3
FNH:3
FNDA:1,(anonymous_0)
FNDA:1,(anonymous_1)
FNDA:4,(anonymous_2)
DA:4,1
DA:5,1
DA:10,1
DA:11,4
DA:12,4
DA:14,4
DA:15,4
DA:16,24
DA:17,24
DA:18,24
DA:19,24
DA:22,24
DA:24,24
DA:27,4
LF:14
LH:14
BRDA:22,0,0,24
BRDA:22,0,1,8
BRDA:24,1,0,4
BRDA:24,1,1,20
BRF:4
BRH:4
end_of_record
TN:
SF:src\utils\geometry.ts
FN:8,(anonymous_0)
FN:10,(anonymous_1)
FN:12,(anonymous_2)
FN:16,(anonymous_3)
FN:18,(anonymous_4)
FNF:5
FNH:5
FNDA:1,(anonymous_0)
FNDA:2,(anonymous_1)
FNDA:2,(anonymous_2)
FNDA:6,(anonymous_3)
FNDA:1,(anonymous_4)
DA:8,1
DA:10,2
DA:12,2
DA:13,1
DA:16,6
DA:18,1
DA:22,1
DA:23,1
DA:24,1
DA:25,1
DA:26,1
DA:29,1
DA:34,1
DA:35,1
LF:14
LH:14
BRF:0
BRH:0
end_of_record
TN:
SF:src\utils\openSystemSettings.ts
FN:7,openNotificationSettings
FN:31,openAppearanceSettings
FN:43,(anonymous_2)
FNF:3
FNH:3
FNDA:4,openNotificationSettings
FNDA:7,openAppearanceSettings
FNDA:4,(anonymous_2)
DA:8,4
DA:10,4
DA:11,2
DA:12,1
DA:16,2
DA:17,2
DA:18,1
DA:19,1
DA:22,1
DA:25,2
DA:32,7
DA:35,7
DA:44,4
DA:45,4
DA:46,2
DA:47,1
DA:49,2
DA:50,2
DA:51,1
DA:52,1
DA:55,1
DA:56,1
DA:66,6
DA:68,1
DA:71,1
LF:25
LH:25
BRDA:10,0,0,2
BRDA:10,0,1,2
BRDA:17,1,0,1
BRDA:17,1,1,1
BRDA:37,2,0,6
BRDA:37,2,1,1
BRDA:45,3,0,2
BRDA:45,3,1,2
BRDA:50,4,0,1
BRDA:50,4,1,1
BRF:10
BRH:10
end_of_record
TN:
SF:src\utils\schedule.ts
FN:5,(anonymous_0)
FN:13,(anonymous_1)
FN:14,(anonymous_2)
FN:31,(anonymous_3)
FN:32,(anonymous_4)
FN:47,(anonymous_5)
FN:55,(anonymous_6)
FN:58,(anonymous_7)
FN:59,(anonymous_8)
FN:64,(anonymous_9)
FNF:10
FNH:10
FNDA:9,(anonymous_0)
FNDA:3,(anonymous_1)
FNDA:5,(anonymous_2)
FNDA:4,(anonymous_3)
FNDA:4,(anonymous_4)
FNDA:8,(anonymous_5)
FNDA:2,(anonymous_6)
FNDA:4,(anonymous_7)
FNDA:1,(anonymous_8)
FNDA:4,(anonymous_9)
DA:5,1
DA:6,9
DA:7,4
DA:8,5
DA:9,3
DA:11,2
DA:13,1
DA:14,3
DA:15,5
DA:16,5
DA:18,4
DA:19,4
DA:21,3
DA:22,3
DA:23,3
DA:25,3
DA:28,3
DA:29,2
DA:31,1
DA:32,4
DA:33,4
DA:34,4
DA:37,4
DA:38,4
DA:40,3
DA:41,3
DA:43,2
DA:47,1
DA:48,8
DA:49,4
DA:50,4
DA:51,2
DA:53,2
DA:55,1
DA:56,2
DA:57,2
DA:58,4
DA:59,1
DA:61,2
DA:62,1
DA:64,1
DA:65,4
DA:66,4
DA:68,3
DA:69,3
DA:71,2
LF:46
LH:46
BRDA:5,0,0,1
BRDA:5,1,0,1
BRDA:6,2,0,4
BRDA:6,2,1,5
BRDA:8,3,0,3
BRDA:8,3,1,2
BRDA:15,4,0,5
BRDA:15,4,1,2
BRDA:16,5,0,1
BRDA:16,5,1,4
BRDA:18,6,0,4
BRDA:18,6,1,2
BRDA:19,7,0,1
BRDA:19,7,1,3
BRDA:25,8,0,3
BRDA:25,8,1,3
BRDA:28,9,0,1
BRDA:28,9,1,2
BRDA:34,10,0,4
BRDA:34,10,1,4
BRDA:38,11,0,1
BRDA:38,11,1,3
BRDA:41,12,0,1
BRDA:41,12,1,2
BRDA:47,13,0,1
BRDA:47,14,0,1
BRDA:48,15,0,4
BRDA:48,15,1,4
BRDA:50,16,0,2
BRDA:50,16,1,2
BRDA:61,17,0,1
BRDA:61,17,1,1
BRDA:66,18,0,1
BRDA:66,18,1,3
BRDA:69,19,0,1
BRDA:69,19,1,2
BRF:36
BRH:36
end_of_record
TN:
SF:src\utils\searchbar.ts
FN:29,(anonymous_0)
FN:43,(anonymous_1)
FN:49,(anonymous_2)
FN:52,(anonymous_3)
FN:56,(anonymous_4)
FN:59,(anonymous_5)
FN:63,(anonymous_6)
FN:69,(anonymous_7)
FN:74,(anonymous_8)
FN:75,(anonymous_9)
FN:87,(anonymous_10)
FN:87,(anonymous_11)
FN:88,(anonymous_12)
FN:88,(anonymous_13)
FN:89,(anonymous_14)
FN:93,(anonymous_15)
FN:95,(anonymous_16)
FN:98,(anonymous_17)
FN:102,(anonymous_18)
FN:108,(anonymous_19)
FN:111,(anonymous_20)
FN:112,(anonymous_21)
FN:113,(anonymous_22)
FNF:23
FNH:23
FNDA:260,(anonymous_0)
FNDA:314,(anonymous_1)
FNDA:2,(anonymous_2)
FNDA:2,(anonymous_3)
FNDA:7,(anonymous_4)
FNDA:11,(anonymous_5)
FNDA:18,(anonymous_6)
FNDA:25,(anonymous_7)
FNDA:32,(anonymous_8)
FNDA:320,(anonymous_9)
FNDA:4,(anonymous_10)
FNDA:4,(anonymous_11)
FNDA:25,(anonymous_12)
FNDA:25,(anonymous_13)
FNDA:29,(anonymous_14)
FNDA:30,(anonymous_15)
FNDA:173,(anonymous_16)
FNDA:27,(anonymous_17)
FNDA:4,(anonymous_18)
FNDA:1,(anonymous_19)
FNDA:51,(anonymous_20)
FNDA:217,(anonymous_21)
FNDA:186,(anonymous_22)
DA:9,1
DA:29,1
DA:30,260
DA:31,260
DA:32,260
DA:34,260
DA:35,25
DA:38,235
DA:39,4
DA:42,231
DA:43,314
DA:44,0
DA:47,231
DA:49,1
DA:50,2
DA:52,1
DA:53,2
DA:56,1
DA:57,7
DA:59,1
DA:60,11
DA:63,1
DA:64,18
DA:65,16
DA:69,25
DA:70,16
DA:71,16
DA:72,16
DA:74,16
DA:75,32
DA:76,320
DA:77,260
DA:80,16
DA:86,16
DA:87,4
DA:88,25
DA:89,29
DA:91,16
DA:94,30
DA:95,173
DA:96,30
DA:98,27
DA:103,4
DA:104,3
DA:105,2
DA:106,1
DA:108,1
DA:112,217
DA:113,186
DA:114,51
DA:115,49
DA:116,41
DA:120,16
LF:53
LH:52
BRDA:34,0,0,25
BRDA:34,0,1,235
BRDA:34,1,0,260
BRDA:34,1,1,235
BRDA:38,2,0,4
BRDA:38,2,1,231
BRDA:38,3,0,235
BRDA:38,3,1,231
BRDA:42,4,0,231
BRDA:42,4,1,130
BRDA:43,5,0,0
BRDA:43,5,1,231
BRDA:50,6,0,2
BRDA:50,6,1,1
BRDA:56,7,0,6
BRDA:63,8,0,0
BRDA:63,9,0,11
BRDA:63,10,0,11
BRDA:64,11,0,2
BRDA:64,11,1,16
BRDA:64,12,0,18
BRDA:64,12,1,8
BRDA:65,13,0,6
BRDA:65,13,1,10
BRDA:66,14,0,6
BRDA:66,14,1,3
BRDA:71,15,0,16
BRDA:71,15,1,3
BRDA:72,16,0,16
BRDA:72,16,1,13
BRDA:76,17,0,60
BRDA:76,17,1,260
BRDA:86,18,0,6
BRDA:86,18,1,10
BRDA:92,19,0,6
BRDA:92,19,1,10
BRDA:95,20,0,173
BRDA:95,20,1,29
BRDA:100,21,0,27
BRDA:100,21,1,0
BRDA:100,22,0,27
BRDA:100,22,1,9
BRDA:103,23,0,1
BRDA:103,23,1,3
BRDA:104,24,0,1
BRDA:104,24,1,2
BRDA:104,25,0,3
BRDA:104,25,1,1
BRDA:105,26,0,1
BRDA:105,26,1,1
BRDA:105,27,0,2
BRDA:105,27,1,2
BRDA:108,28,0,28
BRDA:108,28,1,2
BRDA:108,29,0,30
BRDA:108,29,1,3
BRDA:108,30,0,3
BRDA:108,30,1,0
BRDA:108,31,0,2
BRDA:108,31,1,0
BRDA:108,32,0,2
BRDA:108,32,1,0
BRDA:109,33,0,3
BRDA:109,33,1,27
BRDA:109,34,0,27
BRDA:109,34,1,0
BRDA:114,35,0,2
BRDA:114,35,1,49
BRDA:114,36,0,51
BRDA:114,36,1,11
BRDA:115,37,0,8
BRDA:115,37,1,41
BRDA:115,38,0,49
BRDA:115,38,1,40
BRF:74
BRH:67
end_of_record
TN:
SF:src\utils\time.ts
FN:1,(anonymous_0)
FN:10,(anonymous_1)
FN:16,(anonymous_2)
FN:27,(anonymous_3)
FNF:4
FNH:4
FNDA:2,(anonymous_0)
FNDA:32,(anonymous_1)
FNDA:35,(anonymous_2)
FNDA:22,(anonymous_3)
DA:1,6
DA:2,2
DA:3,2
DA:10,6
DA:11,32
DA:12,31
DA:13,31
DA:16,6
DA:17,35
DA:19,32
DA:20,32
DA:22,4
DA:23,4
DA:24,4
DA:27,6
DA:32,22
DA:33,1
DA:34,1
DA:35,1
DA:38,21
DA:39,21
DA:41,21
DA:42,21
DA:43,21
LF:24
LH:24
BRDA:4,0,0,2
BRDA:4,0,1,1
BRDA:4,0,2,1
BRDA:11,1,0,1
BRDA:11,1,1,31
BRDA:13,2,0,28
BRDA:13,2,1,3
BRDA:17,3,0,3
BRDA:17,3,1,32
BRDA:20,4,0,28
BRDA:20,4,1,4
BRDA:24,5,0,2
BRDA:24,5,1,2
BRDA:32,6,0,1
BRDA:32,6,1,21
BRDA:32,7,0,22
BRDA:32,7,1,2
BRDA:38,8,0,1
BRDA:38,8,1,20
BRF:19
BRH:19
end_of_record
TN:
SF:src\utils\tokenStorage.ts
FN:12,(anonymous_0)
FN:41,(anonymous_1)
FN:55,(anonymous_2)
FN:74,(anonymous_3)
FN:84,(anonymous_4)
FN:94,(anonymous_5)
FN:125,(anonymous_6)
FN:137,(anonymous_7)
FN:157,(anonymous_8)
FN:174,(anonymous_9)
FN:182,(anonymous_10)
FN:189,(anonymous_11)
FN:193,(anonymous_12)
FN:205,(anonymous_13)
FN:218,(anonymous_14)
FNF:15
FNH:15
FNDA:6,(anonymous_0)
FNDA:3,(anonymous_1)
FNDA:4,(anonymous_2)
FNDA:3,(anonymous_3)
FNDA:3,(anonymous_4)
FNDA:6,(anonymous_5)
FNDA:4,(anonymous_6)
FNDA:4,(anonymous_7)
FNDA:4,(anonymous_8)
FNDA:5,(anonymous_9)
FNDA:3,(anonymous_10)
FNDA:2,(anonymous_11)
FNDA:5,(anonymous_12)
FNDA:2,(anonymous_13)
FNDA:6,(anonymous_14)
DA:3,11
DA:4,11
DA:5,11
DA:6,11
DA:7,11
DA:8,11
DA:9,11
DA:10,11
DA:12,11
DA:13,6
DA:15,6
DA:17,5
DA:18,5
DA:22,2
DA:25,3
DA:41,11
DA:42,3
DA:43,3
DA:44,1
DA:46,2
DA:47,1
DA:48,1
DA:50,2
DA:51,2
DA:55,11
DA:56,4
DA:57,4
DA:60,3
DA:61,2
DA:62,1
DA:63,1
DA:65,1
DA:66,1
DA:69,2
DA:70,2
DA:74,11
DA:75,3
DA:76,3
DA:77,2
DA:79,1
DA:80,1
DA:84,11
DA:85,3
DA:86,3
DA:87,2
DA:89,1
DA:90,1
DA:94,11
DA:95,6
DA:96,6
DA:98,5
DA:104,5
DA:106,5
DA:107,4
DA:108,3
DA:109,2
DA:110,2
DA:114,1
DA:116,1
DA:121,2
DA:125,11
DA:126,4
DA:128,3
DA:129,2
DA:131,2
DA:134,1
DA:137,11
DA:140,4
DA:141,4
DA:142,4
DA:143,2
DA:146,2
DA:150,1
DA:152,3
DA:153,3
DA:157,11
DA:158,4
DA:159,4
DA:160,3
DA:162,2
DA:163,2
DA:164,1
DA:167,1
DA:169,1
DA:170,1
DA:174,11
DA:175,5
DA:176,5
DA:177,4
DA:179,3
DA:180,2
DA:182,3
DA:184,2
DA:185,2
DA:189,11
DA:192,2
DA:193,5
DA:194,2
DA:198,1
DA:200,1
DA:201,1
DA:205,11
DA:206,2
DA:207,2
DA:211,1
DA:213,1
DA:214,1
DA:218,11
DA:219,6
DA:220,6
DA:221,5
DA:223,1
DA:224,1
LF:113
LH:113
BRDA:15,0,0,1
BRDA:15,0,1,5
BRDA:18,1,0,2
BRDA:18,1,1,3
BRDA:19,2,0,5
BRDA:19,2,1,4
BRDA:43,3,0,1
BRDA:43,3,1,2
BRDA:57,4,0,1
BRDA:57,4,1,3
BRDA:60,5,0,2
BRDA:60,5,1,1
BRDA:60,6,0,3
BRDA:60,6,1,3
BRDA:77,7,0,1
BRDA:77,7,1,1
BRDA:87,8,0,1
BRDA:87,8,1,1
BRDA:106,9,0,4
BRDA:106,9,1,1
BRDA:108,10,0,2
BRDA:108,10,1,1
BRDA:126,11,0,1
BRDA:126,11,1,3
BRDA:128,12,0,2
BRDA:128,12,1,1
BRDA:142,13,0,2
BRDA:142,13,1,2
BRDA:160,14,0,1
BRDA:160,14,1,2
BRDA:163,15,0,1
BRDA:163,15,1,1
BRDA:177,16,0,1
BRDA:177,16,1,3
BRDA:180,17,0,1
BRDA:180,17,1,1
BRF:36
BRH:36
end_of_record
