TN:
SF:src\Auth\AuthFlow.ts
FN:18,(anonymous_0)
FN:35,(anonymous_1)
FN:47,(anonymous_2)
FN:58,(anonymous_3)
FNF:4
FNH:4
FNDA:33,(anonymous_0)
FNDA:33,(anonymous_1)
FNDA:20,(anonymous_2)
FNDA:11,(anonymous_3)
DA:19,33
DA:20,33
DA:21,33
DA:22,3
DA:23,3
DA:25,30
DA:26,24
DA:27,20
DA:28,20
DA:30,11
DA:31,11
DA:36,33
DA:37,33
DA:38,32
DA:39,29
DA:40,29
DA:42,1
DA:48,20
DA:49,20
LF:19
LH:19
BRDA:21,0,0,3
BRDA:21,0,1,30
BRDA:38,1,0,3
BRDA:38,1,1,29
BRDA:38,2,0,32
BRDA:38,2,1,4
BRF:6
BRH:6
end_of_record
TN:
SF:src\Auth\GoogleCalendarAuthFlow.ts
FN:7,(anonymous_0)
FN:13,(anonymous_1)
FN:32,(anonymous_2)
FN:51,(anonymous_3)
FNF:4
FNH:4
FNDA:18,(anonymous_0)
FNDA:17,(anonymous_1)
FNDA:12,(anonymous_2)
FNDA:10,(anonymous_3)
DA:8,18
DA:9,18
DA:10,18
DA:14,17
DA:16,17
DA:17,3
DA:20,14
DA:21,14
DA:22,2
DA:25,12
DA:33,12
DA:37,11
DA:38,2
DA:41,9
DA:43,9
DA:52,10
LF:16
LH:16
BRDA:16,0,0,3
BRDA:16,0,1,14
BRDA:17,1,0,2
BRDA:17,1,1,1
BRDA:21,2,0,2
BRDA:21,2,1,12
BRDA:27,3,0,12
BRDA:27,3,1,1
BRDA:37,4,0,2
BRDA:37,4,1,9
BRDA:44,5,0,9
BRDA:44,5,1,1
BRDA:45,6,0,9
BRDA:45,6,1,1
BRDA:46,7,0,9
BRDA:46,7,1,1
BRDA:47,8,0,9
BRDA:47,8,1,3
BRF:18
BRH:18
end_of_record
TN:
SF:src\_tests_\mock\mockCalendarData.ts
FN:1,(anonymous_0)
FN:7,(anonymous_1)
FNF:2
FNH:2
FNDA:90,(anonymous_0)
FNDA:54,(anonymous_1)
DA:1,9
DA:2,90
DA:3,90
DA:4,90
DA:7,9
DA:8,54
DA:9,54
DA:10,54
DA:13,9
LF:9
LH:9
BRF:0
BRH:0
end_of_record
TN:
SF:src\_tests_\utils\strategyTestHelper.ts
FN:10,getApiMocks
FN:22,resetApiMocks
FN:23,(anonymous_2)
FN:27,(anonymous_3)
FNF:4
FNH:3
FNDA:4,getApiMocks
FNDA:4,resetApiMocks
FNDA:46,(anonymous_2)
FNDA:0,(anonymous_3)
DA:1,4
DA:2,4
DA:3,4
DA:5,4
DA:6,4
DA:8,4
DA:11,4
DA:12,4
DA:23,4
DA:24,46
DA:27,46
DA:28,0
DA:29,0
DA:32,46
DA:33,46
DA:34,46
DA:35,46
DA:36,46
LF:18
LH:16
BRDA:28,0,0,0
BRDA:28,0,1,0
BRDA:29,1,0,0
BRDA:29,1,1,0
BRF:4
BRH:0
end_of_record
TN:
SF:src\_tests_\utils\testDataGenerator.ts
FN:9,(anonymous_0)
FN:11,(anonymous_1)
FN:12,(anonymous_2)
FNF:3
FNH:3
FNDA:4,(anonymous_0)
FNDA:34,(anonymous_1)
FNDA:34,(anonymous_2)
DA:9,2
DA:10,4
DA:11,34
DA:12,34
DA:18,2
LF:5
LH:5
BRF:0
BRH:0
end_of_record
TN:
SF:src\api\calendarApi.ts
FN:22,(anonymous_0)
FN:27,(anonymous_1)
FN:49,(anonymous_2)
FN:69,(anonymous_3)
FN:161,(anonymous_4)
FN:174,(anonymous_5)
FN:194,(anonymous_6)
FN:216,(anonymous_7)
FN:229,(anonymous_8)
FN:237,(anonymous_9)
FN:244,(anonymous_10)
FN:271,(anonymous_11)
FN:277,(anonymous_12)
FNF:13
FNH:13
FNDA:20,(anonymous_0)
FNDA:1,(anonymous_1)
FNDA:1,(anonymous_2)
FNDA:20,(anonymous_3)
FNDA:12,(anonymous_4)
FNDA:1,(anonymous_5)
FNDA:1,(anonymous_6)
FNDA:1,(anonymous_7)
FNDA:1,(anonymous_8)
FNDA:1,(anonymous_9)
FNDA:1,(anonymous_10)
FNDA:1,(anonymous_11)
FNDA:1,(anonymous_12)
DA:1,9
DA:23,20
DA:24,20
DA:31,1
DA:36,0
DA:42,1
DA:54,1
DA:55,0
DA:62,1
DA:70,20
DA:71,20
DA:74,20
DA:75,4
DA:76,4
DA:77,3
DA:79,1
DA:83,20
DA:84,20
DA:93,18
DA:95,18
DA:97,7
DA:98,7
DA:100,7
DA:101,7
DA:102,7
DA:103,7
DA:105,0
DA:109,7
DA:111,1
DA:112,1
DA:113,1
DA:115,1
DA:116,1
DA:118,1
DA:119,1
DA:121,1
DA:122,1
DA:124,1
DA:125,1
DA:127,2
DA:129,7
DA:133,11
DA:134,11
DA:137,11
DA:138,5
DA:139,6
DA:140,1
DA:143,11
DA:147,9
DA:148,1
DA:149,1
DA:153,8
DA:154,8
DA:162,12
DA:163,12
DA:164,12
DA:165,3
DA:166,3
DA:168,9
DA:169,9
DA:175,1
DA:176,1
DA:177,1
DA:178,1
DA:185,1
DA:186,1
DA:188,0
DA:189,0
DA:195,1
DA:196,1
DA:198,1
DA:199,1
DA:207,1
DA:208,1
DA:210,0
DA:211,0
DA:217,1
DA:222,1
DA:230,1
DA:238,1
DA:245,1
DA:251,1
DA:253,1
DA:254,1
DA:262,1
DA:263,1
DA:265,0
DA:266,0
DA:272,1
DA:277,1
LF:90
LH:81
BRDA:31,0,0,0
BRDA:31,0,1,1
BRDA:32,1,0,1
BRDA:32,1,1,0
BRDA:32,1,2,0
BRDA:44,2,0,0
BRDA:44,2,1,1
BRDA:45,3,0,1
BRDA:45,3,1,0
BRDA:54,4,0,0
BRDA:54,4,1,1
BRDA:69,5,0,15
BRDA:71,6,0,20
BRDA:71,6,1,16
BRDA:74,7,0,4
BRDA:74,7,1,16
BRDA:95,8,0,7
BRDA:95,8,1,11
BRDA:103,9,0,7
BRDA:103,9,1,1
BRDA:103,9,2,0
BRDA:109,10,0,1
BRDA:109,10,1,1
BRDA:109,10,2,1
BRDA:109,10,3,1
BRDA:109,10,4,1
BRDA:109,10,5,2
BRDA:137,11,0,5
BRDA:137,11,1,6
BRDA:137,12,0,11
BRDA:137,12,1,5
BRDA:139,13,0,1
BRDA:139,13,1,5
BRDA:147,14,0,1
BRDA:147,14,1,8
BRDA:147,15,0,9
BRDA:147,15,1,1
BRDA:174,16,0,1
BRDA:185,17,0,1
BRDA:185,17,1,1
BRDA:194,18,0,0
BRDA:207,19,0,1
BRDA:207,19,1,1
BRDA:262,20,0,1
BRDA:262,20,1,1
BRDA:271,21,0,1
BRF:46
BRH:38
end_of_record
TN:
SF:src\api\googleDirectionsAPI.ts
FN:9,(anonymous_0)
FN:44,(anonymous_1)
FN:49,(anonymous_2)
FN:52,(anonymous_3)
FN:65,(anonymous_4)
FN:70,(anonymous_5)
FN:82,(anonymous_6)
FN:102,(anonymous_7)
FN:148,(anonymous_8)
FN:163,(anonymous_9)
FN:182,(anonymous_10)
FN:190,(anonymous_11)
FN:195,(anonymous_12)
FN:235,(anonymous_13)
FN:237,(anonymous_14)
FN:245,(anonymous_15)
FN:250,(anonymous_16)
FN:285,(anonymous_17)
FN:289,(anonymous_18)
FNF:19
FNH:15
FNDA:13,(anonymous_0)
FNDA:24,(anonymous_1)
FNDA:16,(anonymous_2)
FNDA:26,(anonymous_3)
FNDA:3,(anonymous_4)
FNDA:7,(anonymous_5)
FNDA:0,(anonymous_6)
FNDA:0,(anonymous_7)
FNDA:0,(anonymous_8)
FNDA:0,(anonymous_9)
FNDA:5,(anonymous_10)
FNDA:7,(anonymous_11)
FNDA:5,(anonymous_12)
FNDA:7,(anonymous_13)
FNDA:5,(anonymous_14)
FNDA:6,(anonymous_15)
FNDA:5,(anonymous_16)
FNDA:6,(anonymous_17)
FNDA:21,(anonymous_18)
DA:7,3
DA:9,3
DA:10,13
DA:11,13
DA:12,13
DA:13,13
DA:15,13
DA:16,14
DA:17,14
DA:20,14
DA:21,68
DA:22,68
DA:23,68
DA:26,14
DA:27,14
DA:28,14
DA:30,14
DA:31,69
DA:32,69
DA:33,69
DA:36,14
DA:37,14
DA:40,13
DA:44,3
DA:45,24
DA:46,21
DA:49,3
DA:50,16
DA:52,3
DA:58,26
DA:59,25
DA:60,25
DA:61,25
DA:62,23
DA:65,3
DA:66,3
DA:67,2
DA:70,3
DA:71,7
DA:72,7
DA:82,3
DA:89,0
DA:99,0
DA:101,0
DA:102,0
DA:104,0
DA:137,0
DA:138,0
DA:140,0
DA:141,0
DA:143,0
DA:148,3
DA:156,0
DA:157,0
DA:158,0
DA:160,0
DA:162,0
DA:163,0
DA:164,0
DA:165,0
DA:167,0
DA:168,0
DA:169,0
DA:170,0
DA:178,0
DA:182,3
DA:189,5
DA:191,7
DA:192,7
DA:193,7
DA:195,5
DA:196,5
DA:197,5
DA:202,5
DA:221,5
DA:223,5
DA:235,7
DA:237,3
DA:244,5
DA:246,6
DA:247,6
DA:248,6
DA:250,5
DA:251,5
DA:252,5
DA:254,5
DA:271,5
DA:273,5
DA:285,6
DA:289,3
DA:292,21
DA:293,20
DA:294,20
DA:295,8
DA:296,5
DA:297,3
DA:298,1
LF:97
LH:74
BRDA:7,0,0,3
BRDA:7,0,1,3
BRDA:7,0,2,3
BRDA:21,1,0,68
BRDA:21,1,1,0
BRDA:26,2,0,0
BRDA:26,2,1,14
BRDA:31,3,0,69
BRDA:31,3,1,0
BRDA:36,4,0,14
BRDA:36,4,1,0
BRDA:45,5,0,3
BRDA:45,5,1,21
BRDA:45,6,0,24
BRDA:45,6,1,22
BRDA:46,7,0,13
BRDA:46,7,1,8
BRDA:50,8,0,14
BRDA:50,8,1,2
BRDA:50,9,0,14
BRDA:50,9,1,1
BRDA:58,10,0,1
BRDA:58,10,1,25
BRDA:59,11,0,14
BRDA:59,11,1,11
BRDA:60,12,0,14
BRDA:60,12,1,11
BRDA:61,13,0,2
BRDA:61,13,1,23
BRDA:61,14,0,25
BRDA:61,14,1,24
BRDA:66,15,0,1
BRDA:66,15,1,2
BRDA:67,16,0,1
BRDA:67,16,1,1
BRDA:73,17,0,7
BRDA:73,17,1,4
BRDA:73,17,2,3
BRDA:73,17,3,2
BRDA:73,17,4,1
BRDA:140,18,0,0
BRDA:140,18,1,0
BRDA:140,19,0,0
BRDA:140,19,1,0
BRDA:141,20,0,0
BRDA:141,20,1,0
BRDA:168,21,0,0
BRDA:168,21,1,0
BRDA:168,22,0,0
BRDA:168,22,1,0
BRDA:169,23,0,0
BRDA:169,23,1,0
BRDA:169,24,0,0
BRDA:169,24,1,0
BRDA:171,25,0,0
BRDA:171,25,1,0
BRDA:172,26,0,0
BRDA:172,26,1,0
BRDA:192,27,0,7
BRDA:192,27,1,1
BRDA:193,28,0,2
BRDA:193,28,1,5
BRDA:193,29,0,7
BRDA:193,29,1,6
BRDA:195,30,0,5
BRDA:195,30,1,0
BRDA:212,31,0,5
BRDA:212,31,1,4
BRDA:217,32,0,5
BRDA:217,32,1,0
BRDA:221,33,0,5
BRDA:221,33,1,0
BRDA:221,34,0,5
BRDA:221,34,1,0
BRDA:221,34,2,0
BRDA:227,35,0,5
BRDA:227,35,1,0
BRDA:248,36,0,1
BRDA:248,36,1,5
BRDA:248,37,0,6
BRDA:248,37,1,6
BRDA:248,37,2,6
BRDA:248,37,3,5
BRDA:250,38,0,5
BRDA:250,38,1,0
BRDA:257,39,0,5
BRDA:257,39,1,0
BRDA:267,40,0,5
BRDA:267,40,1,0
BRDA:292,41,0,1
BRDA:292,41,1,20
BRDA:294,42,0,12
BRDA:294,42,1,8
BRDA:295,43,0,3
BRDA:295,43,1,5
BRDA:296,44,0,2
BRDA:296,44,1,3
BRDA:297,45,0,2
BRDA:297,45,1,1
BRF:99
BRH:68
end_of_record
TN:
SF:src\api\shuttleEngine.ts
FN:62,(anonymous_0)
FN:69,(anonymous_1)
FN:78,(anonymous_2)
FN:115,(anonymous_3)
FN:192,(anonymous_4)
FN:193,(anonymous_5)
FNF:6
FNH:6
FNDA:6,(anonymous_0)
FNDA:6,(anonymous_1)
FNDA:4,(anonymous_2)
FNDA:6,(anonymous_3)
FNDA:2,(anonymous_4)
FNDA:4,(anonymous_5)
DA:7,2
DA:8,2
DA:9,2
DA:10,2
DA:12,2
DA:62,2
DA:63,6
DA:64,6
DA:65,6
DA:66,6
DA:69,2
DA:70,6
DA:71,6
DA:72,6
DA:78,2
DA:86,4
DA:87,4
DA:89,3
DA:90,3
DA:92,3
DA:94,3
DA:96,3
DA:98,2
DA:99,2
DA:100,6
DA:101,6
DA:105,1
DA:106,3
DA:107,3
DA:108,1
DA:112,1
DA:115,2
DA:121,6
DA:122,6
DA:123,6
DA:124,6
DA:126,6
DA:127,6
DA:129,6
DA:131,4
DA:132,4
DA:133,4
DA:136,4
DA:137,4
DA:138,4
DA:139,4
DA:140,4
DA:141,4
DA:143,4
DA:144,4
DA:145,3
DA:146,3
DA:147,3
DA:148,3
DA:151,1
DA:152,1
DA:155,4
DA:156,4
DA:157,3
DA:158,3
DA:159,3
DA:160,3
DA:163,1
DA:164,1
DA:168,4
DA:169,4
DA:170,4
DA:172,2
DA:173,2
DA:174,2
DA:175,2
DA:176,2
DA:180,2
DA:181,1
DA:182,1
DA:184,1
DA:185,1
DA:188,2
DA:190,2
DA:192,2
DA:193,4
DA:196,2
DA:201,2
DA:202,2
DA:205,2
DA:206,1
DA:207,1
DA:209,1
DA:218,1
DA:222,2
DA:224,2
DA:236,2
DA:239,2
DA:240,1
DA:241,1
DA:243,1
DA:252,1
DA:255,2
LF:98
LH:98
BRDA:63,0,0,0
BRDA:63,0,1,6
BRDA:66,1,0,0
BRDA:66,1,1,6
BRDA:66,2,0,6
BRDA:66,2,1,0
BRDA:70,3,0,0
BRDA:70,3,1,6
BRDA:71,4,0,0
BRDA:71,4,1,6
BRDA:87,5,0,1
BRDA:87,5,1,3
BRDA:87,6,0,4
BRDA:87,6,1,3
BRDA:89,7,0,0
BRDA:89,7,1,3
BRDA:92,8,0,0
BRDA:92,8,1,3
BRDA:92,9,0,3
BRDA:92,9,1,3
BRDA:96,10,0,2
BRDA:96,10,1,1
BRDA:101,11,0,1
BRDA:101,11,1,5
BRDA:107,12,0,1
BRDA:107,12,1,2
BRDA:118,13,0,2
BRDA:119,14,0,3
BRDA:126,15,0,6
BRDA:126,15,1,5
BRDA:127,16,0,6
BRDA:127,16,1,2
BRDA:129,17,0,2
BRDA:129,17,1,4
BRDA:129,18,0,6
BRDA:129,18,1,2
BRDA:131,19,0,4
BRDA:131,19,1,0
BRDA:132,20,0,4
BRDA:132,20,1,0
BRDA:133,21,0,4
BRDA:133,21,1,0
BRDA:145,22,0,3
BRDA:145,22,1,0
BRDA:145,23,0,3
BRDA:145,23,1,3
BRDA:152,24,0,1
BRDA:152,24,1,0
BRDA:157,25,0,3
BRDA:157,25,1,0
BRDA:157,26,0,3
BRDA:157,26,1,3
BRDA:164,27,0,1
BRDA:164,27,1,0
BRDA:170,28,0,2
BRDA:170,28,1,2
BRDA:180,29,0,1
BRDA:180,29,1,1
BRDA:190,30,0,2
BRDA:190,30,1,1
BRDA:190,31,0,1
BRDA:190,31,1,0
BRDA:190,32,0,2
BRDA:190,32,1,1
BRDA:190,33,0,1
BRDA:190,33,1,0
BRDA:192,34,0,1
BRDA:192,34,1,1
BRDA:193,35,0,2
BRDA:193,35,1,2
BRDA:196,36,0,1
BRDA:196,36,1,1
BRDA:205,37,0,1
BRDA:205,37,1,1
BRDA:205,38,0,2
BRDA:205,38,1,1
BRDA:210,39,0,1
BRDA:210,39,1,0
BRDA:211,40,0,1
BRDA:211,40,1,0
BRDA:222,41,0,2
BRDA:222,41,1,0
BRDA:225,42,0,2
BRDA:225,42,1,0
BRDA:239,43,0,1
BRDA:239,43,1,1
BRDA:239,44,0,2
BRDA:239,44,1,1
BRDA:245,45,0,1
BRDA:245,45,1,0
BRF:90
BRH:69
end_of_record
TN:
SF:src\api\shuttleSyncService.ts
FN:140,(anonymous_0)
FN:155,(anonymous_1)
FN:199,(anonymous_2)
FN:220,(anonymous_3)
FNF:4
FNH:4
FNDA:2,(anonymous_0)
FNDA:2,(anonymous_1)
FNDA:4,(anonymous_2)
FNDA:3,(anonymous_3)
DA:3,2
DA:4,2
DA:12,2
DA:140,2
DA:141,2
DA:147,2
DA:148,2
DA:149,2
DA:151,1
DA:152,1
DA:153,1
DA:155,1
DA:156,2
DA:158,2
DA:159,3
DA:160,3
DA:161,3
DA:164,3
DA:165,6
DA:166,6
DA:172,6
DA:177,3
DA:178,3
DA:179,3
DA:184,1
DA:185,1
DA:186,1
DA:189,0
DA:192,1
DA:199,2
DA:200,4
DA:201,4
DA:202,3
DA:204,2
DA:205,2
DA:208,2
DA:209,1
DA:210,1
DA:213,2
DA:220,2
DA:221,3
DA:222,3
DA:223,2
DA:225,1
DA:227,2
LF:45
LH:44
BRDA:149,0,0,1
BRDA:149,0,1,1
BRDA:153,1,0,1
BRDA:153,1,1,0
BRDA:177,2,0,3
BRDA:177,2,1,0
BRDA:178,3,0,3
BRDA:178,3,1,0
BRDA:179,4,0,3
BRDA:179,4,1,0
BRDA:185,5,0,1
BRDA:185,5,1,0
BRDA:202,6,0,1
BRDA:202,6,1,2
BRDA:208,7,0,1
BRDA:208,7,1,1
BRDA:223,8,0,1
BRDA:223,8,1,1
BRF:18
BRH:13
end_of_record
TN:
SF:src\components\AdditionalInfoPopup.tsx
FN:45,(anonymous_0)
FN:86,(anonymous_1)
FN:130,(anonymous_2)
FN:138,(anonymous_3)
FN:141,(anonymous_4)
FN:147,(anonymous_5)
FN:153,(anonymous_6)
FN:154,(anonymous_7)
FN:159,(anonymous_8)
FNF:9
FNH:9
FNDA:24,(anonymous_0)
FNDA:24,(anonymous_1)
FNDA:2,(anonymous_2)
FNDA:1,(anonymous_3)
FNDA:1,(anonymous_4)
FNDA:1,(anonymous_5)
FNDA:16,(anonymous_6)
FNDA:2,(anonymous_7)
FNDA:13,(anonymous_8)
DA:44,2
DA:52,24
DA:53,23
DA:63,1
DA:81,2
DA:83,2
DA:97,24
DA:99,24
DA:101,24
DA:107,24
DA:109,24
DA:110,24
DA:123,24
DA:129,24
DA:131,2
DA:132,2
DA:133,2
DA:138,24
DA:139,1
DA:141,1
DA:142,1
DA:146,24
DA:148,1
DA:153,24
DA:154,2
DA:158,24
DA:159,24
DA:160,13
DA:161,2
DA:162,2
DA:164,2
DA:178,24
DA:274,2
LF:33
LH:33
BRDA:52,0,0,23
BRDA:52,0,1,1
BRDA:69,1,0,0
BRDA:69,1,1,1
BRDA:99,2,0,24
BRDA:99,2,1,0
BRDA:132,3,0,1
BRDA:132,3,1,1
BRDA:133,4,0,1
BRDA:133,4,1,1
BRDA:139,5,0,0
BRDA:139,5,1,1
BRDA:160,6,0,11
BRDA:160,6,1,2
BRDA:160,7,0,13
BRDA:160,7,1,10
BRDA:224,8,0,0
BRDA:224,8,1,24
BRF:18
BRH:14
end_of_record
TN:
SF:src\components\AdditionalInfoPopupContent.tsx
FN:30,(anonymous_0)
FN:45,(anonymous_1)
FNF:2
FNH:2
FNDA:26,(anonymous_0)
FNDA:2,(anonymous_1)
DA:30,2
DA:43,26
DA:45,26
DA:46,2
DA:47,1
DA:61,1
DA:91,26
LF:7
LH:7
BRDA:39,0,0,0
BRDA:46,1,0,1
BRDA:46,1,1,1
BRDA:106,2,0,26
BRDA:106,2,1,15
BRDA:113,3,0,26
BRDA:113,3,1,2
BRDA:116,4,0,26
BRDA:116,4,1,5
BRDA:135,5,0,2
BRDA:135,5,1,3
BRDA:139,6,0,2
BRDA:139,6,1,3
BRDA:141,7,0,2
BRDA:141,7,1,3
BRDA:146,8,0,0
BRDA:146,8,1,5
BRDA:154,9,0,26
BRDA:154,9,1,1
BRF:19
BRH:17
end_of_record
TN:
SF:src\components\AdditionalInfoPopupHeader.tsx
FN:27,(anonymous_0)
FN:42,(anonymous_1)
FN:58,(anonymous_2)
FN:65,(anonymous_3)
FN:70,(anonymous_4)
FN:75,(anonymous_5)
FN:88,(anonymous_6)
FN:143,(anonymous_7)
FNF:8
FNH:4
FNDA:4,(anonymous_0)
FNDA:21,(anonymous_1)
FNDA:0,(anonymous_2)
FNDA:0,(anonymous_3)
FNDA:0,(anonymous_4)
FNDA:0,(anonymous_5)
FNDA:1,(anonymous_6)
FNDA:4,(anonymous_7)
DA:27,2
DA:28,4
DA:29,4
DA:31,4
DA:32,2
DA:35,2
DA:36,1
DA:39,1
DA:42,2
DA:55,21
DA:57,21
DA:58,21
DA:59,0
DA:60,0
DA:61,0
DA:64,21
DA:65,21
DA:66,0
DA:67,0
DA:69,21
DA:70,21
DA:71,0
DA:72,0
DA:74,21
DA:75,21
DA:76,0
DA:77,0
DA:80,21
DA:88,1
DA:144,4
LF:30
LH:21
BRDA:31,0,0,2
BRDA:31,0,1,2
BRDA:35,1,0,1
BRDA:35,1,1,1
BRDA:89,2,0,21
BRDA:89,2,1,1
BRDA:95,3,0,1
BRDA:95,3,1,20
BRDA:104,4,0,21
BRDA:104,4,1,3
BRDA:104,4,2,3
BRDA:119,5,0,21
BRDA:119,5,1,11
BRDA:133,6,0,21
BRDA:133,6,1,0
BRDA:138,7,0,21
BRDA:138,7,1,0
BRDA:141,8,0,21
BRDA:141,8,1,2
BRF:19
BRH:17
end_of_record
TN:
SF:src\components\BuildingSearchButton.tsx
FN:13,(anonymous_0)
FNF:1
FNH:1
FNDA:13,(anonymous_0)
DA:13,2
DA:19,13
DA:20,13
DA:25,13
DA:26,13
DA:28,13
LF:6
LH:6
BRDA:20,0,0,13
BRDA:20,0,1,0
BRDA:22,1,0,0
BRDA:22,1,1,0
BRDA:25,2,0,13
BRDA:25,2,1,0
BRDA:26,3,0,13
BRDA:26,3,1,0
BRDA:52,4,0,13
BRDA:52,4,1,13
BRDA:55,5,0,0
BRDA:55,5,1,13
BRF:12
BRH:6
end_of_record
TN:
SF:src\components\CampusMap.tsx
FN:51,(anonymous_0)
FN:51,(anonymous_1)
FN:92,(anonymous_2)
FN:98,(anonymous_3)
FN:107,(anonymous_4)
FN:143,(anonymous_5)
FN:185,(anonymous_6)
FN:199,(anonymous_7)
FN:272,(anonymous_8)
FN:273,(anonymous_9)
FN:280,(anonymous_10)
FN:294,(anonymous_11)
FN:296,(anonymous_12)
FN:297,(anonymous_13)
FN:305,(anonymous_14)
FN:306,(anonymous_15)
FN:316,(anonymous_16)
FN:318,(anonymous_17)
FN:323,(anonymous_18)
FN:330,(anonymous_19)
FN:340,(anonymous_20)
FN:349,(anonymous_21)
FN:356,(anonymous_22)
FN:360,(anonymous_23)
FN:372,(anonymous_24)
FN:396,(anonymous_25)
FN:412,(anonymous_26)
FN:414,(anonymous_27)
FN:419,(anonymous_28)
FN:431,(anonymous_29)
FN:438,(anonymous_30)
FN:463,(anonymous_31)
FN:477,(anonymous_32)
FN:479,(anonymous_33)
FN:482,(anonymous_34)
FN:488,(anonymous_35)
FN:489,(anonymous_36)
FN:523,(anonymous_37)
FN:538,(anonymous_38)
FN:544,(anonymous_39)
FN:562,(anonymous_40)
FN:563,(anonymous_41)
FN:568,(anonymous_42)
FN:586,(anonymous_43)
FN:587,(anonymous_44)
FN:601,(anonymous_45)
FN:605,(anonymous_46)
FN:611,(anonymous_47)
FN:632,(anonymous_48)
FN:648,(anonymous_49)
FN:654,(anonymous_50)
FN:664,(anonymous_51)
FN:704,(anonymous_52)
FN:706,(anonymous_53)
FN:710,(anonymous_54)
FN:712,(anonymous_55)
FN:714,(anonymous_56)
FN:718,(anonymous_57)
FN:724,(anonymous_58)
FN:729,(anonymous_59)
FN:737,(anonymous_60)
FN:761,(anonymous_61)
FN:765,(anonymous_62)
FN:791,(anonymous_63)
FN:808,(anonymous_64)
FN:813,(anonymous_65)
FN:814,(anonymous_66)
FN:835,(anonymous_67)
FN:843,(anonymous_68)
FN:850,(anonymous_69)
FN:852,(anonymous_70)
FN:853,(anonymous_71)
FN:862,(anonymous_72)
FN:913,(anonymous_73)
FN:922,(anonymous_74)
FN:923,(anonymous_75)
FN:925,(anonymous_76)
FN:926,(anonymous_77)
FN:946,(anonymous_78)
FN:960,(anonymous_79)
FN:1007,(anonymous_80)
FN:1013,(anonymous_81)
FN:1029,(anonymous_82)
FN:1031,(anonymous_83)
FN:1053,(anonymous_84)
FN:1057,(anonymous_85)
FN:1058,(anonymous_86)
FN:1127,(anonymous_87)
FN:1303,(anonymous_88)
FN:1331,(anonymous_89)
FN:1335,(anonymous_90)
FN:1336,(anonymous_91)
FN:1338,(anonymous_92)
FN:1366,(anonymous_93)
FN:1388,(anonymous_94)
FN:1393,(anonymous_95)
FN:1403,(anonymous_96)
FN:1427,(anonymous_97)
FN:1439,(anonymous_98)
FN:1444,(anonymous_99)
FNF:100
FNH:74
FNDA:535,(anonymous_0)
FNDA:5379,(anonymous_1)
FNDA:154,(anonymous_2)
FNDA:80,(anonymous_3)
FNDA:154,(anonymous_4)
FNDA:12,(anonymous_5)
FNDA:0,(anonymous_6)
FNDA:107,(anonymous_7)
FNDA:59,(anonymous_8)
FNDA:59,(anonymous_9)
FNDA:61,(anonymous_10)
FNDA:59,(anonymous_11)
FNDA:62,(anonymous_12)
FNDA:62,(anonymous_13)
FNDA:59,(anonymous_14)
FNDA:59,(anonymous_15)
FNDA:60,(anonymous_16)
FNDA:3,(anonymous_17)
FNDA:3,(anonymous_18)
FNDA:62,(anonymous_19)
FNDA:1,(anonymous_20)
FNDA:1,(anonymous_21)
FNDA:0,(anonymous_22)
FNDA:0,(anonymous_23)
FNDA:0,(anonymous_24)
FNDA:65,(anonymous_25)
FNDA:39,(anonymous_26)
FNDA:27,(anonymous_27)
FNDA:65,(anonymous_28)
FNDA:13,(anonymous_29)
FNDA:0,(anonymous_30)
FNDA:13,(anonymous_31)
FNDA:0,(anonymous_32)
FNDA:0,(anonymous_33)
FNDA:3,(anonymous_34)
FNDA:4,(anonymous_35)
FNDA:4,(anonymous_36)
FNDA:1,(anonymous_37)
FNDA:0,(anonymous_38)
FNDA:83,(anonymous_39)
FNDA:0,(anonymous_40)
FNDA:0,(anonymous_41)
FNDA:0,(anonymous_42)
FNDA:0,(anonymous_43)
FNDA:0,(anonymous_44)
FNDA:3,(anonymous_45)
FNDA:1,(anonymous_46)
FNDA:0,(anonymous_47)
FNDA:64,(anonymous_48)
FNDA:63,(anonymous_49)
FNDA:12,(anonymous_50)
FNDA:12,(anonymous_51)
FNDA:24,(anonymous_52)
FNDA:24,(anonymous_53)
FNDA:41,(anonymous_54)
FNDA:61,(anonymous_55)
FNDA:7,(anonymous_56)
FNDA:72,(anonymous_57)
FNDA:5,(anonymous_58)
FNDA:64,(anonymous_59)
FNDA:74,(anonymous_60)
FNDA:1,(anonymous_61)
FNDA:65,(anonymous_62)
FNDA:1,(anonymous_63)
FNDA:68,(anonymous_64)
FNDA:124,(anonymous_65)
FNDA:289,(anonymous_66)
FNDA:0,(anonymous_67)
FNDA:4,(anonymous_68)
FNDA:61,(anonymous_69)
FNDA:5,(anonymous_70)
FNDA:5,(anonymous_71)
FNDA:75,(anonymous_72)
FNDA:1,(anonymous_73)
FNDA:82,(anonymous_74)
FNDA:164,(anonymous_75)
FNDA:239,(anonymous_76)
FNDA:239,(anonymous_77)
FNDA:308,(anonymous_78)
FNDA:59,(anonymous_79)
FNDA:214,(anonymous_80)
FNDA:0,(anonymous_81)
FNDA:0,(anonymous_82)
FNDA:0,(anonymous_83)
FNDA:56,(anonymous_84)
FNDA:6,(anonymous_85)
FNDA:6,(anonymous_86)
FNDA:1,(anonymous_87)
FNDA:0,(anonymous_88)
FNDA:1,(anonymous_89)
FNDA:18,(anonymous_90)
FNDA:14,(anonymous_91)
FNDA:1,(anonymous_92)
FNDA:0,(anonymous_93)
FNDA:0,(anonymous_94)
FNDA:0,(anonymous_95)
FNDA:0,(anonymous_96)
FNDA:0,(anonymous_97)
FNDA:0,(anonymous_98)
FNDA:0,(anonymous_99)
DA:51,5379
DA:92,2
DA:93,154
DA:95,154
DA:98,2
DA:99,80
DA:100,69
DA:102,11
DA:106,2
DA:118,154
DA:119,154
DA:123,154
DA:124,154
DA:125,154
DA:133,154
DA:144,12
DA:185,0
DA:199,2
DA:205,107
DA:206,107
DA:209,107
DA:211,107
DA:214,107
DA:215,107
DA:233,107
DA:236,107
DA:239,107
DA:246,107
DA:257,107
DA:258,107
DA:259,107
DA:260,107
DA:261,107
DA:262,107
DA:263,107
DA:264,107
DA:265,107
DA:266,107
DA:267,107
DA:269,107
DA:272,107
DA:273,59
DA:274,59
DA:275,0
DA:280,107
DA:281,61
DA:282,4
DA:286,107
DA:287,107
DA:288,107
DA:291,107
DA:294,107
DA:295,59
DA:296,62
DA:297,62
DA:304,59
DA:305,59
DA:306,59
DA:312,59
DA:316,107
DA:317,60
DA:318,1
DA:319,3
DA:323,107
DA:324,3
DA:326,3
DA:330,107
DA:331,62
DA:332,16
DA:333,16
DA:335,46
DA:336,2
DA:338,2
DA:340,2
DA:341,1
DA:342,1
DA:348,107
DA:350,1
DA:351,1
DA:356,107
DA:357,0
DA:358,0
DA:359,0
DA:360,0
DA:361,0
DA:365,107
DA:366,107
DA:367,107
DA:368,107
DA:369,107
DA:372,107
DA:373,0
DA:374,0
DA:387,0
DA:388,0
DA:392,107
DA:393,107
DA:396,107
DA:398,65
DA:399,65
DA:410,65
DA:411,45
DA:412,45
DA:413,39
DA:414,39
DA:419,65
DA:420,65
DA:421,0
DA:430,107
DA:432,13
DA:433,13
DA:435,13
DA:436,13
DA:437,0
DA:438,0
DA:442,0
DA:443,0
DA:445,0
DA:449,13
DA:450,13
DA:451,13
DA:452,13
DA:453,13
DA:455,13
DA:462,13
DA:463,13
DA:464,13
DA:465,13
DA:468,13
DA:470,13
DA:471,13
DA:477,107
DA:478,0
DA:479,0
DA:482,107
DA:483,3
DA:485,3
DA:486,3
DA:488,3
DA:489,4
DA:490,4
DA:491,4
DA:492,0
DA:495,4
DA:496,4
DA:499,4
DA:500,3
DA:501,3
DA:502,3
DA:503,3
DA:505,1
DA:508,3
DA:510,3
DA:511,2
DA:512,2
DA:513,2
DA:514,2
DA:523,107
DA:524,1
DA:525,0
DA:528,1
DA:529,0
DA:530,0
DA:533,1
DA:534,1
DA:535,1
DA:538,107
DA:539,0
DA:540,0
DA:541,0
DA:544,107
DA:545,83
DA:546,67
DA:549,16
DA:550,16
DA:551,16
DA:553,16
DA:554,2
DA:555,2
DA:556,2
DA:559,14
DA:562,107
DA:563,0
DA:564,0
DA:567,107
DA:569,0
DA:572,0
DA:574,0
DA:575,0
DA:578,0
DA:580,0
DA:585,107
DA:587,0
DA:588,0
DA:590,0
DA:591,0
DA:592,0
DA:593,0
DA:596,0
DA:601,107
DA:602,3
DA:605,107
DA:606,1
DA:607,1
DA:608,1
DA:611,107
DA:612,0
DA:613,0
DA:615,0
DA:616,0
DA:617,0
DA:618,0
DA:622,107
DA:624,107
DA:626,107
DA:629,107
DA:631,107
DA:632,107
DA:633,64
DA:634,60
DA:638,107
DA:640,107
DA:648,107
DA:649,63
DA:650,57
DA:653,6
DA:655,12
DA:656,12
DA:657,0
DA:660,12
DA:661,12
DA:664,12
DA:665,12
DA:667,12
DA:668,6
DA:671,6
DA:672,6
DA:675,0
DA:677,12
DA:678,12
DA:680,12
DA:692,12
DA:704,24
DA:706,24
DA:710,107
DA:712,107
DA:713,61
DA:714,7
DA:718,107
DA:719,72
DA:720,47
DA:721,47
DA:724,25
DA:725,0
DA:729,107
DA:730,64
DA:731,49
DA:732,49
DA:734,15
DA:737,107
DA:738,74
DA:739,58
DA:742,16
DA:750,16
DA:751,16
DA:752,0
DA:755,16
DA:757,16
DA:758,16
DA:760,16
DA:761,1
DA:765,107
DA:766,65
DA:767,65
DA:770,0
DA:771,0
DA:772,0
DA:775,0
DA:776,0
DA:791,107
DA:792,1
DA:794,1
DA:808,107
DA:809,68
DA:810,4
DA:811,4
DA:813,64
DA:814,124
DA:815,289
DA:816,289
DA:817,0
DA:819,289
DA:820,289
DA:822,124
DA:824,64
DA:826,64
DA:827,60
DA:828,0
DA:829,0
DA:831,60
DA:834,4
DA:835,4
DA:836,0
DA:837,0
DA:838,0
DA:839,0
DA:843,4
DA:844,4
DA:845,4
DA:850,107
DA:851,61
DA:852,4
DA:853,5
DA:856,5
DA:858,4
DA:862,107
DA:863,75
DA:864,58
DA:867,17
DA:869,17
DA:874,0
DA:878,17
DA:885,0
DA:888,17
DA:889,17
DA:890,17
DA:891,0
DA:893,0
DA:898,0
DA:913,107
DA:914,1
DA:915,1
DA:917,1
DA:918,1
DA:922,107
DA:923,82
DA:924,164
DA:925,239
DA:927,239
DA:928,239
DA:931,239
DA:932,239
DA:933,239
DA:934,239
DA:935,239
DA:947,308
DA:954,82
DA:960,107
DA:961,59
DA:964,107
DA:965,107
DA:971,107
DA:1008,214
DA:1013,0
DA:1030,0
DA:1031,0
DA:1054,56
DA:1058,6
DA:1127,1
DA:1303,0
DA:1331,1
DA:1335,18
DA:1337,14
DA:1339,1
DA:1342,1
DA:1344,1
DA:1345,1
DA:1348,1
DA:1350,1
DA:1368,0
DA:1389,0
DA:1390,0
DA:1391,0
DA:1394,0
DA:1395,0
DA:1396,0
DA:1397,0
DA:1398,0
DA:1399,0
DA:1400,0
DA:1401,0
DA:1404,0
DA:1405,0
DA:1406,0
DA:1407,0
DA:1408,0
DA:1409,0
DA:1410,0
DA:1411,0
DA:1427,0
DA:1439,0
DA:1445,0
LF:392
LH:297
BRDA:93,0,0,77
BRDA:93,0,1,77
BRDA:95,1,0,154
BRDA:95,1,1,0
BRDA:99,2,0,69
BRDA:99,2,1,11
BRDA:123,3,0,154
BRDA:123,3,1,0
BRDA:125,4,0,13
BRDA:125,4,1,141
BRDA:127,5,0,2
BRDA:127,5,1,139
BRDA:129,6,0,13
BRDA:129,6,1,126
BRDA:149,7,0,154
BRDA:149,7,1,13
BRDA:168,8,0,154
BRDA:168,8,1,3
BRDA:168,8,2,2
BRDA:200,9,0,98
BRDA:206,10,0,107
BRDA:206,10,1,76
BRDA:236,11,0,107
BRDA:236,11,1,5
BRDA:274,12,0,0
BRDA:274,12,1,59
BRDA:281,13,0,4
BRDA:281,13,1,57
BRDA:317,14,0,59
BRDA:317,14,1,1
BRDA:331,15,0,16
BRDA:331,15,1,46
BRDA:332,16,0,16
BRDA:332,16,1,0
BRDA:335,17,0,2
BRDA:335,17,1,44
BRDA:335,18,0,46
BRDA:335,18,1,2
BRDA:357,19,0,0
BRDA:357,19,1,0
BRDA:373,20,0,0
BRDA:373,20,1,0
BRDA:373,21,0,0
BRDA:373,21,1,0
BRDA:398,22,0,65
BRDA:398,22,1,0
BRDA:398,23,0,65
BRDA:398,23,1,65
BRDA:398,23,2,65
BRDA:410,24,0,45
BRDA:410,24,1,20
BRDA:410,25,0,65
BRDA:410,25,1,58
BRDA:420,26,0,0
BRDA:420,26,1,65
BRDA:436,27,0,0
BRDA:436,27,1,13
BRDA:437,28,0,0
BRDA:437,28,1,0
BRDA:442,29,0,0
BRDA:442,29,1,0
BRDA:468,30,0,0
BRDA:468,30,1,13
BRDA:470,31,0,13
BRDA:470,31,1,0
BRDA:470,32,0,13
BRDA:470,32,1,13
BRDA:491,33,0,0
BRDA:491,33,1,4
BRDA:499,34,0,3
BRDA:499,34,1,1
BRDA:503,35,0,3
BRDA:503,35,1,0
BRDA:508,36,0,3
BRDA:508,36,1,1
BRDA:510,37,0,2
BRDA:510,37,1,1
BRDA:510,38,0,3
BRDA:510,38,1,3
BRDA:517,39,0,2
BRDA:517,39,1,0
BRDA:524,40,0,0
BRDA:524,40,1,1
BRDA:528,41,0,0
BRDA:528,41,1,1
BRDA:539,42,0,0
BRDA:539,42,1,0
BRDA:545,43,0,67
BRDA:545,43,1,16
BRDA:545,44,0,83
BRDA:545,44,1,78
BRDA:553,45,0,2
BRDA:553,45,1,14
BRDA:556,46,0,1
BRDA:556,46,1,1
BRDA:569,47,0,0
BRDA:569,47,1,0
BRDA:569,48,0,0
BRDA:569,48,1,0
BRDA:572,49,0,0
BRDA:572,49,1,0
BRDA:574,50,0,0
BRDA:574,50,1,0
BRDA:578,51,0,0
BRDA:578,51,1,0
BRDA:590,52,0,0
BRDA:590,52,1,0
BRDA:590,53,0,0
BRDA:590,53,1,0
BRDA:591,54,0,0
BRDA:591,54,1,0
BRDA:592,55,0,0
BRDA:592,55,1,0
BRDA:612,56,0,0
BRDA:612,56,1,0
BRDA:617,57,0,0
BRDA:617,57,1,0
BRDA:617,58,0,0
BRDA:617,58,1,0
BRDA:622,59,0,107
BRDA:622,59,1,0
BRDA:624,60,0,0
BRDA:624,60,1,107
BRDA:624,61,0,107
BRDA:624,61,1,107
BRDA:624,61,2,5
BRDA:626,62,0,107
BRDA:626,62,1,82
BRDA:629,63,0,25
BRDA:629,63,1,82
BRDA:629,64,0,107
BRDA:629,64,1,102
BRDA:633,65,0,60
BRDA:633,65,1,4
BRDA:633,66,0,64
BRDA:633,66,1,7
BRDA:638,67,0,107
BRDA:638,67,1,18
BRDA:638,67,2,90
BRDA:649,68,0,57
BRDA:649,68,1,6
BRDA:649,69,0,63
BRDA:649,69,1,17
BRDA:649,69,2,6
BRDA:655,70,0,12
BRDA:655,70,1,0
BRDA:655,70,2,0
BRDA:656,71,0,0
BRDA:656,71,1,12
BRDA:660,72,0,12
BRDA:660,72,1,0
BRDA:660,72,2,0
BRDA:661,73,0,12
BRDA:661,73,1,0
BRDA:667,74,0,6
BRDA:667,74,1,6
BRDA:667,75,0,12
BRDA:667,75,1,6
BRDA:671,76,0,6
BRDA:671,76,1,0
BRDA:671,77,0,6
BRDA:671,77,1,0
BRDA:678,78,0,6
BRDA:678,78,1,6
BRDA:680,79,0,12
BRDA:680,79,1,0
BRDA:686,80,0,12
BRDA:686,80,1,0
BRDA:692,81,0,12
BRDA:692,81,1,0
BRDA:698,82,0,12
BRDA:698,82,1,0
BRDA:710,83,0,107
BRDA:710,83,1,102
BRDA:713,84,0,7
BRDA:713,84,1,54
BRDA:714,85,0,1
BRDA:714,85,1,6
BRDA:719,86,0,47
BRDA:719,86,1,25
BRDA:724,87,0,0
BRDA:724,87,1,25
BRDA:724,88,0,25
BRDA:724,88,1,5
BRDA:730,89,0,49
BRDA:730,89,1,15
BRDA:730,90,0,64
BRDA:730,90,1,20
BRDA:730,91,0,64
BRDA:730,91,1,57
BRDA:738,92,0,58
BRDA:738,92,1,16
BRDA:738,93,0,74
BRDA:738,93,1,21
BRDA:738,93,2,16
BRDA:738,93,3,16
BRDA:738,93,4,16
BRDA:738,94,0,74
BRDA:738,94,1,66
BRDA:751,95,0,0
BRDA:751,95,1,16
BRDA:757,96,0,16
BRDA:757,96,1,0
BRDA:758,97,0,16
BRDA:758,97,1,0
BRDA:760,98,0,1
BRDA:760,98,1,15
BRDA:760,99,0,16
BRDA:760,99,1,2
BRDA:766,100,0,65
BRDA:766,100,1,0
BRDA:766,101,0,65
BRDA:766,101,1,16
BRDA:766,101,2,0
BRDA:766,101,3,0
BRDA:771,102,0,0
BRDA:771,102,1,0
BRDA:792,103,0,0
BRDA:792,103,1,1
BRDA:809,104,0,4
BRDA:809,104,1,64
BRDA:810,105,0,0
BRDA:810,105,1,4
BRDA:816,106,0,0
BRDA:816,106,1,289
BRDA:822,107,0,124
BRDA:822,107,1,120
BRDA:824,108,0,64
BRDA:824,108,1,60
BRDA:826,109,0,60
BRDA:826,109,1,4
BRDA:827,110,0,0
BRDA:827,110,1,60
BRDA:834,111,0,4
BRDA:834,111,1,0
BRDA:836,112,0,0
BRDA:836,112,1,0
BRDA:844,113,0,4
BRDA:844,113,1,0
BRDA:851,114,0,57
BRDA:851,114,1,4
BRDA:856,115,0,3
BRDA:856,115,1,2
BRDA:856,116,0,5
BRDA:856,116,1,3
BRDA:858,117,0,4
BRDA:858,117,1,1
BRDA:863,118,0,58
BRDA:863,118,1,17
BRDA:863,119,0,75
BRDA:863,119,1,17
BRDA:869,120,0,0
BRDA:869,120,1,17
BRDA:870,121,0,17
BRDA:870,121,1,17
BRDA:870,121,2,0
BRDA:878,122,0,0
BRDA:878,122,1,17
BRDA:879,123,0,17
BRDA:879,123,1,17
BRDA:879,123,2,0
BRDA:879,123,3,0
BRDA:879,123,4,0
BRDA:888,124,0,17
BRDA:888,124,1,0
BRDA:890,125,0,0
BRDA:890,125,1,17
BRDA:893,126,0,0
BRDA:893,126,1,0
BRDA:894,127,0,0
BRDA:894,127,1,0
BRDA:894,127,2,0
BRDA:914,128,0,1
BRDA:914,128,1,0
BRDA:931,129,0,239
BRDA:931,129,1,60
BRDA:933,130,0,239
BRDA:933,130,1,60
BRDA:933,130,2,60
BRDA:961,131,0,7
BRDA:961,131,1,52
BRDA:965,132,0,88
BRDA:965,132,1,19
BRDA:967,133,0,19
BRDA:967,133,1,0
BRDA:976,134,0,19
BRDA:976,134,1,88
BRDA:977,135,0,19
BRDA:977,135,1,88
BRDA:989,136,0,88
BRDA:989,136,1,19
BRDA:1000,137,0,27
BRDA:1000,137,1,80
BRDA:1017,138,0,107
BRDA:1017,138,1,102
BRDA:1030,139,0,0
BRDA:1030,139,1,0
BRDA:1046,140,0,102
BRDA:1046,140,1,18
BRDA:1051,141,0,107
BRDA:1051,141,1,6
BRDA:1058,142,0,1
BRDA:1058,142,1,5
BRDA:1074,143,0,5
BRDA:1074,143,1,51
BRDA:1079,144,0,28
BRDA:1079,144,1,28
BRDA:1088,145,0,107
BRDA:1088,145,1,5
BRDA:1088,145,2,5
BRDA:1094,146,0,5
BRDA:1094,146,1,0
BRDA:1094,147,0,5
BRDA:1094,147,1,5
BRDA:1098,148,0,1
BRDA:1098,148,1,4
BRDA:1101,149,0,4
BRDA:1101,149,1,1
BRDA:1103,150,0,4
BRDA:1103,150,1,1
BRDA:1134,151,0,1
BRDA:1134,151,1,4
BRDA:1139,152,0,1
BRDA:1139,152,1,4
BRDA:1144,153,0,1
BRDA:1144,153,1,4
BRDA:1156,154,0,107
BRDA:1156,154,1,26
BRDA:1156,154,2,25
BRDA:1156,154,3,25
BRDA:1167,155,0,22
BRDA:1167,155,1,3
BRDA:1169,156,0,3
BRDA:1169,156,1,22
BRDA:1174,157,0,22
BRDA:1174,157,1,3
BRDA:1176,158,0,22
BRDA:1176,158,1,3
BRDA:1182,159,0,25
BRDA:1182,159,1,1
BRDA:1184,160,0,25
BRDA:1184,160,1,22
BRDA:1185,161,0,0
BRDA:1185,161,1,22
BRDA:1199,162,0,3
BRDA:1199,162,1,22
BRDA:1206,163,0,25
BRDA:1206,163,1,1
BRDA:1208,164,0,25
BRDA:1208,164,1,25
BRDA:1211,165,0,3
BRDA:1211,165,1,22
BRDA:1218,166,0,25
BRDA:1218,166,1,0
BRDA:1224,167,0,107
BRDA:1224,167,1,26
BRDA:1224,167,2,25
BRDA:1224,167,3,25
BRDA:1235,168,0,22
BRDA:1235,168,1,3
BRDA:1237,169,0,3
BRDA:1237,169,1,22
BRDA:1242,170,0,22
BRDA:1242,170,1,3
BRDA:1244,171,0,22
BRDA:1244,171,1,3
BRDA:1253,172,0,25
BRDA:1253,172,1,22
BRDA:1254,173,0,0
BRDA:1254,173,1,22
BRDA:1269,174,0,3
BRDA:1269,174,1,22
BRDA:1315,175,0,19
BRDA:1315,175,1,88
BRDA:1329,176,0,19
BRDA:1329,176,1,88
BRDA:1344,177,0,1
BRDA:1344,177,1,0
BRDA:1357,178,0,0
BRDA:1357,178,1,14
BRDA:1380,179,0,107
BRDA:1380,179,1,2
BRDA:1380,179,2,2
BRDA:1394,180,0,0
BRDA:1394,180,1,0
BRDA:1395,181,0,0
BRDA:1395,181,1,0
BRDA:1396,182,0,0
BRDA:1396,182,1,0
BRDA:1397,183,0,0
BRDA:1397,183,1,0
BRDA:1398,184,0,0
BRDA:1398,184,1,0
BRDA:1398,184,2,0
BRDA:1399,185,0,0
BRDA:1399,185,1,0
BRDA:1404,186,0,0
BRDA:1404,186,1,0
BRDA:1405,187,0,0
BRDA:1405,187,1,0
BRDA:1406,188,0,0
BRDA:1406,188,1,0
BRDA:1407,189,0,0
BRDA:1407,189,1,0
BRDA:1408,190,0,0
BRDA:1408,190,1,0
BRDA:1408,190,2,0
BRDA:1409,191,0,0
BRDA:1409,191,1,0
BRDA:1419,192,0,107
BRDA:1419,192,1,105
BRDA:1422,193,0,105
BRDA:1422,193,1,18
BRDA:1442,194,0,107
BRDA:1442,194,1,10
BRDA:1442,194,2,5
BRDA:1468,195,0,107
BRDA:1468,195,1,13
BRDA:1468,195,2,13
BRDA:1482,196,0,107
BRDA:1482,196,1,1
BRDA:1488,197,0,107
BRDA:1488,197,1,1
BRF:423
BRH:293
end_of_record
TN:
SF:src\components\CollapsibleUserProfile.tsx
FN:20,(anonymous_0)
FN:35,(anonymous_1)
FN:44,(anonymous_2)
FN:98,(anonymous_3)
FN:107,(anonymous_4)
FN:154,(anonymous_5)
FNF:6
FNH:5
FNDA:9,(anonymous_0)
FNDA:9,(anonymous_1)
FNDA:3,(anonymous_2)
FNDA:1,(anonymous_3)
FNDA:1,(anonymous_4)
FNDA:0,(anonymous_5)
DA:20,1
DA:21,9
DA:22,9
DA:24,9
DA:25,9
DA:27,0
DA:35,1
DA:36,9
DA:37,9
DA:38,9
DA:39,9
DA:41,9
DA:42,6
DA:44,3
DA:71,3
DA:99,1
DA:100,1
DA:107,1
DA:140,3
DA:154,0
DA:189,1
LF:21
LH:19
BRDA:24,0,0,9
BRDA:24,0,1,0
BRDA:30,1,0,0
BRDA:30,1,1,0
BRDA:36,2,0,9
BRDA:36,2,1,0
BRDA:41,3,0,6
BRDA:41,3,1,3
BRDA:52,4,0,0
BRDA:52,4,1,6
BRDA:74,5,0,3
BRDA:74,5,1,3
BRDA:79,6,0,0
BRDA:79,6,1,3
BRDA:91,7,0,3
BRDA:91,7,1,0
BRDA:102,8,0,3
BRDA:102,8,1,0
BRDA:112,9,0,3
BRDA:112,9,1,0
BRDA:116,10,0,0
BRDA:116,10,1,3
BRDA:122,11,0,0
BRDA:122,11,1,3
BRDA:169,12,0,3
BRDA:169,12,1,0
BRDA:177,13,0,0
BRDA:177,13,1,0
BRF:28
BRH:14
end_of_record
TN:
SF:src\components\DestinationPopup.tsx
FN:39,(anonymous_0)
FN:67,(anonymous_1)
FN:95,(anonymous_2)
FN:97,(anonymous_3)
FN:101,(anonymous_4)
FN:108,(anonymous_5)
FN:113,(anonymous_6)
FN:120,(anonymous_7)
FN:128,(anonymous_8)
FNF:9
FNH:8
FNDA:25,(anonymous_0)
FNDA:5,(anonymous_1)
FNDA:17,(anonymous_2)
FNDA:3,(anonymous_3)
FNDA:1,(anonymous_4)
FNDA:1,(anonymous_5)
FNDA:0,(anonymous_6)
FNDA:1,(anonymous_7)
FNDA:2,(anonymous_8)
DA:36,2
DA:40,25
DA:41,25
DA:61,25
DA:63,25
DA:66,25
DA:68,5
DA:69,4
DA:70,4
DA:71,4
DA:73,5
DA:89,25
DA:95,25
DA:97,3
DA:100,25
DA:102,1
DA:103,1
DA:108,25
DA:109,1
DA:112,25
DA:114,0
DA:119,25
DA:121,1
DA:122,1
DA:127,25
DA:129,2
DA:130,1
DA:131,1
DA:132,1
DA:133,1
DA:134,1
DA:135,1
DA:137,1
DA:149,25
DA:213,2
LF:35
LH:34
BRDA:40,0,0,25
BRDA:40,0,1,0
BRDA:67,1,0,0
BRDA:68,2,0,4
BRDA:68,2,1,1
BRDA:122,3,0,1
BRDA:122,3,1,0
BRDA:129,4,0,1
BRDA:129,4,1,1
BRDA:152,5,0,9
BRDA:152,5,1,16
BRDA:163,6,0,1
BRDA:163,6,1,24
BRDA:168,7,0,25
BRDA:168,7,1,24
BRF:15
BRH:12
end_of_record
TN:
SF:src\components\DestinationPopupContent.tsx
FN:26,(anonymous_0)
FN:57,(anonymous_1)
FN:64,(anonymous_2)
FN:92,(anonymous_3)
FN:112,(anonymous_4)
FN:141,(anonymous_5)
FNF:6
FNH:6
FNDA:18,(anonymous_0)
FNDA:16,(anonymous_1)
FNDA:1,(anonymous_2)
FNDA:1,(anonymous_3)
FNDA:18,(anonymous_4)
FNDA:1,(anonymous_5)
DA:25,2
DA:38,18
DA:39,1
DA:47,17
DA:48,1
DA:51,16
DA:52,8
DA:55,8
DA:58,16
DA:59,16
DA:60,16
DA:61,16
DA:64,1
DA:92,1
DA:110,2
DA:112,2
DA:114,18
DA:115,18
DA:142,1
DA:143,1
DA:145,1
DA:148,1
LF:22
LH:22
BRDA:38,0,0,1
BRDA:38,0,1,17
BRDA:42,1,0,0
BRDA:42,1,1,1
BRDA:47,2,0,1
BRDA:47,2,1,16
BRDA:51,3,0,8
BRDA:51,3,1,8
BRDA:52,4,0,0
BRDA:52,4,1,8
BRDA:59,5,0,16
BRDA:59,5,1,0
BRDA:60,6,0,8
BRDA:60,6,1,8
BRDA:60,7,0,0
BRDA:60,7,1,8
BRDA:68,8,0,0
BRDA:68,8,1,16
BRDA:74,9,0,16
BRDA:74,9,1,0
BRDA:84,10,0,16
BRDA:84,10,1,6
BRDA:84,10,2,6
BRDA:93,11,0,16
BRDA:93,11,1,0
BRDA:137,12,0,18
BRDA:137,12,1,3
BRDA:137,12,2,3
BRDA:140,13,0,1
BRDA:140,13,1,2
BRDA:142,14,0,1
BRDA:142,14,1,0
BRDA:142,14,2,0
BRDA:145,15,0,1
BRDA:145,15,1,0
BRDA:145,16,0,1
BRDA:145,16,1,1
BRDA:154,17,0,0
BRDA:154,17,1,1
BRDA:155,18,0,0
BRDA:155,18,1,1
BRDA:165,19,0,1
BRDA:165,19,1,1
BRDA:177,20,0,0
BRDA:177,20,1,2
BRF:45
BRH:32
end_of_record
TN:
SF:src\components\DestinationPopupHeader.tsx
FN:42,(anonymous_0)
FN:159,(anonymous_1)
FN:169,(anonymous_2)
FN:219,(anonymous_3)
FN:247,(anonymous_4)
FN:250,(anonymous_5)
FNF:6
FNH:5
FNDA:31,(anonymous_0)
FNDA:124,(anonymous_1)
FNDA:1,(anonymous_2)
FNDA:2,(anonymous_3)
FNDA:0,(anonymous_4)
FNDA:1,(anonymous_5)
DA:35,2
DA:42,2
DA:52,31
DA:53,31
DA:55,31
DA:56,31
DA:58,31
DA:59,31
DA:60,14
DA:65,14
DA:67,14
DA:68,13
DA:71,1
DA:76,1
DA:80,31
DA:160,124
DA:161,124
DA:162,124
DA:169,1
DA:219,2
DA:247,0
DA:251,1
DA:252,1
DA:253,1
LF:24
LH:23
BRDA:59,0,0,14
BRDA:59,0,1,17
BRDA:65,1,0,13
BRDA:65,1,1,1
BRDA:67,2,0,13
BRDA:67,2,1,1
BRDA:99,3,0,30
BRDA:99,3,1,1
BRDA:103,4,0,0
BRDA:103,4,1,30
BRDA:109,5,0,0
BRDA:109,5,1,30
BRDA:129,6,0,31
BRDA:129,6,1,4
BRDA:129,6,2,4
BRDA:156,7,0,0
BRDA:156,7,1,31
BRDA:167,8,0,31
BRDA:167,8,1,93
BRDA:179,9,0,31
BRDA:179,9,1,93
BRDA:179,10,0,0
BRDA:179,10,1,93
BRDA:184,11,0,31
BRDA:184,11,1,93
BRDA:186,12,0,0
BRDA:186,12,1,93
BRDA:200,13,0,31
BRDA:200,13,1,10
BRDA:211,14,0,0
BRDA:211,14,1,10
BRDA:225,15,0,0
BRDA:225,15,1,10
BRF:33
BRH:26
end_of_record
TN:
SF:src\components\DirectionsSearchPanel.tsx
FN:37,(anonymous_0)
FN:76,(anonymous_1)
FN:118,(anonymous_2)
FN:132,(anonymous_3)
FN:149,(anonymous_4)
FN:165,(anonymous_5)
FN:168,(anonymous_6)
FN:171,(anonymous_7)
FN:175,(anonymous_8)
FN:181,(anonymous_9)
FN:188,(anonymous_10)
FN:193,(anonymous_11)
FN:206,(anonymous_12)
FN:236,(anonymous_13)
FN:256,(anonymous_14)
FN:261,(anonymous_15)
FN:278,(anonymous_16)
FN:281,(anonymous_17)
FN:311,(anonymous_18)
FN:314,(anonymous_19)
FN:385,(anonymous_20)
FN:387,(anonymous_21)
FN:388,(anonymous_22)
FN:389,(anonymous_23)
FN:424,(anonymous_24)
FN:425,(anonymous_25)
FN:426,(anonymous_26)
FN:427,(anonymous_27)
FN:449,(anonymous_28)
FN:456,(anonymous_29)
FN:491,(anonymous_30)
FN:515,(anonymous_31)
FN:522,(anonymous_32)
FN:535,(anonymous_33)
FNF:34
FNH:28
FNDA:92,(anonymous_0)
FNDA:59,(anonymous_1)
FNDA:29,(anonymous_2)
FNDA:30,(anonymous_3)
FNDA:29,(anonymous_4)
FNDA:29,(anonymous_5)
FNDA:0,(anonymous_6)
FNDA:0,(anonymous_7)
FNDA:13,(anonymous_8)
FNDA:4,(anonymous_9)
FNDA:4,(anonymous_10)
FNDA:4,(anonymous_11)
FNDA:7,(anonymous_12)
FNDA:5,(anonymous_13)
FNDA:3,(anonymous_14)
FNDA:0,(anonymous_15)
FNDA:240,(anonymous_16)
FNDA:2,(anonymous_17)
FNDA:114,(anonymous_18)
FNDA:1,(anonymous_19)
FNDA:2,(anonymous_20)
FNDA:7,(anonymous_21)
FNDA:11,(anonymous_22)
FNDA:0,(anonymous_23)
FNDA:0,(anonymous_24)
FNDA:5,(anonymous_25)
FNDA:5,(anonymous_26)
FNDA:0,(anonymous_27)
FNDA:7,(anonymous_28)
FNDA:1,(anonymous_29)
FNDA:1,(anonymous_30)
FNDA:5,(anonymous_31)
FNDA:1,(anonymous_32)
FNDA:1,(anonymous_33)
DA:37,2
DA:42,92
DA:43,51
DA:52,41
DA:76,2
DA:86,59
DA:87,59
DA:91,59
DA:95,59
DA:96,59
DA:100,59
DA:101,59
DA:104,59
DA:108,59
DA:113,59
DA:114,59
DA:115,59
DA:116,59
DA:118,59
DA:119,29
DA:120,29
DA:121,29
DA:122,0
DA:123,0
DA:125,29
DA:126,0
DA:127,0
DA:132,59
DA:134,30
DA:138,30
DA:139,21
DA:140,21
DA:141,21
DA:142,9
DA:143,2
DA:144,2
DA:149,59
DA:151,29
DA:155,29
DA:156,21
DA:157,21
DA:158,21
DA:159,8
DA:160,1
DA:161,1
DA:165,59
DA:166,29
DA:168,13
DA:169,0
DA:171,13
DA:172,0
DA:175,13
DA:176,13
DA:177,13
DA:181,59
DA:187,4
DA:189,4
DA:194,4
DA:198,4
DA:206,59
DA:207,7
DA:208,7
DA:209,7
DA:210,5
DA:215,3
DA:216,1
DA:217,1
DA:218,1
DA:220,2
DA:221,2
DA:222,0
DA:229,0
DA:230,0
DA:233,2
DA:236,59
DA:237,5
DA:238,5
DA:239,5
DA:240,2
DA:241,2
DA:242,0
DA:249,0
DA:250,0
DA:252,3
DA:256,59
DA:257,3
DA:258,3
DA:259,3
DA:261,59
DA:262,0
DA:263,0
DA:264,0
DA:268,59
DA:279,240
DA:282,2
DA:312,114
DA:315,1
DA:349,59
DA:385,2
DA:387,7
DA:388,11
DA:390,0
DA:424,0
DA:425,5
DA:426,5
DA:428,0
DA:451,7
DA:452,7
DA:457,1
DA:458,1
DA:491,1
DA:517,5
DA:518,5
DA:523,1
DA:524,1
DA:535,1
LF:116
LH:98
BRDA:42,0,0,51
BRDA:42,0,1,41
BRDA:84,1,0,59
BRDA:88,2,0,59
BRDA:88,2,1,17
BRDA:89,3,0,40
BRDA:89,3,1,19
BRDA:89,4,0,59
BRDA:89,4,1,17
BRDA:92,5,0,59
BRDA:92,5,1,4
BRDA:92,5,2,2
BRDA:92,5,3,0
BRDA:92,5,4,0
BRDA:92,6,0,59
BRDA:92,6,1,15
BRDA:92,6,2,0
BRDA:92,7,0,4
BRDA:92,7,1,0
BRDA:92,7,2,0
BRDA:92,8,0,2
BRDA:92,8,1,0
BRDA:92,9,0,0
BRDA:92,9,1,0
BRDA:92,10,0,59
BRDA:92,10,1,25
BRDA:92,10,2,0
BRDA:97,11,0,59
BRDA:97,11,1,59
BRDA:97,11,2,4
BRDA:97,11,3,4
BRDA:97,11,4,0
BRDA:97,12,0,59
BRDA:97,12,1,13
BRDA:97,12,2,0
BRDA:97,13,0,59
BRDA:97,13,1,13
BRDA:97,13,2,0
BRDA:97,14,0,4
BRDA:97,14,1,0
BRDA:97,15,0,4
BRDA:97,15,1,0
BRDA:97,16,0,59
BRDA:97,16,1,25
BRDA:97,16,2,0
BRDA:121,17,0,0
BRDA:121,17,1,29
BRDA:125,18,0,0
BRDA:125,18,1,29
BRDA:134,19,0,30
BRDA:134,19,1,30
BRDA:134,19,2,9
BRDA:134,20,0,30
BRDA:134,20,1,7
BRDA:135,21,0,30
BRDA:135,21,1,7
BRDA:138,22,0,21
BRDA:138,22,1,9
BRDA:139,23,0,21
BRDA:139,23,1,2
BRDA:142,24,0,2
BRDA:142,24,1,7
BRDA:151,25,0,29
BRDA:151,25,1,9
BRDA:151,25,2,8
BRDA:151,26,0,29
BRDA:151,26,1,7
BRDA:152,27,0,9
BRDA:152,27,1,7
BRDA:155,28,0,21
BRDA:155,28,1,8
BRDA:156,29,0,21
BRDA:156,29,1,2
BRDA:159,30,0,1
BRDA:159,30,1,7
BRDA:159,31,0,8
BRDA:159,31,1,7
BRDA:166,32,0,16
BRDA:166,32,1,13
BRDA:187,33,0,4
BRDA:187,33,1,4
BRDA:199,34,0,0
BRDA:199,34,1,4
BRDA:200,35,0,0
BRDA:200,35,1,0
BRDA:202,36,0,4
BRDA:202,36,1,4
BRDA:209,37,0,5
BRDA:209,37,1,2
BRDA:210,38,0,3
BRDA:210,38,1,2
BRDA:211,39,0,5
BRDA:211,39,1,3
BRDA:211,39,2,3
BRDA:215,40,0,2
BRDA:215,40,1,1
BRDA:221,41,0,2
BRDA:221,41,1,0
BRDA:221,42,0,2
BRDA:221,42,1,0
BRDA:224,43,0,0
BRDA:224,43,1,0
BRDA:239,44,0,2
BRDA:239,44,1,3
BRDA:241,45,0,2
BRDA:241,45,1,0
BRDA:241,46,0,2
BRDA:241,46,1,0
BRDA:244,47,0,0
BRDA:244,47,1,0
BRDA:275,48,0,40
BRDA:275,48,1,19
BRDA:276,49,0,59
BRDA:276,49,1,15
BRDA:276,49,2,11
BRDA:282,50,0,2
BRDA:282,50,1,0
BRDA:284,51,0,2
BRDA:284,51,1,0
BRDA:287,52,0,0
BRDA:287,52,1,0
BRDA:293,53,0,240
BRDA:293,53,1,200
BRDA:301,54,0,240
BRDA:301,54,1,0
BRDA:315,55,0,1
BRDA:315,55,1,0
BRDA:317,56,0,1
BRDA:317,56,1,0
BRDA:320,57,0,0
BRDA:320,57,1,0
BRDA:326,58,0,114
BRDA:326,58,1,95
BRDA:334,59,0,114
BRDA:334,59,1,0
BRDA:353,60,0,0
BRDA:353,60,1,59
BRDA:361,61,0,14
BRDA:361,61,1,45
BRDA:362,62,0,14
BRDA:362,62,1,45
BRDA:366,63,0,59
BRDA:366,63,1,54
BRDA:381,64,0,54
BRDA:381,64,1,0
BRDA:401,65,0,59
BRDA:401,65,1,40
BRDA:404,66,0,59
BRDA:404,66,1,45
BRDA:420,67,0,45
BRDA:420,67,1,0
BRDA:440,68,0,59
BRDA:440,68,1,14
BRDA:451,69,0,7
BRDA:451,69,1,2
BRDA:465,70,0,7
BRDA:465,70,1,0
BRDA:471,71,0,0
BRDA:471,71,1,0
BRDA:471,72,0,0
BRDA:471,72,1,0
BRDA:481,73,0,0
BRDA:481,73,1,7
BRDA:488,74,0,7
BRDA:488,74,1,2
BRDA:488,75,0,7
BRDA:488,75,1,7
BRDA:509,76,0,59
BRDA:509,76,1,5
BRDA:517,77,0,5
BRDA:517,77,1,3
BRDA:532,78,0,5
BRDA:532,78,1,3
BRDA:532,79,0,5
BRDA:532,79,1,5
BRDA:557,80,0,37
BRDA:557,80,1,22
BRDA:562,81,0,22
BRDA:562,81,1,2
BRDA:562,81,2,0
BRF:180
BRH:132
end_of_record
TN:
SF:src\components\GoogleCalendarAuth.tsx
FN:20,GoogleCalendarAuth
FN:48,(anonymous_1)
FN:51,(anonymous_2)
FN:56,(anonymous_3)
FN:59,(anonymous_4)
FN:65,(anonymous_5)
FN:69,(anonymous_6)
FN:89,(anonymous_7)
FN:152,(anonymous_8)
FNF:9
FNH:8
FNDA:40,GoogleCalendarAuth
FNDA:18,(anonymous_1)
FNDA:18,(anonymous_2)
FNDA:18,(anonymous_3)
FNDA:0,(anonymous_4)
FNDA:20,(anonymous_5)
FNDA:13,(anonymous_6)
FNDA:1,(anonymous_7)
FNDA:1,(anonymous_8)
DA:16,1
DA:23,40
DA:24,40
DA:25,40
DA:27,40
DA:28,40
DA:29,40
DA:30,40
DA:32,40
DA:36,40
DA:48,40
DA:49,18
DA:50,18
DA:51,18
DA:52,18
DA:56,40
DA:57,18
DA:58,3
DA:59,1
DA:60,2
DA:61,2
DA:65,40
DA:66,20
DA:67,20
DA:68,20
DA:69,20
DA:70,13
DA:71,13
DA:73,13
DA:76,20
DA:78,3
DA:79,3
DA:80,3
DA:89,40
DA:91,40
DA:92,25
DA:104,15
DA:153,1
LF:38
LH:38
BRDA:27,0,0,40
BRDA:27,0,1,0
BRDA:28,1,0,40
BRDA:28,1,1,0
BRDA:32,2,0,0
BRDA:32,2,1,40
BRDA:57,3,0,15
BRDA:57,3,1,3
BRDA:58,4,0,1
BRDA:58,4,1,2
BRDA:60,5,0,2
BRDA:60,5,1,0
BRDA:60,6,0,2
BRDA:60,6,1,1
BRDA:70,7,0,13
BRDA:70,7,1,0
BRDA:78,8,0,3
BRDA:78,8,1,0
BRDA:81,9,0,2
BRDA:81,9,1,1
BRDA:91,10,0,25
BRDA:91,10,1,15
BRDA:91,11,0,40
BRDA:91,11,1,22
BRDA:96,12,0,18
BRDA:96,12,1,7
BRDA:109,13,0,15
BRDA:109,13,1,3
BRDA:115,14,0,15
BRDA:115,14,1,0
BRDA:120,15,0,14
BRDA:120,15,1,1
BRDA:123,16,0,15
BRDA:123,16,1,0
BRF:34
BRH:26
end_of_record
TN:
SF:src\components\MapScheduleToggle.tsx
FN:20,(anonymous_0)
FN:29,(anonymous_1)
FN:36,(anonymous_2)
FN:59,(anonymous_3)
FNF:4
FNH:4
FNDA:4,(anonymous_0)
FNDA:4,(anonymous_1)
FNDA:1,(anonymous_2)
FNDA:3,(anonymous_3)
DA:20,1
DA:21,4
DA:22,4
DA:23,4
DA:25,0
DA:29,1
DA:30,4
DA:31,4
DA:36,1
DA:59,1
DA:64,3
DA:66,3
DA:68,2
DA:69,2
DA:72,2
DA:73,2
DA:75,2
DA:76,2
DA:77,2
DA:80,2
DA:88,2
LF:21
LH:20
BRDA:21,0,0,2
BRDA:21,0,1,2
BRDA:22,1,0,4
BRDA:22,1,1,0
BRDA:41,2,0,2
BRDA:41,2,1,2
BRDA:53,3,0,2
BRDA:53,3,1,2
BRDA:62,4,0,2
BRDA:64,5,0,3
BRDA:64,5,1,0
BRDA:66,6,0,1
BRDA:66,6,1,2
BRDA:75,7,0,2
BRDA:75,7,1,0
BRDA:76,8,0,2
BRDA:76,8,1,0
BRDA:77,9,0,2
BRDA:77,9,1,0
BRDA:81,10,0,0
BRDA:81,10,1,2
BRDA:84,11,0,0
BRDA:84,11,1,2
BRDA:109,12,0,2
BRDA:109,12,1,0
BRDA:120,13,0,2
BRDA:120,13,1,2
BRDA:123,14,0,0
BRDA:123,14,1,2
BRF:29
BRH:20
end_of_record
TN:
SF:src\components\MetroIcon.tsx
FN:10,(anonymous_0)
FNF:1
FNH:1
FNDA:3,(anonymous_0)
DA:10,2
DA:11,3
LF:2
LH:2
BRDA:10,0,0,1
BRDA:10,1,0,1
BRDA:10,2,0,1
BRF:3
BRH:3
end_of_record
TN:
SF:src\components\RightControlsPanel.tsx
FN:32,(anonymous_0)
FN:49,(anonymous_1)
FN:123,(anonymous_2)
FN:177,(anonymous_3)
FNF:4
FNH:2
FNDA:25,(anonymous_0)
FNDA:13,(anonymous_1)
FNDA:0,(anonymous_2)
FNDA:0,(anonymous_3)
DA:32,2
DA:33,25
DA:34,25
DA:49,2
DA:61,13
DA:62,13
DA:63,13
DA:66,13
DA:69,13
DA:70,13
DA:71,13
DA:72,13
DA:73,13
DA:79,13
DA:92,13
DA:105,13
DA:123,0
DA:177,0
LF:18
LH:16
BRDA:33,0,0,0
BRDA:33,0,1,25
BRDA:44,1,0,0
BRDA:44,1,1,25
BRDA:54,2,0,13
BRDA:55,3,0,0
BRDA:56,4,0,2
BRDA:61,5,0,13
BRDA:61,5,1,0
BRDA:66,6,0,13
BRDA:66,6,1,13
BRDA:66,6,2,12
BRDA:73,7,0,13
BRDA:73,7,1,0
BRDA:75,8,0,0
BRDA:75,8,1,0
BRDA:86,9,0,13
BRDA:86,9,1,0
BRDA:88,10,0,13
BRDA:88,10,1,0
BRDA:92,11,0,0
BRDA:92,11,1,13
BRDA:94,12,0,13
BRDA:94,12,1,0
BRDA:119,13,0,13
BRDA:119,13,1,13
BRDA:121,14,0,13
BRDA:121,14,1,13
BRDA:143,15,0,13
BRDA:143,15,1,12
BRDA:166,16,0,13
BRDA:166,16,1,13
BRF:32
BRH:21
end_of_record
TN:
SF:src\components\RoutePolyline.tsx
FN:12,(anonymous_0)
FN:50,(anonymous_1)
FN:54,(anonymous_2)
FN:55,(anonymous_3)
FN:66,(anonymous_4)
FN:74,(anonymous_5)
FN:97,(anonymous_6)
FN:135,(anonymous_7)
FN:174,(anonymous_8)
FN:180,(anonymous_9)
FN:197,(anonymous_10)
FN:205,(anonymous_11)
FN:335,(anonymous_12)
FN:339,(anonymous_13)
FN:391,(anonymous_14)
FN:397,(anonymous_15)
FN:403,(anonymous_16)
FN:407,(anonymous_17)
FN:414,(anonymous_18)
FN:416,(anonymous_19)
FN:424,(anonymous_20)
FN:461,(anonymous_21)
FN:482,(anonymous_22)
FNF:23
FNH:21
FNDA:5,(anonymous_0)
FNDA:1,(anonymous_1)
FNDA:1,(anonymous_2)
FNDA:1,(anonymous_3)
FNDA:0,(anonymous_4)
FNDA:0,(anonymous_5)
FNDA:4,(anonymous_6)
FNDA:13,(anonymous_7)
FNDA:3,(anonymous_8)
FNDA:4,(anonymous_9)
FNDA:13,(anonymous_10)
FNDA:6,(anonymous_11)
FNDA:4,(anonymous_12)
FNDA:4,(anonymous_13)
FNDA:13,(anonymous_14)
FNDA:13,(anonymous_15)
FNDA:6,(anonymous_16)
FNDA:13,(anonymous_17)
FNDA:13,(anonymous_18)
FNDA:13,(anonymous_19)
FNDA:13,(anonymous_20)
FNDA:3,(anonymous_21)
FNDA:1,(anonymous_22)
DA:10,3
DA:12,3
DA:13,5
DA:15,5
DA:16,2
DA:23,3
DA:24,3
DA:25,3
DA:27,3
DA:29,3
DA:30,0
DA:31,3
DA:33,2
DA:34,0
DA:35,0
DA:36,0
DA:37,0
DA:38,1
DA:39,1
DA:42,3
DA:50,3
DA:51,1
DA:52,1
DA:54,1
DA:55,1
DA:56,1
DA:57,0
DA:58,0
DA:63,1
DA:67,0
DA:69,0
DA:70,0
DA:71,0
DA:74,0
DA:75,0
DA:97,3
DA:104,4
DA:105,4
DA:107,2
DA:108,2
DA:109,0
DA:110,0
DA:113,2
DA:114,2
DA:115,2
DA:117,2
DA:118,2
DA:120,2
DA:125,1
DA:128,2
DA:135,3
DA:153,13
DA:155,13
DA:156,13
DA:157,13
DA:158,13
DA:159,13
DA:162,13
DA:163,13
DA:166,13
DA:170,13
DA:173,13
DA:175,3
DA:177,3
DA:178,3
DA:180,3
DA:181,4
DA:183,4
DA:190,3
DA:191,3
DA:197,13
DA:198,13
DA:199,1
DA:200,1
DA:205,13
DA:206,6
DA:207,6
DA:216,6
DA:217,0
DA:219,0
DA:223,6
DA:229,1
DA:233,1
DA:234,1
DA:237,5
DA:244,5
DA:245,0
DA:249,5
DA:250,0
DA:251,0
DA:255,5
DA:257,5
DA:258,5
DA:259,5
DA:260,5
DA:264,5
DA:267,5
DA:270,5
DA:271,0
DA:273,0
DA:295,0
DA:296,0
DA:297,0
DA:298,0
DA:299,0
DA:302,0
DA:303,0
DA:304,0
DA:306,0
DA:307,0
DA:311,5
DA:313,4
DA:318,4
DA:319,4
DA:329,4
DA:330,0
DA:331,0
DA:334,4
DA:335,4
DA:339,4
DA:341,4
DA:342,1
DA:345,3
DA:346,3
DA:347,3
DA:348,3
DA:349,3
DA:351,3
DA:353,3
DA:354,3
DA:357,2
DA:358,2
DA:359,2
DA:360,2
DA:362,2
DA:363,0
DA:366,2
DA:367,2
DA:368,2
DA:391,13
DA:392,13
DA:393,0
DA:397,13
DA:398,13
DA:399,13
DA:400,0
DA:403,13
DA:404,6
DA:407,13
DA:408,13
DA:409,13
DA:414,13
DA:415,13
DA:416,13
DA:417,13
DA:421,13
DA:422,13
DA:424,13
DA:425,13
DA:427,1
DA:428,1
DA:429,2
DA:430,2
DA:433,2
DA:434,2
DA:437,2
DA:438,1
DA:439,1
DA:441,1
DA:443,1
DA:450,1
DA:453,13
DA:454,8
DA:458,5
DA:459,1
DA:462,3
DA:464,3
DA:465,3
DA:467,3
DA:483,1
DA:489,4
DA:490,4
DA:492,4
DA:493,4
DA:494,4
DA:495,0
DA:496,0
DA:499,4
DA:501,4
DA:502,2
DA:517,2
LF:191
LH:152
BRDA:13,0,0,5
BRDA:13,0,1,0
BRDA:15,1,0,2
BRDA:15,1,1,3
BRDA:15,2,0,5
BRDA:15,2,1,5
BRDA:18,3,0,2
BRDA:18,3,1,0
BRDA:23,4,0,3
BRDA:23,4,1,0
BRDA:24,5,0,3
BRDA:24,5,1,3
BRDA:25,6,0,3
BRDA:25,6,1,1
BRDA:29,7,0,0
BRDA:29,7,1,3
BRDA:31,8,0,2
BRDA:31,8,1,1
BRDA:31,9,0,3
BRDA:31,9,1,1
BRDA:33,10,0,2
BRDA:33,10,1,0
BRDA:33,11,0,2
BRDA:33,11,1,2
BRDA:33,11,2,0
BRDA:34,12,0,0
BRDA:34,12,1,0
BRDA:34,13,0,0
BRDA:34,13,1,0
BRDA:35,14,0,0
BRDA:35,14,1,0
BRDA:35,15,0,0
BRDA:35,15,1,0
BRDA:35,15,2,0
BRDA:36,16,0,0
BRDA:36,16,1,0
BRDA:36,17,0,0
BRDA:36,17,1,0
BRDA:36,17,2,0
BRDA:38,18,0,1
BRDA:38,18,1,0
BRDA:56,19,0,0
BRDA:56,19,1,1
BRDA:67,20,0,0
BRDA:67,20,1,0
BRDA:69,21,0,0
BRDA:69,21,1,0
BRDA:105,22,0,2
BRDA:105,22,1,2
BRDA:108,23,0,0
BRDA:108,23,1,2
BRDA:115,24,0,2
BRDA:115,24,1,1
BRDA:115,25,0,2
BRDA:115,25,1,0
BRDA:120,26,0,1
BRDA:120,26,1,1
BRDA:121,27,0,2
BRDA:121,27,1,2
BRDA:121,27,2,1
BRDA:135,28,0,13
BRDA:162,29,0,13
BRDA:162,29,1,0
BRDA:163,30,0,13
BRDA:163,30,1,1
BRDA:166,31,0,13
BRDA:166,31,1,0
BRDA:166,32,0,13
BRDA:166,32,1,13
BRDA:167,33,0,6
BRDA:167,33,1,7
BRDA:175,34,0,0
BRDA:175,34,1,3
BRDA:178,35,0,3
BRDA:178,35,1,3
BRDA:198,36,0,1
BRDA:198,36,1,12
BRDA:198,37,0,13
BRDA:198,37,1,12
BRDA:206,38,0,6
BRDA:206,38,1,0
BRDA:216,39,0,0
BRDA:216,39,1,6
BRDA:216,40,0,6
BRDA:216,40,1,6
BRDA:216,40,2,6
BRDA:217,41,0,0
BRDA:217,41,1,0
BRDA:217,42,0,0
BRDA:217,42,1,0
BRDA:223,43,0,1
BRDA:223,43,1,5
BRDA:224,44,0,6
BRDA:224,44,1,5
BRDA:224,44,2,5
BRDA:224,44,3,5
BRDA:244,45,0,0
BRDA:244,45,1,5
BRDA:249,46,0,0
BRDA:249,46,1,5
BRDA:249,47,0,5
BRDA:249,47,1,5
BRDA:255,48,0,0
BRDA:255,48,1,5
BRDA:255,49,0,5
BRDA:255,49,1,5
BRDA:258,50,0,5
BRDA:258,50,1,0
BRDA:264,51,0,5
BRDA:264,51,1,0
BRDA:264,51,2,0
BRDA:264,51,3,0
BRDA:267,52,0,5
BRDA:267,52,1,0
BRDA:270,53,0,0
BRDA:270,53,1,5
BRDA:270,54,0,5
BRDA:270,54,1,5
BRDA:295,55,0,0
BRDA:295,55,1,0
BRDA:318,56,0,4
BRDA:318,56,1,0
BRDA:323,57,0,4
BRDA:323,57,1,0
BRDA:329,58,0,0
BRDA:329,58,1,4
BRDA:337,59,0,1
BRDA:337,59,1,3
BRDA:341,60,0,1
BRDA:341,60,1,3
BRDA:353,61,0,3
BRDA:353,61,1,0
BRDA:358,62,0,2
BRDA:358,62,1,0
BRDA:359,63,0,2
BRDA:359,63,1,0
BRDA:362,64,0,0
BRDA:362,64,1,2
BRDA:363,65,0,0
BRDA:363,65,1,0
BRDA:392,66,0,0
BRDA:392,66,1,13
BRDA:399,67,0,0
BRDA:399,67,1,13
BRDA:408,68,0,13
BRDA:408,68,1,0
BRDA:422,69,0,12
BRDA:422,69,1,1
BRDA:425,70,0,12
BRDA:425,70,1,1
BRDA:425,71,0,13
BRDA:425,71,1,7
BRDA:425,71,2,1
BRDA:433,72,0,2
BRDA:433,72,1,0
BRDA:433,73,0,0
BRDA:433,73,1,2
BRDA:434,74,0,2
BRDA:434,74,1,0
BRDA:434,75,0,0
BRDA:434,75,1,2
BRDA:437,76,0,1
BRDA:437,76,1,1
BRDA:437,77,0,2
BRDA:437,77,1,1
BRDA:441,78,0,0
BRDA:441,78,1,1
BRDA:453,79,0,8
BRDA:453,79,1,5
BRDA:453,80,0,13
BRDA:453,80,1,12
BRDA:453,80,2,6
BRDA:458,81,0,1
BRDA:458,81,1,4
BRDA:462,82,0,0
BRDA:462,82,1,3
BRDA:469,83,0,1
BRDA:469,83,1,2
BRDA:473,84,0,1
BRDA:473,84,1,2
BRDA:474,85,0,1
BRDA:474,85,1,2
BRDA:476,86,0,1
BRDA:476,86,1,2
BRDA:492,87,0,1
BRDA:492,87,1,3
BRDA:493,88,0,1
BRDA:493,88,1,3
BRDA:494,89,0,0
BRDA:494,89,1,4
BRDA:501,90,0,2
BRDA:501,90,1,2
BRDA:507,91,0,1
BRDA:507,91,1,1
BRDA:522,92,0,0
BRDA:522,92,1,2
BRDA:523,93,0,0
BRDA:523,93,1,2
BRF:198
BRH:129
end_of_record
TN:
SF:src\components\ScheduleSection.tsx
FN:23,(anonymous_0)
FN:32,(anonymous_1)
FN:34,(anonymous_2)
FN:78,(anonymous_3)
FN:135,(anonymous_4)
FN:231,(anonymous_5)
FNF:6
FNH:6
FNDA:32,(anonymous_0)
FNDA:16,(anonymous_1)
FNDA:2,(anonymous_2)
FNDA:16,(anonymous_3)
FNDA:16,(anonymous_4)
FNDA:4,(anonymous_5)
DA:23,3
DA:32,32
DA:33,16
DA:34,2
DA:78,32
DA:79,16
DA:135,32
DA:140,16
DA:151,32
DA:152,10
DA:171,22
DA:172,19
DA:216,3
DA:232,4
LF:14
LH:14
BRDA:45,0,0,16
BRDA:45,0,1,0
BRDA:45,1,0,16
BRDA:45,1,1,1
BRDA:73,2,0,16
BRDA:73,2,1,1
BRDA:78,3,0,0
BRDA:83,4,0,0
BRDA:83,4,1,16
BRDA:92,5,0,0
BRDA:92,5,1,16
BRDA:95,6,0,12
BRDA:95,6,1,4
BRDA:121,7,0,16
BRDA:121,7,1,5
BRDA:125,8,0,0
BRDA:125,8,1,5
BRDA:137,9,0,0
BRDA:138,10,0,12
BRDA:143,11,0,16
BRDA:143,11,1,1
BRDA:151,12,0,10
BRDA:151,12,1,22
BRDA:158,13,0,0
BRDA:158,13,1,10
BRDA:171,14,0,19
BRDA:171,14,1,3
BRDA:178,15,0,0
BRDA:178,15,1,19
BRDA:190,16,0,0
BRDA:190,16,1,19
BRDA:195,17,0,19
BRDA:195,17,1,12
BRDA:201,18,0,0
BRDA:201,18,1,12
BRDA:222,19,0,0
BRDA:222,19,1,3
BRF:37
BRH:26
end_of_record
TN:
SF:src\components\ScheduleView.tsx
FN:38,(anonymous_0)
FN:41,(anonymous_1)
FN:49,(anonymous_2)
FN:50,(anonymous_3)
FN:62,(anonymous_4)
FN:76,(anonymous_5)
FN:88,(anonymous_6)
FN:94,(anonymous_7)
FN:115,(anonymous_8)
FN:158,(anonymous_9)
FN:173,(anonymous_10)
FN:180,(anonymous_11)
FN:185,(anonymous_12)
FN:222,(anonymous_13)
FN:223,(anonymous_14)
FN:270,(anonymous_15)
FN:277,(anonymous_16)
FN:320,(anonymous_17)
FN:321,(anonymous_18)
FN:342,(anonymous_19)
FNF:20
FNH:19
FNDA:3,(anonymous_0)
FNDA:3,(anonymous_1)
FNDA:6,(anonymous_2)
FNDA:6,(anonymous_3)
FNDA:0,(anonymous_4)
FNDA:2,(anonymous_5)
FNDA:2,(anonymous_6)
FNDA:2,(anonymous_7)
FNDA:1,(anonymous_8)
FNDA:2,(anonymous_9)
FNDA:2,(anonymous_10)
FNDA:2,(anonymous_11)
FNDA:1,(anonymous_12)
FNDA:2,(anonymous_13)
FNDA:2,(anonymous_14)
FNDA:2,(anonymous_15)
FNDA:2,(anonymous_16)
FNDA:4,(anonymous_17)
FNDA:2,(anonymous_18)
FNDA:2,(anonymous_19)
DA:38,1
DA:39,3
DA:40,3
DA:41,3
DA:44,3
DA:45,3
DA:48,3
DA:49,6
DA:50,6
DA:55,3
DA:57,3
DA:59,3
DA:60,0
DA:61,0
DA:62,0
DA:63,0
DA:64,0
DA:66,0
DA:71,3
DA:73,0
DA:76,1
DA:85,2
DA:86,2
DA:88,2
DA:89,2
DA:90,2
DA:94,2
DA:95,2
DA:96,2
DA:97,2
DA:98,2
DA:103,2
DA:104,0
DA:105,0
DA:106,0
DA:110,2
DA:113,2
DA:115,1
DA:158,1
DA:159,2
DA:160,2
DA:166,2
DA:167,2
DA:169,2
DA:170,2
DA:173,2
DA:174,2
DA:175,2
DA:180,2
DA:181,2
DA:184,2
DA:186,1
DA:188,1
DA:189,1
DA:190,1
DA:192,1
DA:195,1
DA:198,1
DA:200,1
DA:202,1
DA:204,1
DA:205,1
DA:208,1
DA:209,1
DA:210,1
DA:222,2
DA:223,2
DA:224,2
DA:225,2
DA:227,2
DA:228,2
DA:229,2
DA:230,2
DA:232,2
DA:233,2
DA:235,2
DA:237,2
DA:239,2
DA:245,2
DA:246,2
DA:247,0
DA:249,2
DA:255,2
DA:258,2
DA:263,2
DA:265,2
DA:268,2
DA:271,2
DA:272,2
DA:273,2
DA:274,2
DA:277,2
DA:283,2
DA:284,0
DA:291,2
DA:320,4
DA:323,2
DA:328,2
DA:343,2
LF:99
LH:87
BRDA:39,0,0,3
BRDA:39,0,1,0
BRDA:44,1,0,3
BRDA:44,1,1,0
BRDA:44,2,0,3
BRDA:44,2,1,3
BRDA:55,3,0,0
BRDA:55,3,1,3
BRDA:59,4,0,0
BRDA:59,4,1,3
BRDA:59,5,0,3
BRDA:59,5,1,3
BRDA:89,6,0,0
BRDA:89,6,1,2
BRDA:95,7,0,0
BRDA:95,7,1,2
BRDA:95,8,0,2
BRDA:95,8,1,2
BRDA:103,9,0,0
BRDA:103,9,1,2
BRDA:106,10,0,0
BRDA:106,10,1,0
BRDA:159,11,0,2
BRDA:159,11,1,0
BRDA:169,12,0,0
BRDA:169,12,1,2
BRDA:170,13,0,0
BRDA:170,13,1,2
BRDA:174,14,0,2
BRDA:174,14,1,0
BRDA:174,15,0,2
BRDA:174,15,1,2
BRDA:186,16,0,0
BRDA:186,16,1,1
BRDA:192,17,0,0
BRDA:192,17,1,1
BRDA:195,18,0,1
BRDA:195,18,1,0
BRDA:198,19,0,0
BRDA:198,19,1,1
BRDA:202,20,0,1
BRDA:202,20,1,0
BRDA:204,21,0,1
BRDA:204,21,1,0
BRDA:224,22,0,2
BRDA:224,22,1,0
BRDA:224,22,2,0
BRDA:225,23,0,2
BRDA:225,23,1,2
BRDA:225,23,2,2
BRDA:246,24,0,2
BRDA:246,24,1,0
BRDA:247,25,0,0
BRDA:247,25,1,0
BRDA:255,26,0,2
BRDA:255,26,1,0
BRDA:258,27,0,0
BRDA:258,27,1,2
BRDA:263,28,0,0
BRDA:263,28,1,2
BRDA:263,29,0,2
BRDA:263,29,1,2
BRDA:271,30,0,2
BRDA:271,30,1,0
BRDA:272,31,0,2
BRDA:272,31,1,0
BRDA:283,32,0,0
BRDA:283,32,1,2
BRDA:295,33,0,0
BRDA:295,33,1,2
BRDA:298,34,0,0
BRDA:298,34,1,2
BRDA:311,35,0,0
BRDA:311,35,1,0
BRDA:323,36,0,2
BRDA:323,36,1,0
BRDA:325,37,0,0
BRDA:325,37,1,0
BRDA:370,38,0,0
BRDA:370,38,1,2
BRDA:378,39,0,2
BRDA:378,39,1,2
BRDA:387,40,0,2
BRDA:387,40,1,2
BRDA:413,41,0,2
BRDA:413,41,1,2
BRDA:440,42,0,2
BRDA:440,42,1,0
BRDA:444,43,0,0
BRDA:444,43,1,0
BRF:90
BRH:49
end_of_record
TN:
SF:src\components\SegmentedToggle.tsx
FN:10,SegmentedToggle
FN:40,(anonymous_1)
FNF:2
FNH:2
FNDA:21,SegmentedToggle
FNDA:8,(anonymous_1)
DA:17,21
DA:18,21
DA:19,21
DA:20,21
DA:21,21
DA:41,8
LF:6
LH:6
BRDA:17,0,0,21
BRDA:17,0,1,0
BRDA:20,1,0,0
BRDA:20,1,1,21
BRDA:23,2,0,21
BRDA:23,2,1,14
BRDA:23,2,2,7
BRDA:23,2,3,7
BRDA:39,3,0,9
BRDA:39,3,1,5
BRDA:42,4,0,3
BRDA:42,4,1,5
BRDA:51,5,0,14
BRDA:51,5,1,0
BRDA:54,6,0,14
BRDA:54,6,1,0
BRDA:64,7,0,0
BRDA:64,7,1,7
BRDA:87,8,0,0
BRDA:87,8,1,7
BRDA:88,9,0,0
BRDA:88,9,1,7
BRF:22
BRH:15
end_of_record
TN:
SF:src\components\StatusGradient.tsx
FN:6,(anonymous_0)
FNF:1
FNH:1
FNDA:1,(anonymous_0)
DA:6,1
DA:7,1
DA:8,1
LF:3
LH:3
BRDA:7,0,0,1
BRDA:7,0,1,0
BRDA:10,1,0,0
BRDA:10,1,1,1
BRDA:11,2,0,0
BRDA:11,2,1,1
BRF:6
BRH:3
end_of_record
TN:
SF:src\components\TimeSelectorModal.tsx
FN:24,(anonymous_0)
FN:31,(anonymous_1)
FN:51,(anonymous_2)
FN:56,(anonymous_3)
FN:61,(anonymous_4)
FN:73,(anonymous_5)
FN:73,(anonymous_6)
FN:77,(anonymous_7)
FN:83,(anonymous_8)
FN:99,(anonymous_9)
FN:110,(anonymous_10)
FN:121,(anonymous_11)
FN:132,(anonymous_12)
FN:144,(anonymous_13)
FN:172,TimeSelectorModal
FN:195,(anonymous_15)
FN:205,(anonymous_16)
FN:214,(anonymous_17)
FN:245,(anonymous_18)
FN:258,(anonymous_19)
FNF:20
FNH:18
FNDA:966,(anonymous_0)
FNDA:32,(anonymous_1)
FNDA:48,(anonymous_2)
FNDA:24,(anonymous_3)
FNDA:45,(anonymous_4)
FNDA:18,(anonymous_5)
FNDA:42,(anonymous_6)
FNDA:672,(anonymous_7)
FNDA:2,(anonymous_8)
FNDA:2,(anonymous_9)
FNDA:177,(anonymous_10)
FNDA:645,(anonymous_11)
FNDA:450,(anonymous_12)
FNDA:0,(anonymous_13)
FNDA:32,TimeSelectorModal
FNDA:10,(anonymous_15)
FNDA:3,(anonymous_16)
FNDA:1,(anonymous_17)
FNDA:0,(anonymous_18)
FNDA:1,(anonymous_19)
DA:22,2
DA:24,2
DA:25,966
DA:26,966
DA:27,966
DA:28,966
DA:31,2
DA:32,32
DA:33,32
DA:34,960
DA:35,960
DA:36,960
DA:48,32
DA:51,48
DA:56,24
DA:61,2
DA:70,45
DA:71,45
DA:72,45
DA:73,42
DA:77,672
DA:78,45
DA:80,45
DA:81,45
DA:83,45
DA:84,2
DA:85,2
DA:86,2
DA:88,2
DA:89,2
DA:90,2
DA:93,2
DA:94,2
DA:95,2
DA:97,2
DA:98,2
DA:99,2
DA:100,2
DA:110,177
DA:116,45
DA:121,645
DA:134,450
DA:139,450
DA:145,0
DA:149,0
DA:150,0
DA:179,32
DA:180,32
DA:182,32
DA:183,32
DA:188,32
DA:189,32
DA:193,32
DA:195,32
DA:196,10
DA:197,6
DA:198,6
DA:199,6
DA:200,6
DA:201,6
DA:205,32
DA:206,3
DA:207,3
DA:208,3
DA:209,3
DA:211,3
DA:214,32
DA:215,1
DA:218,32
DA:245,0
DA:258,1
DA:331,2
LF:72
LH:68
BRDA:39,0,0,32
BRDA:39,0,1,928
BRDA:67,1,0,0
BRDA:71,2,0,30
BRDA:71,2,1,15
BRDA:80,3,0,30
BRDA:80,3,1,15
BRDA:89,4,0,2
BRDA:89,4,1,0
BRDA:89,5,0,2
BRDA:89,5,1,2
BRDA:93,6,0,2
BRDA:93,6,1,0
BRDA:97,7,0,2
BRDA:97,7,1,0
BRDA:97,8,0,2
BRDA:97,8,1,0
BRDA:134,9,0,30
BRDA:134,9,1,420
BRDA:136,10,0,0
BRDA:136,10,1,420
BRDA:149,11,0,0
BRDA:149,11,1,0
BRDA:179,12,0,32
BRDA:179,12,1,0
BRDA:182,13,0,32
BRDA:182,13,1,16
BRDA:196,14,0,6
BRDA:196,14,1,4
BRDA:198,15,0,6
BRDA:198,15,1,0
BRDA:230,16,0,0
BRDA:230,16,1,32
BRDA:233,17,0,32
BRDA:233,17,1,32
BRDA:236,18,0,0
BRDA:236,18,1,32
BRDA:244,19,0,32
BRDA:244,19,1,31
BRDA:250,20,0,32
BRDA:250,20,1,31
BRDA:257,21,0,32
BRDA:257,21,1,1
BRDA:263,22,0,32
BRDA:263,22,1,1
BRDA:272,23,0,15
BRDA:272,23,1,17
BRDA:276,24,0,0
BRDA:276,24,1,32
BRDA:313,25,0,0
BRDA:313,25,1,32
BRF:51
BRH:37
end_of_record
TN:
SF:src\components\UpcomingClassBanner.tsx
FN:33,(anonymous_0)
FN:40,(anonymous_1)
FN:57,(anonymous_2)
FN:61,(anonymous_3)
FN:64,(anonymous_4)
FN:75,(anonymous_5)
FN:80,(anonymous_6)
FN:83,(anonymous_7)
FN:92,(anonymous_8)
FN:96,(anonymous_9)
FN:102,(anonymous_10)
FN:105,(anonymous_11)
FN:114,(anonymous_12)
FN:122,(anonymous_13)
FN:131,(anonymous_14)
FN:133,(anonymous_15)
FN:139,(anonymous_16)
FN:161,(anonymous_17)
FN:165,(anonymous_18)
FN:231,(anonymous_19)
FNF:20
FNH:17
FNDA:70,(anonymous_0)
FNDA:48,(anonymous_1)
FNDA:20,(anonymous_2)
FNDA:20,(anonymous_3)
FNDA:20,(anonymous_4)
FNDA:20,(anonymous_5)
FNDA:20,(anonymous_6)
FNDA:20,(anonymous_7)
FNDA:0,(anonymous_8)
FNDA:20,(anonymous_9)
FNDA:48,(anonymous_10)
FNDA:62,(anonymous_11)
FNDA:12,(anonymous_12)
FNDA:28,(anonymous_13)
FNDA:0,(anonymous_14)
FNDA:0,(anonymous_15)
FNDA:2,(anonymous_16)
FNDA:28,(anonymous_17)
FNDA:8,(anonymous_18)
FNDA:2,(anonymous_19)
DA:29,1
DA:30,1
DA:31,1
DA:33,1
DA:34,70
DA:40,1
DA:43,48
DA:44,48
DA:45,48
DA:46,48
DA:47,48
DA:48,48
DA:51,48
DA:52,48
DA:54,48
DA:55,48
DA:57,48
DA:58,20
DA:61,48
DA:62,20
DA:64,20
DA:65,20
DA:66,20
DA:67,20
DA:68,20
DA:69,20
DA:73,20
DA:75,20
DA:76,20
DA:80,48
DA:81,20
DA:83,20
DA:84,20
DA:85,20
DA:86,20
DA:90,20
DA:92,20
DA:93,0
DA:96,20
DA:97,20
DA:98,20
DA:102,48
DA:103,48
DA:104,48
DA:106,62
DA:107,62
DA:108,62
DA:115,12
DA:116,12
DA:117,12
DA:122,48
DA:123,28
DA:124,21
DA:125,21
DA:129,48
DA:132,0
DA:134,0
DA:135,0
DA:136,0
DA:140,2
DA:141,1
DA:144,1
DA:160,48
DA:161,48
DA:162,28
DA:165,48
DA:166,8
DA:167,8
DA:168,8
DA:169,8
DA:170,8
DA:174,8
DA:175,8
DA:176,8
DA:178,8
DA:192,48
DA:194,21
DA:197,21
DA:200,21
DA:202,21
DA:203,21
DA:205,20
DA:206,20
DA:208,20
DA:214,20
DA:215,20
DA:216,20
DA:218,20
DA:221,20
DA:227,20
DA:231,20
DA:232,2
DA:233,0
DA:234,0
DA:237,2
DA:239,2
DA:240,2
DA:243,2
DA:244,2
DA:245,2
DA:246,2
DA:249,20
LF:102
LH:95
BRDA:34,0,0,70
BRDA:34,0,1,0
BRDA:66,1,0,20
BRDA:66,1,1,0
BRDA:85,2,0,20
BRDA:85,2,1,0
BRDA:104,3,0,48
BRDA:104,3,1,10
BRDA:106,4,0,62
BRDA:106,4,1,0
BRDA:107,5,0,62
BRDA:107,5,1,0
BRDA:109,6,0,62
BRDA:109,6,1,62
BRDA:109,6,2,60
BRDA:115,7,0,12
BRDA:115,7,1,0
BRDA:115,7,2,0
BRDA:116,8,0,12
BRDA:116,8,1,0
BRDA:116,8,2,0
BRDA:123,9,0,21
BRDA:123,9,1,7
BRDA:134,10,0,0
BRDA:134,10,1,0
BRDA:140,11,0,1
BRDA:140,11,1,1
BRDA:162,12,0,28
BRDA:162,12,1,7
BRDA:166,13,0,8
BRDA:166,13,1,0
BRDA:168,14,0,8
BRDA:168,14,1,0
BRDA:168,14,2,0
BRDA:170,15,0,0
BRDA:170,15,1,8
BRDA:192,16,0,27
BRDA:192,16,1,21
BRDA:192,17,0,48
BRDA:192,17,1,28
BRDA:195,18,0,21
BRDA:195,18,1,0
BRDA:195,18,2,0
BRDA:200,19,0,0
BRDA:200,19,1,21
BRDA:203,20,0,1
BRDA:203,20,1,20
BRDA:203,21,0,21
BRDA:203,21,1,20
BRDA:205,22,0,20
BRDA:205,22,1,0
BRDA:205,22,2,0
BRDA:214,23,0,20
BRDA:214,23,1,0
BRDA:215,24,0,20
BRDA:215,24,1,0
BRDA:216,25,0,20
BRDA:216,25,1,0
BRDA:218,26,0,20
BRDA:218,26,1,0
BRDA:219,27,0,20
BRDA:219,27,1,1
BRDA:219,27,2,1
BRDA:221,28,0,20
BRDA:221,28,1,0
BRDA:222,29,0,20
BRDA:222,29,1,1
BRDA:222,29,2,1
BRDA:227,30,0,19
BRDA:227,30,1,1
BRDA:227,31,0,20
BRDA:227,31,1,19
BRDA:229,32,0,1
BRDA:229,32,1,0
BRDA:232,33,0,0
BRDA:232,33,1,2
BRDA:232,34,0,2
BRDA:232,34,1,2
BRDA:237,35,0,2
BRDA:237,35,1,0
BRDA:239,36,0,2
BRDA:239,36,1,0
BRDA:288,37,0,20
BRDA:288,37,1,0
BRF:84
BRH:54
end_of_record
TN:
SF:src\components\UserProfileContent.tsx
FN:28,(anonymous_0)
FN:52,(anonymous_1)
FN:58,(anonymous_2)
FN:61,(anonymous_3)
FN:74,(anonymous_4)
FN:79,(anonymous_5)
FN:87,(anonymous_6)
FN:95,(anonymous_7)
FN:154,(anonymous_8)
FN:176,(anonymous_9)
FN:223,(anonymous_10)
FN:288,(anonymous_11)
FN:298,(anonymous_12)
FN:308,(anonymous_13)
FNF:14
FNH:8
FNDA:14,(anonymous_0)
FNDA:8,(anonymous_1)
FNDA:3,(anonymous_2)
FNDA:3,(anonymous_3)
FNDA:3,(anonymous_4)
FNDA:2,(anonymous_5)
FNDA:0,(anonymous_6)
FNDA:0,(anonymous_7)
FNDA:56,(anonymous_8)
FNDA:0,(anonymous_9)
FNDA:0,(anonymous_10)
FNDA:2,(anonymous_11)
FNDA:0,(anonymous_12)
FNDA:0,(anonymous_13)
DA:26,3
DA:28,3
DA:29,14
DA:52,3
DA:53,8
DA:54,8
DA:55,8
DA:56,8
DA:58,8
DA:59,3
DA:61,3
DA:62,3
DA:63,3
DA:64,3
DA:65,3
DA:66,0
DA:68,3
DA:72,3
DA:74,3
DA:75,3
DA:79,8
DA:80,2
DA:81,1
DA:83,1
DA:87,8
DA:88,0
DA:89,0
DA:91,0
DA:95,8
DA:96,0
DA:97,0
DA:100,0
DA:101,0
DA:102,0
DA:106,8
DA:108,8
DA:113,8
DA:155,56
DA:156,56
DA:158,56
DA:176,0
DA:224,0
DA:289,2
DA:298,0
DA:308,0
DA:323,3
LF:46
LH:33
BRDA:33,0,0,0
BRDA:33,0,1,14
BRDA:43,1,0,0
BRDA:43,1,1,14
BRDA:53,2,0,0
BRDA:53,2,1,8
BRDA:63,3,0,3
BRDA:63,3,1,0
BRDA:65,4,0,0
BRDA:65,4,1,3
BRDA:80,5,0,1
BRDA:80,5,1,1
BRDA:88,6,0,0
BRDA:88,6,1,0
BRDA:100,7,0,0
BRDA:100,7,1,0
BRDA:108,8,0,8
BRDA:108,8,1,0
BRDA:108,8,2,0
BRDA:108,8,3,0
BRDA:119,9,0,8
BRDA:119,9,1,0
BRDA:125,10,0,8
BRDA:125,10,1,8
BRDA:140,11,0,0
BRDA:140,11,1,8
BRDA:151,12,0,8
BRDA:151,12,1,0
BRDA:156,13,0,8
BRDA:156,13,1,48
BRDA:163,14,0,8
BRDA:163,14,1,48
BRDA:167,15,0,0
BRDA:167,15,1,48
BRDA:171,16,0,0
BRDA:171,16,1,48
BRDA:182,17,0,8
BRDA:182,17,1,48
BRDA:200,18,0,0
BRDA:200,18,1,8
BRDA:206,19,0,0
BRDA:206,19,1,8
BRDA:210,20,0,0
BRDA:210,20,1,8
BRDA:220,21,0,0
BRDA:220,21,1,8
BRDA:235,22,0,0
BRDA:235,22,1,8
BRDA:263,23,0,8
BRDA:263,23,1,0
BRDA:289,24,0,2
BRDA:289,24,1,0
BRDA:297,25,0,8
BRDA:297,25,1,0
BRDA:325,26,0,3
BRDA:325,26,1,0
BRF:56
BRH:30
end_of_record
TN:
SF:src\components\UserProfileHeader.tsx
FN:11,(anonymous_0)
FNF:1
FNH:1
FNDA:5,(anonymous_0)
DA:11,3
DA:16,5
DA:18,5
DA:43,3
LF:4
LH:4
BRDA:16,0,0,1
BRDA:16,0,1,4
BRDA:25,1,0,3
BRDA:25,1,1,2
BRDA:30,2,0,2
BRDA:30,2,1,1
BRDA:35,3,0,5
BRDA:35,3,1,1
BRF:8
BRH:8
end_of_record
TN:
SF:src\components\UserProfilePopup.tsx
FN:22,(anonymous_0)
FNF:1
FNH:1
FNDA:13,(anonymous_0)
DA:22,2
DA:28,13
DA:29,13
DA:31,13
DA:81,2
LF:5
LH:5
BRDA:28,0,0,13
BRDA:28,0,1,0
BRDA:45,1,0,0
BRDA:45,1,1,13
BRDA:48,2,0,13
BRDA:48,2,1,13
BRF:6
BRH:4
end_of_record
TN:
SF:src\components\campusLabels.tsx
FN:14,(anonymous_0)
FN:24,(anonymous_1)
FN:28,(anonymous_2)
FN:29,(anonymous_3)
FN:36,(anonymous_4)
FN:48,(anonymous_5)
FN:77,(anonymous_6)
FNF:7
FNH:4
FNDA:2,(anonymous_0)
FNDA:2,(anonymous_1)
FNDA:0,(anonymous_2)
FNDA:2,(anonymous_3)
FNDA:17,(anonymous_4)
FNDA:0,(anonymous_5)
FNDA:0,(anonymous_6)
DA:14,2
DA:20,2
DA:21,2
DA:22,2
DA:24,2
DA:25,2
DA:27,2
DA:28,2
DA:29,2
DA:32,2
DA:34,2
DA:37,17
DA:38,17
DA:39,17
DA:41,17
DA:49,0
DA:50,0
DA:78,0
DA:79,0
DA:82,0
DA:84,0
DA:86,0
DA:87,0
DA:89,0
LF:24
LH:15
BRDA:25,0,0,0
BRDA:25,0,1,2
BRDA:32,1,0,0
BRDA:32,1,1,2
BRDA:38,2,0,0
BRDA:38,2,1,17
BRDA:39,3,0,0
BRDA:39,3,1,17
BRDA:39,4,0,17
BRDA:39,4,1,0
BRDA:82,5,0,0
BRDA:82,5,1,0
BRDA:84,6,0,0
BRDA:84,6,1,0
BRDA:84,7,0,0
BRDA:84,7,1,0
BRDA:89,8,0,0
BRDA:89,8,1,0
BRF:18
BRH:5
end_of_record
TN:
SF:src\components\polygons.tsx
FN:16,(anonymous_0)
FN:23,(anonymous_1)
FNF:2
FNH:2
FNDA:8,(anonymous_0)
FNDA:68,(anonymous_1)
DA:16,2
DA:21,8
DA:24,68
DA:26,68
DA:28,68
DA:31,68
LF:6
LH:6
BRDA:24,0,0,0
BRDA:24,0,1,68
BRDA:28,1,0,68
BRDA:28,1,1,0
BRDA:40,2,0,68
BRDA:40,2,1,0
BRF:6
BRH:3
end_of_record
TN:
SF:src\components\indoor\DestinationMarker.tsx
FN:10,(anonymous_0)
FNF:1
FNH:1
FNDA:3,(anonymous_0)
DA:10,3
DA:11,3
LF:2
LH:2
BRF:0
BRH:0
end_of_record
TN:
SF:src\components\indoor\IndoorDirectionsPopup.tsx
FN:41,(anonymous_0)
FN:62,(anonymous_1)
FN:63,(anonymous_2)
FN:64,(anonymous_3)
FN:67,(anonymous_4)
FN:71,(anonymous_5)
FN:80,(anonymous_6)
FN:84,(anonymous_7)
FN:167,(anonymous_8)
FN:249,(anonymous_9)
FN:256,(anonymous_10)
FN:332,(anonymous_11)
FN:343,(anonymous_12)
FNF:13
FNH:7
FNDA:14,(anonymous_0)
FNDA:6,(anonymous_1)
FNDA:0,(anonymous_2)
FNDA:0,(anonymous_3)
FNDA:10,(anonymous_4)
FNDA:0,(anonymous_5)
FNDA:6,(anonymous_6)
FNDA:0,(anonymous_7)
FNDA:1,(anonymous_8)
FNDA:18,(anonymous_9)
FNDA:0,(anonymous_10)
FNDA:0,(anonymous_11)
FNDA:2,(anonymous_12)
DA:40,3
DA:42,14
DA:43,14
DA:44,14
DA:58,14
DA:62,14
DA:63,0
DA:64,0
DA:67,14
DA:68,10
DA:70,6
DA:71,6
DA:72,0
DA:74,0
DA:80,6
DA:83,14
DA:85,0
DA:90,14
DA:92,6
DA:93,6
DA:94,6
DA:96,6
DA:167,1
DA:250,18
DA:251,18
DA:253,18
DA:257,0
DA:333,0
DA:334,0
DA:344,2
DA:345,1
DA:347,1
DA:348,1
DA:364,3
DA:379,3
LF:35
LH:27
BRDA:42,0,0,14
BRDA:42,0,1,0
BRDA:68,1,0,4
BRDA:68,1,1,6
BRDA:68,2,0,10
BRDA:68,2,1,6
BRDA:72,3,0,0
BRDA:72,3,1,0
BRDA:90,4,0,8
BRDA:90,4,1,6
BRDA:90,5,0,14
BRDA:90,5,1,7
BRDA:94,6,0,6
BRDA:94,6,1,2
BRDA:134,7,0,0
BRDA:134,7,1,6
BRDA:141,8,0,0
BRDA:141,8,1,6
BRDA:152,9,0,0
BRDA:152,9,1,6
BRDA:173,10,0,0
BRDA:173,10,1,6
BRDA:181,11,0,6
BRDA:181,11,1,0
BRDA:186,12,0,0
BRDA:186,12,1,6
BRDA:193,13,0,0
BRDA:193,13,1,0
BRDA:226,14,0,0
BRDA:226,14,1,6
BRDA:262,15,0,6
BRDA:262,15,1,12
BRDA:263,16,0,6
BRDA:263,16,1,12
BRDA:264,17,0,6
BRDA:264,17,1,12
BRDA:264,18,0,0
BRDA:264,18,1,6
BRDA:265,19,0,6
BRDA:265,19,1,12
BRDA:267,20,0,6
BRDA:267,20,1,12
BRDA:272,21,0,6
BRDA:272,21,1,12
BRDA:273,22,0,6
BRDA:273,22,1,12
BRDA:274,23,0,6
BRDA:274,23,1,12
BRDA:275,24,0,10
BRDA:275,24,1,8
BRDA:275,25,0,18
BRDA:275,25,1,12
BRDA:275,26,0,0
BRDA:275,26,1,8
BRDA:283,27,0,6
BRDA:283,27,1,12
BRDA:285,28,0,10
BRDA:285,28,1,8
BRDA:285,29,0,18
BRDA:285,29,1,12
BRDA:285,30,0,0
BRDA:285,30,1,8
BRDA:295,31,0,6
BRDA:295,31,1,12
BRDA:296,32,0,6
BRDA:296,32,1,12
BRDA:297,33,0,10
BRDA:297,33,1,8
BRDA:297,34,0,18
BRDA:297,34,1,12
BRDA:297,35,0,0
BRDA:297,35,1,8
BRDA:313,36,0,6
BRDA:313,36,1,0
BRDA:316,37,0,0
BRDA:316,37,1,6
BRDA:328,38,0,0
BRDA:328,38,1,6
BRDA:337,39,0,4
BRDA:337,39,1,2
BRDA:339,40,0,4
BRDA:339,40,1,2
BRDA:339,41,0,0
BRDA:339,41,1,4
BRDA:344,42,0,1
BRDA:344,42,1,1
BRDA:344,43,0,2
BRDA:344,43,1,1
BRDA:352,44,0,1
BRDA:352,44,1,5
BRDA:354,45,0,1
BRDA:354,45,1,5
BRDA:354,46,0,0
BRDA:354,46,1,1
BRDA:355,47,0,2
BRDA:355,47,1,4
BRDA:355,48,0,2
BRDA:355,48,1,1
BRF:98
BRH:77
end_of_record
TN:
SF:src\components\indoor\IndoorMap.tsx
FN:13,(anonymous_0)
FNF:1
FNH:1
FNDA:4,(anonymous_0)
DA:13,2
DA:15,4
DA:16,2
DA:17,2
DA:18,1
DA:19,1
DA:25,1
DA:30,3
DA:31,1
DA:38,2
DA:46,2
LF:11
LH:11
BRDA:15,0,0,2
BRDA:15,0,1,2
BRDA:15,1,0,4
BRDA:15,1,1,2
BRDA:16,2,0,2
BRDA:16,2,1,1
BRDA:16,2,2,0
BRDA:17,3,0,1
BRDA:17,3,1,1
BRDA:30,4,0,1
BRDA:30,4,1,2
BRDA:30,5,0,3
BRDA:30,5,1,1
BRF:13
BRH:12
end_of_record
TN:
SF:src\components\indoor\IndoorMapHeader.tsx
FN:20,(anonymous_0)
FN:26,(anonymous_1)
FN:41,(anonymous_2)
FN:46,(anonymous_3)
FNF:4
FNH:3
FNDA:3,(anonymous_0)
FNDA:0,(anonymous_1)
FNDA:6,(anonymous_2)
FNDA:1,(anonymous_3)
DA:19,2
DA:21,3
DA:26,0
DA:42,6
DA:43,6
DA:46,1
DA:63,2
DA:66,2
LF:8
LH:7
BRDA:26,0,0,0
BRDA:26,0,1,0
BRDA:47,1,0,3
BRDA:47,1,1,3
BRDA:52,2,0,3
BRDA:52,2,1,3
BRF:6
BRH:4
end_of_record
TN:
SF:src\components\indoor\IndoorMapOverlay.tsx
FN:51,(anonymous_0)
FN:65,useMapLayout
FN:71,(anonymous_2)
FN:76,(anonymous_3)
FN:80,(anonymous_4)
FN:81,(anonymous_5)
FN:96,useIndoorSearch
FN:104,(anonymous_7)
FN:108,(anonymous_8)
FN:118,(anonymous_9)
FN:130,(anonymous_10)
FN:137,(anonymous_11)
FN:143,(anonymous_12)
FN:145,(anonymous_13)
FN:146,(anonymous_14)
FN:166,(anonymous_15)
FN:177,(anonymous_16)
FN:183,(anonymous_17)
FN:190,(anonymous_18)
FN:200,(anonymous_19)
FN:211,(anonymous_20)
FN:220,useHotspots
FN:221,(anonymous_22)
FN:224,(anonymous_23)
FN:225,(anonymous_24)
FN:227,(anonymous_25)
FN:228,(anonymous_26)
FN:251,useLocationSync
FN:265,(anonymous_28)
FN:281,(anonymous_29)
FN:303,(anonymous_30)
FN:311,(anonymous_31)
FN:330,(anonymous_32)
FN:354,(anonymous_33)
FN:358,(anonymous_34)
FN:381,(anonymous_35)
FN:407,(anonymous_36)
FN:415,(anonymous_37)
FN:425,(anonymous_38)
FN:431,(anonymous_39)
FN:449,(anonymous_40)
FN:449,(anonymous_41)
FN:451,(anonymous_42)
FN:452,(anonymous_43)
FN:452,(anonymous_44)
FN:454,(anonymous_45)
FN:454,(anonymous_46)
FN:458,(anonymous_47)
FN:466,(anonymous_48)
FN:470,(anonymous_49)
FN:475,(anonymous_50)
FN:476,(anonymous_51)
FN:482,(anonymous_52)
FN:492,(anonymous_53)
FN:498,(anonymous_54)
FN:534,(anonymous_55)
FN:537,(anonymous_56)
FN:542,(anonymous_57)
FN:550,(anonymous_58)
FN:560,(anonymous_59)
FN:569,(anonymous_60)
FN:580,(anonymous_61)
FN:653,(anonymous_62)
FN:661,(anonymous_63)
FN:671,(anonymous_64)
FN:688,(anonymous_65)
FN:724,(anonymous_66)
FN:767,(anonymous_67)
FN:776,(anonymous_68)
FN:811,(anonymous_69)
FN:812,(anonymous_70)
FN:820,(anonymous_71)
FN:849,(anonymous_72)
FN:853,(anonymous_73)
FN:865,(anonymous_74)
FN:871,(anonymous_75)
FN:879,(anonymous_76)
FN:908,(anonymous_77)
FN:946,(anonymous_78)
FN:950,(anonymous_79)
FN:951,(anonymous_80)
FN:965,(anonymous_81)
FN:1004,(anonymous_82)
FN:1009,(anonymous_83)
FN:1024,(anonymous_84)
FN:1024,(anonymous_85)
FN:1025,(anonymous_86)
FN:1025,(anonymous_87)
FN:1026,(anonymous_88)
FN:1046,(anonymous_89)
FNF:90
FNH:58
FNDA:7,(anonymous_0)
FNDA:23,useMapLayout
FNDA:7,(anonymous_2)
FNDA:6,(anonymous_3)
FNDA:6,(anonymous_4)
FNDA:6,(anonymous_5)
FNDA:23,useIndoorSearch
FNDA:7,(anonymous_7)
FNDA:1,(anonymous_8)
FNDA:0,(anonymous_9)
FNDA:1,(anonymous_10)
FNDA:17,(anonymous_11)
FNDA:1,(anonymous_12)
FNDA:0,(anonymous_13)
FNDA:0,(anonymous_14)
FNDA:6,(anonymous_15)
FNDA:1,(anonymous_16)
FNDA:0,(anonymous_17)
FNDA:0,(anonymous_18)
FNDA:2,(anonymous_19)
FNDA:1,(anonymous_20)
FNDA:23,useHotspots
FNDA:6,(anonymous_22)
FNDA:4,(anonymous_23)
FNDA:3,(anonymous_24)
FNDA:8,(anonymous_25)
FNDA:4,(anonymous_26)
FNDA:46,useLocationSync
FNDA:17,(anonymous_28)
FNDA:1,(anonymous_29)
FNDA:0,(anonymous_30)
FNDA:0,(anonymous_31)
FNDA:0,(anonymous_32)
FNDA:1,(anonymous_33)
FNDA:0,(anonymous_34)
FNDA:23,(anonymous_35)
FNDA:6,(anonymous_36)
FNDA:6,(anonymous_37)
FNDA:6,(anonymous_38)
FNDA:6,(anonymous_39)
FNDA:7,(anonymous_40)
FNDA:7,(anonymous_41)
FNDA:7,(anonymous_42)
FNDA:7,(anonymous_43)
FNDA:4,(anonymous_44)
FNDA:7,(anonymous_45)
FNDA:8,(anonymous_46)
FNDA:6,(anonymous_47)
FNDA:6,(anonymous_48)
FNDA:1,(anonymous_49)
FNDA:7,(anonymous_50)
FNDA:8,(anonymous_51)
FNDA:6,(anonymous_52)
FNDA:1,(anonymous_53)
FNDA:1,(anonymous_54)
FNDA:6,(anonymous_55)
FNDA:6,(anonymous_56)
FNDA:7,(anonymous_57)
FNDA:1,(anonymous_58)
FNDA:0,(anonymous_59)
FNDA:0,(anonymous_60)
FNDA:3,(anonymous_61)
FNDA:11,(anonymous_62)
FNDA:0,(anonymous_63)
FNDA:0,(anonymous_64)
FNDA:0,(anonymous_65)
FNDA:0,(anonymous_66)
FNDA:0,(anonymous_67)
FNDA:0,(anonymous_68)
FNDA:0,(anonymous_69)
FNDA:0,(anonymous_70)
FNDA:9,(anonymous_71)
FNDA:9,(anonymous_72)
FNDA:9,(anonymous_73)
FNDA:10,(anonymous_74)
FNDA:0,(anonymous_75)
FNDA:12,(anonymous_76)
FNDA:1,(anonymous_77)
FNDA:0,(anonymous_78)
FNDA:0,(anonymous_79)
FNDA:0,(anonymous_80)
FNDA:0,(anonymous_81)
FNDA:0,(anonymous_82)
FNDA:0,(anonymous_83)
FNDA:0,(anonymous_84)
FNDA:0,(anonymous_85)
FNDA:0,(anonymous_86)
FNDA:0,(anonymous_87)
FNDA:0,(anonymous_88)
FNDA:0,(anonymous_89)
DA:32,3
DA:33,3
DA:51,3
DA:52,7
DA:53,6
DA:54,6
DA:55,6
DA:57,6
DA:58,6
DA:59,6
DA:60,6
DA:61,6
DA:66,23
DA:67,23
DA:68,23
DA:70,23
DA:71,7
DA:75,23
DA:76,6
DA:80,23
DA:81,23
DA:83,23
DA:104,23
DA:105,7
DA:106,7
DA:108,1
DA:118,1
DA:129,1
DA:130,1
DA:134,1
DA:135,1
DA:137,1
DA:138,17
DA:139,0
DA:143,1
DA:144,1
DA:145,0
DA:146,0
DA:147,0
DA:148,0
DA:149,0
DA:150,0
DA:162,1
DA:166,3
DA:174,6
DA:175,6
DA:177,4
DA:179,4
DA:180,0
DA:181,0
DA:182,0
DA:184,0
DA:190,0
DA:195,4
DA:196,1
DA:197,1
DA:198,1
DA:201,2
DA:211,1
DA:216,3
DA:221,23
DA:222,6
DA:223,6
DA:224,4
DA:225,4
DA:226,4
DA:227,8
DA:228,4
DA:262,46
DA:263,46
DA:265,46
DA:266,17
DA:267,15
DA:268,15
DA:269,15
DA:273,2
DA:276,1
DA:278,1
DA:281,1
DA:282,1
DA:283,1
DA:284,1
DA:287,1
DA:288,1
DA:299,1
DA:300,0
DA:301,0
DA:302,0
DA:303,0
DA:304,0
DA:305,0
DA:306,0
DA:307,0
DA:310,0
DA:311,0
DA:312,0
DA:320,0
DA:327,1
DA:328,0
DA:329,0
DA:330,0
DA:331,0
DA:332,0
DA:333,0
DA:334,0
DA:342,0
DA:347,1
DA:348,1
DA:349,1
DA:351,1
DA:353,1
DA:354,1
DA:357,1
DA:358,0
DA:362,0
DA:378,46
DA:381,3
DA:395,23
DA:398,23
DA:399,23
DA:400,23
DA:401,23
DA:402,23
DA:403,23
DA:404,23
DA:407,23
DA:408,6
DA:409,6
DA:410,6
DA:411,6
DA:415,23
DA:416,6
DA:420,23
DA:421,23
DA:422,23
DA:425,23
DA:426,6
DA:427,0
DA:428,0
DA:431,23
DA:432,6
DA:433,1
DA:435,1
DA:436,1
DA:440,23
DA:441,23
DA:442,23
DA:444,23
DA:445,23
DA:446,23
DA:449,23
DA:450,23
DA:451,23
DA:452,23
DA:453,23
DA:454,8
DA:458,23
DA:460,23
DA:466,23
DA:467,6
DA:470,23
DA:471,1
DA:472,1
DA:475,23
DA:476,8
DA:477,7
DA:478,7
DA:482,23
DA:483,6
DA:484,6
DA:485,0
DA:487,6
DA:488,6
DA:491,23
DA:493,1
DA:494,1
DA:499,1
DA:500,1
DA:501,1
DA:508,23
DA:513,23
DA:521,23
DA:534,23
DA:535,6
DA:536,6
DA:537,6
DA:538,6
DA:542,23
DA:543,7
DA:544,7
DA:545,7
DA:549,23
DA:551,1
DA:552,1
DA:554,0
DA:558,0
DA:560,0
DA:561,0
DA:565,0
DA:568,0
DA:569,0
DA:570,0
DA:571,0
DA:574,0
DA:580,23
DA:581,3
DA:582,3
DA:583,3
DA:584,0
DA:585,0
DA:588,3
DA:589,3
DA:592,3
DA:593,0
DA:594,0
DA:595,0
DA:596,0
DA:598,0
DA:600,3
DA:601,0
DA:604,3
DA:605,3
DA:609,3
DA:610,3
DA:611,1
DA:613,2
DA:615,0
DA:616,0
DA:619,3
DA:620,0
DA:621,0
DA:625,3
DA:626,2
DA:627,2
DA:628,2
DA:629,2
DA:633,1
DA:634,1
DA:636,0
DA:637,0
DA:653,23
DA:654,11
DA:655,3
DA:657,8
DA:661,23
DA:662,0
DA:663,0
DA:665,0
DA:666,0
DA:667,0
DA:670,23
DA:672,0
DA:673,0
DA:674,0
DA:676,0
DA:677,0
DA:680,0
DA:681,0
DA:682,0
DA:687,23
DA:689,0
DA:691,0
DA:692,0
DA:701,0
DA:702,0
DA:703,0
DA:705,0
DA:706,0
DA:709,0
DA:710,0
DA:711,0
DA:712,0
DA:715,0
DA:716,0
DA:720,0
DA:724,0
DA:725,0
DA:726,0
DA:737,0
DA:738,0
DA:739,0
DA:766,23
DA:768,0
DA:770,0
DA:771,0
DA:773,0
DA:776,0
DA:777,0
DA:778,0
DA:789,0
DA:790,0
DA:791,0
DA:793,0
DA:795,0
DA:811,23
DA:812,0
DA:813,0
DA:814,0
DA:815,0
DA:816,0
DA:820,23
DA:821,9
DA:823,3
DA:824,3
DA:825,3
DA:827,0
DA:830,0
DA:831,0
DA:832,0
DA:833,0
DA:835,0
DA:836,0
DA:837,0
DA:840,0
DA:849,23
DA:850,9
DA:853,23
DA:854,9
DA:855,3
DA:856,3
DA:858,3
DA:860,3
DA:863,23
DA:865,23
DA:866,10
DA:867,6
DA:869,6
DA:870,0
DA:871,0
DA:872,0
DA:873,0
DA:879,23
DA:880,12
DA:881,3
DA:883,9
DA:886,23
DA:887,3
DA:894,20
DA:909,1
DA:910,1
DA:946,0
DA:950,0
DA:952,0
DA:953,0
DA:954,0
DA:955,0
DA:957,0
DA:965,0
DA:1005,0
DA:1006,0
DA:1007,0
DA:1010,0
DA:1024,0
DA:1025,0
DA:1027,0
DA:1046,0
LF:356
LH:215
BRDA:52,0,0,1
BRDA:52,0,1,6
BRDA:55,1,0,0
BRDA:55,1,1,6
BRDA:55,2,0,6
BRDA:55,2,1,6
BRDA:61,3,0,6
BRDA:61,3,1,0
BRDA:67,4,0,23
BRDA:67,4,1,23
BRDA:68,5,0,23
BRDA:68,5,1,23
BRDA:106,6,0,6
BRDA:106,6,1,1
BRDA:130,7,0,1
BRDA:130,7,1,1
BRDA:138,8,0,0
BRDA:138,8,1,17
BRDA:138,9,0,17
BRDA:138,9,1,16
BRDA:138,9,2,16
BRDA:144,10,0,1
BRDA:144,10,1,0
BRDA:147,11,0,0
BRDA:147,11,1,0
BRDA:148,12,0,0
BRDA:148,12,1,0
BRDA:149,13,0,0
BRDA:149,13,1,0
BRDA:149,14,0,0
BRDA:149,14,1,0
BRDA:175,15,0,2
BRDA:175,15,1,4
BRDA:177,16,0,1
BRDA:177,16,1,0
BRDA:179,17,0,0
BRDA:179,17,1,4
BRDA:179,18,0,4
BRDA:179,18,1,1
BRDA:179,18,2,0
BRDA:182,19,0,0
BRDA:182,19,1,0
BRDA:190,20,0,0
BRDA:190,20,1,0
BRDA:195,21,0,1
BRDA:195,21,1,3
BRDA:195,22,0,4
BRDA:195,22,1,1
BRDA:198,23,0,1
BRDA:198,23,1,0
BRDA:201,24,0,2
BRDA:201,24,1,1
BRDA:205,25,0,1
BRDA:205,25,1,1
BRDA:211,26,0,1
BRDA:211,26,1,0
BRDA:223,27,0,2
BRDA:223,27,1,4
BRDA:232,28,0,3
BRDA:232,28,1,1
BRDA:233,29,0,4
BRDA:233,29,1,0
BRDA:266,30,0,15
BRDA:266,30,1,2
BRDA:266,31,0,17
BRDA:266,31,1,2
BRDA:266,31,2,2
BRDA:273,32,0,1
BRDA:273,32,1,1
BRDA:273,33,0,2
BRDA:273,33,1,2
BRDA:276,34,0,0
BRDA:276,34,1,1
BRDA:283,35,0,1
BRDA:283,35,1,0
BRDA:284,36,0,1
BRDA:284,36,1,0
BRDA:284,36,2,0
BRDA:284,36,3,0
BRDA:287,37,0,1
BRDA:287,37,1,0
BRDA:299,38,0,0
BRDA:299,38,1,1
BRDA:301,39,0,0
BRDA:301,39,1,0
BRDA:304,40,0,0
BRDA:304,40,1,0
BRDA:306,41,0,0
BRDA:306,41,1,0
BRDA:307,42,0,0
BRDA:307,42,1,0
BRDA:307,42,2,0
BRDA:307,42,3,0
BRDA:310,43,0,0
BRDA:310,43,1,0
BRDA:316,44,0,0
BRDA:316,44,1,0
BRDA:317,45,0,0
BRDA:317,45,1,0
BRDA:327,46,0,0
BRDA:327,46,1,1
BRDA:330,47,0,0
BRDA:330,47,1,0
BRDA:331,48,0,0
BRDA:331,48,1,0
BRDA:332,49,0,0
BRDA:332,49,1,0
BRDA:333,50,0,0
BRDA:333,50,1,0
BRDA:347,51,0,1
BRDA:347,51,1,0
BRDA:351,52,0,1
BRDA:351,52,1,0
BRDA:351,53,0,1
BRDA:351,53,1,1
BRDA:351,53,2,1
BRDA:353,54,0,1
BRDA:353,54,1,0
BRDA:353,55,0,1
BRDA:353,55,1,1
BRDA:357,56,0,0
BRDA:357,56,1,1
BRDA:357,57,0,1
BRDA:357,57,1,1
BRDA:410,58,0,4
BRDA:410,58,1,2
BRDA:426,59,0,6
BRDA:426,59,1,0
BRDA:426,60,0,6
BRDA:426,60,1,0
BRDA:427,61,0,0
BRDA:427,61,1,0
BRDA:427,61,2,0
BRDA:428,62,0,0
BRDA:428,62,1,0
BRDA:432,63,0,5
BRDA:432,63,1,1
BRDA:433,64,0,0
BRDA:433,64,1,1
BRDA:435,65,0,1
BRDA:435,65,1,0
BRDA:435,65,2,0
BRDA:436,66,0,1
BRDA:436,66,1,0
BRDA:484,67,0,0
BRDA:484,67,1,6
BRDA:484,68,0,6
BRDA:484,68,1,0
BRDA:487,69,0,6
BRDA:487,69,1,0
BRDA:487,70,0,6
BRDA:487,70,1,2
BRDA:493,71,0,0
BRDA:493,71,1,1
BRDA:499,72,0,1
BRDA:499,72,1,0
BRDA:499,73,0,1
BRDA:499,73,1,1
BRDA:543,74,0,0
BRDA:543,74,1,7
BRDA:552,75,0,1
BRDA:552,75,1,0
BRDA:554,76,0,0
BRDA:554,76,1,0
BRDA:561,77,0,0
BRDA:561,77,1,0
BRDA:565,78,0,0
BRDA:565,78,1,0
BRDA:568,79,0,0
BRDA:568,79,1,0
BRDA:570,80,0,0
BRDA:570,80,1,0
BRDA:571,81,0,0
BRDA:571,81,1,0
BRDA:571,81,2,0
BRDA:574,82,0,0
BRDA:574,82,1,0
BRDA:583,83,0,0
BRDA:583,83,1,3
BRDA:592,84,0,0
BRDA:592,84,1,3
BRDA:593,85,0,0
BRDA:593,85,1,0
BRDA:595,86,0,0
BRDA:595,86,1,0
BRDA:596,87,0,0
BRDA:596,87,1,0
BRDA:598,88,0,0
BRDA:598,88,1,0
BRDA:600,89,0,0
BRDA:600,89,1,3
BRDA:600,90,0,3
BRDA:600,90,1,3
BRDA:600,90,2,0
BRDA:601,91,0,0
BRDA:601,91,1,0
BRDA:604,92,0,3
BRDA:604,92,1,0
BRDA:605,93,0,3
BRDA:605,93,1,1
BRDA:609,94,0,3
BRDA:609,94,1,0
BRDA:610,95,0,1
BRDA:610,95,1,2
BRDA:613,96,0,2
BRDA:613,96,1,0
BRDA:615,97,0,0
BRDA:615,97,1,0
BRDA:615,98,0,0
BRDA:615,98,1,0
BRDA:616,99,0,0
BRDA:616,99,1,0
BRDA:619,100,0,0
BRDA:619,100,1,3
BRDA:619,101,0,3
BRDA:619,101,1,3
BRDA:625,102,0,2
BRDA:625,102,1,1
BRDA:627,103,0,2
BRDA:627,103,1,0
BRDA:654,104,0,3
BRDA:654,104,1,8
BRDA:654,105,0,11
BRDA:654,105,1,10
BRDA:662,106,0,0
BRDA:662,106,1,0
BRDA:672,107,0,0
BRDA:672,107,1,0
BRDA:674,108,0,0
BRDA:674,108,1,0
BRDA:677,109,0,0
BRDA:677,109,1,0
BRDA:681,110,0,0
BRDA:681,110,1,0
BRDA:691,111,0,0
BRDA:691,111,1,0
BRDA:691,112,0,0
BRDA:691,112,1,0
BRDA:698,113,0,0
BRDA:698,113,1,0
BRDA:701,114,0,0
BRDA:701,114,1,0
BRDA:703,115,0,0
BRDA:703,115,1,0
BRDA:706,116,0,0
BRDA:706,116,1,0
BRDA:715,117,0,0
BRDA:715,117,1,0
BRDA:725,118,0,0
BRDA:725,118,1,0
BRDA:737,119,0,0
BRDA:737,119,1,0
BRDA:737,120,0,0
BRDA:737,120,1,0
BRDA:741,121,0,0
BRDA:741,121,1,0
BRDA:768,122,0,0
BRDA:768,122,1,0
BRDA:770,123,0,0
BRDA:770,123,1,0
BRDA:777,124,0,0
BRDA:777,124,1,0
BRDA:789,125,0,0
BRDA:789,125,1,0
BRDA:797,126,0,0
BRDA:797,126,1,0
BRDA:814,127,0,0
BRDA:814,127,1,0
BRDA:821,128,0,6
BRDA:821,128,1,3
BRDA:821,129,0,9
BRDA:821,129,1,3
BRDA:821,129,2,3
BRDA:825,130,0,3
BRDA:825,130,1,0
BRDA:832,131,0,0
BRDA:832,131,1,0
BRDA:833,132,0,0
BRDA:833,132,1,0
BRDA:836,133,0,0
BRDA:836,133,1,0
BRDA:836,134,0,0
BRDA:836,134,1,0
BRDA:850,135,0,3
BRDA:850,135,1,6
BRDA:854,136,0,6
BRDA:854,136,1,3
BRDA:854,137,0,9
BRDA:854,137,1,3
BRDA:858,138,0,3
BRDA:858,138,1,3
BRDA:860,139,0,3
BRDA:860,139,1,3
BRDA:860,139,2,2
BRDA:866,140,0,6
BRDA:866,140,1,4
BRDA:869,141,0,0
BRDA:869,141,1,6
BRDA:869,142,0,6
BRDA:869,142,1,0
BRDA:872,143,0,0
BRDA:872,143,1,0
BRDA:872,144,0,0
BRDA:872,144,1,0
BRDA:880,145,0,3
BRDA:880,145,1,9
BRDA:880,146,0,12
BRDA:880,146,1,4
BRDA:880,146,2,3
BRDA:886,147,0,3
BRDA:886,147,1,20
BRDA:927,148,0,20
BRDA:927,148,1,5
BRDA:952,149,0,0
BRDA:952,149,1,0
BRDA:952,150,0,0
BRDA:952,150,1,0
BRDA:953,151,0,0
BRDA:953,151,1,0
BRDA:970,152,0,20
BRDA:970,152,1,0
BRDA:970,152,2,0
BRDA:979,153,0,20
BRDA:979,153,1,4
BRDA:979,153,2,4
BRDA:983,154,0,20
BRDA:983,154,1,9
BRDA:983,154,2,9
BRDA:992,155,0,20
BRDA:992,155,1,14
BRDA:1001,156,0,14
BRDA:1001,156,1,14
BRDA:1002,157,0,14
BRDA:1002,157,1,14
BRDA:1010,158,0,0
BRDA:1010,158,1,0
BRDA:1012,159,0,14
BRDA:1012,159,1,14
BRDA:1012,159,2,0
BRDA:1021,160,0,20
BRDA:1021,160,1,6
BRDA:1027,161,0,0
BRDA:1027,161,1,0
BRDA:1029,162,0,0
BRDA:1029,162,1,20
BRDA:1030,163,0,0
BRDA:1030,163,1,20
BRF:347
BRH:157
end_of_record
TN:
SF:src\components\indoor\IndoorPointMarker.tsx
FN:11,(anonymous_0)
FNF:1
FNH:1
FNDA:4,(anonymous_0)
DA:11,3
DA:12,4
LF:2
LH:2
BRDA:31,0,0,2
BRDA:31,0,1,2
BRDA:31,1,0,4
BRDA:31,1,1,3
BRF:4
BRH:4
end_of_record
TN:
SF:src\components\indoor\IndoorRoomLabels.tsx
FN:5,getRoomLabelFontSize
FN:66,getRoomLabelOffsetX
[...]
BRDA:43,4,0,279
BRDA:43,4,1,17
BRDA:55,5,0,296
BRDA:55,5,1,0
BRDA:58,6,0,296
BRDA:58,6,1,0
BRDA:60,7,0,289
BRDA:60,7,1,7
BRDA:71,8,0,30
BRDA:71,8,1,1
BRDA:76,9,0,0
BRDA:76,9,1,63
BRDA:86,10,0,52
BRDA:86,10,1,1
BRDA:106,11,0,17
BRDA:106,11,1,0
BRDA:108,12,0,17
BRDA:108,12,1,0
BRF:25
BRH:20
end_of_record
TN:
SF:src\indoors\services\IndoorLocationTracker.ts
FN:9,(anonymous_0)
FN:13,(anonymous_1)
FN:18,(anonymous_2)
FN:26,(anonymous_3)
FN:40,(anonymous_4)
FN:44,(anonymous_5)
FN:49,(anonymous_6)
FNF:7
FNH:6
FNDA:23,(anonymous_0)
FNDA:6,(anonymous_1)
FNDA:1,(anonymous_2)
FNDA:5,(anonymous_3)
FNDA:2,(anonymous_4)
FNDA:2,(anonymous_5)
FNDA:0,(anonymous_6)
DA:7,23
DA:10,23
DA:14,6
DA:15,6
DA:19,1
DA:20,1
DA:21,0
DA:23,1
DA:27,5
DA:28,5
DA:29,1
DA:34,4
DA:41,2
DA:45,2
DA:46,0
DA:50,0
LF:16
LH:13
BRDA:20,0,0,0
BRDA:20,0,1,1
BRDA:28,1,0,1
BRDA:28,1,1,4
BRDA:45,2,0,2
BRDA:45,2,1,0
BRDA:46,3,0,0
BRDA:46,3,1,0
BRF:8
BRH:4
end_of_record
TN:
SF:src\indoors\services\IndoorMapService.ts
FN:14,(anonymous_0)
FN:20,(anonymous_1)
FN:63,(anonymous_2)
FN:67,(anonymous_3)
FN:72,(anonymous_4)
FN:80,(anonymous_5)
FN:85,(anonymous_6)
FN:95,(anonymous_7)
FN:100,(anonymous_8)
FN:110,(anonymous_9)
FN:119,(anonymous_10)
FN:133,(anonymous_11)
FN:149,(anonymous_12)
FN:159,(anonymous_13)
FN:174,(anonymous_14)
FN:183,(anonymous_15)
FNF:16
FNH:10
FNDA:23,(anonymous_0)
FNDA:6,(anonymous_1)
FNDA:0,(anonymous_2)
FNDA:3,(anonymous_3)
FNDA:2,(anonymous_4)
FNDA:2,(anonymous_5)
FNDA:2,(anonymous_6)
FNDA:2,(anonymous_7)
FNDA:0,(anonymous_8)
FNDA:0,(anonymous_9)
FNDA:0,(anonymous_10)
FNDA:0,(anonymous_11)
FNDA:2,(anonymous_12)
FNDA:3,(anonymous_13)
FNDA:1,(anonymous_14)
FNDA:0,(anonymous_15)
DA:15,23
DA:16,23
DA:17,23
DA:22,6
DA:23,6
DA:24,6
DA:28,6
DA:29,14
DA:30,236
DA:35,6
DA:36,14
DA:37,235
DA:45,6
DA:46,6
DA:47,22
DA:48,22
DA:49,22
DA:50,22
DA:54,6
DA:55,5
DA:56,5
DA:58,4
DA:64,0
DA:68,3
DA:69,3
DA:73,2
DA:74,2
DA:75,1
DA:77,1
DA:81,2
DA:86,2
DA:87,2
DA:88,1
DA:89,1
DA:91,1
DA:96,2
DA:101,0
DA:102,0
DA:105,0
DA:106,0
DA:107,0
DA:110,0
DA:111,0
DA:112,0
DA:115,0
DA:120,0
DA:133,0
DA:135,0
DA:136,0
DA:138,0
DA:139,0
DA:140,0
DA:141,0
DA:142,0
DA:146,0
DA:150,2
DA:151,2
DA:160,3
DA:162,1
DA:163,1
DA:165,1
DA:168,1
DA:169,1
DA:171,1
DA:175,1
DA:176,1
DA:177,2
DA:178,1
DA:181,1
DA:184,0
LF:70
LH:49
BRDA:45,0,0,6
BRDA:45,0,1,0
BRDA:49,1,0,22
BRDA:49,1,1,16
BRDA:54,2,0,5
BRDA:54,2,1,1
BRDA:67,3,0,2
BRDA:68,4,0,3
BRDA:68,4,1,2
BRDA:74,5,0,1
BRDA:74,5,1,1
BRDA:85,6,0,1
BRDA:87,7,0,1
BRDA:87,7,1,1
BRDA:107,8,0,0
BRDA:107,8,1,0
BRDA:115,9,0,0
BRDA:115,9,1,0
BRDA:133,10,0,0
BRDA:133,10,1,0
BRDA:140,11,0,0
BRDA:140,11,1,0
BRDA:146,12,0,0
BRDA:146,12,1,0
BRDA:151,13,0,0
BRDA:151,13,1,2
BRDA:159,14,0,2
BRDA:160,15,0,2
BRDA:160,15,1,1
BRDA:177,16,0,1
BRDA:177,16,1,1
BRF:31
BRH:19
end_of_record
TN:
SF:src\indoors\services\PathFinder.ts
FN:17,(anonymous_0)
FN:21,(anonymous_1)
FN:76,(anonymous_2)
FN:112,(anonymous_3)
FN:122,(anonymous_4)
FN:137,(anonymous_5)
FN:148,(anonymous_6)
FNF:7
FNH:7
FNDA:24,(anonymous_0)
FNDA:13,(anonymous_1)
FNDA:25,(anonymous_2)
FNDA:48,(anonymous_3)
FNDA:34,(anonymous_4)
FNDA:9,(anonymous_5)
FNDA:27,(anonymous_6)
DA:18,24
DA:22,13
DA:23,13
DA:25,13
DA:26,2
DA:31,11
DA:32,11
DA:35,11
DA:38,11
DA:41,11
DA:43,11
DA:52,11
DA:53,11
DA:54,11
DA:56,11
DA:58,34
DA:61,34
DA:62,9
DA:65,25
DA:66,25
DA:69,25
DA:72,2
DA:82,25
DA:83,25
DA:85,25
DA:86,56
DA:88,40
DA:89,40
DA:91,38
DA:92,0
DA:97,38
DA:99,38
DA:100,37
DA:101,37
DA:102,37
DA:106,37
DA:113,48
DA:116,48
DA:118,48
DA:124,34
DA:126,34
DA:127,90
DA:128,90
DA:129,51
DA:130,51
DA:133,34
DA:138,9
DA:139,9
DA:141,9
DA:142,18
DA:143,18
DA:146,9
DA:148,27
DA:150,9
LF:54
LH:53
BRDA:21,0,0,10
BRDA:25,1,0,2
BRDA:25,1,1,11
BRDA:25,2,0,13
BRDA:25,2,1,12
BRDA:61,3,0,9
BRDA:61,3,1,25
BRDA:86,4,0,16
BRDA:86,4,1,40
BRDA:89,5,0,2
BRDA:89,5,1,38
BRDA:89,6,0,40
BRDA:89,6,1,40
BRDA:89,6,2,3
BRDA:91,7,0,0
BRDA:91,7,1,38
BRDA:97,8,0,38
BRDA:97,8,1,0
BRDA:99,9,0,37
BRDA:99,9,1,1
BRDA:99,10,0,38
BRDA:99,10,1,37
BRDA:116,11,0,48
BRDA:116,11,1,0
BRDA:127,12,0,90
BRDA:127,12,1,0
BRDA:128,13,0,51
BRDA:128,13,1,39
BRDA:128,14,0,90
BRDA:128,14,1,56
BRF:30
BRH:26
end_of_record
TN:
SF:src\indoors\services\RouteInstructionService.ts
FN:11,vec
FN:15,magnitude
FN:19,normalise
FN:24,cosSim
FN:30,crossSign
FN:36,runDistance
FN:50,classifyTurn
FN:58,getTransitKind
FN:65,floorNum
FN:72,buildApproachVec
FN:84,roomLabel
FN:90,destinationLabel
FN:109,isOpenFloor
FN:145,buildTransitNodeSegments
FN:167,buildFinalDestinationSegments
FN:181,buildSegments
FN:244,maybeEmitStraight
FN:258,getStartText
FN:283,segmentToText
FN:308,generateRouteSteps
FN:322,(anonymous_20)
FN:329,(anonymous_21)
FN:340,estimateWalkMinutes
FNF:23
FNH:23
FNDA:42,vec
FNDA:66,magnitude
FNDA:48,normalise
FNDA:14,cosSim
FNDA:10,crossSign
FNDA:12,runDistance
FNDA:6,classifyTurn
FNDA:28,getTransitKind
FNDA:20,floorNum
FNDA:6,buildApproachVec
FNDA:4,roomLabel
FNDA:5,destinationLabel
FNDA:16,isOpenFloor
FNDA:2,buildTransitNodeSegments
FNDA:7,buildFinalDestinationSegments
FNDA:9,buildSegments
FNDA:12,maybeEmitStraight
FNDA:6,getStartText
FNDA:13,segmentToText
FNDA:6,generateRouteSteps
FNDA:19,(anonymous_20)
FNDA:13,(anonymous_21)
FNDA:5,estimateWalkMinutes
DA:12,42
DA:16,66
DA:20,48
DA:21,48
DA:25,14
DA:26,14
DA:27,14
DA:31,10
DA:32,10
DA:33,10
DA:37,12
DA:38,12
DA:39,12
DA:40,12
DA:41,15
DA:43,12
DA:51,6
DA:52,6
DA:53,5
DA:59,28
DA:60,23
DA:61,21
DA:62,21
DA:66,20
DA:67,20
DA:73,6
DA:74,6
DA:75,3
DA:76,3
DA:77,0
DA:79,6
DA:85,4
DA:86,4
DA:87,4
DA:91,5
DA:93,0
DA:95,1
DA:97,0
DA:99,0
DA:101,4
DA:107,8
DA:110,16
DA:146,2
DA:148,2
DA:150,2
DA:151,7
DA:152,7
DA:153,5
DA:154,2
DA:157,2
DA:158,2
DA:160,2
DA:161,2
DA:164,2
DA:168,7
DA:170,7
DA:171,13
DA:172,2
DA:173,2
DA:176,7
DA:182,9
DA:184,9
DA:186,9
DA:192,9
DA:193,9
DA:195,9
DA:196,15
DA:197,15
DA:198,15
DA:201,15
DA:202,15
DA:203,2
DA:204,2
DA:205,2
DA:209,13
DA:210,0
DA:211,0
DA:215,13
DA:216,7
DA:217,7
DA:221,6
DA:223,6
DA:224,0
DA:225,0
DA:228,6
DA:229,6
DA:230,6
DA:232,6
DA:233,3
DA:234,3
DA:235,3
DA:238,6
DA:241,9
DA:251,12
DA:252,12
DA:253,11
DA:254,11
DA:259,6
DA:261,6
DA:262,1
DA:265,5
DA:266,5
DA:267,5
DA:268,5
DA:270,5
DA:271,5
DA:274,0
DA:275,0
DA:278,0
DA:284,13
DA:285,6
DA:288,1
DA:289,0
DA:292,0
DA:295,1
DA:296,1
DA:297,1
DA:301,5
DA:302,5
DA:309,6
DA:311,6
DA:313,6
DA:314,6
DA:315,19
DA:316,0
DA:318,19
DA:322,6
DA:323,19
DA:324,7
DA:325,7
DA:326,7
DA:329,13
DA:341,5
DA:342,3
DA:343,3
DA:344,3
DA:346,3
LF:137
LH:123
BRDA:20,0,0,48
BRDA:20,0,1,0
BRDA:52,1,0,1
BRDA:52,1,1,5
BRDA:53,2,0,2
BRDA:53,2,1,3
BRDA:59,3,0,5
BRDA:59,3,1,23
BRDA:60,4,0,2
BRDA:60,4,1,21
BRDA:61,5,0,0
BRDA:61,5,1,21
BRDA:67,6,0,0
BRDA:67,6,1,20
BRDA:76,7,0,3
BRDA:76,7,1,0
BRDA:85,8,0,4
BRDA:85,8,1,3
BRDA:86,9,0,0
BRDA:86,9,1,4
BRDA:91,10,0,0
BRDA:91,10,1,1
BRDA:91,10,2,0
BRDA:91,10,3,0
BRDA:91,10,4,4
BRDA:95,11,0,1
BRDA:95,11,1,0
BRDA:97,12,0,0
BRDA:97,12,1,0
BRDA:99,13,0,0
BRDA:99,13,1,0
BRDA:152,14,0,2
BRDA:152,14,1,5
BRDA:153,15,0,2
BRDA:153,15,1,3
BRDA:153,16,0,5
BRDA:153,16,1,5
BRDA:157,17,0,2
BRDA:157,17,1,0
BRDA:160,18,0,2
BRDA:160,18,1,0
BRDA:171,19,0,2
BRDA:171,19,1,11
BRDA:184,20,0,0
BRDA:184,20,1,9
BRDA:202,21,0,2
BRDA:202,21,1,13
BRDA:209,22,0,0
BRDA:209,22,1,13
BRDA:215,23,0,7
BRDA:215,23,1,6
BRDA:223,24,0,0
BRDA:223,24,1,6
BRDA:223,25,0,6
BRDA:223,25,1,6
BRDA:232,26,0,3
BRDA:232,26,1,3
BRDA:232,27,0,6
BRDA:232,27,1,5
BRDA:249,28,0,10
BRDA:252,29,0,11
BRDA:252,29,1,1
BRDA:261,30,0,1
BRDA:261,30,1,5
BRDA:268,31,0,1
BRDA:268,31,1,4
BRDA:270,32,0,5
BRDA:270,32,1,0
BRDA:271,33,0,4
BRDA:271,33,1,1
BRDA:274,34,0,0
BRDA:274,34,1,0
BRDA:274,35,0,0
BRDA:274,35,1,0
BRDA:275,36,0,0
BRDA:275,36,1,0
BRDA:278,37,0,0
BRDA:278,37,1,0
BRDA:284,38,0,6
BRDA:284,38,1,1
BRDA:284,38,2,0
BRDA:284,38,3,1
BRDA:284,38,4,5
BRDA:288,39,0,1
BRDA:288,39,1,0
BRDA:289,40,0,0
BRDA:289,40,1,0
BRDA:296,41,0,1
BRDA:296,41,1,0
BRDA:302,42,0,1
BRDA:302,42,1,4
BRDA:309,43,0,0
BRDA:309,43,1,6
BRDA:309,44,0,6
BRDA:309,44,1,6
BRDA:315,45,0,0
BRDA:315,45,1,19
BRDA:315,46,0,19
BRDA:315,46,1,6
BRDA:323,47,0,12
BRDA:323,47,1,7
BRDA:323,48,0,19
BRDA:323,48,1,18
BRDA:326,49,0,7
BRDA:326,49,1,2
BRDA:341,50,0,2
BRDA:341,50,1,3
BRDA:341,51,0,5
BRDA:341,51,1,5
BRF:109
BRH:75
end_of_record
TN:
SF:src\indoors\services\indoorRoutingHelper.ts
FN:9,(anonymous_0)
FN:18,(anonymous_1)
FNF:2
FNH:1
FNDA:8,(anonymous_0)
FNDA:0,(anonymous_1)
DA:7,4
DA:9,4
DA:15,8
DA:16,8
DA:18,8
DA:19,0
DA:20,0
DA:21,0
DA:22,0
DA:24,0
DA:27,0
DA:31,8
DA:32,0
DA:33,0
DA:34,0
DA:35,0
DA:40,8
DA:41,0
DA:42,0
DA:43,0
DA:44,0
DA:48,8
DA:49,0
DA:50,0
DA:51,0
DA:52,0
DA:55,8
LF:27
LH:9
BRDA:19,0,0,0
BRDA:19,0,1,0
BRDA:19,1,0,0
BRDA:19,1,1,0
BRDA:31,2,0,0
BRDA:31,2,1,8
BRDA:31,3,0,8
BRDA:31,3,1,0
BRDA:31,3,2,0
BRDA:31,3,3,0
BRDA:31,3,4,0
BRDA:40,4,0,0
BRDA:40,4,1,8
BRDA:40,5,0,8
BRDA:40,5,1,0
BRDA:40,5,2,0
BRDA:48,6,0,0
BRDA:48,6,1,8
BRDA:48,7,0,8
BRDA:48,7,1,1
BRDA:48,7,2,0
BRF:21
BRH:7
end_of_record
TN:
SF:src\indoors\types\Building.ts
FNF:0
FNH:0
LF:0
LH:0
BRF:0
BRH:0
end_of_record
TN:
SF:src\indoors\types\FloorPlans.ts
FNF:0
FNH:0
LF:0
LH:0
BRF:0
BRH:0
end_of_record
TN:
SF:src\indoors\types\Navigation.ts
FNF:0
FNH:0
LF:0
LH:0
BRF:0
BRH:0
end_of_record
TN:
SF:src\indoors\types\Routes.ts
FNF:0
FNH:0
LF:0
LH:0
BRF:0
BRH:0
end_of_record
TN:
SF:src\indoors\types\hotspot.ts
FNF:0
FNH:0
LF:0
LH:0
BRF:0
BRH:0
end_of_record
TN:
SF:src\indoors\types\poi.ts
FNF:0
FNH:0
LF:0
LH:0
BRF:0
BRH:0
end_of_record
TN:
SF:src\outdoorDirections\TravelModeStrategy.ts
FNF:0
FNH:0
LF:0
LH:0
BRF:0
BRH:0
end_of_record
TN:
SF:src\outdoorDirections\bicyclingStrategy.ts
FNF:0
FNH:0
DA:4,3
DA:5,3
LF:2
LH:2
BRF:0
BRH:0
end_of_record
TN:
SF:src\outdoorDirections\concreteGoogleStrategy.ts
FN:20,(anonymous_0)
FN:32,(anonymous_1)
FN:44,(anonymous_2)
FN:49,(anonymous_3)
FNF:4
FNH:4
FNDA:8,(anonymous_0)
FNDA:4,(anonymous_1)
FNDA:6,(anonymous_2)
FNDA:9,(anonymous_3)
DA:18,12
DA:25,8
DA:26,8
DA:27,3
DA:29,8
DA:37,4
DA:38,4
DA:39,2
DA:41,4
DA:45,6
DA:46,4
DA:55,9
DA:56,9
DA:57,5
DA:58,5
DA:59,4
DA:61,5
DA:62,5
DA:63,4
DA:64,2
DA:65,2
DA:66,2
DA:67,1
DA:70,2
LF:24
LH:24
BRDA:26,0,0,3
BRDA:26,0,1,5
BRDA:26,1,0,8
BRDA:26,1,1,5
BRDA:38,2,0,2
BRDA:38,2,1,2
BRDA:38,3,0,4
BRDA:38,3,1,3
BRDA:45,4,0,2
BRDA:45,4,1,4
BRDA:45,5,0,6
BRDA:45,5,1,4
BRDA:58,6,0,1
BRDA:58,6,1,4
BRDA:61,7,0,5
BRDA:61,7,1,0
BRDA:62,8,0,1
BRDA:62,8,1,4
BRDA:63,9,0,2
BRDA:63,9,1,2
BRDA:66,10,0,1
BRDA:66,10,1,1
BRF:22
BRH:21
end_of_record
TN:
SF:src\outdoorDirections\directionsService.ts
FN:22,(anonymous_0)
FNF:1
FNH:0
FNDA:0,(anonymous_0)
DA:22,2
DA:29,0
DA:30,0
DA:32,0
DA:33,0
LF:5
LH:1
BRDA:26,0,0,0
BRDA:27,1,0,0
BRDA:29,2,0,0
BRDA:29,2,1,0
BRDA:30,3,0,0
BRDA:30,3,1,0
BRF:6
BRH:0
end_of_record
TN:
SF:src\outdoorDirections\drivingStrategy.ts
FN:6,(anonymous_0)
FNF:1
FNH:1
FNDA:3,(anonymous_0)
DA:3,3
DA:4,3
DA:11,3
DA:13,3
DA:14,1
DA:16,3
LF:6
LH:6
BRDA:13,0,0,1
BRDA:13,0,1,2
BRDA:13,1,0,3
BRDA:13,1,1,2
BRF:4
BRH:4
end_of_record
TN:
SF:src\outdoorDirections\transitStrategy.ts
FN:9,(anonymous_0)
FN:26,(anonymous_1)
FN:42,(anonymous_2)
FNF:3
FNH:3
FNDA:3,(anonymous_0)
FNDA:3,(anonymous_1)
FNDA:9,(anonymous_2)
DA:5,3
DA:6,3
DA:14,3
DA:15,3
DA:17,2
DA:18,1
DA:20,1
DA:22,2
DA:31,3
DA:32,3
DA:34,2
DA:35,2
DA:39,2
DA:43,9
DA:46,8
DA:47,8
DA:48,3
DA:49,3
DA:50,3
DA:51,3
DA:55,5
DA:56,5
DA:57,3
DA:58,3
DA:59,3
DA:60,3
DA:63,2
LF:27
LH:27
BRDA:15,0,0,1
BRDA:15,0,1,2
BRDA:17,1,0,1
BRDA:17,1,1,1
BRDA:32,2,0,1
BRDA:32,2,1,2
BRDA:35,3,0,1
BRDA:35,3,1,1
BRDA:43,4,0,1
BRDA:43,4,1,8
BRDA:43,5,0,9
BRDA:43,5,1,8
BRDA:47,6,0,3
BRDA:47,6,1,5
BRDA:48,7,0,3
BRDA:48,7,1,1
BRDA:49,8,0,3
BRDA:49,8,1,0
BRDA:50,9,0,2
BRDA:50,9,1,1
BRDA:56,10,0,3
BRDA:56,10,1,2
BRDA:57,11,0,3
BRDA:57,11,1,1
BRDA:58,12,0,3
BRDA:58,12,1,0
BRDA:59,13,0,1
BRDA:59,13,1,2
BRF:28
BRH:26
end_of_record
TN:
SF:src\outdoorDirections\travelModeStrategyFactory.ts
FN:20,(anonymous_0)
FNF:1
FNH:0
FNDA:0,(anonymous_0)
DA:8,2
DA:20,2
DA:21,0
DA:22,0
DA:23,0
LF:5
LH:2
BRDA:22,0,0,0
BRDA:22,0,1,0
BRF:2
BRH:0
end_of_record
TN:
SF:src\outdoorDirections\walkingStrategy.ts
FNF:0
FNH:0
DA:4,3
DA:5,3
DA:6,3
LF:3
LH:3
BRF:0
BRH:0
end_of_record
TN:
SF:src\utils\geo.ts
FN:4,(anonymous_0)
FN:5,(anonymous_1)
FN:10,(anonymous_2)
FNF:3
FNH:3
FNDA:1,(anonymous_0)
FNDA:1,(anonymous_1)
FNDA:4,(anonymous_2)
DA:4,1
DA:5,1
DA:10,1
DA:11,4
DA:12,4
DA:14,4
DA:15,4
DA:16,24
DA:17,24
DA:18,24
DA:19,24
DA:22,24
DA:24,24
DA:27,4
LF:14
LH:14
BRDA:22,0,0,24
BRDA:22,0,1,8
BRDA:24,1,0,4
BRDA:24,1,1,20
BRF:4
BRH:4
end_of_record
TN:
SF:src\utils\geometry.ts
FN:8,(anonymous_0)
FN:10,(anonymous_1)
FN:12,(anonymous_2)
FN:16,(anonymous_3)
FN:18,(anonymous_4)
FNF:5
FNH:5
FNDA:1,(anonymous_0)
FNDA:2,(anonymous_1)
FNDA:2,(anonymous_2)
FNDA:6,(anonymous_3)
FNDA:1,(anonymous_4)
DA:8,1
DA:10,2
DA:12,2
DA:13,1
DA:16,6
DA:18,1
DA:22,1
DA:23,1
DA:24,1
DA:25,1
DA:26,1
DA:29,1
DA:34,1
DA:35,1
LF:14
LH:14
BRF:0
BRH:0
end_of_record
TN:
SF:src\utils\openSystemSettings.ts
FN:7,openNotificationSettings
FN:31,openAppearanceSettings
FN:43,(anonymous_2)
FNF:3
FNH:2
FNDA:1,openNotificationSettings
FNDA:2,openAppearanceSettings
FNDA:0,(anonymous_2)
DA:8,1
DA:10,1
DA:11,1
DA:12,1
DA:16,0
DA:17,0
DA:18,0
DA:19,0
DA:22,0
DA:25,0
DA:32,2
DA:35,2
DA:44,0
DA:45,0
DA:46,0
DA:47,0
DA:49,0
DA:50,0
DA:51,0
DA:52,0
DA:55,0
DA:56,0
DA:66,2
DA:68,0
DA:71,0
LF:25
LH:7
BRDA:10,0,0,1
BRDA:10,0,1,0
BRDA:17,1,0,0
BRDA:17,1,1,0
BRDA:37,2,0,1
BRDA:37,2,1,1
BRDA:45,3,0,0
BRDA:45,3,1,0
BRDA:50,4,0,0
BRDA:50,4,1,0
BRF:10
BRH:3
end_of_record
TN:
SF:src\utils\schedule.ts
FN:5,(anonymous_0)
FN:13,(anonymous_1)
FN:14,(anonymous_2)
FN:31,(anonymous_3)
FN:32,(anonymous_4)
FN:47,(anonymous_5)
FN:55,(anonymous_6)
FN:58,(anonymous_7)
FN:59,(anonymous_8)
FN:64,(anonymous_9)
FNF:10
FNH:6
FNDA:1,(anonymous_0)
FNDA:1,(anonymous_1)
FNDA:1,(anonymous_2)
FNDA:0,(anonymous_3)
FNDA:0,(anonymous_4)
FNDA:2,(anonymous_5)
FNDA:2,(anonymous_6)
FNDA:2,(anonymous_7)
FNDA:0,(anonymous_8)
FNDA:0,(anonymous_9)
DA:5,2
DA:6,1
DA:7,0
DA:8,1
DA:9,1
DA:11,0
DA:13,2
DA:14,1
DA:15,1
DA:16,1
DA:18,1
DA:19,1
DA:21,1
DA:22,1
DA:23,1
DA:25,1
DA:28,1
DA:29,1
DA:31,2
DA:32,0
DA:33,0
DA:34,0
DA:37,0
DA:38,0
DA:40,0
DA:41,0
DA:43,0
DA:47,2
DA:48,2
DA:49,0
DA:50,2
DA:51,2
DA:53,0
DA:55,2
DA:56,2
DA:57,2
DA:58,2
DA:59,0
DA:61,2
DA:62,1
DA:64,2
DA:65,0
DA:66,0
DA:68,0
DA:69,0
DA:71,0
LF:46
LH:28
BRDA:5,0,0,0
BRDA:5,1,0,0
BRDA:6,2,0,0
BRDA:6,2,1,1
BRDA:8,3,0,1
BRDA:8,3,1,0
BRDA:15,4,0,1
BRDA:15,4,1,0
BRDA:16,5,0,0
BRDA:16,5,1,1
BRDA:18,6,0,1
BRDA:18,6,1,0
BRDA:19,7,0,0
BRDA:19,7,1,1
BRDA:25,8,0,1
BRDA:25,8,1,1
BRDA:28,9,0,0
BRDA:28,9,1,1
BRDA:34,10,0,0
BRDA:34,10,1,0
BRDA:38,11,0,0
BRDA:38,11,1,0
BRDA:41,12,0,0
BRDA:41,12,1,0
BRDA:47,13,0,0
BRDA:47,14,0,0
BRDA:48,15,0,0
BRDA:48,15,1,2
BRDA:50,16,0,2
BRDA:50,16,1,0
BRDA:61,17,0,1
BRDA:61,17,1,1
BRDA:66,18,0,0
BRDA:66,18,1,0
BRDA:69,19,0,0
BRDA:69,19,1,0
BRF:36
BRH:13
end_of_record
TN:
SF:src\utils\searchbar.ts
FN:9,(anonymous_0)
FN:12,(anonymous_1)
FN:16,(anonymous_2)
FN:19,(anonymous_3)
FN:23,(anonymous_4)
FN:29,(anonymous_5)
FN:34,(anonymous_6)
FN:35,(anonymous_7)
FN:47,(anonymous_8)
FN:47,(anonymous_9)
FN:48,(anonymous_10)
FN:48,(anonymous_11)
FN:49,(anonymous_12)
FN:53,(anonymous_13)
FN:55,(anonymous_14)
FN:58,(anonymous_15)
FN:62,(anonymous_16)
FN:68,(anonymous_17)
FN:71,(anonymous_18)
FN:72,(anonymous_19)
FN:73,(anonymous_20)
FNF:21
FNH:21
FNDA:1,(anonymous_0)
FNDA:1,(anonymous_1)
FNDA:8,(anonymous_2)
FNDA:6,(anonymous_3)
FNDA:14,(anonymous_4)
FNDA:18,(anonymous_5)
FNDA:26,(anonymous_6)
FNDA:39,(anonymous_7)
FNDA:20,(anonymous_8)
FNDA:20,(anonymous_9)
FNDA:6,(anonymous_10)
FNDA:6,(anonymous_11)
FNDA:26,(anonymous_12)
FNDA:12,(anonymous_13)
FNDA:25,(anonymous_14)
FNDA:20,(anonymous_15)
FNDA:14,(anonymous_16)
FNDA:3,(anonymous_17)
FNDA:18,(anonymous_18)
FNDA:18,(anonymous_19)
FNDA:18,(anonymous_20)
DA:9,1
DA:10,1
DA:12,1
DA:13,1
DA:16,1
DA:17,8
DA:19,1
DA:20,6
DA:23,1
DA:24,14
DA:25,13
DA:29,18
DA:30,13
DA:31,13
DA:32,13
DA:34,13
DA:35,26
DA:36,39
DA:37,33
DA:40,13
DA:46,13
DA:47,20
DA:48,6
DA:49,26
DA:51,13
DA:54,12
DA:55,25
DA:56,12
DA:58,20
DA:63,14
DA:64,14
DA:65,14
DA:66,14
DA:68,3
DA:72,18
DA:73,18
DA:74,18
DA:75,18
DA:76,18
DA:80,13
LF:40
LH:40
BRDA:10,0,0,1
BRDA:10,0,1,0
BRDA:16,1,0,7
BRDA:23,2,0,0
BRDA:23,3,0,6
BRDA:23,4,0,6
BRDA:24,5,0,1
BRDA:24,5,1,13
BRDA:24,6,0,14
BRDA:24,6,1,8
BRDA:25,7,0,7
BRDA:25,7,1,6
BRDA:26,8,0,7
BRDA:26,8,1,1
BRDA:31,9,0,13
BRDA:31,9,1,2
BRDA:32,10,0,13
BRDA:32,10,1,8
BRDA:36,11,0,6
BRDA:36,11,1,33
BRDA:37,12,0,33
BRDA:37,12,1,26
BRDA:46,13,0,7
BRDA:46,13,1,6
BRDA:52,14,0,7
BRDA:52,14,1,6
BRDA:55,15,0,25
BRDA:55,15,1,22
BRDA:60,16,0,20
BRDA:60,16,1,0
BRDA:60,17,0,20
BRDA:60,17,1,20
BRDA:63,18,0,0
BRDA:63,18,1,14
BRDA:64,19,0,0
BRDA:64,19,1,14
BRDA:64,20,0,14
BRDA:64,20,1,0
BRDA:65,21,0,0
BRDA:65,21,1,14
BRDA:65,22,0,14
BRDA:65,22,1,14
BRDA:68,23,0,9
BRDA:68,23,1,3
BRDA:68,24,0,12
BRDA:68,24,1,5
BRDA:68,25,0,5
BRDA:68,25,1,0
BRDA:68,26,0,3
BRDA:68,26,1,0
BRDA:68,27,0,3
BRDA:68,27,1,0
BRDA:69,28,0,5
BRDA:69,28,1,7
BRDA:69,29,0,7
BRDA:69,29,1,0
BRDA:74,30,0,0
BRDA:74,30,1,18
BRDA:74,31,0,18
BRDA:74,31,1,18
BRDA:75,32,0,0
BRDA:75,32,1,18
BRDA:75,33,0,18
BRDA:75,33,1,0
BRF:64
BRH:50
end_of_record
TN:
SF:src\utils\time.ts
FN:1,(anonymous_0)
FN:10,(anonymous_1)
FN:16,(anonymous_2)
FN:27,(anonymous_3)
FNF:4
FNH:4
FNDA:2,(anonymous_0)
FNDA:21,(anonymous_1)
FNDA:28,(anonymous_2)
FNDA:18,(anonymous_3)
DA:1,6
DA:2,2
DA:3,2
DA:10,6
DA:11,21
DA:12,20
DA:13,20
DA:16,6
DA:17,28
DA:19,26
DA:20,26
DA:22,8
DA:23,8
DA:24,8
DA:27,6
DA:32,18
DA:33,1
DA:34,1
DA:35,1
DA:38,17
DA:39,17
DA:41,17
DA:42,17
DA:43,17
LF:24
LH:24
BRDA:4,0,0,2
BRDA:4,0,1,1
BRDA:4,0,2,1
BRDA:11,1,0,1
BRDA:11,1,1,20
BRDA:13,2,0,17
BRDA:13,2,1,3
BRDA:17,3,0,2
BRDA:17,3,1,26
BRDA:20,4,0,18
BRDA:20,4,1,8
BRDA:24,5,0,2
BRDA:24,5,1,6
BRDA:32,6,0,1
BRDA:32,6,1,17
BRDA:32,7,0,18
BRDA:32,7,1,2
BRDA:38,8,0,5
BRDA:38,8,1,12
BRF:19
BRH:19
end_of_record
TN:
SF:src\utils\tokenStorage.ts
FN:12,(anonymous_0)
FN:41,(anonymous_1)
FN:55,(anonymous_2)
FN:74,(anonymous_3)
FN:84,(anonymous_4)
FN:94,(anonymous_5)
FN:125,(anonymous_6)
FN:137,(anonymous_7)
FN:157,(anonymous_8)
FN:174,(anonymous_9)
FN:182,(anonymous_10)
FN:189,(anonymous_11)
FN:193,(anonymous_12)
FN:205,(anonymous_13)
FN:218,(anonymous_14)
FNF:15
FNH:7
FNDA:0,(anonymous_0)
FNDA:2,(anonymous_1)
FNDA:2,(anonymous_2)
FNDA:1,(anonymous_3)
FNDA:7,(anonymous_4)
FNDA:4,(anonymous_5)
FNDA:4,(anonymous_6)
FNDA:0,(anonymous_7)
FNDA:0,(anonymous_8)
FNDA:0,(anonymous_9)
FNDA:0,(anonymous_10)
FNDA:0,(anonymous_11)
FNDA:0,(anonymous_12)
FNDA:0,(anonymous_13)
FNDA:3,(anonymous_14)
DA:3,14
DA:4,14
DA:5,14
DA:6,14
DA:7,14
DA:8,14
DA:9,14
DA:10,14
DA:12,14
DA:13,0
DA:15,0
DA:17,0
DA:18,0
DA:22,0
DA:25,0
DA:41,14
DA:42,2
DA:43,2
DA:44,1
DA:46,1
DA:47,1
DA:48,1
DA:50,1
DA:51,1
DA:55,14
DA:56,2
DA:57,2
DA:60,2
DA:61,1
DA:62,1
DA:63,1
DA:65,1
DA:66,1
DA:69,0
DA:70,0
DA:74,14
DA:75,1
DA:76,1
DA:77,1
DA:79,0
DA:80,0
DA:84,14
DA:85,7
DA:86,7
DA:87,7
DA:89,0
DA:90,0
DA:94,14
DA:95,4
DA:96,4
DA:98,4
DA:104,4
DA:106,4
DA:107,1
DA:108,1
DA:109,1
DA:110,1
DA:114,1
DA:116,0
DA:121,0
DA:125,14
DA:126,4
DA:128,3
DA:129,2
DA:131,2
DA:134,1
DA:137,14
DA:140,0
DA:141,0
DA:142,0
DA:143,0
DA:146,0
DA:150,0
DA:152,0
DA:153,0
DA:157,14
DA:158,0
DA:159,0
DA:160,0
DA:162,0
DA:163,0
DA:164,0
DA:167,0
DA:169,0
DA:170,0
DA:174,14
DA:175,0
DA:176,0
DA:177,0
DA:179,0
DA:180,0
DA:182,0
DA:184,0
DA:185,0
DA:189,14
DA:192,0
DA:193,0
DA:194,0
DA:198,0
DA:200,0
DA:201,0
DA:205,14
DA:206,0
DA:207,0
DA:211,0
DA:213,0
DA:214,0
DA:218,14
DA:219,3
DA:220,3
DA:221,3
DA:223,0
DA:224,0
LF:113
LH:61
BRDA:15,0,0,0
BRDA:15,0,1,0
BRDA:18,1,0,0
BRDA:18,1,1,0
BRDA:19,2,0,0
BRDA:19,2,1,0
BRDA:43,3,0,1
BRDA:43,3,1,1
BRDA:57,4,0,0
BRDA:57,4,1,2
BRDA:60,5,0,1
BRDA:60,5,1,1
BRDA:60,6,0,2
BRDA:60,6,1,2
BRDA:77,7,0,1
BRDA:77,7,1,0
BRDA:87,8,0,1
BRDA:87,8,1,6
BRDA:106,9,0,1
BRDA:106,9,1,3
BRDA:108,10,0,1
BRDA:108,10,1,0
BRDA:126,11,0,1
BRDA:126,11,1,3
BRDA:128,12,0,2
BRDA:128,12,1,1
BRDA:142,13,0,0
BRDA:142,13,1,0
BRDA:160,14,0,0
BRDA:160,14,1,0
BRDA:163,15,0,0
BRDA:163,15,1,0
BRDA:177,16,0,0
BRDA:177,16,1,0
BRDA:180,17,0,0
BRDA:180,17,1,0
BRF:36
BRH:17
end_of_record
