{"numFailedTestSuites":0,"numFailedTests":0,"numPassedTestSuites":1,"numPassedTests":2,"numPendingTestSuites":0,"numPendingTests":0,"numRuntimeErrorTestSuites":0,"numTodoTests":0,"numTotalTestSuites":1,"numTotalTests":2,"openHandles":[],"snapshot":{"added":0,"didUpdate":false,"failure":false,"filesAdded":0,"filesRemoved":0,"filesRemovedList":[],"filesUnmatched":0,"filesUpdated":0,"matched":0,"total":0,"unchecked":0,"uncheckedKeysByFile":[],"unmatched":0,"updated":0},"startTime":1772512727210,"success":true,"testResults":[{"assertionResults":[{"ancestorTitles":["ScheduleView"],"duration":190,"failureDetails":[],"failureMessages":[],"fullName":"ScheduleView renders events from the calendar","invocations":1,"location":null,"numPassingAsserts":1,"retryReasons":[],"status":"passed","title":"renders events from the calendar"},{"ancestorTitles":["ScheduleView"],"duration":5,"failureDetails":[],"failureMessages":[],"fullName":"ScheduleView triggers navigation when directions icon is pressed","invocations":1,"location":null,"numPassingAsserts":2,"retryReasons":[],"status":"passed","title":"triggers navigation when directions icon is pressed"}],"endTime":1772512727895,"message":"","name":"/Users/marwahammani/Desktop/University/Semesters/WINTER2026/S390/S390_404-Name-not-Found/frontend/conuwalks/src/_tests_/unit/ScheduleView.test.tsx","startTime":1772512727372,"status":"passed","summary":""}],"wasInterrupted":false}
